Waf: Entering directory `/mnt/auto/people/plgklaudia1993/ns-3/ns-3-allinone/ns-3-dev/build'
[ 865/1788] Compiling scratch/802_11n_4.cc
[ 866/1788] Compiling scratch/802_11n_6.cc
[1755/1788] Linking build/scratch/802_11n_4
[1763/1788] Linking build/scratch/802_11n_6
Waf: Leaving directory `/mnt/auto/people/plgklaudia1993/ns-3/ns-3-allinone/ns-3-dev/build'
Build commands will be stored in build/compile_commands.json
'build' finished successfully (12.891s)
Cw value = 400
MCS 1   Chann_width 20MHz   short GI 0   Thr 9.20871Mbit/s   delay sum +20790305213390.0ns   delay +265864080.0ns   lost:78199   send:110400
Cw value = 401
MCS 1   Chann_width 20MHz   short GI 0   Thr 9.18422Mbit/s   delay sum +20722327169583.0ns   delay +265701519.0ns   lost:77991   send:110400
Cw value = 402
MCS 1   Chann_width 20MHz   short GI 0   Thr 9.26453Mbit/s   delay sum +16807408780061.0ns   delay +213636301.0ns   lost:78673   send:110400
Cw value = 403
MCS 1   Chann_width 20MHz   short GI 0   Thr 9.17657Mbit/s   delay sum +17577003170833.0ns   delay +225560187.0ns   lost:77926   send:110400
Cw value = 404
MCS 1   Chann_width 20MHz   short GI 0   Thr 9.2484Mbit/s   delay sum +17825955698493.0ns   delay +226978146.0ns   lost:78536   send:110400
Cw value = 405
MCS 1   Chann_width 20MHz   short GI 0   Thr 9.23309Mbit/s   delay sum +17115721495578.0ns   delay +218296067.0ns   lost:78406   send:110400
Cw value = 406
MCS 1   Chann_width 20MHz   short GI 0   Thr 9.06693Mbit/s   delay sum +23769204653191.0ns   delay +308711015.0ns   lost:76995   send:110400
Cw value = 407
MCS 1   Chann_width 20MHz   short GI 0   Thr 9.18658Mbit/s   delay sum +18763814445535.0ns   delay +240527803.0ns   lost:78011   send:110400
Cw value = 408
MCS 1   Chann_width 20MHz   short GI 0   Thr 9.15042Mbit/s   delay sum +25764463464783.0ns   delay +331571907.0ns   lost:77704   send:110400
Cw value = 409
MCS 1   Chann_width 20MHz   short GI 0   Thr 9.10826Mbit/s   delay sum +20862802489726.0ns   delay +269736925.0ns   lost:77345   send:110400
Cw value = 410
MCS 1   Chann_width 20MHz   short GI 0   Thr 9.19117Mbit/s   delay sum +17817670801583.0ns   delay +228285340.0ns   lost:78050   send:110400
Cw value = 411
MCS 1   Chann_width 20MHz   short GI 0   Thr 9.18257Mbit/s   delay sum +17620128943759.0ns   delay +225965719.0ns   lost:77977   send:110400
Cw value = 412
MCS 1   Chann_width 20MHz   short GI 0   Thr 9.15643Mbit/s   delay sum +21523144426946.0ns   delay +276807207.0ns   lost:77755   send:110400
Cw value = 413
MCS 1   Chann_width 20MHz   short GI 0   Thr 9.02242Mbit/s   delay sum +26759499258031.0ns   delay +349263208.0ns   lost:76617   send:110400
Cw value = 414
MCS 1   Chann_width 20MHz   short GI 0   Thr 9.18964Mbit/s   delay sum +18021809416277.0ns   delay +230939290.0ns   lost:78037   send:110400
Cw value = 415
MCS 1   Chann_width 20MHz   short GI 0   Thr 9.28608Mbit/s   delay sum +17291816990256.0ns   delay +219283465.0ns   lost:78856   send:110400
Cw value = 416
MCS 1   Chann_width 20MHz   short GI 0   Thr 9.14512Mbit/s   delay sum +22473812163624.0ns   delay +290022095.0ns   lost:77490   send:110400
Cw value = 417
MCS 1   Chann_width 20MHz   short GI 0   Thr 9.22167Mbit/s   delay sum +17645517719853.0ns   delay +225331925.0ns   lost:78309   send:110400
Cw value = 418
MCS 1   Chann_width 20MHz   short GI 0   Thr 9.13688Mbit/s   delay sum +10236295357521.0ns   delay +132007987.0ns   lost:77543   send:110400
Cw value = 419
MCS 1   Chann_width 20MHz   short GI 0   Thr 9.22991Mbit/s   delay sum +13680922441010.0ns   delay +174548315.0ns   lost:78379   send:110400
Cw value = 420
MCS 1   Chann_width 20MHz   short GI 0   Thr 9.13806Mbit/s   delay sum +18574052884761.0ns   delay +239359436.0ns   lost:77599   send:110400
Cw value = 421
MCS 1   Chann_width 20MHz   short GI 0   Thr 9.23662Mbit/s   delay sum +17105209453571.0ns   delay +218078553.0ns   lost:78436   send:110400
Cw value = 422
MCS 1   Chann_width 20MHz   short GI 0   Thr 9.33095Mbit/s   delay sum +2663420393900.0ns   delay +33613342.0ns   lost:79237   send:110400
Cw value = 423
MCS 1   Chann_width 20MHz   short GI 0   Thr 9.24286Mbit/s   delay sum +17642766802103.0ns   delay +224780119.0ns   lost:78489   send:110400
Cw value = 424
MCS 1   Chann_width 20MHz   short GI 0   Thr 9.30763Mbit/s   delay sum +16238748299988.0ns   delay +205452350.0ns   lost:79039   send:110400
Cw value = 425
MCS 1   Chann_width 20MHz   short GI 0   Thr 9.06104Mbit/s   delay sum +19727244890520.0ns   delay +256381114.0ns   lost:76945   send:110400
Cw value = 426
MCS 1   Chann_width 20MHz   short GI 0   Thr 9.05657Mbit/s   delay sum +20602594141202.0ns   delay +267893196.0ns   lost:76906   send:110400
Cw value = 427
MCS 1   Chann_width 20MHz   short GI 0   Thr 9.18646Mbit/s   delay sum +22151232230073.0ns   delay +283953752.0ns   lost:78010   send:110400
Cw value = 428
MCS 1   Chann_width 20MHz   short GI 0   Thr 9.13735Mbit/s   delay sum +17616537714126.0ns   delay +227037718.0ns   lost:77593   send:110400
Cw value = 429
MCS 1   Chann_width 20MHz   short GI 0   Thr 9.0727Mbit/s   delay sum +19641203329462.0ns   delay +254934885.0ns   lost:77044   send:110400
Cw value = 430
MCS 1   Chann_width 20MHz   short GI 0   Thr 9.26689Mbit/s   delay sum +12212269453658.0ns   delay +155188764.0ns   lost:78693   send:110400
Cw value = 431
MCS 1   Chann_width 20MHz   short GI 0   Thr 9.1861Mbit/s   delay sum +20931082976310.0ns   delay +268323137.0ns   lost:78007   send:110400
Cw value = 432
MCS 1   Chann_width 20MHz   short GI 0   Thr 9.27819Mbit/s   delay sum +20249970310822.0ns   delay +257018458.0ns   lost:78788   send:110400
Cw value = 433
MCS 1   Chann_width 20MHz   short GI 0   Thr 9.15784Mbit/s   delay sum +22348503557471.0ns   delay +287377725.0ns   lost:77767   send:110400
Cw value = 434
MCS 1   Chann_width 20MHz   short GI 0   Thr 9.06917Mbit/s   delay sum +19655441257401.0ns   delay +255219067.0ns   lost:77014   send:110400
Cw value = 435
MCS 1   Chann_width 20MHz   short GI 0   Thr 9.2524Mbit/s   delay sum +17188147161306.0ns   delay +218762214.0ns   lost:78570   send:110400
Cw value = 436
MCS 1   Chann_width 20MHz   short GI 0   Thr 9.23721Mbit/s   delay sum +13663208791870.0ns   delay +174184530.0ns   lost:78441   send:110400
Cw value = 437
MCS 1   Chann_width 20MHz   short GI 0   Thr 9.19199Mbit/s   delay sum +20788723956383.0ns   delay +266327478.0ns   lost:78057   send:110400
Cw value = 438
MCS 1   Chann_width 20MHz   short GI 0   Thr 9.21496Mbit/s   delay sum +13215775791086.0ns   delay +168887386.0ns   lost:78252   send:110400
Cw value = 439
MCS 1   Chann_width 20MHz   short GI 0   Thr 9.19753Mbit/s   delay sum +14312193995926.0ns   delay +183245339.0ns   lost:78104   send:110400
Cw value = 440
MCS 1   Chann_width 20MHz   short GI 0   Thr 9.1887Mbit/s   delay sum +17611497636280.0ns   delay +225704515.0ns   lost:78029   send:110400
Cw value = 441
MCS 1   Chann_width 20MHz   short GI 0   Thr 9.22885Mbit/s   delay sum +20724942619001.0ns   delay +264449950.0ns   lost:78370   send:110400
Cw value = 442
MCS 1   Chann_width 20MHz   short GI 0   Thr 9.18269Mbit/s   delay sum +18402286693012.0ns   delay +235993314.0ns   lost:77978   send:110400
Cw value = 443
MCS 1   Chann_width 20MHz   short GI 0   Thr 9.20059Mbit/s   delay sum +14050666775740.0ns   delay +179837025.0ns   lost:78130   send:110400
Cw value = 444
MCS 1   Chann_width 20MHz   short GI 0   Thr 9.06564Mbit/s   delay sum +17242691618667.0ns   delay +223977600.0ns   lost:76984   send:110400
Cw value = 445
MCS 1   Chann_width 20MHz   short GI 0   Thr 9.1834Mbit/s   delay sum +18542460527037.0ns   delay +237909910.0ns   lost:77939   send:110400
Cw value = 446
MCS 1   Chann_width 20MHz   short GI 0   Thr 9.10473Mbit/s   delay sum +15380205801144.0ns   delay +198926558.0ns   lost:77316   send:110400
Cw value = 447
MCS 1   Chann_width 20MHz   short GI 0   Thr 9.05209Mbit/s   delay sum +17116680350310.0ns   delay +222673383.0ns   lost:76869   send:110400
Cw value = 448
MCS 1   Chann_width 20MHz   short GI 0   Thr 9.16762Mbit/s   delay sum +24158098796663.0ns   delay +310315976.0ns   lost:77850   send:110400
Cw value = 449
MCS 1   Chann_width 20MHz   short GI 0   Thr 9.24122Mbit/s   delay sum +14003886077965.0ns   delay +178450284.0ns   lost:78475   send:110400
Cw value = 450
MCS 1   Chann_width 20MHz   short GI 0   Thr 9.18964Mbit/s   delay sum +18383822763788.0ns   delay +235578286.0ns   lost:78037   send:110400
Cw value = 451
MCS 1   Chann_width 20MHz   short GI 0   Thr 9.12134Mbit/s   delay sum +18156868779370.0ns   delay +234412238.0ns   lost:77457   send:110400
Cw value = 452
MCS 1   Chann_width 20MHz   short GI 0   Thr 9.17892Mbit/s   delay sum +19843851160885.0ns   delay +254640136.0ns   lost:77929   send:110400
Cw value = 453
MCS 1   Chann_width 20MHz   short GI 0   Thr 9.17503Mbit/s   delay sum +21501366088074.0ns   delay +275969890.0ns   lost:77912   send:110400
Cw value = 454
MCS 1   Chann_width 20MHz   short GI 0   Thr 9.20271Mbit/s   delay sum +14435199571695.0ns   delay +184716174.0ns   lost:78148   send:110400
Cw value = 455
MCS 1   Chann_width 20MHz   short GI 0   Thr 9.23203Mbit/s   delay sum +22544164316152.0ns   delay +287564120.0ns   lost:78397   send:110400
Cw value = 456
MCS 1   Chann_width 20MHz   short GI 0   Thr 9.26418Mbit/s   delay sum +17273727325444.0ns   delay +219574766.0ns   lost:78669   send:110400
Cw value = 457
MCS 1   Chann_width 20MHz   short GI 0   Thr 9.12534Mbit/s   delay sum +22306636070704.0ns   delay +287860991.0ns   lost:77491   send:110400
Cw value = 458
MCS 1   Chann_width 20MHz   short GI 0   Thr 9.24569Mbit/s   delay sum +17958140838673.0ns   delay +228728246.0ns   lost:78513   send:110400
Cw value = 459
MCS 1   Chann_width 20MHz   short GI 0   Thr 9.20471Mbit/s   delay sum +17722002893584.0ns   delay +226725553.0ns   lost:78165   send:110400
Cw value = 460
MCS 1   Chann_width 20MHz   short GI 0   Thr 9.17456Mbit/s   delay sum +18479471048255.0ns   delay +237193020.0ns   lost:77909   send:110400
Cw value = 461
MCS 1   Chann_width 20MHz   short GI 0   Thr 9.22261Mbit/s   delay sum +17456065095351.0ns   delay +222889859.0ns   lost:78317   send:110400
Cw value = 462
MCS 1   Chann_width 20MHz   short GI 0   Thr 9.06057Mbit/s   delay sum +19528844515333.0ns   delay +253815839.0ns   lost:76941   send:110400
Cw value = 463
MCS 1   Chann_width 20MHz   short GI 0   Thr 9.18328Mbit/s   delay sum +21374568477287.0ns   delay +274092667.0ns   lost:77983   send:110400
Cw value = 464
MCS 1   Chann_width 20MHz   short GI 0   Thr 9.03243Mbit/s   delay sum +22762661082669.0ns   delay +296771373.0ns   lost:76701   send:110400
Cw value = 465
MCS 1   Chann_width 20MHz   short GI 0   Thr 9.16585Mbit/s   delay sum +22158479967095.0ns   delay +284978200.0ns   lost:77755   send:110400
Cw value = 466
MCS 1   Chann_width 20MHz   short GI 0   Thr 9.10638Mbit/s   delay sum +19898570057263.0ns   delay +257320186.0ns   lost:77330   send:110400
Cw value = 467
MCS 1   Chann_width 20MHz   short GI 0   Thr 9.05904Mbit/s   delay sum +22201900593142.0ns   delay +288606236.0ns   lost:76928   send:110400
Cw value = 468
MCS 1   Chann_width 20MHz   short GI 0   Thr 9.11733Mbit/s   delay sum +21882377597253.0ns   delay +282634069.0ns   lost:77423   send:110400
Cw value = 469
MCS 1   Chann_width 20MHz   short GI 0   Thr 9.25676Mbit/s   delay sum +19961567016681.0ns   delay +253941341.0ns   lost:78607   send:110400
Cw value = 470
MCS 1   Chann_width 20MHz   short GI 0   Thr 9.17774Mbit/s   delay sum +20552592833482.0ns   delay +263711158.0ns   lost:77936   send:110400
Cw value = 471
MCS 1   Chann_width 20MHz   short GI 0   Thr 9.09661Mbit/s   delay sum +18996737611295.0ns   delay +245922011.0ns   lost:77247   send:110400
Cw value = 472
MCS 1   Chann_width 20MHz   short GI 0   Thr 9.14524Mbit/s   delay sum +13930408416027.0ns   delay +179376878.0ns   lost:77660   send:110400
Cw value = 473
MCS 1   Chann_width 20MHz   short GI 0   Thr 9.34261Mbit/s   delay sum +1887649547119.0ns   delay +23793102.0ns   lost:79336   send:110400
Cw value = 474
MCS 1   Chann_width 20MHz   short GI 0   Thr 9.16879Mbit/s   delay sum +14747792312809.0ns   delay +189414234.0ns   lost:77860   send:110400
Cw value = 475
MCS 1   Chann_width 20MHz   short GI 0   Thr 9.12899Mbit/s   delay sum +14708730340291.0ns   delay +189736208.0ns   lost:77522   send:110400
Cw value = 476
MCS 1   Chann_width 20MHz   short GI 0   Thr 9.15125Mbit/s   delay sum +22809224143497.0ns   delay +293513455.0ns   lost:77711   send:110400
Cw value = 477
MCS 1   Chann_width 20MHz   short GI 0   Thr 9.1582Mbit/s   delay sum +14157969052956.0ns   delay +182049235.0ns   lost:77770   send:110400
Cw value = 478
MCS 1   Chann_width 20MHz   short GI 0   Thr 9.26006Mbit/s   delay sum +16812555735339.0ns   delay +213804994.0ns   lost:78635   send:110400
Cw value = 479
MCS 1   Chann_width 20MHz   short GI 0   Thr 9.22131Mbit/s   delay sum +18134834987448.0ns   delay +231589341.0ns   lost:78306   send:110400
Cw value = 480
MCS 1   Chann_width 20MHz   short GI 0   Thr 9.20636Mbit/s   delay sum +23295687276375.0ns   delay +298009329.0ns   lost:78171   send:110400
Cw value = 481
MCS 1   Chann_width 20MHz   short GI 0   Thr 9.30693Mbit/s   delay sum +12309012964138.0ns   delay +155745232.0ns   lost:79033   send:110400
Cw value = 482
MCS 1   Chann_width 20MHz   short GI 0   Thr 9.23074Mbit/s   delay sum +13485106403341.0ns   delay +172034628.0ns   lost:78386   send:110400
Cw value = 483
MCS 1   Chann_width 20MHz   short GI 0   Thr 9.1118Mbit/s   delay sum +21793737084309.0ns   delay +281660167.0ns   lost:77376   send:110400
Cw value = 484
MCS 1   Chann_width 20MHz   short GI 0   Thr 9.06175Mbit/s   delay sum +16761247370412.0ns   delay +217817148.0ns   lost:76951   send:110400
Cw value = 485
MCS 1   Chann_width 20MHz   short GI 0   Thr 9.11686Mbit/s   delay sum +21940245941553.0ns   delay +283396142.0ns   lost:77419   send:110400
Cw value = 486
MCS 1   Chann_width 20MHz   short GI 0   Thr 9.12581Mbit/s   delay sum +19282049214043.0ns   delay +249318574.0ns   lost:77339   send:110400
Cw value = 487
MCS 1   Chann_width 20MHz   short GI 0   Thr 9.22885Mbit/s   delay sum +16544189477990.0ns   delay +211103604.0ns   lost:78370   send:110400
Cw value = 488
MCS 1   Chann_width 20MHz   short GI 0   Thr 9.14159Mbit/s   delay sum +21830854888372.0ns   delay +281220354.0ns   lost:77629   send:110400
Cw value = 489
MCS 1   Chann_width 20MHz   short GI 0   Thr 9.11839Mbit/s   delay sum +18180940716119.0ns   delay +234798800.0ns   lost:77432   send:110400
Cw value = 490
MCS 1   Chann_width 20MHz   short GI 0   Thr 8.96754Mbit/s   delay sum +23742705095829.0ns   delay +311792736.0ns   lost:76149   send:110400
Cw value = 491
MCS 1   Chann_width 20MHz   short GI 0   Thr 9.09319Mbit/s   delay sum +19847877935723.0ns   delay +257040262.0ns   lost:77217   send:110400
Cw value = 492
MCS 1   Chann_width 20MHz   short GI 0   Thr 9.24569Mbit/s   delay sum +18004835780168.0ns   delay +229322988.0ns   lost:78513   send:110400
Cw value = 493
MCS 1   Chann_width 20MHz   short GI 0   Thr 9.16067Mbit/s   delay sum +18620229566045.0ns   delay +239362259.0ns   lost:77791   send:110400
Cw value = 494
MCS 1   Chann_width 20MHz   short GI 0   Thr 9.19823Mbit/s   delay sum +17122034878814.0ns   delay +219204133.0ns   lost:78110   send:110400
Cw value = 495
MCS 1   Chann_width 20MHz   short GI 0   Thr 9.10179Mbit/s   delay sum +18719974603155.0ns   delay +242201221.0ns   lost:77291   send:110400
Cw value = 496
MCS 1   Chann_width 20MHz   short GI 0   Thr 9.15431Mbit/s   delay sum +14055343651960.0ns   delay +180806355.0ns   lost:77737   send:110400
Cw value = 497
MCS 1   Chann_width 20MHz   short GI 0   Thr 9.2411Mbit/s   delay sum +22531857713078.0ns   delay +287125133.0ns   lost:78474   send:110400
Cw value = 498
MCS 1   Chann_width 20MHz   short GI 0   Thr 9.16243Mbit/s   delay sum +18326384154540.0ns   delay +235539471.0ns   lost:77806   send:110400
Cw value = 499
MCS 1   Chann_width 20MHz   short GI 0   Thr 9.16161Mbit/s   delay sum +14579057395896.0ns   delay +187393891.0ns   lost:77799   send:110400
Cw value = 500
MCS 1   Chann_width 20MHz   short GI 0   Thr 9.33778Mbit/s   delay sum +15770604370038.0ns   delay +198885230.0ns   lost:79295   send:110400
Cw value = 501
MCS 1   Chann_width 20MHz   short GI 0   Thr 9.09037Mbit/s   delay sum +20999044184609.0ns   delay +272029486.0ns   lost:77194   send:110400
Cw value = 502
MCS 1   Chann_width 20MHz   short GI 0   Thr 9.23686Mbit/s   delay sum +13605556451590.0ns   delay +173456187.0ns   lost:78438   send:110400
Cw value = 503
MCS 1   Chann_width 20MHz   short GI 0   Thr 9.20942Mbit/s   delay sum +18427399073488.0ns   delay +235629423.0ns   lost:78205   send:110400
Cw value = 504
MCS 1   Chann_width 20MHz   short GI 0   Thr 9.26065Mbit/s   delay sum +12731510874892.0ns   delay +161896119.0ns   lost:78640   send:110400
Cw value = 505
MCS 1   Chann_width 20MHz   short GI 0   Thr 9.23191Mbit/s   delay sum +21045086097407.0ns   delay +268452765.0ns   lost:78394   send:110400
Cw value = 506
MCS 1   Chann_width 20MHz   short GI 0   Thr 9.10026Mbit/s   delay sum +22098066565938.0ns   delay +285959167.0ns   lost:77277   send:110400
Cw value = 507
MCS 1   Chann_width 20MHz   short GI 0   Thr 9.13841Mbit/s   delay sum +9476498893376.0ns   delay +122116683.0ns   lost:77602   send:110400
Cw value = 508
MCS 1   Chann_width 20MHz   short GI 0   Thr 9.25287Mbit/s   delay sum +16919575162843.0ns   delay +215333000.0ns   lost:78574   send:110400
Cw value = 509
MCS 1   Chann_width 20MHz   short GI 0   Thr 8.99722Mbit/s   delay sum +16523810505440.0ns   delay +216271749.0ns   lost:76403   send:110400
Cw value = 510
MCS 1   Chann_width 20MHz   short GI 0   Thr 9.14265Mbit/s   delay sum +21572772919625.0ns   delay +277863583.0ns   lost:77638   send:110400
Cw value = 511
MCS 1   Chann_width 20MHz   short GI 0   Thr 10.2934Mbit/s   delay sum +19931859031082.0ns   delay +228029825.0ns   lost:87409   send:110400
Cw value = 512
MCS 1   Chann_width 20MHz   short GI 0   Thr 0.645207Mbit/s   delay sum +1287264249743.0ns   delay +235546980.0ns   lost:5465   send:110400
Cw value = 513
MCS 1   Chann_width 20MHz   short GI 0   Thr 0.712684Mbit/s   delay sum +886681062299.0ns   delay +146510420.0ns   lost:6052   send:110400
Cw value = 514
MCS 1   Chann_width 20MHz   short GI 0   Thr 0.635904Mbit/s   delay sum +1409788991279.0ns   delay +261072035.0ns   lost:5400   send:110400
Cw value = 515
MCS 1   Chann_width 20MHz   short GI 0   Thr 1.02522Mbit/s   delay sum +2235528871190.0ns   delay +256780251.0ns   lost:8706   send:110400
Cw value = 516
MCS 1   Chann_width 20MHz   short GI 0   Thr 1.14416Mbit/s   delay sum +2260493761591.0ns   delay +232656830.0ns   lost:9716   send:110400
Cw value = 517
MCS 1   Chann_width 20MHz   short GI 0   Thr 1.63251Mbit/s   delay sum +3026064864468.0ns   delay +218283550.0ns   lost:13863   send:110400
Cw value = 518
MCS 1   Chann_width 20MHz   short GI 0   Thr 1.34517Mbit/s   delay sum +2377625409319.0ns   delay +208143693.0ns   lost:11423   send:110400
Cw value = 519
MCS 1   Chann_width 20MHz   short GI 0   Thr 2.80775Mbit/s   delay sum +4391161969890.0ns   delay +184169859.0ns   lost:23843   send:110400
Cw value = 520
MCS 1   Chann_width 20MHz   short GI 0   Thr 2.69765Mbit/s   delay sum +4795355014075.0ns   delay +209331020.0ns   lost:22908   send:110400
Cw value = 521
MCS 1   Chann_width 20MHz   short GI 0   Thr 2.21954Mbit/s   delay sum +4713056849782.0ns   delay +250056072.0ns   lost:18848   send:110400
Cw value = 522
MCS 1   Chann_width 20MHz   short GI 0   Thr 2.8127Mbit/s   delay sum +4676677643698.0ns   delay +195799775.0ns   lost:23885   send:110400
Cw value = 523
MCS 1   Chann_width 20MHz   short GI 0   Thr 2.35673Mbit/s   delay sum +5311130315671.0ns   delay +265384016.0ns   lost:20013   send:110400
Cw value = 524
MCS 1   Chann_width 20MHz   short GI 0   Thr 3.99348Mbit/s   delay sum +922286513961.0ns   delay +27196464.0ns   lost:33912   send:110400
Cw value = 525
MCS 1   Chann_width 20MHz   short GI 0   Thr 2.32376Mbit/s   delay sum +4812223907789.0ns   delay +243866817.0ns   lost:19733   send:110400
Cw value = 526
MCS 1   Chann_width 20MHz   short GI 0   Thr 2.78349Mbit/s   delay sum +4983849609482.0ns   delay +210849499.0ns   lost:23637   send:110400
Cw value = 527
MCS 1   Chann_width 20MHz   short GI 0   Thr 5.16908Mbit/s   delay sum +2084380397313.0ns   delay +47678944.0ns   lost:43717   send:110400
Cw value = 528
MCS 1   Chann_width 20MHz   short GI 0   Thr 4.31861Mbit/s   delay sum +4432374763174.0ns   delay +120862071.0ns   lost:36673   send:110400
Cw value = 529
MCS 1   Chann_width 20MHz   short GI 0   Thr 3.65751Mbit/s   delay sum +7822497323848.0ns   delay +251859278.0ns   lost:31059   send:110400
Cw value = 530
MCS 1   Chann_width 20MHz   short GI 0   Thr 3.80812Mbit/s   delay sum +7440812422049.0ns   delay +230095009.0ns   lost:32338   send:110400
Cw value = 531
MCS 1   Chann_width 20MHz   short GI 0   Thr 3.371Mbit/s   delay sum +7940575627857.0ns   delay +277390331.0ns   lost:28626   send:110400
Cw value = 532
MCS 1   Chann_width 20MHz   short GI 0   Thr 3.98029Mbit/s   delay sum +7560379822177.0ns   delay +223679876.0ns   lost:33800   send:110400
Cw value = 533
MCS 1   Chann_width 20MHz   short GI 0   Thr 4.94074Mbit/s   delay sum +2201926853530.0ns   delay +52481810.0ns   lost:41956   send:110400
Cw value = 534
MCS 1   Chann_width 20MHz   short GI 0   Thr 3.93837Mbit/s   delay sum +7470441860934.0ns   delay +223371661.0ns   lost:33444   send:110400
Cw value = 535
MCS 1   Chann_width 20MHz   short GI 0   Thr 5.17814Mbit/s   delay sum +971380149303.0ns   delay +22090879.0ns   lost:43972   send:110400
Cw value = 536
MCS 1   Chann_width 20MHz   short GI 0   Thr 3.91693Mbit/s   delay sum +7157857448143.0ns   delay +215196243.0ns   lost:33262   send:110400
Cw value = 537
MCS 1   Chann_width 20MHz   short GI 0   Thr 5.15212Mbit/s   delay sum +1043379589590.0ns   delay +23848131.0ns   lost:43751   send:110400
Cw value = 538
MCS 1   Chann_width 20MHz   short GI 0   Thr 4.96547Mbit/s   delay sum +2257176115201.0ns   delay +53530714.0ns   lost:42166   send:110400
Cw value = 539
MCS 1   Chann_width 20MHz   short GI 0   Thr 4.19178Mbit/s   delay sum +6639945474726.0ns   delay +186536281.0ns   lost:35596   send:110400
Cw value = 540
MCS 1   Chann_width 20MHz   short GI 0   Thr 3.60369Mbit/s   delay sum +7734918753433.0ns   delay +252758602.0ns   lost:30602   send:110400
Cw value = 541
MCS 1   Chann_width 20MHz   short GI 0   Thr 3.97028Mbit/s   delay sum +7487536106270.0ns   delay +222083230.0ns   lost:33715   send:110400
Cw value = 542
MCS 1   Chann_width 20MHz   short GI 0   Thr 3.81813Mbit/s   delay sum +7647517399186.0ns   delay +235867051.0ns   lost:32423   send:110400
Cw value = 543
MCS 1   Chann_width 20MHz   short GI 0   Thr 5.16295Mbit/s   delay sum +11989859400895.0ns   delay +273472604.0ns   lost:43843   send:110400
Cw value = 544
MCS 1   Chann_width 20MHz   short GI 0   Thr 5.29979Mbit/s   delay sum +11574151152717.0ns   delay +257174783.0ns   lost:45005   send:110400
Cw value = 545
MCS 1   Chann_width 20MHz   short GI 0   Thr 5.25987Mbit/s   delay sum +10685760127523.0ns   delay +239237006.0ns   lost:44666   send:110400
Cw value = 546
MCS 1   Chann_width 20MHz   short GI 0   Thr 6.47951Mbit/s   delay sum +4431735852316.0ns   delay +80543333.0ns   lost:55023   send:110400
Cw value = 547
MCS 1   Chann_width 20MHz   short GI 0   Thr 6.39955Mbit/s   delay sum +2388223109379.0ns   delay +43946399.0ns   lost:54344   send:110400
Cw value = 548
MCS 1   Chann_width 20MHz   short GI 0   Thr 5.24432Mbit/s   delay sum +12777166263183.0ns   delay +286914563.0ns   lost:44533   send:110400
Cw value = 549
MCS 1   Chann_width 20MHz   short GI 0   Thr 5.44263Mbit/s   delay sum +11646653168091.0ns   delay +251999332.0ns   lost:46217   send:110400
Cw value = 550
MCS 1   Chann_width 20MHz   short GI 0   Thr 5.26988Mbit/s   delay sum +12242402895098.0ns   delay +273567135.0ns   lost:44751   send:110400
Cw value = 551
MCS 1   Chann_width 20MHz   short GI 0   Thr 5.37056Mbit/s   delay sum +12215333744308.0ns   delay +267844883.0ns   lost:45606   send:110400
Cw value = 552
MCS 1   Chann_width 20MHz   short GI 0   Thr 6.75695Mbit/s   delay sum +1301410921922.0ns   delay +22680962.0ns   lost:57379   send:110400
Cw value = 553
MCS 1   Chann_width 20MHz   short GI 0   Thr 5.20005Mbit/s   delay sum +11472266093196.0ns   delay +259800400.0ns   lost:44158   send:110400
Cw value = 554
MCS 1   Chann_width 20MHz   short GI 0   Thr 5.12079Mbit/s   delay sum +12579463907897.0ns   delay +289282831.0ns   lost:43485   send:110400
Cw value = 555
MCS 1   Chann_width 20MHz   short GI 0   Thr 5.07086Mbit/s   delay sum +12937203261949.0ns   delay +300438987.0ns   lost:43061   send:110400
Cw value = 556
MCS 1   Chann_width 20MHz   short GI 0   Thr 5.24491Mbit/s   delay sum +12095566434270.0ns   delay +271572474.0ns   lost:44539   send:110400
Cw value = 557
MCS 1   Chann_width 20MHz   short GI 0   Thr 6.76837Mbit/s   delay sum +1227366593569.0ns   delay +21354419.0ns   lost:57476   send:110400
Cw value = 558
MCS 1   Chann_width 20MHz   short GI 0   Thr 5.59207Mbit/s   delay sum +11068648099801.0ns   delay +233087963.0ns   lost:47487   send:110400
Cw value = 559
MCS 1   Chann_width 20MHz   short GI 0   Thr 5.55827Mbit/s   delay sum +10376167688270.0ns   delay +219834061.0ns   lost:47200   send:110400
Cw value = 560
MCS 1   Chann_width 20MHz   short GI 0   Thr 6.35527Mbit/s   delay sum +4597694280012.0ns   delay +85192971.0ns   lost:53968   send:110400
Cw value = 561
MCS 1   Chann_width 20MHz   short GI 0   Thr 5.40283Mbit/s   delay sum +11847862688627.0ns   delay +258235891.0ns   lost:45880   send:110400
Cw value = 562
MCS 1   Chann_width 20MHz   short GI 0   Thr 5.60055Mbit/s   delay sum +11435379149325.0ns   delay +240446164.0ns   lost:47559   send:110400
Cw value = 563
MCS 1   Chann_width 20MHz   short GI 0   Thr 5.77625Mbit/s   delay sum +9368552678511.0ns   delay +190996160.0ns   lost:49051   send:110400
Cw value = 564
MCS 1   Chann_width 20MHz   short GI 0   Thr 6.53297Mbit/s   delay sum +3343336700722.0ns   delay +60265275.0ns   lost:55477   send:110400
Cw value = 565
MCS 1   Chann_width 20MHz   short GI 0   Thr 5.48797Mbit/s   delay sum +11008025639382.0ns   delay +236208519.0ns   lost:46603   send:110400
Cw value = 566
MCS 1   Chann_width 20MHz   short GI 0   Thr 5.64424Mbit/s   delay sum +10448602456834.0ns   delay +217997130.0ns   lost:47930   send:110400
Cw value = 567
MCS 1   Chann_width 20MHz   short GI 0   Thr 5.7083Mbit/s   delay sum +11181003122704.0ns   delay +230659799.0ns   lost:48474   send:110400
Cw value = 568
MCS 1   Chann_width 20MHz   short GI 0   Thr 5.39612Mbit/s   delay sum +11136724915946.0ns   delay +243037883.0ns   lost:45823   send:110400
Cw value = 569
MCS 1   Chann_width 20MHz   short GI 0   Thr 4.95675Mbit/s   delay sum +13543757156716.0ns   delay +321765588.0ns   lost:42092   send:110400
Cw value = 570
MCS 1   Chann_width 20MHz   short GI 0   Thr 4.9942Mbit/s   delay sum +12885202474578.0ns   delay +303824628.0ns   lost:42410   send:110400
Cw value = 571
MCS 1   Chann_width 20MHz   short GI 0   Thr 5.61397Mbit/s   delay sum +10546427922177.0ns   delay +221224339.0ns   lost:47673   send:110400
Cw value = 572
MCS 1   Chann_width 20MHz   short GI 0   Thr 5.55921Mbit/s   delay sum +11524092708427.0ns   delay +244113131.0ns   lost:47208   send:110400
Cw value = 573
MCS 1   Chann_width 20MHz   short GI 0   Thr 5.48573Mbit/s   delay sum +11256616643206.0ns   delay +241641264.0ns   lost:46584   send:110400
Cw value = 574
MCS 1   Chann_width 20MHz   short GI 0   Thr 5.55203Mbit/s   delay sum +10911117512273.0ns   delay +231427609.0ns   lost:47147   send:110400
Cw value = 575
MCS 1   Chann_width 20MHz   short GI 0   Thr 7.81267Mbit/s   delay sum +10017080400321.0ns   delay +150986983.0ns   lost:66344   send:110400
Cw value = 576
MCS 1   Chann_width 20MHz   short GI 0   Thr 7.27792Mbit/s   delay sum +14929289323230.0ns   delay +241562534.0ns   lost:61803   send:110400
Cw value = 577
MCS 1   Chann_width 20MHz   short GI 0   Thr 7.50261Mbit/s   delay sum +14699078461828.0ns   delay +230714923.0ns   lost:63711   send:110400
Cw value = 578
MCS 1   Chann_width 20MHz   short GI 0   Thr 7.14733Mbit/s   delay sum +17011359809440.0ns   delay +280280749.0ns   lost:60694   send:110400
Cw value = 579
MCS 1   Chann_width 20MHz   short GI 0   Thr 7.91736Mbit/s   delay sum +7315286855679.0ns   delay +108805004.0ns   lost:67233   send:110400
Cw value = 580
MCS 1   Chann_width 20MHz   short GI 0   Thr 8.0297Mbit/s   delay sum +4547955644473.0ns   delay +68268146.0ns   lost:66619   send:110400
Cw value = 581
MCS 1   Chann_width 20MHz   short GI 0   Thr 7.35211Mbit/s   delay sum +17485109294784.0ns   delay +280061975.0ns   lost:62433   send:110400
Cw value = 582
MCS 1   Chann_width 20MHz   short GI 0   Thr 7.20208Mbit/s   delay sum +18717476618633.0ns   delay +306046152.0ns   lost:61159   send:110400
Cw value = 583
MCS 1   Chann_width 20MHz   short GI 0   Thr 7.48883Mbit/s   delay sum +15153727688074.0ns   delay +238288638.0ns   lost:63594   send:110400
Cw value = 584
MCS 1   Chann_width 20MHz   short GI 0   Thr 7.16864Mbit/s   delay sum +18213642364851.0ns   delay +299207240.0ns   lost:60873   send:110400
Cw value = 585
MCS 1   Chann_width 20MHz   short GI 0   Thr 8.56233Mbit/s   delay sum +1682832552864.0ns   delay +23144444.0ns   lost:72710   send:110400
Cw value = 586
MCS 1   Chann_width 20MHz   short GI 0   Thr 7.34245Mbit/s   delay sum +16130447831408.0ns   delay +258703915.0ns   lost:62351   send:110400
Cw value = 587
MCS 1   Chann_width 20MHz   short GI 0   Thr 7.37437Mbit/s   delay sum +16493718063819.0ns   delay +263385360.0ns   lost:62622   send:110400
Cw value = 588
MCS 1   Chann_width 20MHz   short GI 0   Thr 7.49884Mbit/s   delay sum +15766630311479.0ns   delay +247595444.0ns   lost:63679   send:110400
Cw value = 589
MCS 1   Chann_width 20MHz   short GI 0   Thr 7.25366Mbit/s   delay sum +18233711798185.0ns   delay +296016231.0ns   lost:61597   send:110400
Cw value = 590
MCS 1   Chann_width 20MHz   short GI 0   Thr 7.35341Mbit/s   delay sum +15970278936862.0ns   delay +255753618.0ns   lost:62444   send:110400
Cw value = 591
MCS 1   Chann_width 20MHz   short GI 0   Thr 7.41287Mbit/s   delay sum +15667227677603.0ns   delay +248887634.0ns   lost:62949   send:110400
Cw value = 592
MCS 1   Chann_width 20MHz   short GI 0   Thr 7.25602Mbit/s   delay sum +17400786115828.0ns   delay +282402358.0ns   lost:61617   send:110400
Cw value = 593
MCS 1   Chann_width 20MHz   short GI 0   Thr 7.13531Mbit/s   delay sum +17105104911145.0ns   delay +282299724.0ns   lost:60592   send:110400
Cw value = 594
MCS 1   Chann_width 20MHz   short GI 0   Thr 7.31725Mbit/s   delay sum +15844282679117.0ns   delay +254993605.0ns   lost:62136   send:110400
Cw value = 595
MCS 1   Chann_width 20MHz   short GI 0   Thr 7.24342Mbit/s   delay sum +16555190422984.0ns   delay +269146324.0ns   lost:61510   send:110400
Cw value = 596
MCS 1   Chann_width 20MHz   short GI 0   Thr 6.88649Mbit/s   delay sum +18556503517071.0ns   delay +317319097.0ns   lost:58479   send:110400
Cw value = 597
MCS 1   Chann_width 20MHz   short GI 0   Thr 7.55077Mbit/s   delay sum +13878306342594.0ns   delay +216442706.0ns   lost:64120   send:110400
Cw value = 598
MCS 1   Chann_width 20MHz   short GI 0   Thr 7.4197Mbit/s   delay sum +14495383238981.0ns   delay +230059886.0ns   lost:63007   send:110400
Cw value = 599
MCS 1   Chann_width 20MHz   short GI 0   Thr 7.62166Mbit/s   delay sum +14365556273625.0ns   delay +221957854.0ns   lost:64722   send:110400
Cw value = 600
MCS 1   Chann_width 20MHz   short GI 0   Thr 7.71022Mbit/s   delay sum +13141819682947.0ns   delay +200718142.0ns   lost:65474   send:110400
Cw value = 601
MCS 1   Chann_width 20MHz   short GI 0   Thr 7.89887Mbit/s   delay sum +9489220956859.0ns   delay +141469690.0ns   lost:67076   send:110400
Cw value = 602
MCS 1   Chann_width 20MHz   short GI 0   Thr 7.45633Mbit/s   delay sum +15709526393058.0ns   delay +248105221.0ns   lost:63318   send:110400
Cw value = 603
MCS 1   Chann_width 20MHz   short GI 0   Thr 7.37413Mbit/s   delay sum +15062401837631.0ns   delay +240536599.0ns   lost:62620   send:110400
Cw value = 604
MCS 1   Chann_width 20MHz   short GI 0   Thr 7.37142Mbit/s   delay sum +16891710042995.0ns   delay +269848555.0ns   lost:62597   send:110400
Cw value = 605
MCS 1   Chann_width 20MHz   short GI 0   Thr 7.2831Mbit/s   delay sum +16171153878815.0ns   delay +261470303.0ns   lost:61847   send:110400
Cw value = 606
MCS 1   Chann_width 20MHz   short GI 0   Thr 7.46422Mbit/s   delay sum +13029561965307.0ns   delay +205562230.0ns   lost:63385   send:110400
Cw value = 607
MCS 1   Chann_width 20MHz   short GI 0   Thr 7.67878Mbit/s   delay sum +13248475212409.0ns   delay +203175659.0ns   lost:65207   send:110400
Cw value = 608
MCS 1   Chann_width 20MHz   short GI 0   Thr 8.55715Mbit/s   delay sum +1681675650045.0ns   delay +23142537.0ns   lost:72666   send:110400
Cw value = 609
MCS 1   Chann_width 20MHz   short GI 0   Thr 7.65204Mbit/s   delay sum +13735477716825.0ns   delay +211383334.0ns   lost:64979   send:110400
Cw value = 610
MCS 1   Chann_width 20MHz   short GI 0   Thr 7.80949Mbit/s   delay sum +10920291957829.0ns   delay +164668063.0ns   lost:66317   send:110400
Cw value = 611
MCS 1   Chann_width 20MHz   short GI 0   Thr 7.48812Mbit/s   delay sum +15761015030293.0ns   delay +247861468.0ns   lost:63588   send:110400
Cw value = 612
MCS 1   Chann_width 20MHz   short GI 0   Thr 7.39497Mbit/s   delay sum +17242952341637.0ns   delay +274582421.0ns   lost:62797   send:110400
Cw value = 613
MCS 1   Chann_width 20MHz   short GI 0   Thr 8.0516Mbit/s   delay sum +2738054636598.0ns   delay +40516353.0ns   lost:67579   send:110400
Cw value = 614
MCS 1   Chann_width 20MHz   short GI 0   Thr 7.27804Mbit/s   delay sum +17215971294655.0ns   delay +278557557.0ns   lost:61804   send:110400
Cw value = 615
MCS 1   Chann_width 20MHz   short GI 0   Thr 7.26791Mbit/s   delay sum +17229871675525.0ns   delay +279170933.0ns   lost:61718   send:110400
Cw value = 616
MCS 1   Chann_width 20MHz   short GI 0   Thr 8.05608Mbit/s   delay sum +1514428402704.0ns   delay +22137206.0ns   lost:68411   send:110400
Cw value = 617
MCS 1   Chann_width 20MHz   short GI 0   Thr 7.70916Mbit/s   delay sum +13051901101129.0ns   delay +199375245.0ns   lost:65464   send:110400
Cw value = 618
MCS 1   Chann_width 20MHz   short GI 0   Thr 7.37778Mbit/s   delay sum +15809854363703.0ns   delay +252356052.0ns   lost:62649   send:110400
Cw value = 619
MCS 1   Chann_width 20MHz   short GI 0   Thr 7.48306Mbit/s   delay sum +14267430621020.0ns   delay +224528368.0ns   lost:63544   send:110400
Cw value = 620
MCS 1   Chann_width 20MHz   short GI 0   Thr 7.34917Mbit/s   delay sum +16276115453221.0ns   delay +260801747.0ns   lost:62408   send:110400
Cw value = 621
MCS 1   Chann_width 20MHz   short GI 0   Thr 7.68455Mbit/s   delay sum +13001144591534.0ns   delay +199235990.0ns   lost:65255   send:110400
Cw value = 622
MCS 1   Chann_width 20MHz   short GI 0   Thr 7.30925Mbit/s   delay sum +17995437694245.0ns   delay +289926335.0ns   lost:62069   send:110400
Cw value = 623
MCS 1   Chann_width 20MHz   short GI 0   Thr 7.34128Mbit/s   delay sum +16552325096218.0ns   delay +265512665.0ns   lost:62341   send:110400
Cw value = 624
MCS 1   Chann_width 20MHz   short GI 0   Thr 8.05125Mbit/s   delay sum +1669711970903.0ns   delay +24421705.0ns   lost:68370   send:110400
Cw value = 625
MCS 1   Chann_width 20MHz   short GI 0   Thr 8.04984Mbit/s   delay sum +1699836070970.0ns   delay +24866673.0ns   lost:68358   send:110400
Cw value = 626
MCS 1   Chann_width 20MHz   short GI 0   Thr 7.40275Mbit/s   delay sum +15889267810114.0ns   delay +252760253.0ns   lost:62863   send:110400
Cw value = 627
MCS 1   Chann_width 20MHz   short GI 0   Thr 7.51415Mbit/s   delay sum +16971103745676.0ns   delay +265975578.0ns   lost:63807   send:110400
Cw value = 628
MCS 1   Chann_width 20MHz   short GI 0   Thr 7.59858Mbit/s   delay sum +12492533451977.0ns   delay +193604646.0ns   lost:64526   send:110400
Cw value = 629
MCS 1   Chann_width 20MHz   short GI 0   Thr 7.46516Mbit/s   delay sum +15055118330617.0ns   delay +237488655.0ns   lost:63393   send:110400
Cw value = 630
MCS 1   Chann_width 20MHz   short GI 0   Thr 7.19337Mbit/s   delay sum +17811041342327.0ns   delay +291577987.0ns   lost:61085   send:110400
Cw value = 631
MCS 1   Chann_width 20MHz   short GI 0   Thr 7.03498Mbit/s   delay sum +17885500411934.0ns   delay +299389025.0ns   lost:59740   send:110400
Cw value = 632
MCS 1   Chann_width 20MHz   short GI 0   Thr 7.35093Mbit/s   delay sum +16407028148194.0ns   delay +262836264.0ns   lost:62423   send:110400
Cw value = 633
MCS 1   Chann_width 20MHz   short GI 0   Thr 7.45279Mbit/s   delay sum +15546038498468.0ns   delay +245639591.0ns   lost:63288   send:110400
Cw value = 634
MCS 1   Chann_width 20MHz   short GI 0   Thr 7.22469Mbit/s   delay sum +17648278971138.0ns   delay +287660820.0ns   lost:61351   send:110400
Cw value = 635
MCS 1   Chann_width 20MHz   short GI 0   Thr 7.72882Mbit/s   delay sum +11448667070882.0ns   delay +174437272.0ns   lost:65632   send:110400
Cw value = 636
MCS 1   Chann_width 20MHz   short GI 0   Thr 8.05007Mbit/s   delay sum +1618156948566.0ns   delay +23671108.0ns   lost:68360   send:110400
Cw value = 637
MCS 1   Chann_width 20MHz   short GI 0   Thr 7.36424Mbit/s   delay sum +15107878483300.0ns   delay +241586901.0ns   lost:62536   send:110400
Cw value = 638
MCS 1   Chann_width 20MHz   short GI 0   Thr 7.4555Mbit/s   delay sum +14198793571856.0ns   delay +224270562.0ns   lost:63311   send:110400
Cw value = 639
MCS 1   Chann_width 20MHz   short GI 0   Thr 9.30504Mbit/s   delay sum +11724139253007.0ns   delay +148374897.0ns   lost:79017   send:110400
Cw value = 640
MCS 1   Chann_width 20MHz   short GI 0   Thr 9.28596Mbit/s   delay sum +11315676915880.0ns   delay +143499802.0ns   lost:78855   send:110400
Cw value = 641
MCS 1   Chann_width 20MHz   short GI 0   Thr 9.24263Mbit/s   delay sum +16824583280191.0ns   delay +214361400.0ns   lost:78487   send:110400
Cw value = 642
MCS 1   Chann_width 20MHz   short GI 0   Thr 9.04279Mbit/s   delay sum +15001257572224.0ns   delay +195354311.0ns   lost:76790   send:110400
Cw value = 643
MCS 1   Chann_width 20MHz   short GI 0   Thr 9.13358Mbit/s   delay sum +18374339679388.0ns   delay +236901789.0ns   lost:77561   send:110400
Cw value = 644
MCS 1   Chann_width 20MHz   short GI 0   Thr 9.4931Mbit/s   delay sum +6056702107369.0ns   delay +75132137.0ns   lost:80614   send:110400
Cw value = 645
MCS 1   Chann_width 20MHz   short GI 0   Thr 9.09731Mbit/s   delay sum +15182448550287.0ns   delay +196528918.0ns   lost:77253   send:110400
Cw value = 646
MCS 1   Chann_width 20MHz   short GI 0   Thr 9.24522Mbit/s   delay sum +13454702296211.0ns   delay +171377833.0ns   lost:78509   send:110400
Cw value = 647
MCS 1   Chann_width 20MHz   short GI 0   Thr 9.13405Mbit/s   delay sum +18116644210780.0ns   delay +233567255.0ns   lost:77565   send:110400
Cw value = 648
MCS 1   Chann_width 20MHz   short GI 0   Thr 9.32589Mbit/s   delay sum +1893774521385.0ns   delay +23913106.0ns   lost:79194   send:110400
Cw value = 649
MCS 1   Chann_width 20MHz   short GI 0   Thr 9.18952Mbit/s   delay sum +17710987814908.0ns   delay +226959195.0ns   lost:78036   send:110400
Cw value = 650
MCS 1   Chann_width 20MHz   short GI 0   Thr 9.09873Mbit/s   delay sum +18324603977584.0ns   delay +237165650.0ns   lost:77265   send:110400
Cw value = 651
MCS 1   Chann_width 20MHz   short GI 0   Thr 9.10591Mbit/s   delay sum +18665088104093.0ns   delay +241381787.0ns   lost:77326   send:110400
Cw value = 652
MCS 1   Chann_width 20MHz   short GI 0   Thr 9.14442Mbit/s   delay sum +14409587458544.0ns   delay +185566211.0ns   lost:77652   send:110400
Cw value = 653
MCS 1   Chann_width 20MHz   short GI 0   Thr 9.15643Mbit/s   delay sum +21292463719022.0ns   delay +273840443.0ns   lost:77755   send:110400
Cw value = 654
MCS 1   Chann_width 20MHz   short GI 0   Thr 9.18811Mbit/s   delay sum +15098542151499.0ns   delay +193511511.0ns   lost:78024   send:110400
Cw value = 655
MCS 1   Chann_width 20MHz   short GI 0   Thr 9.08883Mbit/s   delay sum +19236181156301.0ns   delay +249234671.0ns   lost:77181   send:110400
Cw value = 656
MCS 1   Chann_width 20MHz   short GI 0   Thr 9.18528Mbit/s   delay sum +17679335906782.0ns   delay +226658152.0ns   lost:78000   send:110400
Cw value = 657
MCS 1   Chann_width 20MHz   short GI 0   Thr 9.13924Mbit/s   delay sum +14798415603336.0ns   delay +190681574.0ns   lost:77608   send:110400
Cw value = 658
MCS 1   Chann_width 20MHz   short GI 0   Thr 9.18234Mbit/s   delay sum +17617377889352.0ns   delay +225936234.0ns   lost:77975   send:110400
Cw value = 659
MCS 1   Chann_width 20MHz   short GI 0   Thr 9.16008Mbit/s   delay sum +18020972146385.0ns   delay +231673722.0ns   lost:77786   send:110400
Cw value = 660
MCS 1   Chann_width 20MHz   short GI 0   Thr 9.09802Mbit/s   delay sum +15376086481151.0ns   delay +199020003.0ns   lost:77259   send:110400
Cw value = 661
MCS 1   Chann_width 20MHz   short GI 0   Thr 9.12581Mbit/s   delay sum +14780652307885.0ns   delay +190730399.0ns   lost:77495   send:110400
Cw value = 662
MCS 1   Chann_width 20MHz   short GI 0   Thr 9.3565Mbit/s   delay sum +14640673042278.0ns   delay +184266028.0ns   lost:79454   send:110400
Cw value = 663
MCS 1   Chann_width 20MHz   short GI 0   Thr 9.20283Mbit/s   delay sum +12953462213018.0ns   delay +165753396.0ns   lost:78149   send:110400
Cw value = 664
MCS 1   Chann_width 20MHz   short GI 0   Thr 9.09602Mbit/s   delay sum +18979704444198.0ns   delay +245717413.0ns   lost:77242   send:110400
Cw value = 665
MCS 1   Chann_width 20MHz   short GI 0   Thr 9.0329Mbit/s   delay sum +23121795259457.0ns   delay +301433985.0ns   lost:76706   send:110400
Cw value = 666
MCS 1   Chann_width 20MHz   short GI 0   Thr 9.03337Mbit/s   delay sum +15637709805873.0ns   delay +203854905.0ns   lost:76710   send:110400
Cw value = 667
MCS 1   Chann_width 20MHz   short GI 0   Thr 9.1224Mbit/s   delay sum +14275524161499.0ns   delay +184281157.0ns   lost:77466   send:110400
Cw value = 668
MCS 1   Chann_width 20MHz   short GI 0   Thr 9.07729Mbit/s   delay sum +19421550658955.0ns   delay +251956341.0ns   lost:77083   send:110400
Cw value = 669
MCS 1   Chann_width 20MHz   short GI 0   Thr 9.21814Mbit/s   delay sum +17240782497000.0ns   delay +220247863.0ns   lost:78279   send:110400
Cw value = 670
MCS 1   Chann_width 20MHz   short GI 0   Thr 8.98297Mbit/s   delay sum +19831311372436.0ns   delay +259977076.0ns   lost:76281   send:110400
Cw value = 671
MCS 1   Chann_width 20MHz   short GI 0   Thr 9.13665Mbit/s   delay sum +21588801051753.0ns   delay +278252813.0ns   lost:77587   send:110400
Cw value = 672
MCS 1   Chann_width 20MHz   short GI 0   Thr 9.18351Mbit/s   delay sum +18048271317832.0ns   delay +231432600.0ns   lost:77985   send:110400
Cw value = 673
MCS 1   Chann_width 20MHz   short GI 0   Thr 9.15313Mbit/s   delay sum +14309118923990.0ns   delay +184094573.0ns   lost:77727   send:110400
Cw value = 674
MCS 1   Chann_width 20MHz   short GI 0   Thr 9.30504Mbit/s   delay sum +11571485827332.0ns   delay +146442991.0ns   lost:79017   send:110400
Cw value = 675
MCS 1   Chann_width 20MHz   short GI 0   Thr 9.16985Mbit/s   delay sum +17468836668527.0ns   delay +224336214.0ns   lost:77869   send:110400
Cw value = 676
MCS 1   Chann_width 20MHz   short GI 0   Thr 8.94952Mbit/s   delay sum +20229614177863.0ns   delay +266186138.0ns   lost:75998   send:110400
Cw value = 677
MCS 1   Chann_width 20MHz   short GI 0   Thr 9.21107Mbit/s   delay sum +12949884232294.0ns   delay +165561433.0ns   lost:78218   send:110400
Cw value = 678
MCS 1   Chann_width 20MHz   short GI 0   Thr 9.19576Mbit/s   delay sum +16425230176605.0ns   delay +210339870.0ns   lost:78089   send:110400
Cw value = 679
MCS 1   Chann_width 20MHz   short GI 0   Thr 9.2318Mbit/s   delay sum +20533140265660.0ns   delay +261919003.0ns   lost:78395   send:110400
Cw value = 680
MCS 1   Chann_width 20MHz   short GI 0   Thr 9.3147Mbit/s   delay sum +11537317133877.0ns   delay +145859203.0ns   lost:79099   send:110400
Cw value = 681
MCS 1   Chann_width 20MHz   short GI 0   Thr 9.1516Mbit/s   delay sum +18442297741847.0ns   delay +237309850.0ns   lost:77714   send:110400
Cw value = 682
MCS 1   Chann_width 20MHz   short GI 0   Thr 9.22862Mbit/s   delay sum +18118048491912.0ns   delay +231239132.0ns   lost:78352   send:110400
Cw value = 683
MCS 1   Chann_width 20MHz   short GI 0   Thr 9.03207Mbit/s   delay sum +15461762349400.0ns   delay +201590142.0ns   lost:76699   send:110400
Cw value = 684
MCS 1   Chann_width 20MHz   short GI 0   Thr 9.2073Mbit/s   delay sum +14165731533729.0ns   delay +181177581.0ns   lost:78187   send:110400
Cw value = 685
MCS 1   Chann_width 20MHz   short GI 0   Thr 9.32153Mbit/s   delay sum +1897673723521.0ns   delay +23973542.0ns   lost:79157   send:110400
Cw value = 686
MCS 1   Chann_width 20MHz   short GI 0   Thr 9.20471Mbit/s   delay sum +13269359985149.0ns   delay +169760890.0ns   lost:78165   send:110400
Cw value = 687
MCS 1   Chann_width 20MHz   short GI 0   Thr 9.12911Mbit/s   delay sum +14414845350448.0ns   delay +185942821.0ns   lost:77523   send:110400
Cw value = 688
MCS 1   Chann_width 20MHz   short GI 0   Thr 9.27902Mbit/s   delay sum +15904412255186.0ns   delay +201842888.0ns   lost:78796   send:110400
Cw value = 689
MCS 1   Chann_width 20MHz   short GI 0   Thr 9.14218Mbit/s   delay sum +18246437623949.0ns   delay +235031527.0ns   lost:77634   send:110400
Cw value = 690
MCS 1   Chann_width 20MHz   short GI 0   Thr 9.09237Mbit/s   delay sum +15194631286938.0ns   delay +196793608.0ns   lost:77211   send:110400
Cw value = 691
MCS 1   Chann_width 20MHz   short GI 0   Thr 9.20141Mbit/s   delay sum +16782970186573.0ns   delay +214789026.0ns   lost:78137   send:110400
Cw value = 692
MCS 1   Chann_width 20MHz   short GI 0   Thr 9.24239Mbit/s   delay sum +16904341603805.0ns   delay +215385831.0ns   lost:78484   send:110400
Cw value = 693
MCS 1   Chann_width 20MHz   short GI 0   Thr 9.25558Mbit/s   delay sum +16464873006489.0ns   delay +209484751.0ns   lost:78597   send:110400
Cw value = 694
MCS 1   Chann_width 20MHz   short GI 0   Thr 9.23521Mbit/s   delay sum +11806463050694.0ns   delay +150546555.0ns   lost:78424   send:110400
Cw value = 695
MCS 1   Chann_width 20MHz   short GI 0   Thr 9.3545Mbit/s   delay sum +9975622592001.0ns   delay +125579044.0ns   lost:79437   send:110400
Cw value = 696
MCS 1   Chann_width 20MHz   short GI 0   Thr 9.24369Mbit/s   delay sum +16541671116897.0ns   delay +210735347.0ns   lost:78495   send:110400
Cw value = 697
MCS 1   Chann_width 20MHz   short GI 0   Thr 9.15184Mbit/s   delay sum +14361821363583.0ns   delay +184798771.0ns   lost:77716   send:110400
Cw value = 698
MCS 1   Chann_width 20MHz   short GI 0   Thr 9.10344Mbit/s   delay sum +15563725967254.0ns   delay +201328839.0ns   lost:77305   send:110400
Cw value = 699
MCS 1   Chann_width 20MHz   short GI 0   Thr 9.07753Mbit/s   delay sum +19269364812729.0ns   delay +249975544.0ns   lost:77085   send:110400
Cw value = 700
MCS 1   Chann_width 20MHz   short GI 0   Thr 9.23874Mbit/s   delay sum +17953957255186.0ns   delay +228846932.0ns   lost:78454   send:110400
Cw value = 701
MCS 1   Chann_width 20MHz   short GI 0   Thr 9.18198Mbit/s   delay sum +17524371943512.0ns   delay +224752115.0ns   lost:77972   send:110400
Cw value = 702
MCS 1   Chann_width 20MHz   short GI 0   Thr 9.31764Mbit/s   delay sum +1938536389058.0ns   delay +24499979.0ns   lost:79124   send:110400
Cw value = 703
MCS 1   Chann_width 20MHz   short GI 0   Thr 9.04503Mbit/s   delay sum +16062814937930.0ns   delay +209126729.0ns   lost:76809   send:110400
Cw value = 704
MCS 1   Chann_width 20MHz   short GI 0   Thr 9.08989Mbit/s   delay sum +15487801887719.0ns   delay +200645185.0ns   lost:77190   send:110400
Cw value = 705
MCS 1   Chann_width 20MHz   short GI 0   Thr 9.28773Mbit/s   delay sum +16719997037957.0ns   delay +211994383.0ns   lost:78870   send:110400
Cw value = 706
MCS 1   Chann_width 20MHz   short GI 0   Thr 9.32506Mbit/s   delay sum +2007522708402.0ns   delay +25351670.0ns   lost:79187   send:110400
Cw value = 707
MCS 1   Chann_width 20MHz   short GI 0   Thr 9.31329Mbit/s   delay sum +2351399409082.0ns   delay +29731806.0ns   lost:79087   send:110400
Cw value = 708
MCS 1   Chann_width 20MHz   short GI 0   Thr 9.14819Mbit/s   delay sum +14923609016724.0ns   delay +192106598.0ns   lost:77684   send:110400
Cw value = 709
MCS 1   Chann_width 20MHz   short GI 0   Thr 9.2716Mbit/s   delay sum +12149599246322.0ns   delay +154313937.0ns   lost:78733   send:110400
Cw value = 710
MCS 1   Chann_width 20MHz   short GI 0   Thr 9.18563Mbit/s   delay sum +14137304719656.0ns   delay +181240525.0ns   lost:78003   send:110400
Cw value = 711
MCS 1   Chann_width 20MHz   short GI 0   Thr 9.07482Mbit/s   delay sum +16026824954262.0ns   delay +207973124.0ns   lost:77062   send:110400
Cw value = 712
MCS 1   Chann_width 20MHz   short GI 0   Thr 9.13099Mbit/s   delay sum +18281384931023.0ns   delay +235773232.0ns   lost:77538   send:110400
Cw value = 713
MCS 1   Chann_width 20MHz   short GI 0   Thr 9.29409Mbit/s   delay sum +12167238328347.0ns   delay +154163984.0ns   lost:78924   send:110400
Cw value = 714
MCS 1   Chann_width 20MHz   short GI 0   Thr 9.22508Mbit/s   delay sum +17439970529488.0ns   delay +222624658.0ns   lost:78338   send:110400
Cw value = 715
MCS 1   Chann_width 20MHz   short GI 0   Thr 9.14359Mbit/s   delay sum +18224188123074.0ns   delay +234708653.0ns   lost:77646   send:110400
Cw value = 716
MCS 1   Chann_width 20MHz   short GI 0   Thr 9.19364Mbit/s   delay sum +13499476647097.0ns   delay +172912818.0ns   lost:78071   send:110400
Cw value = 717
MCS 1   Chann_width 20MHz   short GI 0   Thr 9.1907Mbit/s   delay sum +13146352344298.0ns   delay +168443640.0ns   lost:78046   send:110400
Cw value = 718
MCS 1   Chann_width 20MHz   short GI 0   Thr 9.2895Mbit/s   delay sum +11062607199908.0ns   delay +140237145.0ns   lost:78885   send:110400
Cw value = 719
MCS 1   Chann_width 20MHz   short GI 0   Thr 9.20071Mbit/s   delay sum +14105451510744.0ns   delay +180538224.0ns   lost:78130   send:110400
Cw value = 720
MCS 1   Chann_width 20MHz   short GI 0   Thr 9.18116Mbit/s   delay sum +18387919856304.0ns   delay +235848391.0ns   lost:77965   send:110400
Cw value = 721
MCS 1   Chann_width 20MHz   short GI 0   Thr 9.39583Mbit/s   delay sum +9039551165545.0ns   delay +113294620.0ns   lost:79788   send:110400
Cw value = 722
MCS 1   Chann_width 20MHz   short GI 0   Thr 9.07188Mbit/s   delay sum +1853415936248.0ns   delay +24058776.0ns   lost:77037   send:110400
Cw value = 723
MCS 1   Chann_width 20MHz   short GI 0   Thr 9.06422Mbit/s   delay sum +1800970472402.0ns   delay +23397735.0ns   lost:76972   send:110400
Cw value = 724
MCS 1   Chann_width 20MHz   short GI 0   Thr 9.25912Mbit/s   delay sum +16377868290377.0ns   delay +208298272.0ns   lost:78627   send:110400
Cw value = 725
MCS 1   Chann_width 20MHz   short GI 0   Thr 9.14701Mbit/s   delay sum +15123794166759.0ns   delay +194706072.0ns   lost:77675   send:110400
Cw value = 726
MCS 1   Chann_width 20MHz   short GI 0   Thr 9.11651Mbit/s   delay sum +14952315043119.0ns   delay +193142438.0ns   lost:77416   send:110400
Cw value = 727
MCS 1   Chann_width 20MHz   short GI 0   Thr 9.17362Mbit/s   delay sum +17288804423687.0ns   delay +221933022.0ns   lost:77901   send:110400
Cw value = 728
MCS 1   Chann_width 20MHz   short GI 0   Thr 9.24145Mbit/s   delay sum +16760372084045.0ns   delay +213570499.0ns   lost:78477   send:110400
Cw value = 729
MCS 1   Chann_width 20MHz   short GI 0   Thr 9.32047Mbit/s   delay sum +1901525804611.0ns   delay +24024938.0ns   lost:79148   send:110400
Cw value = 730
MCS 1   Chann_width 20MHz   short GI 0   Thr 9.24946Mbit/s   delay sum +12150655475723.0ns   delay +154696740.0ns   lost:78545   send:110400
Cw value = 731
MCS 1   Chann_width 20MHz   short GI 0   Thr 9.07682Mbit/s   delay sum +15585687927020.0ns   delay +202204075.0ns   lost:77079   send:110400
Cw value = 732
MCS 1   Chann_width 20MHz   short GI 0   Thr 9.30775Mbit/s   delay sum +2865261430519.0ns   delay +36250777.0ns   lost:79040   send:110400
Cw value = 733
MCS 1   Chann_width 20MHz   short GI 0   Thr 8.96071Mbit/s   delay sum +20324799196728.0ns   delay +267104716.0ns   lost:76093   send:110400
Cw value = 734
MCS 1   Chann_width 20MHz   short GI 0   Thr 9.17186Mbit/s   delay sum +7318493750866.0ns   delay +93964175.0ns   lost:77886   send:110400
Cw value = 735
MCS 1   Chann_width 20MHz   short GI 0   Thr 9.25229Mbit/s   delay sum +12661272944454.0ns   delay +161148454.0ns   lost:78569   send:110400
Cw value = 736
MCS 1   Chann_width 20MHz   short GI 0   Thr 9.32153Mbit/s   delay sum +9214159088092.0ns   delay +116403591.0ns   lost:79157   send:110400
Cw value = 737
MCS 1   Chann_width 20MHz   short GI 0   Thr 9.08306Mbit/s   delay sum +18937714502654.0ns   delay +245523446.0ns   lost:77132   send:110400
Cw value = 738
MCS 1   Chann_width 20MHz   short GI 0   Thr 9.3008Mbit/s   delay sum +2837769534144.0ns   delay +35929774.0ns   lost:78981   send:110400
Cw value = 739
MCS 1   Chann_width 20MHz   short GI 0   Thr 9.15242Mbit/s   delay sum +18448363743264.0ns   delay +237577444.0ns   lost:77652   send:110400
Cw value = 740
MCS 1   Chann_width 20MHz   short GI 0   Thr 9.16691Mbit/s   delay sum +13467289928751.0ns   delay +173003570.0ns   lost:77844   send:110400
Cw value = 741
MCS 1   Chann_width 20MHz   short GI 0   Thr 9.13299Mbit/s   delay sum +14585469997433.0ns   delay +188066146.0ns   lost:77555   send:110400
Cw value = 742
MCS 1   Chann_width 20MHz   short GI 0   Thr 9.43611Mbit/s   delay sum +8829873336821.0ns   delay +110194350.0ns   lost:80130   send:110400
Cw value = 743
MCS 1   Chann_width 20MHz   short GI 0   Thr 9.26724Mbit/s   delay sum +12667587074825.0ns   delay +160968627.0ns   lost:78696   send:110400
Cw value = 744
MCS 1   Chann_width 20MHz   short GI 0   Thr 9.18528Mbit/s   delay sum +14079323725817.0ns   delay +180504150.0ns   lost:78000   send:110400
Cw value = 745
MCS 1   Chann_width 20MHz   short GI 0   Thr 9.21354Mbit/s   delay sum +12766008412644.0ns   delay +163164729.0ns   lost:78240   send:110400
Cw value = 746
MCS 1   Chann_width 20MHz   short GI 0   Thr 9.0972Mbit/s   delay sum +18195455334513.0ns   delay +235536825.0ns   lost:77251   send:110400
Cw value = 747
MCS 1   Chann_width 20MHz   short GI 0   Thr 9.23227Mbit/s   delay sum +20904306997641.0ns   delay +266639969.0ns   lost:78399   send:110400
Cw value = 748
MCS 1   Chann_width 20MHz   short GI 0   Thr 9.31847Mbit/s   delay sum +1899786626307.0ns   delay +24008121.0ns   lost:79131   send:110400
Cw value = 749
MCS 1   Chann_width 20MHz   short GI 0   Thr 9.06163Mbit/s   delay sum +1826697819623.0ns   delay +23738763.0ns   lost:76950   send:110400
Cw value = 750
MCS 1   Chann_width 20MHz   short GI 0   Thr 9.20506Mbit/s   delay sum +13401107673140.0ns   delay +171439817.0ns   lost:78168   send:110400
Cw value = 751
MCS 1   Chann_width 20MHz   short GI 0   Thr 9.42728Mbit/s   delay sum +6564417430380.0ns   delay +81998843.0ns   lost:80055   send:110400
Cw value = 752
MCS 1   Chann_width 20MHz   short GI 0   Thr 9.19647Mbit/s   delay sum +14107073963616.0ns   delay +180639912.0ns   lost:78095   send:110400
Cw value = 753
MCS 1   Chann_width 20MHz   short GI 0   Thr 9.20047Mbit/s   delay sum +17600428093112.0ns   delay +225273945.0ns   lost:78129   send:110400
Cw value = 754
MCS 1   Chann_width 20MHz   short GI 0   Thr 9.20871Mbit/s   delay sum +17058524413684.0ns   delay +218142487.0ns   lost:78199   send:110400
Cw value = 755
MCS 1   Chann_width 20MHz   short GI 0   Thr 9.32624Mbit/s   delay sum +1981014637582.0ns   delay +25013758.0ns   lost:79197   send:110400
Cw value = 756
MCS 1   Chann_width 20MHz   short GI 0   Thr 9.3021Mbit/s   delay sum +2982001878285.0ns   delay +37750682.0ns   lost:78992   send:110400
Cw value = 757
MCS 1   Chann_width 20MHz   short GI 0   Thr 9.24204Mbit/s   delay sum +17604150358393.0ns   delay +224308126.0ns   lost:78482   send:110400
Cw value = 758
MCS 1   Chann_width 20MHz   short GI 0   Thr 9.14607Mbit/s   delay sum +14676071630320.0ns   delay +188961484.0ns   lost:77667   send:110400
Cw value = 759
MCS 1   Chann_width 20MHz   short GI 0   Thr 9.41515Mbit/s   delay sum +8286480322981.0ns   delay +103643189.0ns   lost:79952   send:110400
Cw value = 760
MCS 1   Chann_width 20MHz   short GI 0   Thr 9.28549Mbit/s   delay sum +4398428287755.0ns   delay +55781515.0ns   lost:78851   send:110400
Cw value = 761
MCS 1   Chann_width 20MHz   short GI 0   Thr 9.20977Mbit/s   delay sum +13432631488773.0ns   delay +171755210.0ns   lost:78208   send:110400
Cw value = 762
MCS 1   Chann_width 20MHz   short GI 0   Thr 9.29126Mbit/s   delay sum +12360172912976.0ns   delay +156656183.0ns   lost:78900   send:110400
Cw value = 763
MCS 1   Chann_width 20MHz   short GI 0   Thr 9.09119Mbit/s   delay sum +17843357794233.0ns   delay +231128583.0ns   lost:77201   send:110400
Cw value = 764
MCS 1   Chann_width 20MHz   short GI 0   Thr 9.30269Mbit/s   delay sum +9255787334521.0ns   delay +117166314.0ns   lost:78997   send:110400
Cw value = 765
MCS 1   Chann_width 20MHz   short GI 0   Thr 9.00134Mbit/s   delay sum +15440086596012.0ns   delay +201994905.0ns   lost:76438   send:110400
Cw value = 766
MCS 1   Chann_width 20MHz   short GI 0   Thr 9.10332Mbit/s   delay sum +18521916912716.0ns   delay +239598428.0ns   lost:77304   send:110400
Cw value = 767
MCS 1   Chann_width 20MHz   short GI 0   Thr 10.0724Mbit/s   delay sum +5237704273497.0ns   delay +61236064.0ns   lost:85533   send:110400
Cw value = 768
MCS 1   Chann_width 20MHz   short GI 0   Thr 0.699377Mbit/s   delay sum +1593223704139.0ns   delay +268264641.0ns   lost:5939   send:110400
Cw value = 769
MCS 1   Chann_width 20MHz   short GI 0   Thr 0.668288Mbit/s   delay sum +958254980954.0ns   delay +168855503.0ns   lost:5675   send:110400
Cw value = 770
MCS 1   Chann_width 20MHz   short GI 0   Thr 0.763909Mbit/s   delay sum +1374150234334.0ns   delay +211831391.0ns   lost:6487   send:110400
Cw value = 771
MCS 1   Chann_width 20MHz   short GI 0   Thr 0.841984Mbit/s   delay sum +1701074878818.0ns   delay +237912570.0ns   lost:7150   send:110400
Cw value = 772
MCS 1   Chann_width 20MHz   short GI 0   Thr 1.28441Mbit/s   delay sum +2031346107493.0ns   delay +186242422.0ns   lost:10907   send:110400
Cw value = 773
MCS 1   Chann_width 20MHz   short GI 0   Thr 1.31962Mbit/s   delay sum +1795057126255.0ns   delay +160187143.0ns   lost:11206   send:110400
Cw value = 774
MCS 1   Chann_width 20MHz   short GI 0   Thr 1.3679Mbit/s   delay sum +2569601326941.0ns   delay +221212235.0ns   lost:11616   send:110400
Cw value = 775
MCS 1   Chann_width 20MHz   short GI 0   Thr 1.95493Mbit/s   delay sum +4889191360308.0ns   delay +294511858.0ns   lost:16601   send:110400
Cw value = 776
MCS 1   Chann_width 20MHz   short GI 0   Thr 2.3406Mbit/s   delay sum +4985888438690.0ns   delay +250849690.0ns   lost:19876   send:110400
Cw value = 777
MCS 1   Chann_width 20MHz   short GI 0   Thr 2.4732Mbit/s   delay sum +4987194330980.0ns   delay +237462828.0ns   lost:21002   send:110400
Cw value = 778
MCS 1   Chann_width 20MHz   short GI 0   Thr 1.95953Mbit/s   delay sum +4970585157116.0ns   delay +298713050.0ns   lost:16640   send:110400
Cw value = 779
MCS 1   Chann_width 20MHz   short GI 0   Thr 2.40525Mbit/s   delay sum +4953268153554.0ns   delay +242510068.0ns   lost:20425   send:110400
Cw value = 780
MCS 1   Chann_width 20MHz   short GI 0   Thr 2.17573Mbit/s   delay sum +4993267534700.0ns   delay +270256956.0ns   lost:18476   send:110400
Cw value = 781
MCS 1   Chann_width 20MHz   short GI 0   Thr 3.57425Mbit/s   delay sum +1628597189748.0ns   delay +53656997.0ns   lost:30352   send:110400
Cw value = 782
MCS 1   Chann_width 20MHz   short GI 0   Thr 2.64147Mbit/s   delay sum +4535625679558.0ns   delay +202203454.0ns   lost:22431   send:110400
Cw value = 783
MCS 1   Chann_width 20MHz   short GI 0   Thr 3.74171Mbit/s   delay sum +7826398123626.0ns   delay +246314537.0ns   lost:31774   send:110400
Cw value = 784
MCS 1   Chann_width 20MHz   short GI 0   Thr 3.24087Mbit/s   delay sum +8328858078380.0ns   delay +302636462.0ns   lost:27521   send:110400
Cw value = 785
MCS 1   Chann_width 20MHz   short GI 0   Thr 2.85945Mbit/s   delay sum +7855885896934.0ns   delay +323527135.0ns   lost:24282   send:110400
Cw value = 786
MCS 1   Chann_width 20MHz   short GI 0   Thr 3.55317Mbit/s   delay sum +7055450252255.0ns   delay +233833236.0ns   lost:30173   send:110400
Cw value = 787
MCS 1   Chann_width 20MHz   short GI 0   Thr 4.57439Mbit/s   delay sum +4490961627934.0ns   delay +115612347.0ns   lost:38845   send:110400
Cw value = 788
MCS 1   Chann_width 20MHz   short GI 0   Thr 3.94049Mbit/s   delay sum +7721809943384.0ns   delay +230763550.0ns   lost:33462   send:110400
Cw value = 789
MCS 1   Chann_width 20MHz   short GI 0   Thr 4.93968Mbit/s   delay sum +2189979605198.0ns   delay +52208253.0ns   lost:41947   send:110400
Cw value = 790
MCS 1   Chann_width 20MHz   short GI 0   Thr 3.19271Mbit/s   delay sum +7971419355621.0ns   delay +294018123.0ns   lost:27112   send:110400
Cw value = 791
MCS 1   Chann_width 20MHz   short GI 0   Thr 4.08415Mbit/s   delay sum +7220731891112.0ns   delay +208198255.0ns   lost:34682   send:110400
Cw value = 792
MCS 1   Chann_width 20MHz   short GI 0   Thr 3.59827Mbit/s   delay sum +8089399371035.0ns   delay +264740128.0ns   lost:30556   send:110400
Cw value = 793
MCS 1   Chann_width 20MHz   short GI 0   Thr 4.03375Mbit/s   delay sum +7557654612771.0ns   delay +220635680.0ns   lost:34254   send:110400
Cw value = 794
MCS 1   Chann_width 20MHz   short GI 0   Thr 4.93709Mbit/s   delay sum +888647349134.0ns   delay +21196120.0ns   lost:41925   send:110400
Cw value = 795
MCS 1   Chann_width 20MHz   short GI 0   Thr 2.91868Mbit/s   delay sum +7723264780509.0ns   delay +311610441.0ns   lost:24785   send:110400
Cw value = 796
MCS 1   Chann_width 20MHz   short GI 0   Thr 3.04351Mbit/s   delay sum +8264564855776.0ns   delay +319774225.0ns   lost:25845   send:110400
Cw value = 797
MCS 1   Chann_width 20MHz   short GI 0   Thr 3.19542Mbit/s   delay sum +7909755120816.0ns   delay +291496411.0ns   lost:27135   send:110400
Cw value = 798
MCS 1   Chann_width 20MHz   short GI 0   Thr 3.64373Mbit/s   delay sum +8112856725995.0ns   delay +262195615.0ns   lost:30942   send:110400
Cw value = 799
MCS 1   Chann_width 20MHz   short GI 0   Thr 6.24305Mbit/s   delay sum +1048202590618.0ns   delay +19771811.0ns   lost:53015   send:110400
Cw value = 800
MCS 1   Chann_width 20MHz   short GI 0   Thr 5.47525Mbit/s   delay sum +11014401924034.0ns   delay +236894331.0ns   lost:46495   send:110400
Cw value = 801
MCS 1   Chann_width 20MHz   short GI 0   Thr 5.65801Mbit/s   delay sum +10637192244478.0ns   delay +221391392.0ns   lost:48047   send:110400
Cw value = 802
MCS 1   Chann_width 20MHz   short GI 0   Thr 5.11502Mbit/s   delay sum +12234453228987.0ns   delay +281666203.0ns   lost:43436   send:110400
Cw value = 803
MCS 1   Chann_width 20MHz   short GI 0   Thr 5.28884Mbit/s   delay sum +11812296795444.0ns   delay +263009814.0ns   lost:44912   send:110400
Cw value = 804
MCS 1   Chann_width 20MHz   short GI 0   Thr 5.09088Mbit/s   delay sum +12227238458453.0ns   delay +282834967.0ns   lost:43231   send:110400
Cw value = 805
MCS 1   Chann_width 20MHz   short GI 0   Thr 5.6559Mbit/s   delay sum +10497147390338.0ns   delay +218558524.0ns   lost:48029   send:110400
Cw value = 806
MCS 1   Chann_width 20MHz   short GI 0   Thr 5.3781Mbit/s   delay sum +12056984976901.0ns   delay +264002298.0ns   lost:45670   send:110400
Cw value = 807
MCS 1   Chann_width 20MHz   short GI 0   Thr 6.58102Mbit/s   delay sum +2797730952522.0ns   delay +50062287.0ns   lost:55885   send:110400
Cw value = 808
MCS 1   Chann_width 20MHz   short GI 0   Thr 5.59042Mbit/s   delay sum +10779372475543.0ns   delay +227063224.0ns   lost:47473   send:110400
Cw value = 809
MCS 1   Chann_width 20MHz   short GI 0   Thr 5.53931Mbit/s   delay sum +11184359971678.0ns   delay +237767809.0ns   lost:47039   send:110400
Cw value = 810
MCS 1   Chann_width 20MHz   short GI 0   Thr 5.36232Mbit/s   delay sum +11932513204444.0ns   delay +262045704.0ns   lost:45536   send:110400
Cw value = 811
MCS 1   Chann_width 20MHz   short GI 0   Thr 5.37256Mbit/s   delay sum +11563499063078.0ns   delay +253457665.0ns   lost:45623   send:110400
Cw value = 812
MCS 1   Chann_width 20MHz   short GI 0   Thr 5.12904Mbit/s   delay sum +11722302214442.0ns   delay +269137922.0ns   lost:43555   send:110400
Cw value = 813
MCS 1   Chann_width 20MHz   short GI 0   Thr 6.98517Mbit/s   delay sum +1385927217093.0ns   delay +23364755.0ns   lost:59317   send:110400
Cw value = 814
MCS 1   Chann_width 20MHz   short GI 0   Thr 5.53719Mbit/s   delay sum +11288864877282.0ns   delay +240081344.0ns   lost:47021   send:110400
Cw value = 815
MCS 1   Chann_width 20MHz   short GI 0   Thr 5.42721Mbit/s   delay sum +11838813341430.0ns   delay +256879669.0ns   lost:46087   send:110400
Cw value = 816
MCS 1   Chann_width 20MHz   short GI 0   Thr 6.49081Mbit/s   delay sum +3754717636873.0ns   delay +69263731.0ns   lost:54209   send:110400
Cw value = 817
MCS 1   Chann_width 20MHz   short GI 0   Thr 5.36927Mbit/s   delay sum +11724616927162.0ns   delay +257146988.0ns   lost:45595   send:110400
Cw value = 818
MCS 1   Chann_width 20MHz   short GI 0   Thr 5.84042Mbit/s   delay sum +10173988052298.0ns   delay +205137270.0ns   lost:49596   send:110400
Cw value = 819
MCS 1   Chann_width 20MHz   short GI 0   Thr 6.20112Mbit/s   delay sum +5566209130901.0ns   delay +107337661.0ns   lost:51857   send:110400
Cw value = 820
MCS 1   Chann_width 20MHz   short GI 0   Thr 5.46395Mbit/s   delay sum +11302254346298.0ns   delay +243588317.0ns   lost:46399   send:110400
Cw value = 821
MCS 1   Chann_width 20MHz   short GI 0   Thr 5.68098Mbit/s   delay sum +9504090371549.0ns   delay +197008630.0ns   lost:48242   send:110400
Cw value = 822
MCS 1   Chann_width 20MHz   short GI 0   Thr 5.3768Mbit/s   delay sum +11877884534269.0ns   delay +260143335.0ns   lost:45659   send:110400
Cw value = 823
MCS 1   Chann_width 20MHz   short GI 0   Thr 5.78508Mbit/s   delay sum +11637460231815.0ns   delay +236890042.0ns   lost:49126   send:110400
Cw value = 824
MCS 1   Chann_width 20MHz   short GI 0   Thr 5.79968Mbit/s   delay sum +9518372169342.0ns   delay +193266439.0ns   lost:49250   send:110400
Cw value = 825
MCS 1   Chann_width 20MHz   short GI 0   Thr 6.45242Mbit/s   delay sum +3791939232715.0ns   delay +69204811.0ns   lost:54793   send:110400
Cw value = 826
MCS 1   Chann_width 20MHz   short GI 0   Thr 5.59018Mbit/s   delay sum +11172475280963.0ns   delay +235353695.0ns   lost:47471   send:110400
Cw value = 827
MCS 1   Chann_width 20MHz   short GI 0   Thr 5.1361Mbit/s   delay sum +12351093635289.0ns   delay +283184538.0ns   lost:43615   send:110400
Cw value = 828
MCS 1   Chann_width 20MHz   short GI 0   Thr 5.46866Mbit/s   delay sum +11997121537032.0ns   delay +258341513.0ns   lost:46439   send:110400
Cw value = 829
MCS 1   Chann_width 20MHz   short GI 0   Thr 5.56133Mbit/s   delay sum +11541463950947.0ns   delay +244393095.0ns   lost:47225   send:110400
Cw value = 830
MCS 1   Chann_width 20MHz   short GI 0   Thr 5.29037Mbit/s   delay sum +11986379019561.0ns   delay +266808659.0ns   lost:44925   send:110400
Cw value = 831
MCS 1   Chann_width 20MHz   short GI 0   Thr 8.54549Mbit/s   delay sum +1665146812550.0ns   delay +22946336.0ns   lost:72567   send:110400
Cw value = 832
MCS 1   Chann_width 20MHz   short GI 0   Thr 7.24919Mbit/s   delay sum +18112681953560.0ns   delay +294232881.0ns   lost:61559   send:110400
Cw value = 833
MCS 1   Chann_width 20MHz   short GI 0   Thr 7.62838Mbit/s   delay sum +14553236668850.0ns   delay +224659792.0ns   lost:64779   send:110400
Cw value = 834
MCS 1   Chann_width 20MHz   short GI 0   Thr 7.52451Mbit/s   delay sum +15399867151307.0ns   delay +241010800.0ns   lost:63897   send:110400
Cw value = 835
MCS 1   Chann_width 20MHz   short GI 0   Thr 8.00297Mbit/s   delay sum +6738751418505.0ns   delay +99157613.0ns   lost:67960   send:110400
Cw value = 836
MCS 1   Chann_width 20MHz   short GI 0   Thr 8.30114Mbit/s   delay sum +1641507087287.0ns   delay +23286430.0ns   lost:70492   send:110400
Cw value = 837
MCS 1   Chann_width 20MHz   short GI 0   Thr 7.40251Mbit/s   delay sum +15505676322731.0ns   delay +246666077.0ns   lost:62861   send:110400
Cw value = 838
MCS 1   Chann_width 20MHz   short GI 0   Thr 7.3262Mbit/s   delay sum +16879009477118.0ns   delay +271310007.0ns   lost:62213   send:110400
Cw value = 839
MCS 1   Chann_width 20MHz   short GI 0   Thr 8.04218Mbit/s   delay sum +1525164739512.0ns   delay +22332665.0ns   lost:68293   send:110400
Cw value = 840
MCS 1   Chann_width 20MHz   short GI 0   Thr 7.18383Mbit/s   delay sum +16703179228897.0ns   delay +273804655.0ns   lost:61004   send:110400
Cw value = 841
MCS 1   Chann_width 20MHz   short GI 0   Thr 7.35494Mbit/s   delay sum +15359426152507.0ns   delay +245920011.0ns   lost:62457   send:110400
Cw value = 842
MCS 1   Chann_width 20MHz   short GI 0   Thr 7.31855Mbit/s   delay sum +17472646103765.0ns   delay +281145750.0ns   lost:62148   send:110400
Cw value = 843
MCS 1   Chann_width 20MHz   short GI 0   Thr 7.44573Mbit/s   delay sum +13830770484145.0ns   delay +218744393.0ns   lost:63228   send:110400
Cw value = 844
MCS 1   Chann_width 20MHz   short GI 0   Thr 7.34128Mbit/s   delay sum +16669817913694.0ns   delay +267397345.0ns   lost:62341   send:110400
Cw value = 845
MCS 1   Chann_width 20MHz   short GI 0   Thr 7.51591Mbit/s   delay sum +14930259330001.0ns   delay +233928605.0ns   lost:63824   send:110400
Cw value = 846
MCS 1   Chann_width 20MHz   short GI 0   Thr 7.40687Mbit/s   delay sum +15176292310964.0ns   delay +241288015.0ns   lost:62897   send:110400
Cw value = 847
MCS 1   Chann_width 20MHz   short GI 0   Thr 8.23625Mbit/s   delay sum +7685896817177.0ns   delay +109891148.0ns   lost:69941   send:110400
Cw value = 848
MCS 1   Chann_width 20MHz   short GI 0   Thr 7.28016Mbit/s   delay sum +17358008823695.0ns   delay +280773977.0ns   lost:61822   send:110400
Cw value = 849
MCS 1   Chann_width 20MHz   short GI 0   Thr 8.29855Mbit/s   delay sum +1620874564206.0ns   delay +23000916.0ns   lost:70470   send:110400
Cw value = 850
MCS 1   Chann_width 20MHz   short GI 0   Thr 7.42547Mbit/s   delay sum +12831410795531.0ns   delay +203492305.0ns   lost:63056   send:110400
Cw value = 851
MCS 1   Chann_width 20MHz   short GI 0   Thr 7.41311Mbit/s   delay sum +15657200252827.0ns   delay +248720437.0ns   lost:62951   send:110400
Cw value = 852
MCS 1   Chann_width 20MHz   short GI 0   Thr 7.44832Mbit/s   delay sum +14068281711420.0ns   delay +222423426.0ns   lost:63250   send:110400
Cw value = 853
MCS 1   Chann_width 20MHz   short GI 0   Thr 7.48871Mbit/s   delay sum +15119387804160.0ns   delay +237752391.0ns   lost:63593   send:110400
Cw value = 854
MCS 1   Chann_width 20MHz   short GI 0   Thr 8.29501Mbit/s   delay sum +1652825971027.0ns   delay +23464309.0ns   lost:70440   send:110400
Cw value = 855
MCS 1   Chann_width 20MHz   short GI 0   Thr 8.29431Mbit/s   delay sum +1571476497747.0ns   delay +22311333.0ns   lost:70434   send:110400
Cw value = 856
MCS 1   Chann_width 20MHz   short GI 0   Thr 7.46657Mbit/s   delay sum +15430823408323.0ns   delay +243369188.0ns   lost:63405   send:110400
Cw value = 857
MCS 1   Chann_width 20MHz   short GI 0   Thr 7.28452Mbit/s   delay sum +17511077471264.0ns   delay +283080513.0ns   lost:61859   send:110400
Cw value = 858
MCS 1   Chann_width 20MHz   short GI 0   Thr 7.24318Mbit/s   delay sum +16464828913903.0ns   delay +267685974.0ns   lost:61508   send:110400
Cw value = 859
MCS 1   Chann_width 20MHz   short GI 0   Thr 7.3262Mbit/s   delay sum +14717766933088.0ns   delay +236570603.0ns   lost:62213   send:110400
Cw value = 860
MCS 1   Chann_width 20MHz   short GI 0   Thr 7.40899Mbit/s   delay sum +14246568265981.0ns   delay +226437921.0ns   lost:62916   send:110400
Cw value = 861
MCS 1   Chann_width 20MHz   short GI 0   Thr 8.29395Mbit/s   delay sum +1568401472937.0ns   delay +22268624.0ns   lost:70431   send:110400
Cw value = 862
MCS 1   Chann_width 20MHz   short GI 0   Thr 7.50567Mbit/s   delay sum +13564286395724.0ns   delay +212816517.0ns   lost:63737   send:110400
Cw value = 863
MCS 1   Chann_width 20MHz   short GI 0   Thr 7.37719Mbit/s   delay sum +15973030276649.0ns   delay +254976937.0ns   lost:62645   send:110400
Cw value = 864
MCS 1   Chann_width 20MHz   short GI 0   Thr 7.27168Mbit/s   delay sum +17418104465289.0ns   delay +282079134.0ns   lost:61749   send:110400
Cw value = 865
MCS 1   Chann_width 20MHz   short GI 0   Thr 7.13861Mbit/s   delay sum +18469475766369.0ns   delay +304676274.0ns   lost:60620   send:110400
Cw value = 866
MCS 1   Chann_width 20MHz   short GI 0   Thr 7.45857Mbit/s   delay sum +13097597831266.0ns   delay +206792204.0ns   lost:63337   send:110400
Cw value = 867
MCS 1   Chann_width 20MHz   short GI 0   Thr 7.69102Mbit/s   delay sum +13436357634559.0ns   delay +205728860.0ns   lost:65311   send:110400
Cw value = 868
MCS 1   Chann_width 20MHz   short GI 0   Thr 7.33292Mbit/s   delay sum +16188276572585.0ns   delay +259969111.0ns   lost:62270   send:110400
Cw value = 869
MCS 1   Chann_width 20MHz   short GI 0   Thr 7.44832Mbit/s   delay sum +16474144681668.0ns   delay +260460785.0ns   lost:63250   send:110400
Cw value = 870
MCS 1   Chann_width 20MHz   short GI 0   Thr 7.24471Mbit/s   delay sum +16017004791257.0ns   delay +260350202.0ns   lost:61521   send:110400
Cw value = 871
MCS 1   Chann_width 20MHz   short GI 0   Thr 7.46092Mbit/s   delay sum +15551869749556.0ns   delay +245464112.0ns   lost:63357   send:110400
Cw value = 872
MCS 1   Chann_width 20MHz   short GI 0   Thr 8.20611Mbit/s   delay sum +2874485907821.0ns   delay +41249708.0ns   lost:69685   send:110400
Cw value = 873
MCS 1   Chann_width 20MHz   short GI 0   Thr 7.31914Mbit/s   delay sum +17455799909406.0ns   delay +280852089.0ns   lost:62153   send:110400
Cw value = 874
MCS 1   Chann_width 20MHz   short GI 0   Thr 7.13461Mbit/s   delay sum +17242248582323.0ns   delay +284595998.0ns   lost:60585   send:110400
Cw value = 875
MCS 1   Chann_width 20MHz   short GI 0   Thr 7.44208Mbit/s   delay sum +14648438071183.0ns   delay +231793753.0ns   lost:63196   send:110400
Cw value = 876
MCS 1   Chann_width 20MHz   short GI 0   Thr 7.3567Mbit/s   delay sum +14744564589859.0ns   delay +236018769.0ns   lost:62472   send:110400
Cw value = 877
MCS 1   Chann_width 20MHz   short GI 0   Thr 7.93184Mbit/s   delay sum +7484030345255.0ns   delay +111111561.0ns   lost:67356   send:110400
Cw value = 878
MCS 1   Chann_width 20MHz   short GI 0   Thr 7.53205Mbit/s   delay sum +14362913074335.0ns   delay +224557356.0ns   lost:63961   send:110400
Cw value = 879
MCS 1   Chann_width 20MHz   short GI 0   Thr 7.46351Mbit/s   delay sum +17091539631090.0ns   delay +269671967.0ns   lost:63379   send:110400
