Waf: Entering directory `/mnt/auto/people/plgklaudia1993/ns-3/ns-3-allinone/ns-3-dev/build'
[ 854/1788] Compiling scratch/802_11n_0.cc
[1763/1788] Linking build/scratch/802_11n_0
Waf: Leaving directory `/mnt/auto/people/plgklaudia1993/ns-3/ns-3-allinone/ns-3-dev/build'
Build commands will be stored in build/compile_commands.json
'build' finished successfully (10.643s)
Cw value = 346
MCS 0   Chann_width 40MHz   short GI 0   Thr 6.49552Mbit/s   delay sum +1767330106079.0ns   delay +32040648.0ns   lost:55159   send:55200
Cw value = 347
MCS 0   Chann_width 40MHz   short GI 0   Thr 6.49458Mbit/s   delay sum +1778339163762.0ns   delay +32244912.0ns   lost:55151   send:55200
Cw value = 348
MCS 0   Chann_width 40MHz   short GI 0   Thr 6.49435Mbit/s   delay sum +1779281585147.0ns   delay +32263170.0ns   lost:55149   send:55200
Cw value = 349
MCS 0   Chann_width 40MHz   short GI 0   Thr 6.49176Mbit/s   delay sum +1787246553124.0ns   delay +32420529.0ns   lost:55127   send:55200
Cw value = 350
MCS 0   Chann_width 40MHz   short GI 0   Thr 6.49364Mbit/s   delay sum +1797262223483.0ns   delay +32592753.0ns   lost:55143   send:55200
Cw value = 351
MCS 0   Chann_width 40MHz   short GI 0   Thr 6.49223Mbit/s   delay sum +1778274637969.0ns   delay +32255439.0ns   lost:55131   send:55200
Cw value = 352
MCS 0   Chann_width 40MHz   short GI 0   Thr 6.49376Mbit/s   delay sum +1819983986742.0ns   delay +33004206.0ns   lost:55144   send:55200
Cw value = 353
MCS 0   Chann_width 40MHz   short GI 0   Thr 6.49364Mbit/s   delay sum +1783224715451.0ns   delay +32338188.0ns   lost:55143   send:55200
Cw value = 354
MCS 0   Chann_width 40MHz   short GI 0   Thr 6.49446Mbit/s   delay sum +1763162529667.0ns   delay +31970308.0ns   lost:55150   send:55200
Cw value = 355
MCS 0   Chann_width 40MHz   short GI 0   Thr 6.49234Mbit/s   delay sum +1789917039666.0ns   delay +32466027.0ns   lost:55132   send:55200
Cw value = 356
MCS 0   Chann_width 40MHz   short GI 0   Thr 6.49011Mbit/s   delay sum +1790672097142.0ns   delay +32490920.0ns   lost:55113   send:55200
Cw value = 357
MCS 0   Chann_width 40MHz   short GI 0   Thr 6.49187Mbit/s   delay sum +1768259095838.0ns   delay +32075516.0ns   lost:55128   send:55200
Cw value = 358
MCS 0   Chann_width 40MHz   short GI 0   Thr 6.49411Mbit/s   delay sum +1784868953236.0ns   delay +32365658.0ns   lost:55147   send:55200
Cw value = 359
MCS 0   Chann_width 40MHz   short GI 0   Thr 6.49411Mbit/s   delay sum +1824269936136.0ns   delay +33080130.0ns   lost:55147   send:55200
Cw value = 360
MCS 0   Chann_width 40MHz   short GI 0   Thr 6.49258Mbit/s   delay sum +1792986777874.0ns   delay +32520527.0ns   lost:55134   send:55200
Cw value = 361
MCS 0   Chann_width 40MHz   short GI 0   Thr 6.49682Mbit/s   delay sum +1760473170963.0ns   delay +31909972.0ns   lost:55170   send:55200
Cw value = 362
MCS 0   Chann_width 40MHz   short GI 0   Thr 6.49105Mbit/s   delay sum +1776507958565.0ns   delay +32229240.0ns   lost:55121   send:55200
Cw value = 363
MCS 0   Chann_width 40MHz   short GI 0   Thr 6.49376Mbit/s   delay sum +1756696291417.0ns   delay +31856526.0ns   lost:55144   send:55200
Cw value = 364
MCS 0   Chann_width 40MHz   short GI 0   Thr 6.49176Mbit/s   delay sum +1840941927822.0ns   delay +33394560.0ns   lost:55127   send:55200
Cw value = 365
MCS 0   Chann_width 40MHz   short GI 0   Thr 6.4934Mbit/s   delay sum +1781577469820.0ns   delay +32309487.0ns   lost:55141   send:55200
Cw value = 366
MCS 0   Chann_width 40MHz   short GI 0   Thr 6.49223Mbit/s   delay sum +1814545687682.0ns   delay +32913346.0ns   lost:55131   send:55200
Cw value = 367
MCS 0   Chann_width 40MHz   short GI 0   Thr 6.49317Mbit/s   delay sum +1774986811910.0ns   delay +32191131.0ns   lost:55139   send:55200
Cw value = 368
MCS 0   Chann_width 40MHz   short GI 0   Thr 6.4934Mbit/s   delay sum +1823103810275.0ns   delay +33062581.0ns   lost:55141   send:55200
Cw value = 369
MCS 0   Chann_width 40MHz   short GI 0   Thr 6.49494Mbit/s   delay sum +1778903160801.0ns   delay +32253384.0ns   lost:55154   send:55200
Cw value = 370
MCS 0   Chann_width 40MHz   short GI 0   Thr 6.49234Mbit/s   delay sum +1743623162159.0ns   delay +31626336.0ns   lost:55132   send:55200
Cw value = 371
MCS 0   Chann_width 40MHz   short GI 0   Thr 6.49152Mbit/s   delay sum +1821838713346.0ns   delay +33049228.0ns   lost:55125   send:55200
Cw value = 372
MCS 0   Chann_width 40MHz   short GI 0   Thr 6.4934Mbit/s   delay sum +1836670438182.0ns   delay +33308616.0ns   lost:55141   send:55200
Cw value = 373
MCS 0   Chann_width 40MHz   short GI 0   Thr 6.4934Mbit/s   delay sum +1778526060462.0ns   delay +32254149.0ns   lost:55141   send:55200
Cw value = 374
MCS 0   Chann_width 40MHz   short GI 0   Thr 6.49187Mbit/s   delay sum +1816894510233.0ns   delay +32957743.0ns   lost:55128   send:55200
Cw value = 375
MCS 0   Chann_width 40MHz   short GI 0   Thr 6.49329Mbit/s   delay sum +1813108396027.0ns   delay +32881907.0ns   lost:55140   send:55200
Cw value = 376
MCS 0   Chann_width 40MHz   short GI 0   Thr 6.49081Mbit/s   delay sum +1774491051199.0ns   delay +32193817.0ns   lost:55119   send:55200
Cw value = 377
MCS 0   Chann_width 40MHz   short GI 0   Thr 6.49117Mbit/s   delay sum +1777591709559.0ns   delay +32248316.0ns   lost:55122   send:55200
Cw value = 378
MCS 0   Chann_width 40MHz   short GI 0   Thr 6.49058Mbit/s   delay sum +1781029477027.0ns   delay +32313614.0ns   lost:55117   send:55200
Cw value = 379
MCS 0   Chann_width 40MHz   short GI 0   Thr 6.4934Mbit/s   delay sum +1784377394776.0ns   delay +32360265.0ns   lost:55141   send:55200
Cw value = 380
MCS 0   Chann_width 40MHz   short GI 0   Thr 6.49223Mbit/s   delay sum +1824365517185.0ns   delay +33091464.0ns   lost:55131   send:55200
Cw value = 381
MCS 0   Chann_width 40MHz   short GI 0   Thr 6.49187Mbit/s   delay sum +1793821325905.0ns   delay +32539205.0ns   lost:55128   send:55200
Cw value = 382
MCS 0   Chann_width 40MHz   short GI 0   Thr 6.49105Mbit/s   delay sum +1776358285478.0ns   delay +32226525.0ns   lost:55121   send:55200
Cw value = 383
MCS 0   Chann_width 40MHz   short GI 0   Thr 6.4914Mbit/s   delay sum +1688964975086.0ns   delay +30639376.0ns   lost:55124   send:55200
Cw value = 384
MCS 0   Chann_width 40MHz   short GI 0   Thr 6.49305Mbit/s   delay sum +1681215942844.0ns   delay +30491057.0ns   lost:55138   send:55200
Cw value = 385
MCS 0   Chann_width 40MHz   short GI 0   Thr 6.49458Mbit/s   delay sum +1682469868671.0ns   delay +30506606.0ns   lost:55151   send:55200
Cw value = 386
MCS 0   Chann_width 40MHz   short GI 0   Thr 6.49364Mbit/s   delay sum +1676106797624.0ns   delay +30395640.0ns   lost:55143   send:55200
Cw value = 387
MCS 0   Chann_width 40MHz   short GI 0   Thr 6.49541Mbit/s   delay sum +1662927249420.0ns   delay +30148432.0ns   lost:55158   send:55200
Cw value = 388
MCS 0   Chann_width 40MHz   short GI 0   Thr 6.49234Mbit/s   delay sum +1676703652859.0ns   delay +30412530.0ns   lost:55132   send:55200
Cw value = 389
MCS 0   Chann_width 40MHz   short GI 0   Thr 6.49494Mbit/s   delay sum +1674474372835.0ns   delay +30359980.0ns   lost:55154   send:55200
Cw value = 390
MCS 0   Chann_width 40MHz   short GI 0   Thr 6.49258Mbit/s   delay sum +1692958464313.0ns   delay +30706251.0ns   lost:55134   send:55200
Cw value = 391
MCS 0   Chann_width 40MHz   short GI 0   Thr 6.49282Mbit/s   delay sum +1670100716498.0ns   delay +30290567.0ns   lost:55136   send:55200
Cw value = 392
MCS 0   Chann_width 40MHz   short GI 0   Thr 6.49246Mbit/s   delay sum +1693682733766.0ns   delay +30719945.0ns   lost:55133   send:55200
Cw value = 393
MCS 0   Chann_width 40MHz   short GI 0   Thr 6.4927Mbit/s   delay sum +1701335171508.0ns   delay +30857625.0ns   lost:55135   send:55200
Cw value = 394
MCS 0   Chann_width 40MHz   short GI 0   Thr 6.4947Mbit/s   delay sum +1671581122761.0ns   delay +30308622.0ns   lost:55152   send:55200
Cw value = 395
MCS 0   Chann_width 40MHz   short GI 0   Thr 6.49234Mbit/s   delay sum +1686178270328.0ns   delay +30584384.0ns   lost:55132   send:55200
Cw value = 396
MCS 0   Chann_width 40MHz   short GI 0   Thr 6.49494Mbit/s   delay sum +1689414298417.0ns   delay +30630857.0ns   lost:55154   send:55200
Cw value = 397
MCS 0   Chann_width 40MHz   short GI 0   Thr 6.49364Mbit/s   delay sum +1680334859678.0ns   delay +30472314.0ns   lost:55143   send:55200
Cw value = 398
MCS 0   Chann_width 40MHz   short GI 0   Thr 6.49187Mbit/s   delay sum +1679062954033.0ns   delay +30457534.0ns   lost:55128   send:55200
Cw value = 399
MCS 0   Chann_width 40MHz   short GI 0   Thr 6.4914Mbit/s   delay sum +1671559230987.0ns   delay +30323620.0ns   lost:55124   send:55200
Cw value = 400
MCS 0   Chann_width 40MHz   short GI 0   Thr 6.49011Mbit/s   delay sum +1685631939366.0ns   delay +30585015.0ns   lost:55113   send:55200
Cw value = 401
MCS 0   Chann_width 40MHz   short GI 0   Thr 6.49458Mbit/s   delay sum +1671544080312.0ns   delay +30308499.0ns   lost:55151   send:55200
Cw value = 402
MCS 0   Chann_width 40MHz   short GI 0   Thr 6.49105Mbit/s   delay sum +1670174664807.0ns   delay +30300151.0ns   lost:55121   send:55200
Cw value = 403
MCS 0   Chann_width 40MHz   short GI 0   Thr 6.49105Mbit/s   delay sum +1689501082823.0ns   delay +30650769.0ns   lost:55121   send:55200
Cw value = 404
MCS 0   Chann_width 40MHz   short GI 0   Thr 6.49152Mbit/s   delay sum +1676468126494.0ns   delay +30412120.0ns   lost:55125   send:55200
Cw value = 405
MCS 0   Chann_width 40MHz   short GI 0   Thr 6.49199Mbit/s   delay sum +1667292753310.0ns   delay +30243478.0ns   lost:55129   send:55200
Cw value = 406
MCS 0   Chann_width 40MHz   short GI 0   Thr 6.49258Mbit/s   delay sum +1673126324634.0ns   delay +30346543.0ns   lost:55134   send:55200
Cw value = 407
MCS 0   Chann_width 40MHz   short GI 0   Thr 6.49011Mbit/s   delay sum +1685036455025.0ns   delay +30574210.0ns   lost:55113   send:55200
Cw value = 408
MCS 0   Chann_width 40MHz   short GI 0   Thr 6.49164Mbit/s   delay sum +1689894783526.0ns   delay +30655131.0ns   lost:55126   send:55200
Cw value = 409
MCS 0   Chann_width 40MHz   short GI 0   Thr 6.49246Mbit/s   delay sum +1688799165711.0ns   delay +30631367.0ns   lost:55133   send:55200
Cw value = 410
MCS 0   Chann_width 40MHz   short GI 0   Thr 6.49246Mbit/s   delay sum +1684430726214.0ns   delay +30552132.0ns   lost:55133   send:55200
Cw value = 411
MCS 0   Chann_width 40MHz   short GI 0   Thr 6.49152Mbit/s   delay sum +1678585734270.0ns   delay +30450534.0ns   lost:55125   send:55200
Cw value = 412
MCS 0   Chann_width 40MHz   short GI 0   Thr 6.49234Mbit/s   delay sum +1681825311583.0ns   delay +30505428.0ns   lost:55132   send:55200
Cw value = 413
MCS 0   Chann_width 40MHz   short GI 0   Thr 6.49364Mbit/s   delay sum +1682622118626.0ns   delay +30513793.0ns   lost:55143   send:55200
Cw value = 414
MCS 0   Chann_width 40MHz   short GI 0   Thr 6.49246Mbit/s   delay sum +1696314545917.0ns   delay +30767680.0ns   lost:55133   send:55200
Cw value = 415
MCS 0   Chann_width 40MHz   short GI 0   Thr 6.49234Mbit/s   delay sum +1664374624054.0ns   delay +30188903.0ns   lost:55132   send:55200
Cw value = 416
MCS 0   Chann_width 40MHz   short GI 0   Thr 6.48893Mbit/s   delay sum +1690960681090.0ns   delay +30687270.0ns   lost:55103   send:55200
Cw value = 417
MCS 0   Chann_width 40MHz   short GI 0   Thr 6.4914Mbit/s   delay sum +1687185896816.0ns   delay +30607102.0ns   lost:55124   send:55200
Cw value = 418
MCS 0   Chann_width 40MHz   short GI 0   Thr 6.49164Mbit/s   delay sum +1679183148711.0ns   delay +30460819.0ns   lost:55126   send:55200
Cw value = 419
MCS 0   Chann_width 40MHz   short GI 0   Thr 6.49128Mbit/s   delay sum +1683730115528.0ns   delay +30544965.0ns   lost:55123   send:55200
Cw value = 420
MCS 0   Chann_width 40MHz   short GI 0   Thr 6.49176Mbit/s   delay sum +1679315460943.0ns   delay +30462667.0ns   lost:55127   send:55200
Cw value = 421
MCS 0   Chann_width 40MHz   short GI 0   Thr 6.49246Mbit/s   delay sum +1677877806082.0ns   delay +30433276.0ns   lost:55133   send:55200
Cw value = 422
MCS 0   Chann_width 40MHz   short GI 0   Thr 6.49128Mbit/s   delay sum +1689596850860.0ns   delay +30651395.0ns   lost:55123   send:55200
Cw value = 423
MCS 0   Chann_width 40MHz   short GI 0   Thr 6.49022Mbit/s   delay sum +1703256118485.0ns   delay +30904237.0ns   lost:55114   send:55200
Cw value = 424
MCS 0   Chann_width 40MHz   short GI 0   Thr 6.48916Mbit/s   delay sum +1680347255255.0ns   delay +30493553.0ns   lost:55105   send:55200
Cw value = 425
MCS 0   Chann_width 40MHz   short GI 0   Thr 6.49128Mbit/s   delay sum +1688280591305.0ns   delay +30627516.0ns   lost:55123   send:55200
Cw value = 426
MCS 0   Chann_width 40MHz   short GI 0   Thr 6.49046Mbit/s   delay sum +1693498857316.0ns   delay +30726084.0ns   lost:55116   send:55200
Cw value = 427
MCS 0   Chann_width 40MHz   short GI 0   Thr 6.49258Mbit/s   delay sum +1673312402264.0ns   delay +30349918.0ns   lost:55134   send:55200
Cw value = 428
MCS 0   Chann_width 40MHz   short GI 0   Thr 6.49058Mbit/s   delay sum +1688968749191.0ns   delay +30643335.0ns   lost:55117   send:55200
Cw value = 429
MCS 0   Chann_width 40MHz   short GI 0   Thr 6.4894Mbit/s   delay sum +1699284848162.0ns   delay +30836097.0ns   lost:55107   send:55200
Cw value = 430
MCS 0   Chann_width 40MHz   short GI 0   Thr 6.48916Mbit/s   delay sum +1711036394523.0ns   delay +31050474.0ns   lost:55105   send:55200
Cw value = 431
MCS 0   Chann_width 40MHz   short GI 0   Thr 6.48893Mbit/s   delay sum +1693221448533.0ns   delay +30728298.0ns   lost:55103   send:55200
Cw value = 432
MCS 0   Chann_width 40MHz   short GI 0   Thr 6.49152Mbit/s   delay sum +1685182193112.0ns   delay +30570198.0ns   lost:55125   send:55200
Cw value = 433
MCS 0   Chann_width 40MHz   short GI 0   Thr 6.4894Mbit/s   delay sum +1673571795527.0ns   delay +30369495.0ns   lost:55107   send:55200
Cw value = 434
MCS 0   Chann_width 40MHz   short GI 0   Thr 6.49117Mbit/s   delay sum +1700679968352.0ns   delay +30853016.0ns   lost:55122   send:55200
Cw value = 435
MCS 0   Chann_width 40MHz   short GI 0   Thr 6.49152Mbit/s   delay sum +1700223939996.0ns   delay +30843064.0ns   lost:55125   send:55200
Cw value = 436
MCS 0   Chann_width 40MHz   short GI 0   Thr 6.49258Mbit/s   delay sum +1684168549572.0ns   delay +30546823.0ns   lost:55134   send:55200
Cw value = 437
MCS 0   Chann_width 40MHz   short GI 0   Thr 6.49128Mbit/s   delay sum +1700871046126.0ns   delay +30855923.0ns   lost:55123   send:55200
Cw value = 438
MCS 0   Chann_width 40MHz   short GI 0   Thr 6.49046Mbit/s   delay sum +1687027804667.0ns   delay +30608676.0ns   lost:55116   send:55200
Cw value = 439
MCS 0   Chann_width 40MHz   short GI 0   Thr 6.49046Mbit/s   delay sum +1684572755435.0ns   delay +30564133.0ns   lost:55116   send:55200
Cw value = 440
MCS 0   Chann_width 40MHz   short GI 0   Thr 6.49034Mbit/s   delay sum +1691812004287.0ns   delay +30696035.0ns   lost:55115   send:55200
Cw value = 441
MCS 0   Chann_width 40MHz   short GI 0   Thr 6.49034Mbit/s   delay sum +1697914555990.0ns   delay +30806759.0ns   lost:55115   send:55200
Cw value = 442
MCS 0   Chann_width 40MHz   short GI 0   Thr 6.48905Mbit/s   delay sum +1692223183667.0ns   delay +30709625.0ns   lost:55104   send:55200
Cw value = 443
MCS 0   Chann_width 40MHz   short GI 0   Thr 6.4881Mbit/s   delay sum +1684747293072.0ns   delay +30578395.0ns   lost:55096   send:55200
Cw value = 444
MCS 0   Chann_width 40MHz   short GI 0   Thr 6.49046Mbit/s   delay sum +1680581328922.0ns   delay +30491714.0ns   lost:55116   send:55200
Cw value = 445
MCS 0   Chann_width 40MHz   short GI 0   Thr 6.48681Mbit/s   delay sum +1674910386019.0ns   delay +30405925.0ns   lost:55085   send:55200
Cw value = 446
MCS 0   Chann_width 40MHz   short GI 0   Thr 6.48987Mbit/s   delay sum +1676499759437.0ns   delay +30420419.0ns   lost:55111   send:55200
Cw value = 447
MCS 0   Chann_width 40MHz   short GI 0   Thr 6.48952Mbit/s   delay sum +1689258465596.0ns   delay +30653597.0ns   lost:55108   send:55200
Cw value = 448
MCS 0   Chann_width 40MHz   short GI 0   Thr 6.48869Mbit/s   delay sum +1687908130517.0ns   delay +30632985.0ns   lost:55101   send:55200
Cw value = 449
MCS 0   Chann_width 40MHz   short GI 0   Thr 6.48999Mbit/s   delay sum +1700423293174.0ns   delay +30853957.0ns   lost:55112   send:55200
Cw value = 450
MCS 0   Chann_width 40MHz   short GI 0   Thr 6.49223Mbit/s   delay sum +1681412018185.0ns   delay +30498485.0ns   lost:55131   send:55200
Cw value = 451
MCS 0   Chann_width 40MHz   short GI 0   Thr 6.4914Mbit/s   delay sum +1678900295285.0ns   delay +30456793.0ns   lost:55124   send:55200
Cw value = 452
MCS 0   Chann_width 40MHz   short GI 0   Thr 6.48905Mbit/s   delay sum +1687721587428.0ns   delay +30627932.0ns   lost:55104   send:55200
Cw value = 453
MCS 0   Chann_width 40MHz   short GI 0   Thr 6.48905Mbit/s   delay sum +1701899180033.0ns   delay +30885220.0ns   lost:55104   send:55200
Cw value = 454
MCS 0   Chann_width 40MHz   short GI 0   Thr 6.49034Mbit/s   delay sum +1667583963241.0ns   delay +30256444.0ns   lost:55115   send:55200
Cw value = 455
MCS 0   Chann_width 40MHz   short GI 0   Thr 6.48905Mbit/s   delay sum +1696577709300.0ns   delay +30788648.0ns   lost:55104   send:55200
Cw value = 456
MCS 0   Chann_width 40MHz   short GI 0   Thr 6.48928Mbit/s   delay sum +1682943582760.0ns   delay +30540115.0ns   lost:55106   send:55200
Cw value = 457
MCS 0   Chann_width 40MHz   short GI 0   Thr 6.48987Mbit/s   delay sum +1700846074413.0ns   delay +30862188.0ns   lost:55111   send:55200
Cw value = 458
MCS 0   Chann_width 40MHz   short GI 0   Thr 6.49117Mbit/s   delay sum +1689843430273.0ns   delay +30656424.0ns   lost:55122   send:55200
Cw value = 459
MCS 0   Chann_width 40MHz   short GI 0   Thr 6.49011Mbit/s   delay sum +1674919253438.0ns   delay +30390638.0ns   lost:55113   send:55200
Cw value = 460
MCS 0   Chann_width 40MHz   short GI 0   Thr 6.48881Mbit/s   delay sum +1684668817656.0ns   delay +30573641.0ns   lost:55102   send:55200
Cw value = 461
MCS 0   Chann_width 40MHz   short GI 0   Thr 6.48916Mbit/s   delay sum +1687066942406.0ns   delay +30615496.0ns   lost:55105   send:55200
Cw value = 462
MCS 0   Chann_width 40MHz   short GI 0   Thr 6.4894Mbit/s   delay sum +1692589386198.0ns   delay +30714598.0ns   lost:55107   send:55200
Cw value = 463
MCS 0   Chann_width 40MHz   short GI 0   Thr 6.48775Mbit/s   delay sum +1698241280700.0ns   delay +30824991.0ns   lost:55093   send:55200
Cw value = 464
MCS 0   Chann_width 40MHz   short GI 0   Thr 6.48763Mbit/s   delay sum +1708388315801.0ns   delay +31009734.0ns   lost:55092   send:55200
Cw value = 465
MCS 0   Chann_width 40MHz   short GI 0   Thr 6.48869Mbit/s   delay sum +1677524491084.0ns   delay +30444538.0ns   lost:55101   send:55200
Cw value = 466
MCS 0   Chann_width 40MHz   short GI 0   Thr 6.48657Mbit/s   delay sum +1698004119429.0ns   delay +30826282.0ns   lost:55083   send:55200
Cw value = 467
MCS 0   Chann_width 40MHz   short GI 0   Thr 6.48869Mbit/s   delay sum +1703203709952.0ns   delay +30910577.0ns   lost:55101   send:55200
Cw value = 468
MCS 0   Chann_width 40MHz   short GI 0   Thr 6.48893Mbit/s   delay sum +1682387174422.0ns   delay +30531680.0ns   lost:55103   send:55200
Cw value = 469
MCS 0   Chann_width 40MHz   short GI 0   Thr 6.49011Mbit/s   delay sum +1676893671479.0ns   delay +30426463.0ns   lost:55113   send:55200
Cw value = 470
MCS 0   Chann_width 40MHz   short GI 0   Thr 6.48869Mbit/s   delay sum +1687794872999.0ns   delay +30630929.0ns   lost:55101   send:55200
Cw value = 471
MCS 0   Chann_width 40MHz   short GI 0   Thr 6.48775Mbit/s   delay sum +1686658102193.0ns   delay +30614744.0ns   lost:55093   send:55200
Cw value = 472
MCS 0   Chann_width 40MHz   short GI 0   Thr 6.48916Mbit/s   delay sum +1679782135963.0ns   delay +30483297.0ns   lost:55105   send:55200
Cw value = 473
MCS 0   Chann_width 40MHz   short GI 0   Thr 6.48905Mbit/s   delay sum +1676988829902.0ns   delay +30433159.0ns   lost:55104   send:55200
Cw value = 474
MCS 0   Chann_width 40MHz   short GI 0   Thr 6.48693Mbit/s   delay sum +1705476793337.0ns   delay +30960258.0ns   lost:55086   send:55200
Cw value = 475
MCS 0   Chann_width 40MHz   short GI 0   Thr 6.48681Mbit/s   delay sum +1696973177198.0ns   delay +30806447.0ns   lost:55085   send:55200
Cw value = 476
MCS 0   Chann_width 40MHz   short GI 0   Thr 6.48858Mbit/s   delay sum +1672488390887.0ns   delay +30353691.0ns   lost:55100   send:55200
Cw value = 477
MCS 0   Chann_width 40MHz   short GI 0   Thr 6.48775Mbit/s   delay sum +1691884885999.0ns   delay +30709616.0ns   lost:55093   send:55200
Cw value = 478
MCS 0   Chann_width 40MHz   short GI 0   Thr 6.48964Mbit/s   delay sum +1683226985274.0ns   delay +30543595.0ns   lost:55109   send:55200
Cw value = 479
MCS 0   Chann_width 40MHz   short GI 0   Thr 6.48563Mbit/s   delay sum +1688024355348.0ns   delay +30649557.0ns   lost:55075   send:55200
Cw value = 480
MCS 0   Chann_width 40MHz   short GI 0   Thr 6.48834Mbit/s   delay sum +1677724078522.0ns   delay +30449818.0ns   lost:55098   send:55200
Cw value = 481
MCS 0   Chann_width 40MHz   short GI 0   Thr 6.48551Mbit/s   delay sum +1696669862636.0ns   delay +30807093.0ns   lost:55074   send:55200
Cw value = 482
MCS 0   Chann_width 40MHz   short GI 0   Thr 6.48893Mbit/s   delay sum +1705248945115.0ns   delay +30946571.0ns   lost:55103   send:55200
Cw value = 483
MCS 0   Chann_width 40MHz   short GI 0   Thr 6.49128Mbit/s   delay sum +1677907924917.0ns   delay +30439343.0ns   lost:55123   send:55200
Cw value = 484
MCS 0   Chann_width 40MHz   short GI 0   Thr 6.48869Mbit/s   delay sum +1689267993774.0ns   delay +30657664.0ns   lost:55101   send:55200
Cw value = 485
MCS 0   Chann_width 40MHz   short GI 0   Thr 6.48787Mbit/s   delay sum +1685605655105.0ns   delay +30595085.0ns   lost:55094   send:55200
Cw value = 486
MCS 0   Chann_width 40MHz   short GI 0   Thr 6.48905Mbit/s   delay sum +1695299192230.0ns   delay +30765447.0ns   lost:55104   send:55200
Cw value = 487
MCS 0   Chann_width 40MHz   short GI 0   Thr 6.48916Mbit/s   delay sum +1684776491483.0ns   delay +30573931.0ns   lost:55105   send:55200
Cw value = 488
MCS 0   Chann_width 40MHz   short GI 0   Thr 6.48752Mbit/s   delay sum +1688842789770.0ns   delay +30655511.0ns   lost:55091   send:55200
Cw value = 489
MCS 0   Chann_width 40MHz   short GI 0   Thr 6.48528Mbit/s   delay sum +1700242457472.0ns   delay +30873083.0ns   lost:55072   send:55200
Cw value = 490
MCS 0   Chann_width 40MHz   short GI 0   Thr 6.48999Mbit/s   delay sum +1695939419826.0ns   delay +30772597.0ns   lost:55112   send:55200
Cw value = 491
MCS 0   Chann_width 40MHz   short GI 0   Thr 6.48905Mbit/s   delay sum +1715491013931.0ns   delay +31131878.0ns   lost:55104   send:55200
Cw value = 492
MCS 0   Chann_width 40MHz   short GI 0   Thr 6.48752Mbit/s   delay sum +1680735436887.0ns   delay +30508348.0ns   lost:55091   send:55200
Cw value = 493
MCS 0   Chann_width 40MHz   short GI 0   Thr 6.48905Mbit/s   delay sum +1699921274320.0ns   delay +30849326.0ns   lost:55104   send:55200
Cw value = 494
MCS 0   Chann_width 40MHz   short GI 0   Thr 6.48587Mbit/s   delay sum +1687697699129.0ns   delay +30642513.0ns   lost:55077   send:55200
Cw value = 495
MCS 0   Chann_width 40MHz   short GI 0   Thr 6.48669Mbit/s   delay sum +1689112900206.0ns   delay +30664310.0ns   lost:55084   send:55200
Cw value = 496
MCS 0   Chann_width 40MHz   short GI 0   Thr 6.48799Mbit/s   delay sum +1702352969533.0ns   delay +30898502.0ns   lost:55095   send:55200
Cw value = 497
MCS 0   Chann_width 40MHz   short GI 0   Thr 6.48752Mbit/s   delay sum +1690489267053.0ns   delay +30685398.0ns   lost:55091   send:55200
Cw value = 498
MCS 0   Chann_width 40MHz   short GI 0   Thr 6.48905Mbit/s   delay sum +1679181980451.0ns   delay +30472959.0ns   lost:55104   send:55200
Cw value = 499
MCS 0   Chann_width 40MHz   short GI 0   Thr 6.48516Mbit/s   delay sum +1708543933278.0ns   delay +31024385.0ns   lost:55071   send:55200
Cw value = 500
MCS 0   Chann_width 40MHz   short GI 0   Thr 6.48928Mbit/s   delay sum +1693370456916.0ns   delay +30729329.0ns   lost:55106   send:55200
Cw value = 501
MCS 0   Chann_width 40MHz   short GI 0   Thr 6.4881Mbit/s   delay sum +1698112927325.0ns   delay +30820983.0ns   lost:55096   send:55200
Cw value = 502
MCS 0   Chann_width 40MHz   short GI 0   Thr 6.48657Mbit/s   delay sum +1682425876669.0ns   delay +30543468.0ns   lost:55083   send:55200
Cw value = 503
MCS 0   Chann_width 40MHz   short GI 0   Thr 6.48928Mbit/s   delay sum +1677017281071.0ns   delay +30432571.0ns   lost:55106   send:55200
Cw value = 504
MCS 0   Chann_width 40MHz   short GI 0   Thr 6.48787Mbit/s   delay sum +1685823261024.0ns   delay +30599035.0ns   lost:55094   send:55200
Cw value = 505
MCS 0   Chann_width 40MHz   short GI 0   Thr 6.48657Mbit/s   delay sum +1710668374395.0ns   delay +31056194.0ns   lost:55083   send:55200
Cw value = 506
MCS 0   Chann_width 40MHz   short GI 0   Thr 6.48681Mbit/s   delay sum +1681039600306.0ns   delay +30517193.0ns   lost:55085   send:55200
Cw value = 507
MCS 0   Chann_width 40MHz   short GI 0   Thr 6.48657Mbit/s   delay sum +1679572474576.0ns   delay +30491666.0ns   lost:55083   send:55200
Cw value = 508
MCS 0   Chann_width 40MHz   short GI 0   Thr 6.48657Mbit/s   delay sum +1675783247432.0ns   delay +30422875.0ns   lost:55083   send:55200
Cw value = 509
MCS 0   Chann_width 40MHz   short GI 0   Thr 6.48752Mbit/s   delay sum +1688981795904.0ns   delay +30658034.0ns   lost:55091   send:55200
Cw value = 510
MCS 0   Chann_width 40MHz   short GI 0   Thr 6.48716Mbit/s   delay sum +1686831865549.0ns   delay +30620677.0ns   lost:55088   send:55200
Cw value = 511
MCS 0   Chann_width 40MHz   short GI 0   Thr 6.48775Mbit/s   delay sum +1674197135566.0ns   delay +30388563.0ns   lost:55093   send:55200
Cw value = 512
MCS 0   Chann_width 40MHz   short GI 0   Thr 0.40215Mbit/s   delay sum +298966638347.0ns   delay +87545135.0ns   lost:3415   send:55200
Cw value = 513
MCS 0   Chann_width 40MHz   short GI 0   Thr 0.395438Mbit/s   delay sum +51295154657.0ns   delay +15275507.0ns   lost:3358   send:55200
Cw value = 514
MCS 0   Chann_width 40MHz   short GI 0   Thr 0.241997Mbit/s   delay sum +40124482944.0ns   delay +19525295.0ns   lost:2055   send:55200
Cw value = 515
MCS 0   Chann_width 40MHz   short GI 0   Thr 0.458204Mbit/s   delay sum +122377658098.0ns   delay +31451467.0ns   lost:3891   send:55200
Cw value = 516
MCS 0   Chann_width 40MHz   short GI 0   Thr 0.46786Mbit/s   delay sum +103804710190.0ns   delay +26127538.0ns   lost:3973   send:55200
Cw value = 517
MCS 0   Chann_width 40MHz   short GI 0   Thr 0.425349Mbit/s   delay sum +115765789695.0ns   delay +32050329.0ns   lost:3612   send:55200
Cw value = 518
MCS 0   Chann_width 40MHz   short GI 0   Thr 0.598221Mbit/s   delay sum +116676510125.0ns   delay +22967816.0ns   lost:5080   send:55200
Cw value = 519
MCS 0   Chann_width 40MHz   short GI 0   Thr 1.05913Mbit/s   delay sum +269160533815.0ns   delay +29926677.0ns   lost:8994   send:55200
Cw value = 520
MCS 0   Chann_width 40MHz   short GI 0   Thr 1.26486Mbit/s   delay sum +307619148248.0ns   delay +28639712.0ns   lost:10741   send:55200
Cw value = 521
MCS 0   Chann_width 40MHz   short GI 0   Thr 0.935721Mbit/s   delay sum +273178557261.0ns   delay +34379380.0ns   lost:7946   send:55200
Cw value = 522
MCS 0   Chann_width 40MHz   short GI 0   Thr 1.05513Mbit/s   delay sum +273369426945.0ns   delay +30509980.0ns   lost:8960   send:55200
Cw value = 523
MCS 0   Chann_width 40MHz   short GI 0   Thr 1.13568Mbit/s   delay sum +283819249402.0ns   delay +29429619.0ns   lost:9644   send:55200
Cw value = 524
MCS 0   Chann_width 40MHz   short GI 0   Thr 1.27051Mbit/s   delay sum +309680025391.0ns   delay +28703311.0ns   lost:10789   send:55200
Cw value = 525
MCS 0   Chann_width 40MHz   short GI 0   Thr 1.41606Mbit/s   delay sum +340637370414.0ns   delay +28327432.0ns   lost:12025   send:55200
Cw value = 526
MCS 0   Chann_width 40MHz   short GI 0   Thr 1.21269Mbit/s   delay sum +309614508877.0ns   delay +30065499.0ns   lost:10298   send:55200
Cw value = 527
MCS 0   Chann_width 40MHz   short GI 0   Thr 3.501Mbit/s   delay sum +1199136654736.0ns   delay +40334229.0ns   lost:29730   send:55200
Cw value = 528
MCS 0   Chann_width 40MHz   short GI 0   Thr 3.24405Mbit/s   delay sum +1133805838478.0ns   delay +41157464.0ns   lost:27548   send:55200
Cw value = 529
MCS 0   Chann_width 40MHz   short GI 0   Thr 3.42846Mbit/s   delay sum +1194174713503.0ns   delay +41017198.0ns   lost:29114   send:55200
Cw value = 530
MCS 0   Chann_width 40MHz   short GI 0   Thr 3.31106Mbit/s   delay sum +1140652229048.0ns   delay +40568063.0ns   lost:28117   send:55200
Cw value = 531
MCS 0   Chann_width 40MHz   short GI 0   Thr 3.32766Mbit/s   delay sum +1124953426952.0ns   delay +39810086.0ns   lost:28258   send:55200
Cw value = 532
MCS 0   Chann_width 40MHz   short GI 0   Thr 2.81976Mbit/s   delay sum +3300565403473.0ns   delay +137839440.0ns   lost:23945   send:55200
Cw value = 533
MCS 0   Chann_width 40MHz   short GI 0   Thr 3.15726Mbit/s   delay sum +1144404455417.0ns   delay +42684139.0ns   lost:26811   send:55200
Cw value = 534
MCS 0   Chann_width 40MHz   short GI 0   Thr 3.75124Mbit/s   delay sum +1275654774977.0ns   delay +40045668.0ns   lost:31855   send:55200
Cw value = 535
MCS 0   Chann_width 40MHz   short GI 0   Thr 3.71521Mbit/s   delay sum +1242341531684.0ns   delay +39378158.0ns   lost:31549   send:55200
Cw value = 536
MCS 0   Chann_width 40MHz   short GI 0   Thr 3.48711Mbit/s   delay sum +1156687927299.0ns   delay +39061459.0ns   lost:29612   send:55200
Cw value = 537
MCS 0   Chann_width 40MHz   short GI 0   Thr 3.50854Mbit/s   delay sum +1193777856524.0ns   delay +40067726.0ns   lost:29794   send:55200
Cw value = 538
MCS 0   Chann_width 40MHz   short GI 0   Thr 3.23416Mbit/s   delay sum +1152977257579.0ns   delay +41981403.0ns   lost:27464   send:55200
Cw value = 539
MCS 0   Chann_width 40MHz   short GI 0   Thr 3.19742Mbit/s   delay sum +1095707114984.0ns   delay +40354563.0ns   lost:27152   send:55200
Cw value = 540
MCS 0   Chann_width 40MHz   short GI 0   Thr 3.28492Mbit/s   delay sum +3862462804222.0ns   delay +138464341.0ns   lost:27895   send:55200
Cw value = 541
MCS 0   Chann_width 40MHz   short GI 0   Thr 3.13336Mbit/s   delay sum +1083441868994.0ns   delay +40718651.0ns   lost:26608   send:55200
Cw value = 542
MCS 0   Chann_width 40MHz   short GI 0   Thr 2.6496Mbit/s   delay sum +3701568356035.0ns   delay +164514149.0ns   lost:22500   send:55200
Cw value = 543
MCS 0   Chann_width 40MHz   short GI 0   Thr 6.37635Mbit/s   delay sum +2173079546430.0ns   delay +40132962.0ns   lost:54147   send:55200
Cw value = 544
MCS 0   Chann_width 40MHz   short GI 0   Thr 6.38907Mbit/s   delay sum +2134902670081.0ns   delay +39349417.0ns   lost:54255   send:55200
Cw value = 545
MCS 0   Chann_width 40MHz   short GI 0   Thr 6.41851Mbit/s   delay sum +2046365963919.0ns   delay +37544554.0ns   lost:54505   send:55200
Cw value = 546
MCS 0   Chann_width 40MHz   short GI 0   Thr 6.39119Mbit/s   delay sum +2147321279818.0ns   delay +39565184.0ns   lost:54273   send:55200
Cw value = 547
MCS 0   Chann_width 40MHz   short GI 0   Thr 6.38824Mbit/s   delay sum +2120475110199.0ns   delay +39088539.0ns   lost:54248   send:55200
Cw value = 548
MCS 0   Chann_width 40MHz   short GI 0   Thr 6.3873Mbit/s   delay sum +2149414334083.0ns   delay +39627845.0ns   lost:54240   send:55200
Cw value = 549
MCS 0   Chann_width 40MHz   short GI 0   Thr 6.36881Mbit/s   delay sum +2198613500558.0ns   delay +40652580.0ns   lost:54083   send:55200
Cw value = 550
MCS 0   Chann_width 40MHz   short GI 0   Thr 6.36457Mbit/s   delay sum +2192547279716.0ns   delay +40567418.0ns   lost:54047   send:55200
Cw value = 551
MCS 0   Chann_width 40MHz   short GI 0   Thr 6.35763Mbit/s   delay sum +2236704949302.0ns   delay +41429668.0ns   lost:53988   send:55200
Cw value = 552
MCS 0   Chann_width 40MHz   short GI 0   Thr 6.3588Mbit/s   delay sum +2250579684645.0ns   delay +41678945.0ns   lost:53998   send:55200
Cw value = 553
MCS 0   Chann_width 40MHz   short GI 0   Thr 6.4032Mbit/s   delay sum +2117038745871.0ns   delay +38934045.0ns   lost:54375   send:55200
Cw value = 554
MCS 0   Chann_width 40MHz   short GI 0   Thr 6.40214Mbit/s   delay sum +2093389755217.0ns   delay +38505495.0ns   lost:54366   send:55200
Cw value = 555
MCS 0   Chann_width 40MHz   short GI 0   Thr 6.40367Mbit/s   delay sum +2114420716643.0ns   delay +38883037.0ns   lost:54379   send:55200
Cw value = 556
MCS 0   Chann_width 40MHz   short GI 0   Thr 6.38483Mbit/s   delay sum +2126723209979.0ns   delay +39224685.0ns   lost:54219   send:55200
Cw value = 557
MCS 0   Chann_width 40MHz   short GI 0   Thr 6.40497Mbit/s   delay sum +2097796725685.0ns   delay +38569529.0ns   lost:54390   send:55200
Cw value = 558
MCS 0   Chann_width 40MHz   short GI 0   Thr 6.40402Mbit/s   delay sum +2103938468245.0ns   delay +38688140.0ns   lost:54382   send:55200
Cw value = 559
MCS 0   Chann_width 40MHz   short GI 0   Thr 6.30028Mbit/s   delay sum +2247304457024.0ns   delay +42004905.0ns   lost:53501   send:55200
Cw value = 560
MCS 0   Chann_width 40MHz   short GI 0   Thr 6.37235Mbit/s   delay sum +2164441003488.0ns   delay +39998540.0ns   lost:54113   send:55200
Cw value = 561
MCS 0   Chann_width 40MHz   short GI 0   Thr 6.36787Mbit/s   delay sum +2166326414618.0ns   delay +40061514.0ns   lost:54075   send:55200
Cw value = 562
MCS 0   Chann_width 40MHz   short GI 0   Thr 6.35774Mbit/s   delay sum +2240486339205.0ns   delay +41498941.0ns   lost:53989   send:55200
Cw value = 563
MCS 0   Chann_width 40MHz   short GI 0   Thr 6.42875Mbit/s   delay sum +2052136297246.0ns   delay +37590421.0ns   lost:54592   send:55200
Cw value = 564
MCS 0   Chann_width 40MHz   short GI 0   Thr 6.37376Mbit/s   delay sum +2207984659570.0ns   delay +40794173.0ns   lost:54125   send:55200
Cw value = 565
MCS 0   Chann_width 40MHz   short GI 0   Thr 6.40014Mbit/s   delay sum +2152919003936.0ns   delay +39612854.0ns   lost:54349   send:55200
Cw value = 566
MCS 0   Chann_width 40MHz   short GI 0   Thr 6.37458Mbit/s   delay sum +2184776311270.0ns   delay +40360162.0ns   lost:54132   send:55200
Cw value = 567
MCS 0   Chann_width 40MHz   short GI 0   Thr 6.38707Mbit/s   delay sum +2136506342067.0ns   delay +39391318.0ns   lost:54238   send:55200
Cw value = 568
MCS 0   Chann_width 40MHz   short GI 0   Thr 6.39343Mbit/s   delay sum +2124822199609.0ns   delay +39136929.0ns   lost:54292   send:55200
Cw value = 569
MCS 0   Chann_width 40MHz   short GI 0   Thr 6.3601Mbit/s   delay sum +2206172929541.0ns   delay +40848246.0ns   lost:54009   send:55200
Cw value = 570
MCS 0   Chann_width 40MHz   short GI 0   Thr 6.39519Mbit/s   delay sum +2123469880113.0ns   delay +39101218.0ns   lost:54307   send:55200
Cw value = 571
MCS 0   Chann_width 40MHz   short GI 0   Thr 6.3767Mbit/s   delay sum +2195986591610.0ns   delay +40553769.0ns   lost:54150   send:55200
Cw value = 572
MCS 0   Chann_width 40MHz   short GI 0   Thr 6.40308Mbit/s   delay sum +2129069288807.0ns   delay +39156017.0ns   lost:54374   send:55200
Cw value = 573
MCS 0   Chann_width 40MHz   short GI 0   Thr 6.39484Mbit/s   delay sum +2131840946578.0ns   delay +39257530.0ns   lost:54304   send:55200
Cw value = 574
MCS 0   Chann_width 40MHz   short GI 0   Thr 6.33702Mbit/s   delay sum +2254120007034.0ns   delay +41888019.0ns   lost:53813   send:55200
Cw value = 575
MCS 0   Chann_width 40MHz   short GI 0   Thr 6.48222Mbit/s   delay sum +1800764853980.0ns   delay +32713818.0ns   lost:55046   send:55200
Cw value = 576
MCS 0   Chann_width 40MHz   short GI 0   Thr 6.48175Mbit/s   delay sum +1824173270230.0ns   delay +33141478.0ns   lost:55042   send:55200
Cw value = 577
MCS 0   Chann_width 40MHz   short GI 0   Thr 6.48092Mbit/s   delay sum +1862330342064.0ns   delay +33839017.0ns   lost:55035   send:55200
Cw value = 578
MCS 0   Chann_width 40MHz   short GI 0   Thr 6.48151Mbit/s   delay sum +1855822062873.0ns   delay +33717697.0ns   lost:55040   send:55200
Cw value = 579
MCS 0   Chann_width 40MHz   short GI 0   Thr 6.48481Mbit/s   delay sum +1814632300209.0ns   delay +32952573.0ns   lost:55068   send:55200
Cw value = 580
MCS 0   Chann_width 40MHz   short GI 0   Thr 6.4841Mbit/s   delay sum +1814358917796.0ns   delay +32951198.0ns   lost:55062   send:55200
Cw value = 581
MCS 0   Chann_width 40MHz   short GI 0   Thr 6.48363Mbit/s   delay sum +1830060720668.0ns   delay +33238779.0ns   lost:55058   send:55200
Cw value = 582
MCS 0   Chann_width 40MHz   short GI 0   Thr 6.48163Mbit/s   delay sum +1795384408176.0ns   delay +32619036.0ns   lost:55041   send:55200
Cw value = 583
MCS 0   Chann_width 40MHz   short GI 0   Thr 6.48151Mbit/s   delay sum +1825287544317.0ns   delay +33162927.0ns   lost:55040   send:55200
Cw value = 584
MCS 0   Chann_width 40MHz   short GI 0   Thr 6.48363Mbit/s   delay sum +1789245398919.0ns   delay +32497464.0ns   lost:55058   send:55200
Cw value = 585
MCS 0   Chann_width 40MHz   short GI 0   Thr 6.48516Mbit/s   delay sum +1799581369185.0ns   delay +32677477.0ns   lost:55071   send:55200
Cw value = 586
MCS 0   Chann_width 40MHz   short GI 0   Thr 6.47857Mbit/s   delay sum +1833537202567.0ns   delay +33327950.0ns   lost:55015   send:55200
Cw value = 587
MCS 0   Chann_width 40MHz   short GI 0   Thr 6.48339Mbit/s   delay sum +1794823453502.0ns   delay +32599961.0ns   lost:55056   send:55200
Cw value = 588
MCS 0   Chann_width 40MHz   short GI 0   Thr 6.48375Mbit/s   delay sum +1853107300619.0ns   delay +33656755.0ns   lost:55059   send:55200
Cw value = 589
MCS 0   Chann_width 40MHz   short GI 0   Thr 6.48398Mbit/s   delay sum +1819247731949.0ns   delay +33040586.0ns   lost:55061   send:55200
Cw value = 590
MCS 0   Chann_width 40MHz   short GI 0   Thr 6.48175Mbit/s   delay sum +1769532933226.0ns   delay +32148776.0ns   lost:55042   send:55200
Cw value = 591
MCS 0   Chann_width 40MHz   short GI 0   Thr 6.47986Mbit/s   delay sum +1846413076361.0ns   delay +33555284.0ns   lost:55026   send:55200
Cw value = 592
MCS 0   Chann_width 40MHz   short GI 0   Thr 6.48292Mbit/s   delay sum +1846989032386.0ns   delay +33549898.0ns   lost:55052   send:55200
Cw value = 593
MCS 0   Chann_width 40MHz   short GI 0   Thr 6.47892Mbit/s   delay sum +1818901610971.0ns   delay +33060118.0ns   lost:55018   send:55200
Cw value = 594
MCS 0   Chann_width 40MHz   short GI 0   Thr 6.48127Mbit/s   delay sum +1789848644990.0ns   delay +32520234.0ns   lost:55038   send:55200
Cw value = 595
MCS 0   Chann_width 40MHz   short GI 0   Thr 6.48175Mbit/s   delay sum +1813566463566.0ns   delay +32948774.0ns   lost:55042   send:55200
Cw value = 596
MCS 0   Chann_width 40MHz   short GI 0   Thr 6.4841Mbit/s   delay sum +1833955809721.0ns   delay +33307104.0ns   lost:55062   send:55200
Cw value = 597
MCS 0   Chann_width 40MHz   short GI 0   Thr 6.47904Mbit/s   delay sum +1837195685088.0ns   delay +33392022.0ns   lost:55019   send:55200
Cw value = 598
MCS 0   Chann_width 40MHz   short GI 0   Thr 6.48127Mbit/s   delay sum +1832674783719.0ns   delay +33298353.0ns   lost:55038   send:55200
Cw value = 599
MCS 0   Chann_width 40MHz   short GI 0   Thr 6.48033Mbit/s   delay sum +1840836840733.0ns   delay +33451514.0ns   lost:55030   send:55200
Cw value = 600
MCS 0   Chann_width 40MHz   short GI 0   Thr 6.48163Mbit/s   delay sum +1804147287676.0ns   delay +32778243.0ns   lost:55041   send:55200
Cw value = 601
MCS 0   Chann_width 40MHz   short GI 0   Thr 6.47974Mbit/s   delay sum +1839037895035.0ns   delay +33421860.0ns   lost:55025   send:55200
Cw value = 602
MCS 0   Chann_width 40MHz   short GI 0   Thr 6.48151Mbit/s   delay sum +1831808485317.0ns   delay +33281404.0ns   lost:55040   send:55200
Cw value = 603
MCS 0   Chann_width 40MHz   short GI 0   Thr 6.48139Mbit/s   delay sum +1827220927529.0ns   delay +33198657.0ns   lost:55039   send:55200
Cw value = 604
MCS 0   Chann_width 40MHz   short GI 0   Thr 6.48127Mbit/s   delay sum +1811323151590.0ns   delay +32910410.0ns   lost:55038   send:55200
Cw value = 605
MCS 0   Chann_width 40MHz   short GI 0   Thr 6.47904Mbit/s   delay sum +1830980240120.0ns   delay +33279053.0ns   lost:55019   send:55200
Cw value = 606
MCS 0   Chann_width 40MHz   short GI 0   Thr 6.48281Mbit/s   delay sum +1866443111635.0ns   delay +33903891.0ns   lost:55051   send:55200
Cw value = 607
MCS 0   Chann_width 40MHz   short GI 0   Thr 6.48045Mbit/s   delay sum +1846650081059.0ns   delay +33556542.0ns   lost:55031   send:55200
Cw value = 608
MCS 0   Chann_width 40MHz   short GI 0   Thr 6.48186Mbit/s   delay sum +1783229998762.0ns   delay +32397035.0ns   lost:55043   send:55200
Cw value = 609
MCS 0   Chann_width 40MHz   short GI 0   Thr 6.47939Mbit/s   delay sum +1795340846719.0ns   delay +32629509.0ns   lost:55022   send:55200
Cw value = 610
MCS 0   Chann_width 40MHz   short GI 0   Thr 6.48057Mbit/s   delay sum +1858332797695.0ns   delay +33768222.0ns   lost:55032   send:55200
Cw value = 611
MCS 0   Chann_width 40MHz   short GI 0   Thr 6.48186Mbit/s   delay sum +1837222258265.0ns   delay +33377945.0ns   lost:55043   send:55200
Cw value = 612
MCS 0   Chann_width 40MHz   short GI 0   Thr 6.47986Mbit/s   delay sum +1871612877131.0ns   delay +34013246.0ns   lost:55026   send:55200
Cw value = 613
MCS 0   Chann_width 40MHz   short GI 0   Thr 6.48339Mbit/s   delay sum +1840032527109.0ns   delay +33421108.0ns   lost:55056   send:55200
Cw value = 614
MCS 0   Chann_width 40MHz   short GI 0   Thr 6.48245Mbit/s   delay sum +1874797385803.0ns   delay +34057502.0ns   lost:55048   send:55200
Cw value = 615
MCS 0   Chann_width 40MHz   short GI 0   Thr 6.48233Mbit/s   delay sum +1818377284414.0ns   delay +33033176.0ns   lost:55047   send:55200
Cw value = 616
MCS 0   Chann_width 40MHz   short GI 0   Thr 6.48022Mbit/s   delay sum +1884954303351.0ns   delay +34253835.0ns   lost:55029   send:55200
Cw value = 617
MCS 0   Chann_width 40MHz   short GI 0   Thr 6.47833Mbit/s   delay sum +1821106641437.0ns   delay +33103205.0ns   lost:55013   send:55200
Cw value = 618
MCS 0   Chann_width 40MHz   short GI 0   Thr 6.47916Mbit/s   delay sum +1810406067031.0ns   delay +32904508.0ns   lost:55020   send:55200
Cw value = 619
MCS 0   Chann_width 40MHz   short GI 0   Thr 6.47868Mbit/s   delay sum +1820722801117.0ns   delay +33094423.0ns   lost:55016   send:55200
Cw value = 620
MCS 0   Chann_width 40MHz   short GI 0   Thr 6.47974Mbit/s   delay sum +1800028738408.0ns   delay +32712925.0ns   lost:55025   send:55200
Cw value = 621
MCS 0   Chann_width 40MHz   short GI 0   Thr 6.47963Mbit/s   delay sum +1833076322820.0ns   delay +33314123.0ns   lost:55024   send:55200
Cw value = 622
MCS 0   Chann_width 40MHz   short GI 0   Thr 6.4808Mbit/s   delay sum +1885474419843.0ns   delay +34260174.0ns   lost:55034   send:55200
Cw value = 623
MCS 0   Chann_width 40MHz   short GI 0   Thr 6.4788Mbit/s   delay sum +1812791421508.0ns   delay +32949659.0ns   lost:55017   send:55200
Cw value = 624
MCS 0   Chann_width 40MHz   short GI 0   Thr 6.47998Mbit/s   delay sum +1793910606469.0ns   delay +32600552.0ns   lost:55027   send:55200
Cw value = 625
MCS 0   Chann_width 40MHz   short GI 0   Thr 6.48175Mbit/s   delay sum +1787967777434.0ns   delay +32483699.0ns   lost:55042   send:55200
Cw value = 626
MCS 0   Chann_width 40MHz   short GI 0   Thr 6.47939Mbit/s   delay sum +1791601356223.0ns   delay +32561545.0ns   lost:55022   send:55200
Cw value = 627
MCS 0   Chann_width 40MHz   short GI 0   Thr 6.48127Mbit/s   delay sum +1817426861475.0ns   delay +33021310.0ns   lost:55038   send:55200
Cw value = 628
MCS 0   Chann_width 40MHz   short GI 0   Thr 6.48045Mbit/s   delay sum +1795736647923.0ns   delay +32631365.0ns   lost:55031   send:55200
Cw value = 629
MCS 0   Chann_width 40MHz   short GI 0   Thr 6.48116Mbit/s   delay sum +1814329649543.0ns   delay +32965634.0ns   lost:55037   send:55200
Cw value = 630
MCS 0   Chann_width 40MHz   short GI 0   Thr 6.48057Mbit/s   delay sum +1818727631277.0ns   delay +33048546.0ns   lost:55032   send:55200
Cw value = 631
MCS 0   Chann_width 40MHz   short GI 0   Thr 6.48057Mbit/s   delay sum +1818716241220.0ns   delay +33048339.0ns   lost:55032   send:55200
Cw value = 632
MCS 0   Chann_width 40MHz   short GI 0   Thr 6.48151Mbit/s   delay sum +1828891035309.0ns   delay +33228398.0ns   lost:55040   send:55200
Cw value = 633
MCS 0   Chann_width 40MHz   short GI 0   Thr 6.47904Mbit/s   delay sum +1817013741359.0ns   delay +33025204.0ns   lost:55019   send:55200
Cw value = 634
MCS 0   Chann_width 40MHz   short GI 0   Thr 6.47892Mbit/s   delay sum +1798009568055.0ns   delay +32680387.0ns   lost:55018   send:55200
Cw value = 635
MCS 0   Chann_width 40MHz   short GI 0   Thr 6.47951Mbit/s   delay sum +1836803826180.0ns   delay +33382473.0ns   lost:55023   send:55200
Cw value = 636
MCS 0   Chann_width 40MHz   short GI 0   Thr 6.47727Mbit/s   delay sum +1833815750713.0ns   delay +33339679.0ns   lost:55004   send:55200
Cw value = 637
MCS 0   Chann_width 40MHz   short GI 0   Thr 6.4801Mbit/s   delay sum +1805998469955.0ns   delay +32819627.0ns   lost:55028   send:55200
Cw value = 638
MCS 0   Chann_width 40MHz   short GI 0   Thr 6.47868Mbit/s   delay sum +1830963713738.0ns   delay +33280567.0ns   lost:55016   send:55200
Cw value = 639
MCS 0   Chann_width 40MHz   short GI 0   Thr 6.47786Mbit/s   delay sum +1703354724007.0ns   delay +30965018.0ns   lost:55009   send:55200
Cw value = 640
MCS 0   Chann_width 40MHz   short GI 0   Thr 6.48116Mbit/s   delay sum +1706728690137.0ns   delay +31010569.0ns   lost:55037   send:55200
Cw value = 641
MCS 0   Chann_width 40MHz   short GI 0   Thr 6.48092Mbit/s   delay sum +1702675601827.0ns   delay +30938050.0ns   lost:55035   send:55200
Cw value = 642
MCS 0   Chann_width 40MHz   short GI 0   Thr 6.48139Mbit/s   delay sum +1698080206801.0ns   delay +30852308.0ns   lost:55039   send:55200
Cw value = 643
MCS 0   Chann_width 40MHz   short GI 0   Thr 6.48198Mbit/s   delay sum +1703156638220.0ns   delay +30941730.0ns   lost:55044   send:55200
Cw value = 644
MCS 0   Chann_width 40MHz   short GI 0   Thr 6.47951Mbit/s   delay sum +1732077400236.0ns   delay +31479152.0ns   lost:55023   send:55200
Cw value = 645
MCS 0   Chann_width 40MHz   short GI 0   Thr 6.47857Mbit/s   delay sum +1725427974407.0ns   delay +31362864.0ns   lost:55015   send:55200
Cw value = 646
MCS 0   Chann_width 40MHz   short GI 0   Thr 6.47916Mbit/s   delay sum +1704458186827.0ns   delay +30978883.0ns   lost:55020   send:55200
Cw value = 647
MCS 0   Chann_width 40MHz   short GI 0   Thr 6.48222Mbit/s   delay sum +1701476025016.0ns   delay +30910075.0ns   lost:55046   send:55200
Cw value = 648
MCS 0   Chann_width 40MHz   short GI 0   Thr 6.47927Mbit/s   delay sum +1697510078522.0ns   delay +30852039.0ns   lost:55021   send:55200
Cw value = 649
MCS 0   Chann_width 40MHz   short GI 0   Thr 6.47963Mbit/s   delay sum +1719915555352.0ns   delay +31257552.0ns   lost:55024   send:55200
Cw value = 650
MCS 0   Chann_width 40MHz   short GI 0   Thr 6.48045Mbit/s   delay sum +1715769111016.0ns   delay +31178228.0ns   lost:55031   send:55200
Cw value = 651
MCS 0   Chann_width 40MHz   short GI 0   Thr 6.47774Mbit/s   delay sum +1692024443037.0ns   delay +30759606.0ns   lost:55008   send:55200
Cw value = 652
MCS 0   Chann_width 40MHz   short GI 0   Thr 6.4808Mbit/s   delay sum +1699555213222.0ns   delay +30881913.0ns   lost:55034   send:55200
Cw value = 653
MCS 0   Chann_width 40MHz   short GI 0   Thr 6.47951Mbit/s   delay sum +1706997130100.0ns   delay +31023338.0ns   lost:55023   send:55200
Cw value = 654
MCS 0   Chann_width 40MHz   short GI 0   Thr 6.47939Mbit/s   delay sum +1704816451493.0ns   delay +30984269.0ns   lost:55022   send:55200
Cw value = 655
MCS 0   Chann_width 40MHz   short GI 0   Thr 6.47621Mbit/s   delay sum +1703319093267.0ns   delay +30972253.0ns   lost:54995   send:55200
Cw value = 656
MCS 0   Chann_width 40MHz   short GI 0   Thr 6.48351Mbit/s   delay sum +1694447862775.0ns   delay +30776247.0ns   lost:55057   send:55200
Cw value = 657
MCS 0   Chann_width 40MHz   short GI 0   Thr 6.47927Mbit/s   delay sum +1715043183977.0ns   delay +31170701.0ns   lost:55021   send:55200
Cw value = 658
MCS 0   Chann_width 40MHz   short GI 0   Thr 6.4788Mbit/s   delay sum +1705846466411.0ns   delay +31005806.0ns   lost:55017   send:55200
Cw value = 659
MCS 0   Chann_width 40MHz   short GI 0   Thr 6.47916Mbit/s   delay sum +1698717784887.0ns   delay +30874550.0ns   lost:55020   send:55200
Cw value = 660
MCS 0   Chann_width 40MHz   short GI 0   Thr 6.47645Mbit/s   delay sum +1704923734485.0ns   delay +31000304.0ns   lost:54997   send:55200
Cw value = 661
MCS 0   Chann_width 40MHz   short GI 0   Thr 6.47668Mbit/s   delay sum +1726177800867.0ns   delay +31385621.0ns   lost:54999   send:55200
Cw value = 662
MCS 0   Chann_width 40MHz   short GI 0   Thr 6.4801Mbit/s   delay sum +1709903377532.0ns   delay +31073333.0ns   lost:55028   send:55200
Cw value = 663
MCS 0   Chann_width 40MHz   short GI 0   Thr 6.47939Mbit/s   delay sum +1702477544517.0ns   delay +30941760.0ns   lost:55022   send:55200
Cw value = 664
MCS 0   Chann_width 40MHz   short GI 0   Thr 6.48057Mbit/s   delay sum +1706397250489.0ns   delay +31007363.0ns   lost:55032   send:55200
Cw value = 665
MCS 0   Chann_width 40MHz   short GI 0   Thr 6.48104Mbit/s   delay sum +1718644632901.0ns   delay +31227644.0ns   lost:55036   send:55200
Cw value = 666
MCS 0   Chann_width 40MHz   short GI 0   Thr 6.47963Mbit/s   delay sum +1710414865636.0ns   delay +31084887.0ns   lost:55024   send:55200
Cw value = 667
MCS 0   Chann_width 40MHz   short GI 0   Thr 6.47868Mbit/s   delay sum +1707967955534.0ns   delay +31044931.0ns   lost:55016   send:55200
Cw value = 668
MCS 0   Chann_width 40MHz   short GI 0   Thr 6.48316Mbit/s   delay sum +1714737286720.0ns   delay +31146461.0ns   lost:55054   send:55200
Cw value = 669
MCS 0   Chann_width 40MHz   short GI 0   Thr 6.47774Mbit/s   delay sum +1706022471409.0ns   delay +31014079.0ns   lost:55008   send:55200
Cw value = 670
MCS 0   Chann_width 40MHz   short GI 0   Thr 6.48045Mbit/s   delay sum +1692601529177.0ns   delay +30757237.0ns   lost:55031   send:55200
Cw value = 671
MCS 0   Chann_width 40MHz   short GI 0   Thr 6.47762Mbit/s   delay sum +1720621334830.0ns   delay +31280043.0ns   lost:55007   send:55200
Cw value = 672
MCS 0   Chann_width 40MHz   short GI 0   Thr 6.4788Mbit/s   delay sum +1725184047313.0ns   delay +31357290.0ns   lost:55017   send:55200
Cw value = 673
MCS 0   Chann_width 40MHz   short GI 0   Thr 6.47963Mbit/s   delay sum +1717174587964.0ns   delay +31207738.0ns   lost:55024   send:55200
Cw value = 674
MCS 0   Chann_width 40MHz   short GI 0   Thr 6.48022Mbit/s   delay sum +1702947943619.0ns   delay +30946372.0ns   lost:55029   send:55200
Cw value = 675
MCS 0   Chann_width 40MHz   short GI 0   Thr 6.47916Mbit/s   delay sum +1704357005941.0ns   delay +30977044.0ns   lost:55020   send:55200
Cw value = 676
MCS 0   Chann_width 40MHz   short GI 0   Thr 6.4808Mbit/s   delay sum +1710781029475.0ns   delay +31085892.0ns   lost:55034   send:55200
Cw value = 677
MCS 0   Chann_width 40MHz   short GI 0   Thr 6.47515Mbit/s   delay sum +1725999369234.0ns   delay +31389796.0ns   lost:54986   send:55200
Cw value = 678
MCS 0   Chann_width 40MHz   short GI 0   Thr 6.48139Mbit/s   delay sum +1702002430926.0ns   delay +30923571.0ns   lost:55039   send:55200
Cw value = 679
MCS 0   Chann_width 40MHz   short GI 0   Thr 6.47574Mbit/s   delay sum +1726534935241.0ns   delay +31396681.0ns   lost:54991   send:55200
Cw value = 680
MCS 0   Chann_width 40MHz   short GI 0   Thr 6.47974Mbit/s   delay sum +1713171533391.0ns   delay +31134421.0ns   lost:55025   send:55200
Cw value = 681
MCS 0   Chann_width 40MHz   short GI 0   Thr 6.47916Mbit/s   delay sum +1718535375553.0ns   delay +31234739.0ns   lost:55020   send:55200
Cw value = 682
MCS 0   Chann_width 40MHz   short GI 0   Thr 6.47904Mbit/s   delay sum +1704512003421.0ns   delay +30980425.0ns   lost:55019   send:55200
Cw value = 683
MCS 0   Chann_width 40MHz   short GI 0   Thr 6.47963Mbit/s   delay sum +1708540195099.0ns   delay +31050817.0ns   lost:55024   send:55200
Cw value = 684
MCS 0   Chann_width 40MHz   short GI 0   Thr 6.47433Mbit/s   delay sum +1735978756961.0ns   delay +31575306.0ns   lost:54979   send:55200
Cw value = 685
MCS 0   Chann_width 40MHz   short GI 0   Thr 6.47715Mbit/s   delay sum +1709657156379.0ns   delay +31082980.0ns   lost:55003   send:55200
Cw value = 686
MCS 0   Chann_width 40MHz   short GI 0   Thr 6.47645Mbit/s   delay sum +1716824081999.0ns   delay +31216686.0ns   lost:54997   send:55200
Cw value = 687
MCS 0   Chann_width 40MHz   short GI 0   Thr 6.48222Mbit/s   delay sum +1718030759242.0ns   delay +31210819.0ns   lost:55046   send:55200
Cw value = 688
MCS 0   Chann_width 40MHz   short GI 0   Thr 6.47951Mbit/s   delay sum +1703654884374.0ns   delay +30962595.0ns   lost:55023   send:55200
Cw value = 689
MCS 0   Chann_width 40MHz   short GI 0   Thr 6.47833Mbit/s   delay sum +1699810594144.0ns   delay +30898343.0ns   lost:55013   send:55200
Cw value = 690
MCS 0   Chann_width 40MHz   short GI 0   Thr 6.47762Mbit/s   delay sum +1720089910786.0ns   delay +31270382.0ns   lost:55007   send:55200
Cw value = 691
MCS 0   Chann_width 40MHz   short GI 0   Thr 6.47927Mbit/s   delay sum +1712184379935.0ns   delay +31118743.0ns   lost:55021   send:55200
Cw value = 692
MCS 0   Chann_width 40MHz   short GI 0   Thr 6.47645Mbit/s   delay sum +1730970518291.0ns   delay +31473908.0ns   lost:54997   send:55200
Cw value = 693
MCS 0   Chann_width 40MHz   short GI 0   Thr 6.48198Mbit/s   delay sum +1693615935072.0ns   delay +30768402.0ns   lost:55044   send:55200
Cw value = 694
MCS 0   Chann_width 40MHz   short GI 0   Thr 6.47845Mbit/s   delay sum +1713457595419.0ns   delay +31145846.0ns   lost:55014   send:55200
Cw value = 695
MCS 0   Chann_width 40MHz   short GI 0   Thr 6.47633Mbit/s   delay sum +1722652771390.0ns   delay +31323237.0ns   lost:54996   send:55200
Cw value = 696
MCS 0   Chann_width 40MHz   short GI 0   Thr 6.47762Mbit/s   delay sum +1716965002190.0ns   delay +31213572.0ns   lost:55007   send:55200
Cw value = 697
MCS 0   Chann_width 40MHz   short GI 0   Thr 6.47715Mbit/s   delay sum +1705845327050.0ns   delay +31013677.0ns   lost:55003   send:55200
Cw value = 698
MCS 0   Chann_width 40MHz   short GI 0   Thr 6.47833Mbit/s   delay sum +1702573796947.0ns   delay +30948572.0ns   lost:55013   send:55200
Cw value = 699
MCS 0   Chann_width 40MHz   short GI 0   Thr 6.4748Mbit/s   delay sum +1716759262796.0ns   delay +31223455.0ns   lost:54983   send:55200
Cw value = 700
MCS 0   Chann_width 40MHz   short GI 0   Thr 6.47951Mbit/s   delay sum +1713473064510.0ns   delay +31141033.0ns   lost:55023   send:55200
Cw value = 701
MCS 0   Chann_width 40MHz   short GI 0   Thr 6.48033Mbit/s   delay sum +1703449430398.0ns   delay +30954923.0ns   lost:55030   send:55200
Cw value = 702
MCS 0   Chann_width 40MHz   short GI 0   Thr 6.47786Mbit/s   delay sum +1726053733025.0ns   delay +31377660.0ns   lost:55009   send:55200
Cw value = 703
MCS 0   Chann_width 40MHz   short GI 0   Thr 6.47633Mbit/s   delay sum +1708562171210.0ns   delay +31067026.0ns   lost:54996   send:55200
Cw value = 704
MCS 0   Chann_width 40MHz   short GI 0   Thr 6.47798Mbit/s   delay sum +1708536350483.0ns   delay +31058650.0ns   lost:55010   send:55200
Cw value = 705
MCS 0   Chann_width 40MHz   short GI 0   Thr 6.47668Mbit/s   delay sum +1695509585351.0ns   delay +30828007.0ns   lost:54999   send:55200
Cw value = 706
MCS 0   Chann_width 40MHz   short GI 0   Thr 6.4781Mbit/s   delay sum +1722324552250.0ns   delay +31308730.0ns   lost:55011   send:55200
Cw value = 707
MCS 0   Chann_width 40MHz   short GI 0   Thr 6.48092Mbit/s   delay sum +1693029622876.0ns   delay +30762780.0ns   lost:55035   send:55200
Cw value = 708
MCS 0   Chann_width 40MHz   short GI 0   Thr 6.47762Mbit/s   delay sum +1711015403604.0ns   delay +31105412.0ns   lost:55007   send:55200
Cw value = 709
MCS 0   Chann_width 40MHz   short GI 0   Thr 6.47668Mbit/s   delay sum +1715857113504.0ns   delay +31197969.0ns   lost:54999   send:55200
Cw value = 710
MCS 0   Chann_width 40MHz   short GI 0   Thr 6.47539Mbit/s   delay sum +1713827928282.0ns   delay +31167307.0ns   lost:54988   send:55200
Cw value = 711
MCS 0   Chann_width 40MHz   short GI 0   Thr 6.47586Mbit/s   delay sum +1718599010593.0ns   delay +31251800.0ns   lost:54992   send:55200
Cw value = 712
MCS 0   Chann_width 40MHz   short GI 0   Thr 6.4755Mbit/s   delay sum +1705780687154.0ns   delay +31020398.0ns   lost:54989   send:55200
Cw value = 713
MCS 0   Chann_width 40MHz   short GI 0   Thr 6.47939Mbit/s   delay sum +1703177203676.0ns   delay +30954476.0ns   lost:55022   send:55200
Cw value = 714
MCS 0   Chann_width 40MHz   short GI 0   Thr 6.47762Mbit/s   delay sum +1714675724066.0ns   delay +31171954.0ns   lost:55007   send:55200
Cw value = 715
MCS 0   Chann_width 40MHz   short GI 0   Thr 6.47515Mbit/s   delay sum +1716742721054.0ns   delay +31221451.0ns   lost:54986   send:55200
