Waf: Entering directory `/mnt/auto/people/plgklaudia1993/ns-3/ns-3-allinone/ns-3-dev/build'
[ 850/1788] Compiling scratch/802_11n_2.cc
[1754/1788] Linking build/scratch/802_11n_2
Waf: Leaving directory `/mnt/auto/people/plgklaudia1993/ns-3/ns-3-allinone/ns-3-dev/build'
Build commands will be stored in build/compile_commands.json
'build' finished successfully (10.436s)
Cw value = 386
MCS 0   Chann_width 40MHz   short GI 0   Thr 9.68399Mbit/s   delay sum +22577055683152.0ns   delay +274543146.0ns   lost:82235   send:114650
Cw value = 387
MCS 0   Chann_width 40MHz   short GI 0   Thr 9.66762Mbit/s   delay sum +19049437878952.0ns   delay +232038563.0ns   lost:82096   send:114650
Cw value = 388
MCS 0   Chann_width 40MHz   short GI 0   Thr 9.76537Mbit/s   delay sum +18940063201461.0ns   delay +228397163.0ns   lost:82926   send:114650
Cw value = 389
MCS 0   Chann_width 40MHz   short GI 0   Thr 9.76254Mbit/s   delay sum +19389611099223.0ns   delay +233888748.0ns   lost:82901   send:114650
Cw value = 390
MCS 0   Chann_width 40MHz   short GI 0   Thr 9.6701Mbit/s   delay sum +19442248627108.0ns   delay +236765656.0ns   lost:82116   send:114650
Cw value = 391
MCS 0   Chann_width 40MHz   short GI 0   Thr 9.7172Mbit/s   delay sum +15399317861875.0ns   delay +186622204.0ns   lost:82516   send:114650
Cw value = 392
MCS 0   Chann_width 40MHz   short GI 0   Thr 9.51878Mbit/s   delay sum +20233434015124.0ns   delay +250314652.0ns   lost:80832   send:114650
Cw value = 393
MCS 0   Chann_width 40MHz   short GI 0   Thr 9.65868Mbit/s   delay sum +20525141499245.0ns   delay +250248619.0ns   lost:82019   send:114650
Cw value = 394
MCS 0   Chann_width 40MHz   short GI 0   Thr 9.6774Mbit/s   delay sum +19834381985939.0ns   delay +241355844.0ns   lost:82179   send:114650
Cw value = 395
MCS 0   Chann_width 40MHz   short GI 0   Thr 9.72415Mbit/s   delay sum +22579008272094.0ns   delay +273433058.0ns   lost:82576   send:114650
Cw value = 396
MCS 0   Chann_width 40MHz   short GI 0   Thr 9.65667Mbit/s   delay sum +22194203268130.0ns   delay +270651113.0ns   lost:82003   send:114650
Cw value = 397
MCS 0   Chann_width 40MHz   short GI 0   Thr 9.77655Mbit/s   delay sum +15015756813833.0ns   delay +180866971.0ns   lost:83021   send:114650
Cw value = 398
MCS 0   Chann_width 40MHz   short GI 0   Thr 9.77655Mbit/s   delay sum +22798783802650.0ns   delay +274621277.0ns   lost:83019   send:114650
Cw value = 399
MCS 0   Chann_width 40MHz   short GI 0   Thr 9.69706Mbit/s   delay sum +16579330421801.0ns   delay +201337410.0ns   lost:82346   send:114650
Cw value = 400
MCS 0   Chann_width 40MHz   short GI 0   Thr 9.61463Mbit/s   delay sum +23708803391309.0ns   delay +290388920.0ns   lost:81645   send:114650
Cw value = 401
MCS 0   Chann_width 40MHz   short GI 0   Thr 9.82707Mbit/s   delay sum +14713986388320.0ns   delay +176320987.0ns   lost:83450   send:114650
Cw value = 402
MCS 0   Chann_width 40MHz   short GI 0   Thr 9.78232Mbit/s   delay sum +19187787025704.0ns   delay +230986132.0ns   lost:83069   send:114650
Cw value = 403
MCS 0   Chann_width 40MHz   short GI 0   Thr 9.76313Mbit/s   delay sum +23056370087662.0ns   delay +278102550.0ns   lost:82906   send:114650
Cw value = 404
MCS 0   Chann_width 40MHz   short GI 0   Thr 9.64631Mbit/s   delay sum +20391114869153.0ns   delay +248930169.0ns   lost:81915   send:114650
Cw value = 405
MCS 0   Chann_width 40MHz   short GI 0   Thr 9.66115Mbit/s   delay sum +20248969794511.0ns   delay +246815248.0ns   lost:82041   send:114650
Cw value = 406
MCS 0   Chann_width 40MHz   short GI 0   Thr 9.66197Mbit/s   delay sum +19307465223375.0ns   delay +235319145.0ns   lost:82048   send:114650
Cw value = 407
MCS 0   Chann_width 40MHz   short GI 0   Thr 9.60945Mbit/s   delay sum +20485314711892.0ns   delay +251039370.0ns   lost:81602   send:114650
Cw value = 408
MCS 0   Chann_width 40MHz   short GI 0   Thr 9.59344Mbit/s   delay sum +23746411071924.0ns   delay +291492187.0ns   lost:81465   send:114650
Cw value = 409
MCS 0   Chann_width 40MHz   short GI 0   Thr 9.68741Mbit/s   delay sum +19528781454951.0ns   delay +237391586.0ns   lost:82264   send:114650
Cw value = 410
MCS 0   Chann_width 40MHz   short GI 0   Thr 9.80858Mbit/s   delay sum +21493923255920.0ns   delay +258051976.0ns   lost:83293   send:114650
Cw value = 411
MCS 0   Chann_width 40MHz   short GI 0   Thr 9.61275Mbit/s   delay sum +17116481829952.0ns   delay +209683717.0ns   lost:81630   send:114650
Cw value = 412
MCS 0   Chann_width 40MHz   short GI 0   Thr 9.50782Mbit/s   delay sum +21665274038040.0ns   delay +268337160.0ns   lost:80739   send:114650
Cw value = 413
MCS 0   Chann_width 40MHz   short GI 0   Thr 9.72851Mbit/s   delay sum +19068368442458.0ns   delay +230815591.0ns   lost:82613   send:114650
Cw value = 414
MCS 0   Chann_width 40MHz   short GI 0   Thr 9.71426Mbit/s   delay sum +15787119935143.0ns   delay +191377587.0ns   lost:82492   send:114650
Cw value = 415
MCS 0   Chann_width 40MHz   short GI 0   Thr 9.58531Mbit/s   delay sum +20317057479482.0ns   delay +249604499.0ns   lost:81397   send:114650
Cw value = 416
MCS 0   Chann_width 40MHz   short GI 0   Thr 9.7066Mbit/s   delay sum +18785733514038.0ns   delay +227910289.0ns   lost:82426   send:114650
Cw value = 417
MCS 0   Chann_width 40MHz   short GI 0   Thr 9.69612Mbit/s   delay sum +19279956651481.0ns   delay +234156241.0ns   lost:82338   send:114650
Cw value = 418
MCS 0   Chann_width 40MHz   short GI 0   Thr 9.78291Mbit/s   delay sum +19145215739252.0ns   delay +230459779.0ns   lost:83074   send:114650
Cw value = 419
MCS 0   Chann_width 40MHz   short GI 0   Thr 9.69577Mbit/s   delay sum +23151892717460.0ns   delay +281191385.0ns   lost:82335   send:114650
Cw value = 420
MCS 0   Chann_width 40MHz   short GI 0   Thr 9.71167Mbit/s   delay sum +16108719145856.0ns   delay +195328230.0ns   lost:82470   send:114650
Cw value = 421
MCS 0   Chann_width 40MHz   short GI 0   Thr 9.75783Mbit/s   delay sum +19685899303238.0ns   delay +237577380.0ns   lost:82861   send:114650
Cw value = 422
MCS 0   Chann_width 40MHz   short GI 0   Thr 9.69224Mbit/s   delay sum +22326735748587.0ns   delay +271268279.0ns   lost:82305   send:114650
Cw value = 423
MCS 0   Chann_width 40MHz   short GI 0   Thr 9.7669Mbit/s   delay sum +15799712832071.0ns   delay +190497990.0ns   lost:82939   send:114650
Cw value = 424
MCS 0   Chann_width 40MHz   short GI 0   Thr 9.67999Mbit/s   delay sum +20007451034487.0ns   delay +243396686.0ns   lost:82201   send:114650
Cw value = 425
MCS 0   Chann_width 40MHz   short GI 0   Thr 9.66621Mbit/s   delay sum +15698171920510.0ns   delay +191245211.0ns   lost:82084   send:114650
Cw value = 426
MCS 0   Chann_width 40MHz   short GI 0   Thr 9.65232Mbit/s   delay sum +19038203840353.0ns   delay +232269524.0ns   lost:81966   send:114650
Cw value = 427
MCS 0   Chann_width 40MHz   short GI 0   Thr 9.78173Mbit/s   delay sum +14872871067105.0ns   delay +179050997.0ns   lost:83065   send:114650
Cw value = 428
MCS 0   Chann_width 40MHz   short GI 0   Thr 9.72945Mbit/s   delay sum +22769821506210.0ns   delay +275600303.0ns   lost:82619   send:114650
Cw value = 429
MCS 0   Chann_width 40MHz   short GI 0   Thr 9.6164Mbit/s   delay sum +17397333792451.0ns   delay +213043359.0ns   lost:81661   send:114650
Cw value = 430
MCS 0   Chann_width 40MHz   short GI 0   Thr 9.61216Mbit/s   delay sum +17242116515953.0ns   delay +211235730.0ns   lost:81625   send:114650
Cw value = 431
MCS 0   Chann_width 40MHz   short GI 0   Thr 9.71296Mbit/s   delay sum +19261339567195.0ns   delay +233527395.0ns   lost:82480   send:114650
Cw value = 432
MCS 0   Chann_width 40MHz   short GI 0   Thr 9.70366Mbit/s   delay sum +19926497815214.0ns   delay +241820560.0ns   lost:82402   send:114650
Cw value = 433
MCS 0   Chann_width 40MHz   short GI 0   Thr 9.50983Mbit/s   delay sum +24100389357588.0ns   delay +298438354.0ns   lost:80755   send:114650
Cw value = 434
MCS 0   Chann_width 40MHz   short GI 0   Thr 9.75547Mbit/s   delay sum +14784372906333.0ns   delay +178464702.0ns   lost:82842   send:114650
Cw value = 435
MCS 0   Chann_width 40MHz   short GI 0   Thr 9.72285Mbit/s   delay sum +15286976323189.0ns   delay +185150806.0ns   lost:82565   send:114650
Cw value = 436
MCS 0   Chann_width 40MHz   short GI 0   Thr 9.69977Mbit/s   delay sum +16278158153477.0ns   delay +197624812.0ns   lost:82369   send:114650
Cw value = 437
MCS 0   Chann_width 40MHz   short GI 0   Thr 9.61452Mbit/s   delay sum +16300560991407.0ns   delay +199651674.0ns   lost:81645   send:114650
Cw value = 438
MCS 0   Chann_width 40MHz   short GI 0   Thr 9.74817Mbit/s   delay sum +15562462556656.0ns   delay +187997856.0ns   lost:82780   send:114650
Cw value = 439
MCS 0   Chann_width 40MHz   short GI 0   Thr 9.68929Mbit/s   delay sum +15639474708537.0ns   delay +190076260.0ns   lost:82280   send:114650
Cw value = 440
MCS 0   Chann_width 40MHz   short GI 0   Thr 9.67634Mbit/s   delay sum +20154763908311.0ns   delay +245284278.0ns   lost:82169   send:114650
Cw value = 441
MCS 0   Chann_width 40MHz   short GI 0   Thr 9.73239Mbit/s   delay sum +19592757328879.0ns   delay +237068428.0ns   lost:82646   send:114650
Cw value = 442
MCS 0   Chann_width 40MHz   short GI 0   Thr 9.76902Mbit/s   delay sum +18204098665759.0ns   delay +219440175.0ns   lost:82957   send:114650
Cw value = 443
MCS 0   Chann_width 40MHz   short GI 0   Thr 9.6562Mbit/s   delay sum +16909215611311.0ns   delay +206214976.0ns   lost:81998   send:114650
Cw value = 444
MCS 0   Chann_width 40MHz   short GI 0   Thr 9.74558Mbit/s   delay sum +18012860581971.0ns   delay +217657031.0ns   lost:82758   send:114650
Cw value = 445
MCS 0   Chann_width 40MHz   short GI 0   Thr 9.89514Mbit/s   delay sum +4878808181035.0ns   delay +58061695.0ns   lost:84028   send:114650
Cw value = 446
MCS 0   Chann_width 40MHz   short GI 0   Thr 9.68647Mbit/s   delay sum +19532332031004.0ns   delay +237457839.0ns   lost:82256   send:114650
Cw value = 447
MCS 0   Chann_width 40MHz   short GI 0   Thr 9.65703Mbit/s   delay sum +20854179107904.0ns   delay +254300650.0ns   lost:82006   send:114650
Cw value = 448
MCS 0   Chann_width 40MHz   short GI 0   Thr 9.66374Mbit/s   delay sum +21603791372869.0ns   delay +263258610.0ns   lost:82063   send:114650
Cw value = 449
MCS 0   Chann_width 40MHz   short GI 0   Thr 9.70531Mbit/s   delay sum +23464207712330.0ns   delay +284704519.0ns   lost:82416   send:114650
Cw value = 450
MCS 0   Chann_width 40MHz   short GI 0   Thr 9.64607Mbit/s   delay sum +16687244614595.0ns   delay +203719124.0ns   lost:81913   send:114650
Cw value = 451
MCS 0   Chann_width 40MHz   short GI 0   Thr 9.62747Mbit/s   delay sum +20819366826855.0ns   delay +254655578.0ns   lost:81755   send:114650
Cw value = 452
MCS 0   Chann_width 40MHz   short GI 0   Thr 9.62629Mbit/s   delay sum +23134140071042.0ns   delay +283007194.0ns   lost:81744   send:114650
Cw value = 453
MCS 0   Chann_width 40MHz   short GI 0   Thr 9.54739Mbit/s   delay sum +19945785275106.0ns   delay +246016469.0ns   lost:81075   send:114650
Cw value = 454
MCS 0   Chann_width 40MHz   short GI 0   Thr 9.64984Mbit/s   delay sum +16491417350067.0ns   delay +201249830.0ns   lost:81945   send:114650
Cw value = 455
MCS 0   Chann_width 40MHz   short GI 0   Thr 9.77161Mbit/s   delay sum +19397676497916.0ns   delay +233766091.0ns   lost:82979   send:114650
Cw value = 456
MCS 0   Chann_width 40MHz   short GI 0   Thr 9.74853Mbit/s   delay sum +10447474538445.0ns   delay +126516439.0ns   lost:82578   send:114650
Cw value = 457
MCS 0   Chann_width 40MHz   short GI 0   Thr 9.63972Mbit/s   delay sum +23004858778979.0ns   delay +281030293.0ns   lost:81859   send:114650
Cw value = 458
MCS 0   Chann_width 40MHz   short GI 0   Thr 9.62641Mbit/s   delay sum +20207897567863.0ns   delay +247206527.0ns   lost:81745   send:114650
Cw value = 459
MCS 0   Chann_width 40MHz   short GI 0   Thr 9.64348Mbit/s   delay sum +16344519580031.0ns   delay +199588716.0ns   lost:81891   send:114650
Cw value = 460
MCS 0   Chann_width 40MHz   short GI 0   Thr 9.62394Mbit/s   delay sum +23365692171620.0ns   delay +285909796.0ns   lost:81724   send:114650
Cw value = 461
MCS 0   Chann_width 40MHz   short GI 0   Thr 9.72804Mbit/s   delay sum +10500448078247.0ns   delay +127110218.0ns   lost:82609   send:114650
Cw value = 462
MCS 0   Chann_width 40MHz   short GI 0   Thr 9.60309Mbit/s   delay sum +22961458054597.0ns   delay +281569849.0ns   lost:81548   send:114650
Cw value = 463
MCS 0   Chann_width 40MHz   short GI 0   Thr 9.58519Mbit/s   delay sum +21439642452956.0ns   delay +263580556.0ns   lost:81340   send:114650
Cw value = 464
MCS 0   Chann_width 40MHz   short GI 0   Thr 9.7059Mbit/s   delay sum +21509017599639.0ns   delay +260968425.0ns   lost:82420   send:114650
Cw value = 465
MCS 0   Chann_width 40MHz   short GI 0   Thr 9.63041Mbit/s   delay sum +19541736839732.0ns   delay +238954962.0ns   lost:81780   send:114650
Cw value = 466
MCS 0   Chann_width 40MHz   short GI 0   Thr 9.68918Mbit/s   delay sum +19320345840741.0ns   delay +234815029.0ns   lost:82279   send:114650
Cw value = 467
MCS 0   Chann_width 40MHz   short GI 0   Thr 9.74806Mbit/s   delay sum +18992685463144.0ns   delay +229438450.0ns   lost:82779   send:114650
Cw value = 468
MCS 0   Chann_width 40MHz   short GI 0   Thr 9.59591Mbit/s   delay sum +23218775834927.0ns   delay +284938405.0ns   lost:81487   send:114650
Cw value = 469
MCS 0   Chann_width 40MHz   short GI 0   Thr 9.6396Mbit/s   delay sum +17905751111523.0ns   delay +218875306.0ns   lost:81808   send:114650
Cw value = 470
MCS 0   Chann_width 40MHz   short GI 0   Thr 9.56741Mbit/s   delay sum +20838727526288.0ns   delay +256495587.0ns   lost:81244   send:114650
Cw value = 471
MCS 0   Chann_width 40MHz   short GI 0   Thr 9.6131Mbit/s   delay sum +26997142121100.0ns   delay +330745998.0ns   lost:81625   send:114650
Cw value = 472
MCS 0   Chann_width 40MHz   short GI 0   Thr 9.55634Mbit/s   delay sum +23087584612384.0ns   delay +285151602.0ns   lost:80966   send:114650
Cw value = 473
MCS 0   Chann_width 40MHz   short GI 0   Thr 9.74817Mbit/s   delay sum +19047168437300.0ns   delay +230093844.0ns   lost:82780   send:114650
Cw value = 474
MCS 0   Chann_width 40MHz   short GI 0   Thr 9.59096Mbit/s   delay sum +20855598321865.0ns   delay +256069719.0ns   lost:81445   send:114650
Cw value = 475
MCS 0   Chann_width 40MHz   short GI 0   Thr 9.59956Mbit/s   delay sum +20251983971673.0ns   delay +248435731.0ns   lost:81518   send:114650
Cw value = 476
MCS 0   Chann_width 40MHz   short GI 0   Thr 9.58755Mbit/s   delay sum +20864265630811.0ns   delay +256267387.0ns   lost:81416   send:114650
Cw value = 477
MCS 0   Chann_width 40MHz   short GI 0   Thr 9.5713Mbit/s   delay sum +22962689354737.0ns   delay +282520354.0ns   lost:81278   send:114650
Cw value = 478
MCS 0   Chann_width 40MHz   short GI 0   Thr 9.73263Mbit/s   delay sum +15808569067711.0ns   delay +191275881.0ns   lost:82648   send:114650
Cw value = 479
MCS 0   Chann_width 40MHz   short GI 0   Thr 9.81212Mbit/s   delay sum +7735582872844.0ns   delay +92838506.0ns   lost:83323   send:114650
Cw value = 480
MCS 0   Chann_width 40MHz   short GI 0   Thr 9.61404Mbit/s   delay sum +17293212104803.0ns   delay +211820189.0ns   lost:81641   send:114650
Cw value = 481
MCS 0   Chann_width 40MHz   short GI 0   Thr 9.60333Mbit/s   delay sum +21670591704566.0ns   delay +266390388.0ns   lost:81349   send:114650
Cw value = 482
MCS 0   Chann_width 40MHz   short GI 0   Thr 9.61522Mbit/s   delay sum +20155697138524.0ns   delay +246854833.0ns   lost:81650   send:114650
Cw value = 483
MCS 0   Chann_width 40MHz   short GI 0   Thr 9.69824Mbit/s   delay sum +19478019395689.0ns   delay +236512894.0ns   lost:82355   send:114650
Cw value = 484
MCS 0   Chann_width 40MHz   short GI 0   Thr 9.61805Mbit/s   delay sum +16550362032416.0ns   delay +202636817.0ns   lost:81675   send:114650
Cw value = 485
MCS 0   Chann_width 40MHz   short GI 0   Thr 9.59897Mbit/s   delay sum +19863519837512.0ns   delay +243685299.0ns   lost:81513   send:114650
Cw value = 486
MCS 0   Chann_width 40MHz   short GI 0   Thr 9.74511Mbit/s   delay sum +19330998751370.0ns   delay +233595944.0ns   lost:82754   send:114650
Cw value = 487
MCS 0   Chann_width 40MHz   short GI 0   Thr 9.83119Mbit/s   delay sum +8618347729462.0ns   delay +103304058.0ns   lost:83427   send:114650
Cw value = 488
MCS 0   Chann_width 40MHz   short GI 0   Thr 9.67928Mbit/s   delay sum +15731536277319.0ns   delay +191392861.0ns   lost:82195   send:114650
Cw value = 489
MCS 0   Chann_width 40MHz   short GI 0   Thr 9.64242Mbit/s   delay sum +15762917388428.0ns   delay +192507723.0ns   lost:81882   send:114650
Cw value = 490
MCS 0   Chann_width 40MHz   short GI 0   Thr 9.60156Mbit/s   delay sum +16713155458687.0ns   delay +204981363.0ns   lost:81535   send:114650
Cw value = 491
MCS 0   Chann_width 40MHz   short GI 0   Thr 9.70166Mbit/s   delay sum +18633727402249.0ns   delay +226178641.0ns   lost:82385   send:114650
Cw value = 492
MCS 0   Chann_width 40MHz   short GI 0   Thr 9.72957Mbit/s   delay sum +15415658372020.0ns   delay +186580552.0ns   lost:82622   send:114650
Cw value = 493
MCS 0   Chann_width 40MHz   short GI 0   Thr 9.50205Mbit/s   delay sum +19795977997254.0ns   delay +245757073.0ns   lost:80551   send:114650
Cw value = 494
MCS 0   Chann_width 40MHz   short GI 0   Thr 9.82001Mbit/s   delay sum +14290926611435.0ns   delay +171374584.0ns   lost:83390   send:114650
Cw value = 495
MCS 0   Chann_width 40MHz   short GI 0   Thr 9.51042Mbit/s   delay sum +18376918329487.0ns   delay +227546938.0ns   lost:80761   send:114650
Cw value = 496
MCS 0   Chann_width 40MHz   short GI 0   Thr 9.65302Mbit/s   delay sum +19814881668761.0ns   delay +241730388.0ns   lost:81971   send:114650
Cw value = 497
MCS 0   Chann_width 40MHz   short GI 0   Thr 9.70425Mbit/s   delay sum +15399052540100.0ns   delay +186865831.0ns   lost:82407   send:114650
Cw value = 498
MCS 0   Chann_width 40MHz   short GI 0   Thr 9.70637Mbit/s   delay sum +15379736137179.0ns   delay +186590671.0ns   lost:82425   send:114650
Cw value = 499
MCS 0   Chann_width 40MHz   short GI 0   Thr 9.70707Mbit/s   delay sum +15937921901478.0ns   delay +193348641.0ns   lost:82431   send:114650
Cw value = 500
MCS 0   Chann_width 40MHz   short GI 0   Thr 9.58343Mbit/s   delay sum +16125679107182.0ns   delay +198150417.0ns   lost:81381   send:114650
Cw value = 501
MCS 0   Chann_width 40MHz   short GI 0   Thr 9.6151Mbit/s   delay sum +16421703528132.0ns   delay +201123129.0ns   lost:81650   send:114650
Cw value = 502
MCS 0   Chann_width 40MHz   short GI 0   Thr 9.69Mbit/s   delay sum +16019880596612.0ns   delay +194687738.0ns   lost:82285   send:114650
Cw value = 503
MCS 0   Chann_width 40MHz   short GI 0   Thr 9.67128Mbit/s   delay sum +16116431317469.0ns   delay +196237915.0ns   lost:82127   send:114650
Cw value = 504
MCS 0   Chann_width 40MHz   short GI 0   Thr 9.63406Mbit/s   delay sum +19197994808852.0ns   delay +234665625.0ns   lost:81810   send:114650
Cw value = 505
MCS 0   Chann_width 40MHz   short GI 0   Thr 9.73334Mbit/s   delay sum +15385101362811.0ns   delay +186138618.0ns   lost:82654   send:114650
Cw value = 506
MCS 0   Chann_width 40MHz   short GI 0   Thr 9.55693Mbit/s   delay sum +20353694045442.0ns   delay +250803337.0ns   lost:81154   send:114650
Cw value = 507
MCS 0   Chann_width 40MHz   short GI 0   Thr 9.67834Mbit/s   delay sum +16931421112271.0ns   delay +206010939.0ns   lost:82187   send:114650
Cw value = 508
MCS 0   Chann_width 40MHz   short GI 0   Thr 9.72768Mbit/s   delay sum +15219283359391.0ns   delay +184239442.0ns   lost:82606   send:114650
Cw value = 509
MCS 0   Chann_width 40MHz   short GI 0   Thr 9.65444Mbit/s   delay sum +20855480674523.0ns   delay +254384766.0ns   lost:81984   send:114650
Cw value = 510
MCS 0   Chann_width 40MHz   short GI 0   Thr 9.77184Mbit/s   delay sum +7758155769053.0ns   delay +93493158.0ns   lost:82981   send:114650
Cw value = 511
MCS 0   Chann_width 40MHz   short GI 0   Thr 10.6981Mbit/s   delay sum +9111019567065.0ns   delay +100289713.0ns   lost:90847   send:114650
Cw value = 512
MCS 0   Chann_width 40MHz   short GI 0   Thr 0.923121Mbit/s   delay sum +1328365979336.0ns   delay +169456050.0ns   lost:7839   send:114650
Cw value = 513
MCS 0   Chann_width 40MHz   short GI 0   Thr 0.850345Mbit/s   delay sum +1301199329949.0ns   delay +180196555.0ns   lost:7221   send:114650
Cw value = 514
MCS 0   Chann_width 40MHz   short GI 0   Thr 0.548526Mbit/s   delay sum +61058550852.0ns   delay +13108319.0ns   lost:4658   send:114650
Cw value = 515
MCS 0   Chann_width 40MHz   short GI 0   Thr 1.83282Mbit/s   delay sum +1859017202113.0ns   delay +119443408.0ns   lost:15564   send:114650
Cw value = 516
MCS 0   Chann_width 40MHz   short GI 0   Thr 1.6928Mbit/s   delay sum +1739621520887.0ns   delay +121017149.0ns   lost:14375   send:114650
Cw value = 517
MCS 0   Chann_width 40MHz   short GI 0   Thr 1.67714Mbit/s   delay sum +1715595523081.0ns   delay +120460295.0ns   lost:14242   send:114650
Cw value = 518
MCS 0   Chann_width 40MHz   short GI 0   Thr 1.52994Mbit/s   delay sum +1911373172516.0ns   delay +147119240.0ns   lost:12992   send:114650
Cw value = 519
MCS 0   Chann_width 40MHz   short GI 0   Thr 3.06435Mbit/s   delay sum +4439842772117.0ns   delay +170618813.0ns   lost:26022   send:114650
Cw value = 520
MCS 0   Chann_width 40MHz   short GI 0   Thr 2.96237Mbit/s   delay sum +4176372460519.0ns   delay +166018940.0ns   lost:25156   send:114650
Cw value = 521
MCS 0   Chann_width 40MHz   short GI 0   Thr 2.88877Mbit/s   delay sum +4345372300169.0ns   delay +177138000.0ns   lost:24531   send:114650
Cw value = 522
MCS 0   Chann_width 40MHz   short GI 0   Thr 2.72497Mbit/s   delay sum +4344199784897.0ns   delay +187735513.0ns   lost:23140   send:114650
Cw value = 523
MCS 0   Chann_width 40MHz   short GI 0   Thr 2.66997Mbit/s   delay sum +4253020684533.0ns   delay +187580853.0ns   lost:22673   send:114650
Cw value = 524
MCS 0   Chann_width 40MHz   short GI 0   Thr 2.95271Mbit/s   delay sum +4675474291774.0ns   delay +186467029.0ns   lost:25074   send:114650
Cw value = 525
MCS 0   Chann_width 40MHz   short GI 0   Thr 3.4426Mbit/s   delay sum +3827234407496.0ns   delay +130917233.0ns   lost:29234   send:114650
Cw value = 526
MCS 0   Chann_width 40MHz   short GI 0   Thr 2.57741Mbit/s   delay sum +4800925398650.0ns   delay +219350545.0ns   lost:21887   send:114650
Cw value = 527
MCS 0   Chann_width 40MHz   short GI 0   Thr 4.43484Mbit/s   delay sum +6877439916374.0ns   delay +182619222.0ns   lost:37660   send:114650
Cw value = 528
MCS 0   Chann_width 40MHz   short GI 0   Thr 4.33922Mbit/s   delay sum +7221134844466.0ns   delay +195970876.0ns   lost:36848   send:114650
Cw value = 529
MCS 0   Chann_width 40MHz   short GI 0   Thr 5.90166Mbit/s   delay sum +1093551290572.0ns   delay +21820402.0ns   lost:50116   send:114650
Cw value = 530
MCS 0   Chann_width 40MHz   short GI 0   Thr 4.46499Mbit/s   delay sum +6861348020748.0ns   delay +180961810.0ns   lost:37916   send:114650
Cw value = 531
MCS 0   Chann_width 40MHz   short GI 0   Thr 3.80659Mbit/s   delay sum +6704362897639.0ns   delay +207404884.0ns   lost:32325   send:114650
Cw value = 532
MCS 0   Chann_width 40MHz   short GI 0   Thr 3.85169Mbit/s   delay sum +7041717726711.0ns   delay +215290379.0ns   lost:32708   send:114650
Cw value = 533
MCS 0   Chann_width 40MHz   short GI 0   Thr 4.29306Mbit/s   delay sum +7381684752303.0ns   delay +202487580.0ns   lost:36455   send:114650
Cw value = 534
MCS 0   Chann_width 40MHz   short GI 0   Thr 3.40515Mbit/s   delay sum +7592599598715.0ns   delay +262574339.0ns   lost:28916   send:114650
Cw value = 535
MCS 0   Chann_width 40MHz   short GI 0   Thr 4.33204Mbit/s   delay sum +6461033746973.0ns   delay +175633613.0ns   lost:36787   send:114650
Cw value = 536
MCS 0   Chann_width 40MHz   short GI 0   Thr 4.50962Mbit/s   delay sum +6643562775998.0ns   delay +173483817.0ns   lost:38295   send:114650
Cw value = 537
MCS 0   Chann_width 40MHz   short GI 0   Thr 4.03834Mbit/s   delay sum +7303483924848.0ns   delay +212973024.0ns   lost:34293   send:114650
Cw value = 538
MCS 0   Chann_width 40MHz   short GI 0   Thr 4.20285Mbit/s   delay sum +6868532221107.0ns   delay +192449768.0ns   lost:35690   send:114650
Cw value = 539
MCS 0   Chann_width 40MHz   short GI 0   Thr 5.49327Mbit/s   delay sum +2749957521425.0ns   delay +59958955.0ns   lost:45864   send:114650
Cw value = 540
MCS 0   Chann_width 40MHz   short GI 0   Thr 4.04353Mbit/s   delay sum +7595301210370.0ns   delay +221198742.0ns   lost:34337   send:114650
Cw value = 541
MCS 0   Chann_width 40MHz   short GI 0   Thr 5.11844Mbit/s   delay sum +808978797011.0ns   delay +18612189.0ns   lost:43465   send:114650
Cw value = 542
MCS 0   Chann_width 40MHz   short GI 0   Thr 4.80049Mbit/s   delay sum +5144002054582.0ns   delay +126186730.0ns   lost:40765   send:114650
Cw value = 543
MCS 0   Chann_width 40MHz   short GI 0   Thr 5.84643Mbit/s   delay sum +11611969395471.0ns   delay +233890655.0ns   lost:49647   send:114650
Cw value = 544
MCS 0   Chann_width 40MHz   short GI 0   Thr 6.13906Mbit/s   delay sum +9716070907123.0ns   delay +186374413.0ns   lost:52132   send:114650
Cw value = 545
MCS 0   Chann_width 40MHz   short GI 0   Thr 5.69829Mbit/s   delay sum +10514782974612.0ns   delay +217301458.0ns   lost:48388   send:114650
Cw value = 546
MCS 0   Chann_width 40MHz   short GI 0   Thr 5.64424Mbit/s   delay sum +11531310895659.0ns   delay +240591518.0ns   lost:47929   send:114650
Cw value = 547
MCS 0   Chann_width 40MHz   short GI 0   Thr 5.96572Mbit/s   delay sum +10642034061516.0ns   delay +210067786.0ns   lost:50660   send:114650
Cw value = 548
MCS 0   Chann_width 40MHz   short GI 0   Thr 6.16415Mbit/s   delay sum +10575492218983.0ns   delay +202034429.0ns   lost:52345   send:114650
Cw value = 549
MCS 0   Chann_width 40MHz   short GI 0   Thr 7.01555Mbit/s   delay sum +3383661079033.0ns   delay +56796660.0ns   lost:59575   send:114650
Cw value = 550
MCS 0   Chann_width 40MHz   short GI 0   Thr 5.92851Mbit/s   delay sum +10623993479630.0ns   delay +211027996.0ns   lost:50344   send:114650
Cw value = 551
MCS 0   Chann_width 40MHz   short GI 0   Thr 5.59172Mbit/s   delay sum +11642387592348.0ns   delay +245195812.0ns   lost:47482   send:114650
Cw value = 552
MCS 0   Chann_width 40MHz   short GI 0   Thr 6.02036Mbit/s   delay sum +10283976502767.0ns   delay +201157509.0ns   lost:51124   send:114650
Cw value = 553
MCS 0   Chann_width 40MHz   short GI 0   Thr 6.12611Mbit/s   delay sum +10883332118705.0ns   delay +209206338.0ns   lost:52022   send:114650
Cw value = 554
MCS 0   Chann_width 40MHz   short GI 0   Thr 5.65849Mbit/s   delay sum +11483716428430.0ns   delay +238990165.0ns   lost:48051   send:114650
Cw value = 555
MCS 0   Chann_width 40MHz   short GI 0   Thr 5.90767Mbit/s   delay sum +11344906124037.0ns   delay +226142805.0ns   lost:50167   send:114650
Cw value = 556
MCS 0   Chann_width 40MHz   short GI 0   Thr 5.89271Mbit/s   delay sum +10322826250607.0ns   delay +206295614.0ns   lost:50039   send:114650
Cw value = 557
MCS 0   Chann_width 40MHz   short GI 0   Thr 7.34292Mbit/s   delay sum +3767938835841.0ns   delay +61010360.0ns   lost:61759   send:114650
Cw value = 558
MCS 0   Chann_width 40MHz   short GI 0   Thr 5.96266Mbit/s   delay sum +11120341986829.0ns   delay +219626369.0ns   lost:50633   send:114650
Cw value = 559
MCS 0   Chann_width 40MHz   short GI 0   Thr 5.79073Mbit/s   delay sum +11731169241027.0ns   delay +238564469.0ns   lost:49174   send:114650
Cw value = 560
MCS 0   Chann_width 40MHz   short GI 0   Thr 5.69805Mbit/s   delay sum +11634610463132.0ns   delay +240449097.0ns   lost:48387   send:114650
Cw value = 561
MCS 0   Chann_width 40MHz   short GI 0   Thr 6.09184Mbit/s   delay sum +10558825268108.0ns   delay +204110209.0ns   lost:51731   send:114650
Cw value = 562
MCS 0   Chann_width 40MHz   short GI 0   Thr 5.84384Mbit/s   delay sum +10755747425809.0ns   delay +216749237.0ns   lost:49623   send:114650
Cw value = 563
MCS 0   Chann_width 40MHz   short GI 0   Thr 7.22116Mbit/s   delay sum +2986828331404.0ns   delay +49342149.0ns   lost:60533   send:114650
Cw value = 564
MCS 0   Chann_width 40MHz   short GI 0   Thr 5.80839Mbit/s   delay sum +10985363886457.0ns   delay +222718430.0ns   lost:49324   send:114650
Cw value = 565
MCS 0   Chann_width 40MHz   short GI 0   Thr 5.97126Mbit/s   delay sum +10918577098033.0ns   delay +215326820.0ns   lost:50707   send:114650
Cw value = 566
MCS 0   Chann_width 40MHz   short GI 0   Thr 6.05145Mbit/s   delay sum +10589322439410.0ns   delay +206066055.0ns   lost:51388   send:114650
Cw value = 567
MCS 0   Chann_width 40MHz   short GI 0   Thr 5.66708Mbit/s   delay sum +11694312845385.0ns   delay +243003757.0ns   lost:48124   send:114650
Cw value = 568
MCS 0   Chann_width 40MHz   short GI 0   Thr 5.80769Mbit/s   delay sum +11003677931938.0ns   delay +223116872.0ns   lost:49318   send:114650
Cw value = 569
MCS 0   Chann_width 40MHz   short GI 0   Thr 5.87116Mbit/s   delay sum +10302124854186.0ns   delay +206633468.0ns   lost:49857   send:114650
Cw value = 570
MCS 0   Chann_width 40MHz   short GI 0   Thr 5.51117Mbit/s   delay sum +11557275532027.0ns   delay +246950331.0ns   lost:46800   send:114650
Cw value = 571
MCS 0   Chann_width 40MHz   short GI 0   Thr 6.07736Mbit/s   delay sum +10213363031282.0ns   delay +197906544.0ns   lost:51607   send:114650
Cw value = 572
MCS 0   Chann_width 40MHz   short GI 0   Thr 5.83571Mbit/s   delay sum +10979231972343.0ns   delay +221552021.0ns   lost:49556   send:114650
Cw value = 573
MCS 0   Chann_width 40MHz   short GI 0   Thr 5.19863Mbit/s   delay sum +12754492400657.0ns   delay +288916150.0ns   lost:44146   send:114650
Cw value = 574
MCS 0   Chann_width 40MHz   short GI 0   Thr 5.79933Mbit/s   delay sum +11578824339843.0ns   delay +235117354.0ns   lost:49247   send:114650
Cw value = 575
MCS 0   Chann_width 40MHz   short GI 0   Thr 7.74802Mbit/s   delay sum +17511438414376.0ns   delay +266151507.0ns   lost:65795   send:114650
Cw value = 576
MCS 0   Chann_width 40MHz   short GI 0   Thr 7.86919Mbit/s   delay sum +16494252720261.0ns   delay +246838656.0ns   lost:66822   send:114650
Cw value = 577
MCS 0   Chann_width 40MHz   short GI 0   Thr 7.84164Mbit/s   delay sum +16799645420455.0ns   delay +252284808.0ns   lost:66590   send:114650
Cw value = 578
MCS 0   Chann_width 40MHz   short GI 0   Thr 9.16102Mbit/s   delay sum +1736815508136.0ns   delay +22325828.0ns   lost:77794   send:114650
Cw value = 579
MCS 0   Chann_width 40MHz   short GI 0   Thr 7.65758Mbit/s   delay sum +17149747573002.0ns   delay +263736775.0ns   lost:65026   send:114650
Cw value = 580
MCS 0   Chann_width 40MHz   short GI 0   Thr 7.99049Mbit/s   delay sum +12821105693666.0ns   delay +188951361.0ns   lost:67854   send:114650
Cw value = 581
MCS 0   Chann_width 40MHz   short GI 0   Thr 7.75638Mbit/s   delay sum +15937133283441.0ns   delay +241962974.0ns   lost:65866   send:114650
Cw value = 582
MCS 0   Chann_width 40MHz   short GI 0   Thr 8.02381Mbit/s   delay sum +9811664881279.0ns   delay +143999073.0ns   lost:68137   send:114650
Cw value = 583
MCS 0   Chann_width 40MHz   short GI 0   Thr 7.78558Mbit/s   delay sum +17155744146971.0ns   delay +259487312.0ns   lost:66114   send:114650
Cw value = 584
MCS 0   Chann_width 40MHz   short GI 0   Thr 7.87814Mbit/s   delay sum +15614776930045.0ns   delay +233408226.0ns   lost:66899   send:114650
Cw value = 585
MCS 0   Chann_width 40MHz   short GI 0   Thr 8.01086Mbit/s   delay sum +15257905374721.0ns   delay +224291904.0ns   lost:68027   send:114650
Cw value = 586
MCS 0   Chann_width 40MHz   short GI 0   Thr 8.90136Mbit/s   delay sum +1627681737686.0ns   delay +21533314.0ns   lost:75589   send:114650
Cw value = 587
MCS 0   Chann_width 40MHz   short GI 0   Thr 7.91253Mbit/s   delay sum +15426606281909.0ns   delay +229908139.0ns   lost:67099   send:114650
Cw value = 588
MCS 0   Chann_width 40MHz   short GI 0   Thr 7.83493Mbit/s   delay sum +16960709422477.0ns   delay +254921759.0ns   lost:66533   send:114650
Cw value = 589
MCS 0   Chann_width 40MHz   short GI 0   Thr 7.91194Mbit/s   delay sum +14314628403607.0ns   delay +213059691.0ns   lost:67186   send:114650
Cw value = 590
MCS 0   Chann_width 40MHz   short GI 0   Thr 7.80867Mbit/s   delay sum +16586526291604.0ns   delay +250136122.0ns   lost:66310   send:114650
Cw value = 591
MCS 0   Chann_width 40MHz   short GI 0   Thr 7.60977Mbit/s   delay sum +17790125241434.0ns   delay +275303702.0ns   lost:64620   send:114650
Cw value = 592
MCS 0   Chann_width 40MHz   short GI 0   Thr 7.81785Mbit/s   delay sum +14968021881573.0ns   delay +225462762.0ns   lost:66388   send:114650
Cw value = 593
MCS 0   Chann_width 40MHz   short GI 0   Thr 7.96505Mbit/s   delay sum +14499912313284.0ns   delay +214375237.0ns   lost:67638   send:114650
Cw value = 594
MCS 0   Chann_width 40MHz   short GI 0   Thr 8.02723Mbit/s   delay sum +14392545955029.0ns   delay +211145853.0ns   lost:68164   send:114650
Cw value = 595
MCS 0   Chann_width 40MHz   short GI 0   Thr 8.01545Mbit/s   delay sum +14168623227996.0ns   delay +208163126.0ns   lost:68065   send:114650
Cw value = 596
MCS 0   Chann_width 40MHz   short GI 0   Thr 8.52135Mbit/s   delay sum +5990849398394.0ns   delay +82789991.0ns   lost:72362   send:114650
Cw value = 597
MCS 0   Chann_width 40MHz   short GI 0   Thr 7.71999Mbit/s   delay sum +18795335974364.0ns   delay +286702197.0ns   lost:65557   send:114650
Cw value = 598
MCS 0   Chann_width 40MHz   short GI 0   Thr 8.03288Mbit/s   delay sum +13197866028021.0ns   delay +193477380.0ns   lost:68214   send:114650
Cw value = 599
MCS 0   Chann_width 40MHz   short GI 0   Thr 7.49484Mbit/s   delay sum +18748297725360.0ns   delay +294580757.0ns   lost:63644   send:114650
Cw value = 600
MCS 0   Chann_width 40MHz   short GI 0   Thr 7.73719Mbit/s   delay sum +16496137791038.0ns   delay +251071302.0ns   lost:65703   send:114650
Cw value = 601
MCS 0   Chann_width 40MHz   short GI 0   Thr 7.6511Mbit/s   delay sum +18492651236567.0ns   delay +284624934.0ns   lost:64972   send:114650
Cw value = 602
MCS 0   Chann_width 40MHz   short GI 0   Thr 8.89512Mbit/s   delay sum +1672343278666.0ns   delay +22139685.0ns   lost:75536   send:114650
Cw value = 603
MCS 0   Chann_width 40MHz   short GI 0   Thr 8.06833Mbit/s   delay sum +16771640658762.0ns   delay +245213764.0ns   lost:68396   send:114650
Cw value = 604
MCS 0   Chann_width 40MHz   short GI 0   Thr 7.88745Mbit/s   delay sum +14945636032634.0ns   delay +223139133.0ns   lost:66979   send:114650
Cw value = 605
MCS 0   Chann_width 40MHz   short GI 0   Thr 7.96552Mbit/s   delay sum +14692447435313.0ns   delay +217212155.0ns   lost:67641   send:114650
Cw value = 606
MCS 0   Chann_width 40MHz   short GI 0   Thr 8.63063Mbit/s   delay sum +2896977616960.0ns   delay +39949495.0ns   lost:72516   send:114650
Cw value = 607
MCS 0   Chann_width 40MHz   short GI 0   Thr 8.08846Mbit/s   delay sum +13317694667053.0ns   delay +193892418.0ns   lost:68686   send:114650
Cw value = 608
MCS 0   Chann_width 40MHz   short GI 0   Thr 7.92678Mbit/s   delay sum +16845119641120.0ns   delay +250254332.0ns   lost:67312   send:114650
Cw value = 609
MCS 0   Chann_width 40MHz   short GI 0   Thr 7.61789Mbit/s   delay sum +17512211426148.0ns   delay +270713899.0ns   lost:64689   send:114650
Cw value = 610
MCS 0   Chann_width 40MHz   short GI 0   Thr 7.8845Mbit/s   delay sum +17305778664016.0ns   delay +258476523.0ns   lost:66953   send:114650
Cw value = 611
MCS 0   Chann_width 40MHz   short GI 0   Thr 7.81832Mbit/s   delay sum +16191639151940.0ns   delay +243879370.0ns   lost:66392   send:114650
Cw value = 612
MCS 0   Chann_width 40MHz   short GI 0   Thr 8.01263Mbit/s   delay sum +15722331185664.0ns   delay +231068034.0ns   lost:68042   send:114650
Cw value = 613
MCS 0   Chann_width 40MHz   short GI 0   Thr 7.95233Mbit/s   delay sum +14368412519083.0ns   delay +212770805.0ns   lost:67530   send:114650
Cw value = 614
MCS 0   Chann_width 40MHz   short GI 0   Thr 8.88947Mbit/s   delay sum +1654366159502.0ns   delay +21915617.0ns   lost:75488   send:114650
Cw value = 615
MCS 0   Chann_width 40MHz   short GI 0   Thr 8.17384Mbit/s   delay sum +12717074384193.0ns   delay +183214107.0ns   lost:69411   send:114650
Cw value = 616
MCS 0   Chann_width 40MHz   short GI 0   Thr 7.82621Mbit/s   delay sum +14046544346171.0ns   delay +211359721.0ns   lost:66458   send:114650
Cw value = 617
MCS 0   Chann_width 40MHz   short GI 0   Thr 7.49695Mbit/s   delay sum +17969059589450.0ns   delay +282252793.0ns   lost:63663   send:114650
Cw value = 618
MCS 0   Chann_width 40MHz   short GI 0   Thr 7.81879Mbit/s   delay sum +14979018291808.0ns   delay +225601215.0ns   lost:66396   send:114650
Cw value = 619
MCS 0   Chann_width 40MHz   short GI 0   Thr 7.98813Mbit/s   delay sum +14340897102670.0ns   delay +211414755.0ns   lost:67833   send:114650
Cw value = 620
MCS 0   Chann_width 40MHz   short GI 0   Thr 7.7598Mbit/s   delay sum +16047994607653.0ns   delay +243538881.0ns   lost:65895   send:114650
Cw value = 621
MCS 0   Chann_width 40MHz   short GI 0   Thr 7.82668Mbit/s   delay sum +16321693126142.0ns   delay +245579325.0ns   lost:66462   send:114650
Cw value = 622
MCS 0   Chann_width 40MHz   short GI 0   Thr 8.27382Mbit/s   delay sum +7871799468141.0ns   delay +112038136.0ns   lost:70260   send:114650
Cw value = 623
MCS 0   Chann_width 40MHz   short GI 0   Thr 8.45517Mbit/s   delay sum +4201690043136.0ns   delay +58519359.0ns   lost:71800   send:114650
Cw value = 624
MCS 0   Chann_width 40MHz   short GI 0   Thr 8.04136Mbit/s   delay sum +13069636955521.0ns   delay +191398359.0ns   lost:68285   send:114650
Cw value = 625
MCS 0   Chann_width 40MHz   short GI 0   Thr 8.52229Mbit/s   delay sum +10862362950614.0ns   delay +150096905.0ns   lost:72369   send:114650
Cw value = 626
MCS 0   Chann_width 40MHz   short GI 0   Thr 7.83469Mbit/s   delay sum +16126566452496.0ns   delay +242391764.0ns   lost:66531   send:114650
Cw value = 627
MCS 0   Chann_width 40MHz   short GI 0   Thr 8.06173Mbit/s   delay sum +13615759662377.0ns   delay +198889257.0ns   lost:68459   send:114650
Cw value = 628
MCS 0   Chann_width 40MHz   short GI 0   Thr 7.86943Mbit/s   delay sum +13528006219819.0ns   delay +202436270.0ns   lost:66826   send:114650
Cw value = 629
MCS 0   Chann_width 40MHz   short GI 0   Thr 7.7028Mbit/s   delay sum +18383159070645.0ns   delay +281040789.0ns   lost:65411   send:114650
Cw value = 630
MCS 0   Chann_width 40MHz   short GI 0   Thr 7.97271Mbit/s   delay sum +16564304837412.0ns   delay +244661312.0ns   lost:67703   send:114650
Cw value = 631
MCS 0   Chann_width 40MHz   short GI 0   Thr 7.85848Mbit/s   delay sum +13620271870184.0ns   delay +204100997.0ns   lost:66733   send:114650
Cw value = 632
MCS 0   Chann_width 40MHz   short GI 0   Thr 7.91889Mbit/s   delay sum +15328919340939.0ns   delay +227952879.0ns   lost:67246   send:114650
Cw value = 633
MCS 0   Chann_width 40MHz   short GI 0   Thr 7.85341Mbit/s   delay sum +16131362637747.0ns   delay +241889406.0ns   lost:66689   send:114650
Cw value = 634
MCS 0   Chann_width 40MHz   short GI 0   Thr 8.03418Mbit/s   delay sum +14383252542205.0ns   delay +210820850.0ns   lost:68225   send:114650
Cw value = 635
MCS 0   Chann_width 40MHz   short GI 0   Thr 7.90935Mbit/s   delay sum +16920993132602.0ns   delay +251931707.0ns   lost:67165   send:114650
Cw value = 636
MCS 0   Chann_width 40MHz   short GI 0   Thr 7.80384Mbit/s   delay sum +17240354705762.0ns   delay +260157158.0ns   lost:66269   send:114650
Cw value = 637
MCS 0   Chann_width 40MHz   short GI 0   Thr 7.99932Mbit/s   delay sum +12796289886668.0ns   delay +188377421.0ns   lost:67929   send:114650
Cw value = 638
MCS 0   Chann_width 40MHz   short GI 0   Thr 8.58918Mbit/s   delay sum +2681007743267.0ns   delay +36757352.0ns   lost:72938   send:114650
Cw value = 639
MCS 0   Chann_width 40MHz   short GI 0   Thr 9.71449Mbit/s   delay sum +14523615341296.0ns   delay +176056626.0ns   lost:82494   send:114650
Cw value = 640
MCS 0   Chann_width 40MHz   short GI 0   Thr 9.70519Mbit/s   delay sum +15258445986003.0ns   delay +185141612.0ns   lost:82415   send:114650
Cw value = 641
MCS 0   Chann_width 40MHz   short GI 0   Thr 9.69907Mbit/s   delay sum +9217867302481.0ns   delay +111917575.0ns   lost:82363   send:114650
Cw value = 642
MCS 0   Chann_width 40MHz   short GI 0   Thr 9.63877Mbit/s   delay sum +16407197976437.0ns   delay +200452016.0ns   lost:81851   send:114650
Cw value = 643
MCS 0   Chann_width 40MHz   short GI 0   Thr 9.61428Mbit/s   delay sum +19726838669660.0ns   delay +241623147.0ns   lost:81643   send:114650
Cw value = 644
MCS 0   Chann_width 40MHz   short GI 0   Thr 9.71779Mbit/s   delay sum +16431468350564.0ns   delay +199116215.0ns   lost:82522   send:114650
Cw value = 645
MCS 0   Chann_width 40MHz   short GI 0   Thr 9.66515Mbit/s   delay sum +20056645730860.0ns   delay +244369731.0ns   lost:82075   send:114650
Cw value = 646
MCS 0   Chann_width 40MHz   short GI 0   Thr 9.5773Mbit/s   delay sum +16611079846570.0ns   delay +204245470.0ns   lost:81329   send:114650
Cw value = 647
MCS 0   Chann_width 40MHz   short GI 0   Thr 9.64772Mbit/s   delay sum +20151164216516.0ns   delay +246593947.0ns   lost:81718   send:114650
Cw value = 648
MCS 0   Chann_width 40MHz   short GI 0   Thr 9.79516Mbit/s   delay sum +14420810273293.0ns   delay +173370806.0ns   lost:83179   send:114650
Cw value = 649
MCS 0   Chann_width 40MHz   short GI 0   Thr 9.75689Mbit/s   delay sum +18591925495401.0ns   delay +224393819.0ns   lost:82854   send:114650
Cw value = 650
MCS 0   Chann_width 40MHz   short GI 0   Thr 9.64584Mbit/s   delay sum +16145542523245.0ns   delay +197110797.0ns   lost:81911   send:114650
Cw value = 651
MCS 0   Chann_width 40MHz   short GI 0   Thr 9.61134Mbit/s   delay sum +16602434992171.0ns   delay +203416341.0ns   lost:81618   send:114650
Cw value = 652
MCS 0   Chann_width 40MHz   short GI 0   Thr 9.64325Mbit/s   delay sum +19610199701419.0ns   delay +239475865.0ns   lost:81888   send:114650
Cw value = 653
MCS 0   Chann_width 40MHz   short GI 0   Thr 9.71579Mbit/s   delay sum +15709957626076.0ns   delay +190412188.0ns   lost:82505   send:114650
Cw value = 654
MCS 0   Chann_width 40MHz   short GI 0   Thr 9.61487Mbit/s   delay sum +16572251390814.0ns   delay +202971920.0ns   lost:81648   send:114650
Cw value = 655
MCS 0   Chann_width 40MHz   short GI 0   Thr 9.68847Mbit/s   delay sum +15852383234849.0ns   delay +192680262.0ns   lost:82273   send:114650
Cw value = 656
MCS 0   Chann_width 40MHz   short GI 0   Thr 9.43693Mbit/s   delay sum +21727440507254.0ns   delay +271132081.0ns   lost:80136   send:114650
Cw value = 657
MCS 0   Chann_width 40MHz   short GI 0   Thr 9.65656Mbit/s   delay sum +20932258386970.0ns   delay +255265217.0ns   lost:82002   send:114650
Cw value = 658
MCS 0   Chann_width 40MHz   short GI 0   Thr 9.93388Mbit/s   delay sum +2745989381652.0ns   delay +32552003.0ns   lost:84357   send:114650
Cw value = 659
MCS 0   Chann_width 40MHz   short GI 0   Thr 9.6416Mbit/s   delay sum +16441617431685.0ns   delay +200816100.0ns   lost:81874   send:114650
Cw value = 660
MCS 0   Chann_width 40MHz   short GI 0   Thr 9.68282Mbit/s   delay sum +16327609617218.0ns   delay +198574742.0ns   lost:82224   send:114650
Cw value = 661
MCS 0   Chann_width 40MHz   short GI 0   Thr 9.70272Mbit/s   delay sum +14951536523070.0ns   delay +181463899.0ns   lost:82394   send:114650
Cw value = 662
MCS 0   Chann_width 40MHz   short GI 0   Thr 9.60792Mbit/s   delay sum +12649706243734.0ns   delay +155041810.0ns   lost:81589   send:114650
Cw value = 663
MCS 0   Chann_width 40MHz   short GI 0   Thr 9.6708Mbit/s   delay sum +16120087453925.0ns   delay +196294384.0ns   lost:82122   send:114650
Cw value = 664
MCS 0   Chann_width 40MHz   short GI 0   Thr 9.9234Mbit/s   delay sum +3004789464195.0ns   delay +35657538.0ns   lost:84268   send:114650
