Waf: Entering directory `/mnt/auto/people/plgklaudia1993/ns-3/ns-3-allinone/ns-3-dev/build'
Waf: Leaving directory `/mnt/auto/people/plgklaudia1993/ns-3/ns-3-allinone/ns-3-dev/build'
Build commands will be stored in build/compile_commands.json
'build' finished successfully (3.496s)
Cw value = 512
MCS 0   Chann_width 40MHz   short GI 0   Thr 0.977761Mbit/s   delay sum +1417719920356.0ns   delay +170747912.0ns   lost:8303   send:127400
Cw value = 513
MCS 0   Chann_width 40MHz   short GI 0   Thr 1.20045Mbit/s   delay sum +118682583398.0ns   delay +11642395.0ns   lost:10194   send:127400
Cw value = 514
MCS 0   Chann_width 40MHz   short GI 0   Thr 0.711741Mbit/s   delay sum +84937643012.0ns   delay +14053216.0ns   lost:6044   send:127400
Cw value = 515
MCS 0   Chann_width 40MHz   short GI 0   Thr 1.74862Mbit/s   delay sum +2487244132340.0ns   delay +167502466.0ns   lost:14849   send:127400
Cw value = 516
MCS 0   Chann_width 40MHz   short GI 0   Thr 1.59212Mbit/s   delay sum +2069123657800.0ns   delay +153041690.0ns   lost:13520   send:127400
Cw value = 517
MCS 0   Chann_width 40MHz   short GI 0   Thr 2.33447Mbit/s   delay sum +2489426271275.0ns   delay +125576385.0ns   lost:19824   send:127400
Cw value = 518
MCS 0   Chann_width 40MHz   short GI 0   Thr 1.5622Mbit/s   delay sum +2598860310778.0ns   delay +195903837.0ns   lost:13266   send:127400
Cw value = 519
MCS 0   Chann_width 40MHz   short GI 0   Thr 3.10674Mbit/s   delay sum +4508698281917.0ns   delay +170900548.0ns   lost:26382   send:127400
Cw value = 520
MCS 0   Chann_width 40MHz   short GI 0   Thr 4.69368Mbit/s   delay sum +1438372562987.0ns   delay +36087424.0ns   lost:39858   send:127400
Cw value = 521
MCS 0   Chann_width 40MHz   short GI 0   Thr 3.14172Mbit/s   delay sum +4606011046723.0ns   delay +172645565.0ns   lost:26679   send:127400
Cw value = 522
MCS 0   Chann_width 40MHz   short GI 0   Thr 3.19801Mbit/s   delay sum +4616939149483.0ns   delay +170009174.0ns   lost:27157   send:127400
Cw value = 523
MCS 0   Chann_width 40MHz   short GI 0   Thr 4.55142Mbit/s   delay sum +1230373818476.0ns   delay +31833733.0ns   lost:38650   send:127400
Cw value = 524
MCS 0   Chann_width 40MHz   short GI 0   Thr 3.0083Mbit/s   delay sum +4797760163928.0ns   delay +187808665.0ns   lost:25546   send:127400
Cw value = 525
MCS 0   Chann_width 40MHz   short GI 0   Thr 2.84178Mbit/s   delay sum +5136023099660.0ns   delay +212830395.0ns   lost:24132   send:127400
Cw value = 526
MCS 0   Chann_width 40MHz   short GI 0   Thr 2.89065Mbit/s   delay sum +5072027153584.0ns   delay +206625133.0ns   lost:24547   send:127400
Cw value = 527
MCS 0   Chann_width 40MHz   short GI 0   Thr 5.91603Mbit/s   delay sum +4199076633392.0ns   delay +84749361.0ns   lost:49547   send:127400
Cw value = 528
MCS 0   Chann_width 40MHz   short GI 0   Thr 4.14009Mbit/s   delay sum +7967136549949.0ns   delay +226615938.0ns   lost:35157   send:127400
Cw value = 529
MCS 0   Chann_width 40MHz   short GI 0   Thr 4.17023Mbit/s   delay sum +7668397489885.0ns   delay +216541876.0ns   lost:35413   send:127400
Cw value = 530
MCS 0   Chann_width 40MHz   short GI 0   Thr 3.67764Mbit/s   delay sum +8079266621138.0ns   delay +258702101.0ns   lost:31230   send:127400
Cw value = 531
MCS 0   Chann_width 40MHz   short GI 0   Thr 4.34947Mbit/s   delay sum +7747391577097.0ns   delay +209757454.0ns   lost:36935   send:127400
Cw value = 532
MCS 0   Chann_width 40MHz   short GI 0   Thr 4.29094Mbit/s   delay sum +7933436211362.0ns   delay +217724249.0ns   lost:36438   send:127400
Cw value = 533
MCS 0   Chann_width 40MHz   short GI 0   Thr 5.8522Mbit/s   delay sum +1694319710030.0ns   delay +34093683.0ns   lost:49696   send:127400
Cw value = 534
MCS 0   Chann_width 40MHz   short GI 0   Thr 3.75042Mbit/s   delay sum +7567985540554.0ns   delay +237628282.0ns   lost:31848   send:127400
Cw value = 535
MCS 0   Chann_width 40MHz   short GI 0   Thr 4.44956Mbit/s   delay sum +7000354151466.0ns   delay +185268073.0ns   lost:37785   send:127400
Cw value = 536
MCS 0   Chann_width 40MHz   short GI 0   Thr 4.71299Mbit/s   delay sum +7333961854963.0ns   delay +183248259.0ns   lost:40022   send:127400
Cw value = 537
MCS 0   Chann_width 40MHz   short GI 0   Thr 3.85205Mbit/s   delay sum +7814569061388.0ns   delay +238897284.0ns   lost:32711   send:127400
Cw value = 538
MCS 0   Chann_width 40MHz   short GI 0   Thr 5.5107Mbit/s   delay sum +1799663293185.0ns   delay +38457630.0ns   lost:46796   send:127400
Cw value = 539
MCS 0   Chann_width 40MHz   short GI 0   Thr 5.6758Mbit/s   delay sum +2411766656868.0ns   delay +50038728.0ns   lost:48198   send:127400
Cw value = 540
MCS 0   Chann_width 40MHz   short GI 0   Thr 3.73605Mbit/s   delay sum +7348144659140.0ns   delay +231612704.0ns   lost:31726   send:127400
Cw value = 541
MCS 0   Chann_width 40MHz   short GI 0   Thr 5.27329Mbit/s   delay sum +4267574031231.0ns   delay +95300893.0ns   lost:44780   send:127400
Cw value = 542
MCS 0   Chann_width 40MHz   short GI 0   Thr 4.24772Mbit/s   delay sum +7853197993189.0ns   delay +217715006.0ns   lost:36071   send:127400
Cw value = 543
MCS 0   Chann_width 40MHz   short GI 0   Thr 6.38083Mbit/s   delay sum +11429418024782.0ns   delay +210933247.0ns   lost:54185   send:127400
Cw value = 544
MCS 0   Chann_width 40MHz   short GI 0   Thr 6.43829Mbit/s   delay sum +11687301415742.0ns   delay +213767333.0ns   lost:54673   send:127400
Cw value = 545
MCS 0   Chann_width 40MHz   short GI 0   Thr 6.25447Mbit/s   delay sum +11695026688068.0ns   delay +220195561.0ns   lost:53112   send:127400
Cw value = 546
MCS 0   Chann_width 40MHz   short GI 0   Thr 5.9344Mbit/s   delay sum +12143386188365.0ns   delay +240968888.0ns   lost:50394   send:127400
Cw value = 547
MCS 0   Chann_width 40MHz   short GI 0   Thr 5.97962Mbit/s   delay sum +12017263154493.0ns   delay +236662790.0ns   lost:50778   send:127400
Cw value = 548
MCS 0   Chann_width 40MHz   short GI 0   Thr 6.02036Mbit/s   delay sum +12280883791948.0ns   delay +240217584.0ns   lost:51124   send:127400
Cw value = 549
MCS 0   Chann_width 40MHz   short GI 0   Thr 6.29097Mbit/s   delay sum +11075538811985.0ns   delay +207321680.0ns   lost:53422   send:127400
Cw value = 550
MCS 0   Chann_width 40MHz   short GI 0   Thr 6.27072Mbit/s   delay sum +11463829514410.0ns   delay +215283183.0ns   lost:53250   send:127400
Cw value = 551
MCS 0   Chann_width 40MHz   short GI 0   Thr 7.45268Mbit/s   delay sum +1885310157384.0ns   delay +29789848.0ns   lost:63287   send:127400
Cw value = 552
MCS 0   Chann_width 40MHz   short GI 0   Thr 6.38295Mbit/s   delay sum +10456491705737.0ns   delay +192913523.0ns   lost:54203   send:127400
Cw value = 553
MCS 0   Chann_width 40MHz   short GI 0   Thr 6.14413Mbit/s   delay sum +12082025450321.0ns   delay +231567330.0ns   lost:52175   send:127400
Cw value = 554
MCS 0   Chann_width 40MHz   short GI 0   Thr 5.91591Mbit/s   delay sum +12590221799747.0ns   delay +250616513.0ns   lost:50237   send:127400
Cw value = 555
MCS 0   Chann_width 40MHz   short GI 0   Thr 5.98645Mbit/s   delay sum +11675006649311.0ns   delay +229660214.0ns   lost:50836   send:127400
Cw value = 556
MCS 0   Chann_width 40MHz   short GI 0   Thr 6.08631Mbit/s   delay sum +11129245437100.0ns   delay +215332509.0ns   lost:51684   send:127400
Cw value = 557
MCS 0   Chann_width 40MHz   short GI 0   Thr 6.3004Mbit/s   delay sum +11295959660583.0ns   delay +211131540.0ns   lost:53502   send:127400
Cw value = 558
MCS 0   Chann_width 40MHz   short GI 0   Thr 6.1254Mbit/s   delay sum +11237336292654.0ns   delay +216036148.0ns   lost:52016   send:127400
Cw value = 559
MCS 0   Chann_width 40MHz   short GI 0   Thr 6.1234Mbit/s   delay sum +11264697184996.0ns   delay +216632958.0ns   lost:51999   send:127400
Cw value = 560
MCS 0   Chann_width 40MHz   short GI 0   Thr 6.24905Mbit/s   delay sum +11557057402547.0ns   delay +217790585.0ns   lost:53065   send:127400
Cw value = 561
MCS 0   Chann_width 40MHz   short GI 0   Thr 6.00552Mbit/s   delay sum +12516993431038.0ns   delay +245440868.0ns   lost:50998   send:127400
Cw value = 562
MCS 0   Chann_width 40MHz   short GI 0   Thr 6.39613Mbit/s   delay sum +10928126179717.0ns   delay +201199045.0ns   lost:54315   send:127400
Cw value = 563
MCS 0   Chann_width 40MHz   short GI 0   Thr 5.84455Mbit/s   delay sum +12875972181016.0ns   delay +259434067.0ns   lost:49631   send:127400
Cw value = 564
MCS 0   Chann_width 40MHz   short GI 0   Thr 5.98986Mbit/s   delay sum +12527995703887.0ns   delay +246298942.0ns   lost:50865   send:127400
Cw value = 565
MCS 0   Chann_width 40MHz   short GI 0   Thr 6.04533Mbit/s   delay sum +11658340477081.0ns   delay +227098731.0ns   lost:51336   send:127400
Cw value = 566
MCS 0   Chann_width 40MHz   short GI 0   Thr 6.35704Mbit/s   delay sum +11627604389903.0ns   delay +215393816.0ns   lost:53983   send:127400
Cw value = 567
MCS 0   Chann_width 40MHz   short GI 0   Thr 5.98221Mbit/s   delay sum +11957736376312.0ns   delay +235388511.0ns   lost:50800   send:127400
Cw value = 568
MCS 0   Chann_width 40MHz   short GI 0   Thr 6.07583Mbit/s   delay sum +12901268547543.0ns   delay +250048813.0ns   lost:51595   send:127400
Cw value = 569
MCS 0   Chann_width 40MHz   short GI 0   Thr 6.05616Mbit/s   delay sum +12407653195426.0ns   delay +241262603.0ns   lost:51428   send:127400
Cw value = 570
MCS 0   Chann_width 40MHz   short GI 0   Thr 6.09255Mbit/s   delay sum +12183006223199.0ns   delay +235479564.0ns   lost:51737   send:127400
Cw value = 571
MCS 0   Chann_width 40MHz   short GI 0   Thr 6.31347Mbit/s   delay sum +11477862717681.0ns   delay +214095292.0ns   lost:53611   send:127400
Cw value = 572
MCS 0   Chann_width 40MHz   short GI 0   Thr 6.04144Mbit/s   delay sum +13339848674334.0ns   delay +260020830.0ns   lost:51303   send:127400
Cw value = 573
MCS 0   Chann_width 40MHz   short GI 0   Thr 6.20407Mbit/s   delay sum +11280376257184.0ns   delay +214113891.0ns   lost:52684   send:127400
Cw value = 574
MCS 0   Chann_width 40MHz   short GI 0   Thr 5.99705Mbit/s   delay sum +12720287324191.0ns   delay +249779824.0ns   lost:50926   send:127400
Cw value = 575
MCS 0   Chann_width 40MHz   short GI 0   Thr 8.61096Mbit/s   delay sum +8196429876365.0ns   delay +112090995.0ns   lost:73123   send:127400
Cw value = 576
MCS 0   Chann_width 40MHz   short GI 0   Thr 8.07869Mbit/s   delay sum +15585292323265.0ns   delay +227180915.0ns   lost:68603   send:127400
Cw value = 577
MCS 0   Chann_width 40MHz   short GI 0   Thr 8.28583Mbit/s   delay sum +14120516331560.0ns   delay +200683839.0ns   lost:70362   send:127400
Cw value = 578
MCS 0   Chann_width 40MHz   short GI 0   Thr 8.04171Mbit/s   delay sum +18063429553943.0ns   delay +264514483.0ns   lost:68289   send:127400
Cw value = 579
MCS 0   Chann_width 40MHz   short GI 0   Thr 8.9759Mbit/s   delay sum +2054589904238.0ns   delay +26955339.0ns   lost:76222   send:127400
Cw value = 580
MCS 0   Chann_width 40MHz   short GI 0   Thr 8.08846Mbit/s   delay sum +17528408190981.0ns   delay +255199944.0ns   lost:68685   send:127400
Cw value = 581
MCS 0   Chann_width 40MHz   short GI 0   Thr 8.41584Mbit/s   delay sum +14656856780906.0ns   delay +205088528.0ns   lost:71466   send:127400
Cw value = 582
MCS 0   Chann_width 40MHz   short GI 0   Thr 8.03535Mbit/s   delay sum +18050212595817.0ns   delay +264530117.0ns   lost:68235   send:127400
Cw value = 583
MCS 0   Chann_width 40MHz   short GI 0   Thr 8.11402Mbit/s   delay sum +16254965783292.0ns   delay +235910857.0ns   lost:68903   send:127400
Cw value = 584
MCS 0   Chann_width 40MHz   short GI 0   Thr 8.47413Mbit/s   delay sum +13403684121391.0ns   delay +186263172.0ns   lost:71961   send:127400
Cw value = 585
MCS 0   Chann_width 40MHz   short GI 0   Thr 8.12049Mbit/s   delay sum +18417682631044.0ns   delay +267089383.0ns   lost:68957   send:127400
Cw value = 586
MCS 0   Chann_width 40MHz   short GI 0   Thr 8.19091Mbit/s   delay sum +14230498798706.0ns   delay +204590528.0ns   lost:69556   send:127400
Cw value = 587
MCS 0   Chann_width 40MHz   short GI 0   Thr 8.20669Mbit/s   delay sum +14657429878127.0ns   delay +210323287.0ns   lost:69690   send:127400
Cw value = 588
MCS 0   Chann_width 40MHz   short GI 0   Thr 8.05361Mbit/s   delay sum +15411055940071.0ns   delay +225340779.0ns   lost:68390   send:127400
Cw value = 589
MCS 0   Chann_width 40MHz   short GI 0   Thr 7.89863Mbit/s   delay sum +18414785130446.0ns   delay +274548404.0ns   lost:67073   send:127400
Cw value = 590
MCS 0   Chann_width 40MHz   short GI 0   Thr 8.4242Mbit/s   delay sum +15312267357332.0ns   delay +214046819.0ns   lost:71537   send:127400
Cw value = 591
MCS 0   Chann_width 40MHz   short GI 0   Thr 8.20964Mbit/s   delay sum +14606740114442.0ns   delay +209523770.0ns   lost:69714   send:127400
Cw value = 592
MCS 0   Chann_width 40MHz   short GI 0   Thr 8.33976Mbit/s   delay sum +14036732998359.0ns   delay +198202951.0ns   lost:70820   send:127400
Cw value = 593
MCS 0   Chann_width 40MHz   short GI 0   Thr 8.68127Mbit/s   delay sum +1547453364210.0ns   delay +20990957.0ns   lost:73720   send:127400
Cw value = 594
MCS 0   Chann_width 40MHz   short GI 0   Thr 8.09965Mbit/s   delay sum +15219877492261.0ns   delay +221280258.0ns   lost:68781   send:127400
Cw value = 595
MCS 0   Chann_width 40MHz   short GI 0   Thr 8.29266Mbit/s   delay sum +14241011899905.0ns   delay +202235392.0ns   lost:70418   send:127400
assert failed. cond="Simulator::Now () - m_lastRxStart <= m_sifs", file=../src/wifi/model/dcf-manager.cc, line=763
terminate called without an active exception
Command ['/mnt/auto/people/plgklaudia1993/ns-3/ns-3-allinone/ns-3-dev/build/scratch/802_11n_3'] terminated with signal SIGIOT. Run it under a debugger to get more information (./waf --run <program> --command-template="gdb --args %s <args>").
