Waf: Entering directory `/mnt/auto/people/plgklaudia1993/ns-3/ns-3-allinone/ns-3-dev/build'
[ 854/1768] Compiling scratch/802_11n1.cc
[ 857/1768] Compiling scratch/802_11ndef65.cc
[1750/1768] Linking build/scratch/802_11n1
[1757/1768] Linking build/scratch/802_11ndef65
Waf: Leaving directory `/mnt/auto/people/plgklaudia1993/ns-3/ns-3-allinone/ns-3-dev/build'
Build commands will be stored in build/compile_commands.json
'build' finished successfully (16.196s)
Could not find match for WifiMode named "OfdmRate65MbpsBW20MHz". Valid options are:
  Invalid-WifiMode
  DsssRate1Mbps
  DsssRate2Mbps
  DsssRate5_5Mbps
  DsssRate11Mbps
  ErpOfdmRate6Mbps
  ErpOfdmRate9Mbps
  ErpOfdmRate12Mbps
  ErpOfdmRate18Mbps
  ErpOfdmRate24Mbps
  ErpOfdmRate36Mbps
  ErpOfdmRate48Mbps
  ErpOfdmRate54Mbps
  OfdmRate6Mbps
  OfdmRate9Mbps
  OfdmRate12Mbps
  OfdmRate18Mbps
  OfdmRate24Mbps
  OfdmRate36Mbps
  OfdmRate48Mbps
  OfdmRate54Mbps
  OfdmRate3MbpsBW10MHz
  OfdmRate4_5MbpsBW10MHz
  OfdmRate6MbpsBW10MHz
  OfdmRate9MbpsBW10MHz
  OfdmRate12MbpsBW10MHz
  OfdmRate18MbpsBW10MHz
  OfdmRate24MbpsBW10MHz
  OfdmRate27MbpsBW10MHz
  OfdmRate1_5MbpsBW5MHz
  OfdmRate2_25MbpsBW5MHz
  OfdmRate3MbpsBW5MHz
  OfdmRate4_5MbpsBW5MHz
  OfdmRate6MbpsBW5MHz
  OfdmRate9MbpsBW5MHz
  OfdmRate12MbpsBW5MHz
  OfdmRate13_5MbpsBW5MHz
  HtMcs0
  HtMcs1
  HtMcs2
  HtMcs3
  HtMcs4
  HtMcs5
  HtMcs6
  HtMcs7
  HtMcs8
  HtMcs9
  HtMcs10
  HtMcs11
  HtMcs12
  HtMcs13
  HtMcs14
  HtMcs15
  HtMcs16
  HtMcs17
  HtMcs18
  HtMcs19
  HtMcs20
  HtMcs21
  HtMcs22
  HtMcs23
  HtMcs24
  HtMcs25
  HtMcs26
  HtMcs27
  HtMcs28
  HtMcs29
  HtMcs30
  HtMcs31
  VhtMcs0
  VhtMcs1
  VhtMcs2
  VhtMcs3
  VhtMcs4
  VhtMcs5
  VhtMcs6
  VhtMcs7
  VhtMcs8
  VhtMcs9
msg="", file=../src/wifi/model/wifi-mode.cc, line=633
terminate called without an active exception
Command ['/mnt/auto/people/plgklaudia1993/ns-3/ns-3-allinone/ns-3-dev/build/scratch/802_11n1'] terminated with signal SIGIOT. Run it under a debugger to get more information (./waf --run <program> --command-template="gdb --args %s <args>").
