Waf: Entering directory `/home/klaudia/ns-3/ns-3-allinone/ns-3-dev/build'
[ 848/1755] Compiling scratch/ht-wifi-network2.cc
[1737/1755] Linking build/scratch/ht-wifi-network2
Waf: Leaving directory `/home/klaudia/ns-3/ns-3-allinone/ns-3-dev/build'
Build commands will be stored in build/compile_commands.json
'build' finished successfully (6.340s)
Cw value = 1
10 nnode
2 Mbit/s send
1.32857 Mbit/s
Cw value = 2
10 nnode
2 Mbit/s send
1.30243 Mbit/s
Cw value = 3
10 nnode
2 Mbit/s send
1.3838 Mbit/s
Cw value = 4
10 nnode
2 Mbit/s send
1.50803 Mbit/s
Cw value = 5
10 nnode
2 Mbit/s send
1.54136 Mbit/s
Cw value = 6
10 nnode
2 Mbit/s send
1.60754 Mbit/s
Cw value = 7
10 nnode
2 Mbit/s send
1.59836 Mbit/s
Cw value = 8
10 nnode
2 Mbit/s send
1.53889 Mbit/s
Cw value = 9
10 nnode
2 Mbit/s send
1.53606 Mbit/s
Cw value = 10
10 nnode
2 Mbit/s send
1.64852 Mbit/s
Cw value = 11
10 nnode
2 Mbit/s send
1.64287 Mbit/s
Cw value = 12
10 nnode
2 Mbit/s send
1.65429 Mbit/s
Cw value = 13
10 nnode
2 Mbit/s send
1.6716 Mbit/s
Cw value = 14
10 nnode
2 Mbit/s send
1.65924 Mbit/s
Cw value = 15
10 nnode
2 Mbit/s send
1.67773 Mbit/s
Cw value = 16
10 nnode
2 Mbit/s send
1.63474 Mbit/s
Cw value = 17
10 nnode
2 Mbit/s send
1.6716 Mbit/s
Cw value = 18
10 nnode
2 Mbit/s send
1.68032 Mbit/s
Cw value = 19
10 nnode
2 Mbit/s send
1.69374 Mbit/s
Cw value = 20
10 nnode
2 Mbit/s send
1.64699 Mbit/s
Cw value = 21
10 nnode
2 Mbit/s send
1.6968 Mbit/s
Cw value = 22
10 nnode
2 Mbit/s send
1.70387 Mbit/s
Cw value = 23
10 nnode
2 Mbit/s send
1.6895 Mbit/s
Cw value = 24
10 nnode
2 Mbit/s send
1.72259 Mbit/s
Cw value = 25
10 nnode
2 Mbit/s send
1.67113 Mbit/s
Cw value = 26
10 nnode
2 Mbit/s send
1.70599 Mbit/s
Cw value = 27
10 nnode
2 Mbit/s send
1.71317 Mbit/s
Cw value = 28
10 nnode
2 Mbit/s send
1.71247 Mbit/s
Cw value = 29
10 nnode
2 Mbit/s send
1.69221 Mbit/s
Cw value = 30
10 nnode
2 Mbit/s send
1.69374 Mbit/s
Cw value = 31
10 nnode
2 Mbit/s send
1.70988 Mbit/s
Cw value = 32
10 nnode
2 Mbit/s send
1.71871 Mbit/s
Cw value = 33
10 nnode
2 Mbit/s send
1.71859 Mbit/s
Cw value = 34
10 nnode
2 Mbit/s send
1.72212 Mbit/s
Cw value = 35
10 nnode
2 Mbit/s send
1.72271 Mbit/s
Cw value = 36
10 nnode
2 Mbit/s send
1.71788 Mbit/s
Cw value = 37
10 nnode
2 Mbit/s send
1.71353 Mbit/s
Cw value = 38
10 nnode
2 Mbit/s send
1.72412 Mbit/s
Cw value = 39
10 nnode
2 Mbit/s send
1.718 Mbit/s
Cw value = 40
10 nnode
2 Mbit/s send
1.71235 Mbit/s
Cw value = 41
10 nnode
2 Mbit/s send
1.71941 Mbit/s
Cw value = 42
10 nnode
2 Mbit/s send
1.71459 Mbit/s
Cw value = 43
10 nnode
2 Mbit/s send
1.71953 Mbit/s
Cw value = 44
10 nnode
2 Mbit/s send
1.72189 Mbit/s
Cw value = 45
10 nnode
2 Mbit/s send
1.71129 Mbit/s
Cw value = 46
10 nnode
2 Mbit/s send
1.71953 Mbit/s
Cw value = 47
10 nnode
2 Mbit/s send
1.72401 Mbit/s
Cw value = 48
10 nnode
2 Mbit/s send
1.72342 Mbit/s
Cw value = 49
10 nnode
2 Mbit/s send
1.72153 Mbit/s
Cw value = 50
10 nnode
2 Mbit/s send
1.7286 Mbit/s
Cw value = 51
10 nnode
2 Mbit/s send
1.71576 Mbit/s
Cw value = 52
10 nnode
2 Mbit/s send
1.72518 Mbit/s
Cw value = 53
10 nnode
2 Mbit/s send
1.71635 Mbit/s
Cw value = 54
10 nnode
2 Mbit/s send
1.71046 Mbit/s
Cw value = 55
10 nnode
2 Mbit/s send
1.72566 Mbit/s
Cw value = 56
10 nnode
2 Mbit/s send
1.72495 Mbit/s
Cw value = 57
10 nnode
2 Mbit/s send
1.71517 Mbit/s
Cw value = 58
10 nnode
2 Mbit/s send
1.72589 Mbit/s
Cw value = 59
10 nnode
2 Mbit/s send
1.71941 Mbit/s
Cw value = 60
10 nnode
2 Mbit/s send
1.7253 Mbit/s
Cw value = 61
10 nnode
2 Mbit/s send
1.72295 Mbit/s
Cw value = 62
10 nnode
2 Mbit/s send
1.72377 Mbit/s
Cw value = 63
10 nnode
2 Mbit/s send
1.72754 Mbit/s
Cw value = 64
10 nnode
2 Mbit/s send
1.72212 Mbit/s
Cw value = 65
10 nnode
2 Mbit/s send
1.72118 Mbit/s
Cw value = 66
10 nnode
2 Mbit/s send
1.72719 Mbit/s
Cw value = 67
10 nnode
2 Mbit/s send
1.72283 Mbit/s
Cw value = 68
10 nnode
2 Mbit/s send
1.72342 Mbit/s
Cw value = 69
10 nnode
2 Mbit/s send
1.71718 Mbit/s
Cw value = 70
10 nnode
2 Mbit/s send
1.72401 Mbit/s
Cw value = 71
10 nnode
2 Mbit/s send
1.72236 Mbit/s
Cw value = 72
10 nnode
2 Mbit/s send
1.72895 Mbit/s
Cw value = 73
10 nnode
2 Mbit/s send
1.71247 Mbit/s
Cw value = 74
10 nnode
2 Mbit/s send
1.72024 Mbit/s
Cw value = 75
10 nnode
2 Mbit/s send
1.72236 Mbit/s
Cw value = 76
10 nnode
2 Mbit/s send
1.72024 Mbit/s
Cw value = 77
10 nnode
2 Mbit/s send
1.71729 Mbit/s
Cw value = 78
10 nnode
2 Mbit/s send
1.72354 Mbit/s
Cw value = 79
10 nnode
2 Mbit/s send
1.72636 Mbit/s
Cw value = 80
10 nnode
2 Mbit/s send
1.72 Mbit/s
Cw value = 81
10 nnode
2 Mbit/s send
1.72248 Mbit/s
Cw value = 82
10 nnode
2 Mbit/s send
1.72354 Mbit/s
Cw value = 83
10 nnode
2 Mbit/s send
1.71671 Mbit/s
Cw value = 84
10 nnode
2 Mbit/s send
1.72624 Mbit/s
Cw value = 85
10 nnode
2 Mbit/s send
1.72354 Mbit/s
Cw value = 86
10 nnode
2 Mbit/s send
1.72306 Mbit/s
Cw value = 87
10 nnode
2 Mbit/s send
1.72365 Mbit/s
Cw value = 88
10 nnode
2 Mbit/s send
1.71753 Mbit/s
Cw value = 89
10 nnode
2 Mbit/s send
1.72389 Mbit/s
Cw value = 90
10 nnode
2 Mbit/s send
1.72507 Mbit/s
Cw value = 91
10 nnode
2 Mbit/s send
1.72142 Mbit/s
Cw value = 92
10 nnode
2 Mbit/s send
1.71894 Mbit/s
Cw value = 93
10 nnode
2 Mbit/s send
1.7213 Mbit/s
Cw value = 94
10 nnode
2 Mbit/s send
1.72648 Mbit/s
Cw value = 95
10 nnode
2 Mbit/s send
1.72236 Mbit/s
Cw value = 96
10 nnode
2 Mbit/s send
1.7233 Mbit/s
Cw value = 97
10 nnode
2 Mbit/s send
1.71812 Mbit/s
Cw value = 98
10 nnode
2 Mbit/s send
1.71882 Mbit/s
Cw value = 99
10 nnode
2 Mbit/s send
1.72142 Mbit/s
Cw value = 100
10 nnode
2 Mbit/s send
1.7213 Mbit/s
Cw value = 101
10 nnode
2 Mbit/s send
1.71894 Mbit/s
Cw value = 102
10 nnode
2 Mbit/s send
1.72165 Mbit/s
Cw value = 103
10 nnode
2 Mbit/s send
1.72259 Mbit/s
Cw value = 104
10 nnode
2 Mbit/s send
1.72177 Mbit/s
Cw value = 105
10 nnode
2 Mbit/s send
1.71941 Mbit/s
Cw value = 106
10 nnode
2 Mbit/s send
1.7147 Mbit/s
Cw value = 107
10 nnode
2 Mbit/s send
1.72071 Mbit/s
Cw value = 108
10 nnode
2 Mbit/s send
1.71494 Mbit/s
Cw value = 109
10 nnode
2 Mbit/s send
1.71588 Mbit/s
Cw value = 110
10 nnode
2 Mbit/s send
1.71953 Mbit/s
Cw value = 111
10 nnode
2 Mbit/s send
1.714 Mbit/s
Cw value = 112
10 nnode
2 Mbit/s send
1.72177 Mbit/s
Cw value = 113
10 nnode
2 Mbit/s send
1.72083 Mbit/s
Cw value = 114
10 nnode
2 Mbit/s send
1.71788 Mbit/s
Cw value = 115
10 nnode
2 Mbit/s send
1.71824 Mbit/s
Cw value = 116
10 nnode
2 Mbit/s send
1.71894 Mbit/s
Cw value = 117
10 nnode
2 Mbit/s send
1.71777 Mbit/s
Cw value = 118
10 nnode
2 Mbit/s send
1.71965 Mbit/s
Cw value = 119
10 nnode
2 Mbit/s send
1.71671 Mbit/s
Cw value = 120
10 nnode
2 Mbit/s send
1.71671 Mbit/s
Cw value = 121
10 nnode
2 Mbit/s send
1.71129 Mbit/s
Cw value = 122
10 nnode
2 Mbit/s send
1.71941 Mbit/s
Cw value = 123
10 nnode
2 Mbit/s send
1.71988 Mbit/s
Cw value = 124
10 nnode
2 Mbit/s send
1.71482 Mbit/s
Cw value = 125
10 nnode
2 Mbit/s send
1.71812 Mbit/s
Cw value = 126
10 nnode
2 Mbit/s send
1.71682 Mbit/s
Cw value = 127
10 nnode
2 Mbit/s send
1.71305 Mbit/s
Cw value = 128
10 nnode
2 Mbit/s send
1.71588 Mbit/s
Cw value = 129
10 nnode
2 Mbit/s send
1.71659 Mbit/s
Cw value = 130
10 nnode
2 Mbit/s send
1.71494 Mbit/s
Cw value = 131
10 nnode
2 Mbit/s send
1.71588 Mbit/s
Cw value = 132
10 nnode
2 Mbit/s send
1.71565 Mbit/s
Cw value = 133
10 nnode
2 Mbit/s send
1.71388 Mbit/s
Cw value = 134
10 nnode
2 Mbit/s send
1.71588 Mbit/s
Cw value = 135
10 nnode
2 Mbit/s send
1.7147 Mbit/s
Cw value = 136
10 nnode
2 Mbit/s send
1.71671 Mbit/s
Cw value = 137
10 nnode
2 Mbit/s send
1.71376 Mbit/s
Cw value = 138
10 nnode
2 Mbit/s send
1.71129 Mbit/s
Cw value = 139
10 nnode
2 Mbit/s send
1.71117 Mbit/s
Cw value = 140
10 nnode
2 Mbit/s send
1.71541 Mbit/s
Cw value = 141
10 nnode
2 Mbit/s send
1.71164 Mbit/s
Cw value = 142
10 nnode
2 Mbit/s send
1.71364 Mbit/s
Cw value = 143
10 nnode
2 Mbit/s send
1.71258 Mbit/s
Cw value = 144
10 nnode
2 Mbit/s send
1.70823 Mbit/s
Cw value = 145
10 nnode
2 Mbit/s send
1.71082 Mbit/s
Cw value = 146
10 nnode
2 Mbit/s send
1.71082 Mbit/s
Cw value = 147
10 nnode
2 Mbit/s send
1.71176 Mbit/s
Cw value = 148
10 nnode
2 Mbit/s send
1.71305 Mbit/s
Cw value = 149
10 nnode
2 Mbit/s send
1.7127 Mbit/s
Cw value = 150
10 nnode
2 Mbit/s send
1.71105 Mbit/s
Cw value = 151
10 nnode
2 Mbit/s send
1.71176 Mbit/s
Cw value = 152
10 nnode
2 Mbit/s send
1.71082 Mbit/s
Cw value = 153
10 nnode
2 Mbit/s send
1.7094 Mbit/s
Cw value = 154
10 nnode
2 Mbit/s send
1.71058 Mbit/s
Cw value = 155
10 nnode
2 Mbit/s send
1.71035 Mbit/s
Cw value = 156
10 nnode
2 Mbit/s send
1.71046 Mbit/s
Cw value = 157
10 nnode
2 Mbit/s send
1.7074 Mbit/s
Cw value = 158
10 nnode
2 Mbit/s send
1.71023 Mbit/s
Cw value = 159
10 nnode
2 Mbit/s send
1.71023 Mbit/s
Cw value = 160
10 nnode
2 Mbit/s send
1.7067 Mbit/s
Cw value = 161
10 nnode
2 Mbit/s send
1.7067 Mbit/s
Cw value = 162
10 nnode
2 Mbit/s send
1.71011 Mbit/s
Cw value = 163
10 nnode
2 Mbit/s send
1.71082 Mbit/s
Cw value = 164
10 nnode
2 Mbit/s send
1.70893 Mbit/s
Cw value = 165
10 nnode
2 Mbit/s send
1.70776 Mbit/s
Cw value = 166
10 nnode
2 Mbit/s send
1.70799 Mbit/s
Cw value = 167
10 nnode
2 Mbit/s send
1.70776 Mbit/s
Cw value = 168
10 nnode
2 Mbit/s send
1.70811 Mbit/s
Cw value = 169
10 nnode
2 Mbit/s send
1.70728 Mbit/s
Cw value = 170
10 nnode
2 Mbit/s send
1.70834 Mbit/s
Cw value = 171
10 nnode
2 Mbit/s send
1.70705 Mbit/s
Cw value = 172
10 nnode
2 Mbit/s send
1.70799 Mbit/s
Cw value = 173
10 nnode
2 Mbit/s send
1.70776 Mbit/s
Cw value = 174
10 nnode
2 Mbit/s send
1.70717 Mbit/s
Cw value = 175
10 nnode
2 Mbit/s send
1.70516 Mbit/s
Cw value = 176
10 nnode
2 Mbit/s send
1.70646 Mbit/s
Cw value = 177
10 nnode
2 Mbit/s send
1.70611 Mbit/s
Cw value = 178
10 nnode
2 Mbit/s send
1.70552 Mbit/s
Cw value = 179
10 nnode
2 Mbit/s send
1.70599 Mbit/s
Cw value = 180
10 nnode
2 Mbit/s send
1.70622 Mbit/s
Cw value = 181
10 nnode
2 Mbit/s send
1.70363 Mbit/s
Cw value = 182
10 nnode
2 Mbit/s send
1.70387 Mbit/s
Cw value = 183
10 nnode
2 Mbit/s send
1.70293 Mbit/s
Cw value = 184
10 nnode
2 Mbit/s send
1.70328 Mbit/s
Cw value = 185
10 nnode
2 Mbit/s send
1.70434 Mbit/s
Cw value = 186
10 nnode
2 Mbit/s send
1.70269 Mbit/s
Cw value = 187
10 nnode
2 Mbit/s send
1.70316 Mbit/s
Cw value = 188
10 nnode
2 Mbit/s send
1.70422 Mbit/s
Cw value = 189
10 nnode
2 Mbit/s send
1.70234 Mbit/s
Cw value = 190
10 nnode
2 Mbit/s send
1.70199 Mbit/s
Cw value = 191
10 nnode
2 Mbit/s send
1.70175 Mbit/s
Cw value = 192
10 nnode
2 Mbit/s send
1.70234 Mbit/s
Cw value = 193
10 nnode
2 Mbit/s send
1.70246 Mbit/s
Cw value = 194
10 nnode
2 Mbit/s send
1.70422 Mbit/s
Cw value = 195
10 nnode
2 Mbit/s send
1.70434 Mbit/s
Cw value = 196
10 nnode
2 Mbit/s send
1.70281 Mbit/s
Cw value = 197
10 nnode
2 Mbit/s send
1.70081 Mbit/s
Cw value = 198
10 nnode
2 Mbit/s send
1.70281 Mbit/s
Cw value = 199
10 nnode
2 Mbit/s send
1.69951 Mbit/s
Cw value = 200
10 nnode
2 Mbit/s send
1.69998 Mbit/s
Cw value = 201
10 nnode
2 Mbit/s send
1.69833 Mbit/s
Cw value = 202
10 nnode
2 Mbit/s send
1.70116 Mbit/s
Cw value = 203
10 nnode
2 Mbit/s send
1.69845 Mbit/s
Cw value = 204
10 nnode
2 Mbit/s send
1.70034 Mbit/s
Cw value = 205
10 nnode
2 Mbit/s send
1.70045 Mbit/s
Cw value = 206
10 nnode
2 Mbit/s send
1.69822 Mbit/s
Cw value = 207
10 nnode
2 Mbit/s send
1.69998 Mbit/s
Cw value = 208
10 nnode
2 Mbit/s send
1.69786 Mbit/s
Cw value = 209
10 nnode
2 Mbit/s send
1.70034 Mbit/s
Cw value = 210
10 nnode
2 Mbit/s send
1.69657 Mbit/s
Cw value = 211
10 nnode
2 Mbit/s send
1.69998 Mbit/s
Cw value = 212
10 nnode
2 Mbit/s send
1.69857 Mbit/s
Cw value = 213
10 nnode
2 Mbit/s send
1.69928 Mbit/s
Cw value = 214
10 nnode
2 Mbit/s send
1.69857 Mbit/s
Cw value = 215
10 nnode
2 Mbit/s send
1.6981 Mbit/s
Cw value = 216
10 nnode
2 Mbit/s send
1.69833 Mbit/s
Cw value = 217
10 nnode
2 Mbit/s send
1.69633 Mbit/s
Cw value = 218
10 nnode
2 Mbit/s send
1.69833 Mbit/s
Cw value = 219
10 nnode
2 Mbit/s send
1.69633 Mbit/s
Cw value = 220
10 nnode
2 Mbit/s send
1.69516 Mbit/s
Cw value = 221
10 nnode
2 Mbit/s send
1.69574 Mbit/s
Cw value = 222
10 nnode
2 Mbit/s send
1.69457 Mbit/s
Cw value = 223
10 nnode
2 Mbit/s send
1.69527 Mbit/s
Cw value = 224
10 nnode
2 Mbit/s send
1.69563 Mbit/s
Cw value = 225
10 nnode
2 Mbit/s send
1.69563 Mbit/s
Cw value = 226
10 nnode
2 Mbit/s send
1.69339 Mbit/s
Cw value = 227
10 nnode
2 Mbit/s send
1.69539 Mbit/s
Cw value = 228
10 nnode
2 Mbit/s send
1.69492 Mbit/s
Cw value = 229
10 nnode
2 Mbit/s send
1.69362 Mbit/s
Cw value = 230
10 nnode
2 Mbit/s send
1.69551 Mbit/s
Cw value = 231
10 nnode
2 Mbit/s send
1.69563 Mbit/s
Cw value = 232
10 nnode
2 Mbit/s send
1.69386 Mbit/s
Cw value = 233
10 nnode
2 Mbit/s send
1.69339 Mbit/s
Cw value = 234
10 nnode
2 Mbit/s send
1.69221 Mbit/s
Cw value = 235
10 nnode
2 Mbit/s send
1.69198 Mbit/s
Cw value = 236
10 nnode
2 Mbit/s send
1.69186 Mbit/s
Cw value = 237
10 nnode
2 Mbit/s send
1.69209 Mbit/s
Cw value = 238
10 nnode
2 Mbit/s send
1.69398 Mbit/s
Cw value = 239
10 nnode
2 Mbit/s send
1.69339 Mbit/s
Cw value = 240
10 nnode
2 Mbit/s send
1.69033 Mbit/s
Cw value = 241
10 nnode
2 Mbit/s send
1.69021 Mbit/s
Cw value = 242
10 nnode
2 Mbit/s send
1.69009 Mbit/s
Cw value = 243
10 nnode
2 Mbit/s send
1.69068 Mbit/s
Cw value = 244
10 nnode
2 Mbit/s send
1.69198 Mbit/s
Cw value = 245
10 nnode
2 Mbit/s send
1.69209 Mbit/s
Cw value = 246
10 nnode
2 Mbit/s send
1.68962 Mbit/s
Cw value = 247
10 nnode
2 Mbit/s send
1.6908 Mbit/s
Cw value = 248
10 nnode
2 Mbit/s send
1.68997 Mbit/s
Cw value = 249
10 nnode
2 Mbit/s send
1.68962 Mbit/s
Cw value = 250
10 nnode
2 Mbit/s send
1.68915 Mbit/s
Cw value = 251
10 nnode
2 Mbit/s send
1.68997 Mbit/s
Cw value = 252
10 nnode
2 Mbit/s send
1.69056 Mbit/s
Cw value = 253
10 nnode
2 Mbit/s send
1.68679 Mbit/s
Cw value = 254
10 nnode
2 Mbit/s send
1.68691 Mbit/s
Cw value = 255
10 nnode
2 Mbit/s send
1.68821 Mbit/s
Cw value = 256
10 nnode
2 Mbit/s send
1.68738 Mbit/s
Cw value = 257
10 nnode
2 Mbit/s send
1.6875 Mbit/s
Cw value = 258
10 nnode
2 Mbit/s send
1.68844 Mbit/s
Cw value = 259
10 nnode
2 Mbit/s send
1.68691 Mbit/s
Cw value = 260
10 nnode
2 Mbit/s send
1.68503 Mbit/s
Cw value = 261
10 nnode
2 Mbit/s send
1.68668 Mbit/s
Cw value = 262
10 nnode
2 Mbit/s send
1.68715 Mbit/s
Cw value = 263
10 nnode
2 Mbit/s send
1.68679 Mbit/s
Cw value = 264
10 nnode
2 Mbit/s send
1.68632 Mbit/s
Cw value = 265
10 nnode
2 Mbit/s send
1.68715 Mbit/s
Cw value = 266
10 nnode
2 Mbit/s send
1.68703 Mbit/s
Cw value = 267
10 nnode
2 Mbit/s send
1.68432 Mbit/s
Cw value = 268
10 nnode
2 Mbit/s send
1.68538 Mbit/s
Cw value = 269
10 nnode
2 Mbit/s send
1.68479 Mbit/s
Cw value = 270
10 nnode
2 Mbit/s send
1.68456 Mbit/s
Cw value = 271
10 nnode
2 Mbit/s send
1.68503 Mbit/s
Cw value = 272
10 nnode
2 Mbit/s send
1.68291 Mbit/s
Cw value = 273
10 nnode
2 Mbit/s send
1.6835 Mbit/s
Cw value = 274
10 nnode
2 Mbit/s send
1.68244 Mbit/s
Cw value = 275
10 nnode
2 Mbit/s send
1.6842 Mbit/s
Cw value = 276
10 nnode
2 Mbit/s send
1.68467 Mbit/s
Cw value = 277
10 nnode
2 Mbit/s send
1.68232 Mbit/s
Cw value = 278
10 nnode
2 Mbit/s send
1.68397 Mbit/s
Cw value = 279
10 nnode
2 Mbit/s send
1.6815 Mbit/s
Cw value = 280
10 nnode
2 Mbit/s send
1.68185 Mbit/s
Cw value = 281
10 nnode
2 Mbit/s send
1.68208 Mbit/s
Cw value = 282
10 nnode
2 Mbit/s send
1.68161 Mbit/s
Cw value = 283
10 nnode
2 Mbit/s send
1.67914 Mbit/s
Cw value = 284
10 nnode
2 Mbit/s send
1.68032 Mbit/s
Cw value = 285
10 nnode
2 Mbit/s send
1.6822 Mbit/s
Cw value = 286
10 nnode
2 Mbit/s send
1.68173 Mbit/s
Cw value = 287
10 nnode
2 Mbit/s send
1.68044 Mbit/s
Cw value = 288
10 nnode
2 Mbit/s send
1.68032 Mbit/s
Cw value = 289
10 nnode
2 Mbit/s send
1.68126 Mbit/s
Cw value = 290
10 nnode
2 Mbit/s send
1.67985 Mbit/s
Cw value = 291
10 nnode
2 Mbit/s send
1.68091 Mbit/s
Cw value = 292
10 nnode
2 Mbit/s send
1.67926 Mbit/s
Cw value = 293
10 nnode
2 Mbit/s send
1.67949 Mbit/s
Cw value = 294
10 nnode
2 Mbit/s send
1.67867 Mbit/s
Cw value = 295
10 nnode
2 Mbit/s send
1.67749 Mbit/s
Cw value = 296
10 nnode
2 Mbit/s send
1.67832 Mbit/s
Cw value = 297
10 nnode
2 Mbit/s send
1.67702 Mbit/s
Cw value = 298
10 nnode
2 Mbit/s send
1.67726 Mbit/s
Cw value = 299
10 nnode
2 Mbit/s send
1.67761 Mbit/s
Cw value = 300
10 nnode
2 Mbit/s send
1.67737 Mbit/s
Cw value = 301
10 nnode
2 Mbit/s send
1.67879 Mbit/s
Cw value = 302
10 nnode
2 Mbit/s send
1.6762 Mbit/s
Cw value = 303
10 nnode
2 Mbit/s send
1.67608 Mbit/s
Cw value = 304
10 nnode
2 Mbit/s send
1.67726 Mbit/s
Cw value = 305
10 nnode
2 Mbit/s send
1.67737 Mbit/s
Cw value = 306
10 nnode
2 Mbit/s send
1.67572 Mbit/s
Cw value = 307
10 nnode
2 Mbit/s send
1.67419 Mbit/s
Cw value = 308
10 nnode
2 Mbit/s send
1.67572 Mbit/s
Cw value = 309
10 nnode
2 Mbit/s send
1.67655 Mbit/s
Cw value = 310
10 nnode
2 Mbit/s send
1.67396 Mbit/s
Cw value = 311
10 nnode
2 Mbit/s send
1.67502 Mbit/s
Cw value = 312
10 nnode
2 Mbit/s send
1.67643 Mbit/s
Cw value = 313
10 nnode
2 Mbit/s send
1.6762 Mbit/s
Cw value = 314
10 nnode
2 Mbit/s send
1.67361 Mbit/s
Cw value = 315
10 nnode
2 Mbit/s send
1.67337 Mbit/s
Cw value = 316
10 nnode
2 Mbit/s send
1.67278 Mbit/s
Cw value = 317
10 nnode
2 Mbit/s send
1.67349 Mbit/s
Cw value = 318
10 nnode
2 Mbit/s send
1.6729 Mbit/s
Cw value = 319
10 nnode
2 Mbit/s send
1.67231 Mbit/s
Cw value = 320
10 nnode
2 Mbit/s send
1.67255 Mbit/s
Cw value = 321
10 nnode
2 Mbit/s send
1.67325 Mbit/s
Cw value = 322
10 nnode
2 Mbit/s send
1.67243 Mbit/s
Cw value = 323
10 nnode
2 Mbit/s send
1.67266 Mbit/s
Cw value = 324
10 nnode
2 Mbit/s send
1.67278 Mbit/s
Cw value = 325
10 nnode
2 Mbit/s send
1.67125 Mbit/s
Cw value = 326
10 nnode
2 Mbit/s send
1.67101 Mbit/s
Cw value = 327
10 nnode
2 Mbit/s send
1.67043 Mbit/s
Cw value = 328
10 nnode
2 Mbit/s send
1.66995 Mbit/s
Cw value = 329
10 nnode
2 Mbit/s send
1.6696 Mbit/s
Cw value = 330
10 nnode
2 Mbit/s send
1.67054 Mbit/s
Cw value = 331
10 nnode
2 Mbit/s send
1.67172 Mbit/s
Cw value = 332
10 nnode
2 Mbit/s send
1.67066 Mbit/s
Cw value = 333
10 nnode
2 Mbit/s send
1.66925 Mbit/s
Cw value = 334
10 nnode
2 Mbit/s send
1.66748 Mbit/s
Cw value = 335
10 nnode
2 Mbit/s send
1.66889 Mbit/s
Cw value = 336
10 nnode
2 Mbit/s send
1.66854 Mbit/s
Cw value = 337
10 nnode
2 Mbit/s send
1.67007 Mbit/s
Cw value = 338
10 nnode
2 Mbit/s send
1.66748 Mbit/s
Cw value = 339
10 nnode
2 Mbit/s send
1.66889 Mbit/s
Cw value = 340
10 nnode
2 Mbit/s send
1.66866 Mbit/s
Cw value = 341
10 nnode
2 Mbit/s send
1.66925 Mbit/s
Cw value = 342
10 nnode
2 Mbit/s send
1.66701 Mbit/s
Cw value = 343
10 nnode
2 Mbit/s send
1.66831 Mbit/s
Cw value = 344
10 nnode
2 Mbit/s send
1.66831 Mbit/s
Cw value = 345
10 nnode
2 Mbit/s send
1.6676 Mbit/s
Cw value = 346
10 nnode
2 Mbit/s send
1.66513 Mbit/s
Cw value = 347
10 nnode
2 Mbit/s send
1.66619 Mbit/s
Cw value = 348
10 nnode
2 Mbit/s send
1.66619 Mbit/s
Cw value = 349
10 nnode
2 Mbit/s send
1.66466 Mbit/s
Cw value = 350
10 nnode
2 Mbit/s send
1.66395 Mbit/s
Cw value = 351
10 nnode
2 Mbit/s send
1.66619 Mbit/s
Cw value = 352
10 nnode
2 Mbit/s send
1.66477 Mbit/s
Cw value = 353
10 nnode
2 Mbit/s send
1.66477 Mbit/s
Cw value = 354
10 nnode
2 Mbit/s send
1.66477 Mbit/s
Cw value = 355
10 nnode
2 Mbit/s send
1.66524 Mbit/s
Cw value = 356
10 nnode
2 Mbit/s send
1.66454 Mbit/s
Cw value = 357
10 nnode
2 Mbit/s send
1.66466 Mbit/s
Cw value = 358
10 nnode
2 Mbit/s send
1.66513 Mbit/s
Cw value = 359
10 nnode
2 Mbit/s send
1.6643 Mbit/s
Cw value = 360
10 nnode
2 Mbit/s send
1.6623 Mbit/s
Cw value = 361
10 nnode
2 Mbit/s send
1.66407 Mbit/s
Cw value = 362
10 nnode
2 Mbit/s send
1.66218 Mbit/s
Cw value = 363
10 nnode
2 Mbit/s send
1.66265 Mbit/s
Cw value = 364
10 nnode
2 Mbit/s send
1.66254 Mbit/s
Cw value = 365
10 nnode
2 Mbit/s send
1.66336 Mbit/s
Cw value = 366
10 nnode
2 Mbit/s send
1.66312 Mbit/s
Cw value = 367
10 nnode
2 Mbit/s send
1.66183 Mbit/s
Cw value = 368
10 nnode
2 Mbit/s send
1.66289 Mbit/s
Cw value = 369
10 nnode
2 Mbit/s send
1.66124 Mbit/s
Cw value = 370
10 nnode
2 Mbit/s send
1.66148 Mbit/s
Cw value = 371
10 nnode
2 Mbit/s send
1.66136 Mbit/s
Cw value = 372
10 nnode
2 Mbit/s send
1.66006 Mbit/s
Cw value = 373
10 nnode
2 Mbit/s send
1.65759 Mbit/s
Cw value = 374
10 nnode
2 Mbit/s send
1.66042 Mbit/s
Cw value = 375
10 nnode
2 Mbit/s send
1.661 Mbit/s
Cw value = 376
10 nnode
2 Mbit/s send
1.66018 Mbit/s
Cw value = 377
10 nnode
2 Mbit/s send
1.66018 Mbit/s
Cw value = 378
10 nnode
2 Mbit/s send
1.65771 Mbit/s
Cw value = 379
10 nnode
2 Mbit/s send
1.65971 Mbit/s
Cw value = 380
10 nnode
2 Mbit/s send
1.65936 Mbit/s
Cw value = 381
10 nnode
2 Mbit/s send
1.65912 Mbit/s
Cw value = 382
10 nnode
2 Mbit/s send
1.65724 Mbit/s
Cw value = 383
10 nnode
2 Mbit/s send
1.65818 Mbit/s
Cw value = 384
10 nnode
2 Mbit/s send
1.65959 Mbit/s
Cw value = 385
10 nnode
2 Mbit/s send
1.65794 Mbit/s
Cw value = 386
10 nnode
2 Mbit/s send
1.65794 Mbit/s
Cw value = 387
10 nnode
2 Mbit/s send
1.65665 Mbit/s
Cw value = 388
10 nnode
2 Mbit/s send
1.65735 Mbit/s
Cw value = 389
10 nnode
2 Mbit/s send
1.657 Mbit/s
Cw value = 390
10 nnode
2 Mbit/s send
1.65629 Mbit/s
Cw value = 391
10 nnode
2 Mbit/s send
1.65747 Mbit/s
Cw value = 392
10 nnode
2 Mbit/s send
1.65441 Mbit/s
Cw value = 393
10 nnode
2 Mbit/s send
1.65547 Mbit/s
Cw value = 394
10 nnode
2 Mbit/s send
1.65618 Mbit/s
Cw value = 395
10 nnode
2 Mbit/s send
1.65488 Mbit/s
Cw value = 396
10 nnode
2 Mbit/s send
1.65629 Mbit/s
Cw value = 397
10 nnode
2 Mbit/s send
1.65606 Mbit/s
Cw value = 398
10 nnode
2 Mbit/s send
1.655 Mbit/s
Cw value = 399
10 nnode
2 Mbit/s send
1.65535 Mbit/s
Cw value = 400
10 nnode
2 Mbit/s send
1.65571 Mbit/s
Cw value = 401
10 nnode
2 Mbit/s send
1.65359 Mbit/s
Cw value = 402
10 nnode
2 Mbit/s send
1.65417 Mbit/s
Cw value = 403
10 nnode
2 Mbit/s send
1.6537 Mbit/s
Cw value = 404
10 nnode
2 Mbit/s send
1.65264 Mbit/s
Cw value = 405
10 nnode
2 Mbit/s send
1.65394 Mbit/s
Cw value = 406
10 nnode
2 Mbit/s send
1.65158 Mbit/s
Cw value = 407
10 nnode
2 Mbit/s send
1.65441 Mbit/s
Cw value = 408
10 nnode
2 Mbit/s send
1.65182 Mbit/s
Cw value = 409
10 nnode
2 Mbit/s send
1.65052 Mbit/s
Cw value = 410
10 nnode
2 Mbit/s send
1.65276 Mbit/s
Cw value = 411
10 nnode
2 Mbit/s send
1.65088 Mbit/s
Cw value = 412
10 nnode
2 Mbit/s send
1.65347 Mbit/s
Cw value = 413
10 nnode
2 Mbit/s send
1.65017 Mbit/s
Cw value = 414
10 nnode
2 Mbit/s send
1.65194 Mbit/s
Cw value = 415
10 nnode
2 Mbit/s send
1.65182 Mbit/s
Cw value = 416
10 nnode
2 Mbit/s send
1.65088 Mbit/s
Cw value = 417
10 nnode
2 Mbit/s send
1.65005 Mbit/s
Cw value = 418
10 nnode
2 Mbit/s send
1.65041 Mbit/s
Cw value = 419
10 nnode
2 Mbit/s send
1.651 Mbit/s
Cw value = 420
10 nnode
2 Mbit/s send
1.65005 Mbit/s
Cw value = 421
10 nnode
2 Mbit/s send
1.65029 Mbit/s
Cw value = 422
10 nnode
2 Mbit/s send
1.64923 Mbit/s
Cw value = 423
10 nnode
2 Mbit/s send
1.64935 Mbit/s
Cw value = 424
10 nnode
2 Mbit/s send
1.64746 Mbit/s
Cw value = 425
10 nnode
2 Mbit/s send
1.64935 Mbit/s
Cw value = 426
10 nnode
2 Mbit/s send
1.64923 Mbit/s
Cw value = 427
10 nnode
2 Mbit/s send
1.64793 Mbit/s
Cw value = 428
10 nnode
2 Mbit/s send
1.64876 Mbit/s
Cw value = 429
10 nnode
2 Mbit/s send
1.6484 Mbit/s
Cw value = 430
10 nnode
2 Mbit/s send
1.64805 Mbit/s
Cw value = 431
10 nnode
2 Mbit/s send
1.6477 Mbit/s
Cw value = 432
10 nnode
2 Mbit/s send
1.6457 Mbit/s
Cw value = 433
10 nnode
2 Mbit/s send
1.64664 Mbit/s
Cw value = 434
10 nnode
2 Mbit/s send
1.64734 Mbit/s
Cw value = 435
10 nnode
2 Mbit/s send
1.64758 Mbit/s
Cw value = 436
10 nnode
2 Mbit/s send
1.64534 Mbit/s
Cw value = 437
10 nnode
2 Mbit/s send
1.64581 Mbit/s
Cw value = 438
10 nnode
2 Mbit/s send
1.64287 Mbit/s
Cw value = 439
10 nnode
2 Mbit/s send
1.64522 Mbit/s
Cw value = 440
10 nnode
2 Mbit/s send
1.64428 Mbit/s
Cw value = 441
10 nnode
2 Mbit/s send
1.64617 Mbit/s
Cw value = 442
10 nnode
2 Mbit/s send
1.64522 Mbit/s
Cw value = 443
10 nnode
2 Mbit/s send
1.64534 Mbit/s
Cw value = 444
10 nnode
2 Mbit/s send
1.64275 Mbit/s
Cw value = 445
10 nnode
2 Mbit/s send
1.64381 Mbit/s
Cw value = 446
10 nnode
2 Mbit/s send
1.64358 Mbit/s
Cw value = 447
10 nnode
2 Mbit/s send
1.64346 Mbit/s
Cw value = 448
10 nnode
2 Mbit/s send
1.64369 Mbit/s
Cw value = 449
10 nnode
2 Mbit/s send
1.64263 Mbit/s
Cw value = 450
10 nnode
2 Mbit/s send
1.64405 Mbit/s
Cw value = 451
10 nnode
2 Mbit/s send
1.64193 Mbit/s
Cw value = 452
10 nnode
2 Mbit/s send
1.64205 Mbit/s
Cw value = 453
10 nnode
2 Mbit/s send
1.64228 Mbit/s
Cw value = 454
10 nnode
2 Mbit/s send
1.64157 Mbit/s
Cw value = 455
10 nnode
2 Mbit/s send
1.64252 Mbit/s
Cw value = 456
10 nnode
2 Mbit/s send
1.64157 Mbit/s
Cw value = 457
10 nnode
2 Mbit/s send
1.64157 Mbit/s
Cw value = 458
10 nnode
2 Mbit/s send
1.64122 Mbit/s
Cw value = 459
10 nnode
2 Mbit/s send
1.64169 Mbit/s
Cw value = 460
10 nnode
2 Mbit/s send
1.6391 Mbit/s
Cw value = 461
10 nnode
2 Mbit/s send
1.6391 Mbit/s
Cw value = 462
10 nnode
2 Mbit/s send
1.63887 Mbit/s
Cw value = 463
10 nnode
2 Mbit/s send
1.64157 Mbit/s
Cw value = 464
10 nnode
2 Mbit/s send
1.63934 Mbit/s
Cw value = 465
10 nnode
2 Mbit/s send
1.63969 Mbit/s
Cw value = 466
10 nnode
2 Mbit/s send
1.63745 Mbit/s
Cw value = 467
10 nnode
2 Mbit/s send
1.63839 Mbit/s
Cw value = 468
10 nnode
2 Mbit/s send
1.63804 Mbit/s
Cw value = 469
10 nnode
2 Mbit/s send
1.63839 Mbit/s
Cw value = 470
10 nnode
2 Mbit/s send
1.63839 Mbit/s
Cw value = 471
10 nnode
2 Mbit/s send
1.63839 Mbit/s
Cw value = 472
10 nnode
2 Mbit/s send
1.63639 Mbit/s
Cw value = 473
10 nnode
2 Mbit/s send
1.63769 Mbit/s
Cw value = 474
10 nnode
2 Mbit/s send
1.63781 Mbit/s
Cw value = 475
10 nnode
2 Mbit/s send
1.63757 Mbit/s
Cw value = 476
10 nnode
2 Mbit/s send
1.63686 Mbit/s
Cw value = 477
10 nnode
2 Mbit/s send
1.63675 Mbit/s
Cw value = 478
10 nnode
2 Mbit/s send
1.63722 Mbit/s
Cw value = 479
10 nnode
2 Mbit/s send
1.63651 Mbit/s
Cw value = 480
10 nnode
2 Mbit/s send
1.63604 Mbit/s
Cw value = 481
10 nnode
2 Mbit/s send
1.63451 Mbit/s
Cw value = 482
10 nnode
2 Mbit/s send
1.63522 Mbit/s
Cw value = 483
10 nnode
2 Mbit/s send
1.63392 Mbit/s
Cw value = 484
10 nnode
2 Mbit/s send
1.63616 Mbit/s
Cw value = 485
10 nnode
2 Mbit/s send
1.63451 Mbit/s
Cw value = 486
10 nnode
2 Mbit/s send
1.63522 Mbit/s
Cw value = 487
10 nnode
2 Mbit/s send
1.6338 Mbit/s
Cw value = 488
10 nnode
2 Mbit/s send
1.63427 Mbit/s
Cw value = 489
10 nnode
2 Mbit/s send
1.63463 Mbit/s
Cw value = 490
10 nnode
2 Mbit/s send
1.63463 Mbit/s
Cw value = 491
10 nnode
2 Mbit/s send
1.63274 Mbit/s
Cw value = 492
10 nnode
2 Mbit/s send
1.63392 Mbit/s
Cw value = 493
10 nnode
2 Mbit/s send
1.63251 Mbit/s
Cw value = 494
10 nnode
2 Mbit/s send
1.63227 Mbit/s
Cw value = 495
10 nnode
2 Mbit/s send
1.63357 Mbit/s
Cw value = 496
10 nnode
2 Mbit/s send
1.63274 Mbit/s
Cw value = 497
10 nnode
2 Mbit/s send
1.6331 Mbit/s
Cw value = 498
10 nnode
2 Mbit/s send
1.63298 Mbit/s
Cw value = 499
10 nnode
2 Mbit/s send
1.63168 Mbit/s
Cw value = 500
10 nnode
2 Mbit/s send
1.63345 Mbit/s
Cw value = 501
10 nnode
2 Mbit/s send
1.63074 Mbit/s
Cw value = 502
10 nnode
2 Mbit/s send
1.63027 Mbit/s
Cw value = 503
10 nnode
2 Mbit/s send
1.63227 Mbit/s
Cw value = 504
10 nnode
2 Mbit/s send
1.63109 Mbit/s
Cw value = 505
10 nnode
2 Mbit/s send
1.63098 Mbit/s
Cw value = 506
10 nnode
2 Mbit/s send
1.62992 Mbit/s
Cw value = 507
10 nnode
2 Mbit/s send
1.63074 Mbit/s
Cw value = 508
10 nnode
2 Mbit/s send
1.62933 Mbit/s
Cw value = 509
10 nnode
2 Mbit/s send
1.62756 Mbit/s
Cw value = 510
10 nnode
2 Mbit/s send
1.62839 Mbit/s
Cw value = 511
10 nnode
2 Mbit/s send
1.6278 Mbit/s
Cw value = 512
10 nnode
2 Mbit/s send
1.62874 Mbit/s
Cw value = 513
10 nnode
2 Mbit/s send
1.62733 Mbit/s
Cw value = 514
10 nnode
2 Mbit/s send
1.62921 Mbit/s
Cw value = 515
10 nnode
2 Mbit/s send
1.62803 Mbit/s
Cw value = 516
10 nnode
2 Mbit/s send
1.62839 Mbit/s
Cw value = 517
10 nnode
2 Mbit/s send
1.6265 Mbit/s
Cw value = 518
10 nnode
2 Mbit/s send
1.62697 Mbit/s
Cw value = 519
10 nnode
2 Mbit/s send
1.62744 Mbit/s
Cw value = 520
10 nnode
2 Mbit/s send
1.62544 Mbit/s
Cw value = 521
10 nnode
2 Mbit/s send
1.62721 Mbit/s
Cw value = 522
10 nnode
2 Mbit/s send
1.62544 Mbit/s
Cw value = 523
10 nnode
2 Mbit/s send
1.62485 Mbit/s
Cw value = 524
10 nnode
2 Mbit/s send
1.6265 Mbit/s
Cw value = 525
10 nnode
2 Mbit/s send
1.62768 Mbit/s
Cw value = 526
10 nnode
2 Mbit/s send
1.62603 Mbit/s
Cw value = 527
10 nnode
2 Mbit/s send
1.62544 Mbit/s
Cw value = 528
10 nnode
2 Mbit/s send
1.62556 Mbit/s
Cw value = 529
10 nnode
2 Mbit/s send
1.6245 Mbit/s
Cw value = 530
10 nnode
2 Mbit/s send
1.62426 Mbit/s
Cw value = 531
10 nnode
2 Mbit/s send
1.62627 Mbit/s
Cw value = 532
10 nnode
2 Mbit/s send
1.62521 Mbit/s
Cw value = 533
10 nnode
2 Mbit/s send
1.62391 Mbit/s
Cw value = 534
10 nnode
2 Mbit/s send
1.62415 Mbit/s
Cw value = 535
10 nnode
2 Mbit/s send
1.62403 Mbit/s
Cw value = 536
10 nnode
2 Mbit/s send
1.62415 Mbit/s
Cw value = 537
10 nnode
2 Mbit/s send
1.62309 Mbit/s
Cw value = 538
10 nnode
2 Mbit/s send
1.62214 Mbit/s
Cw value = 539
10 nnode
2 Mbit/s send
1.6225 Mbit/s
Cw value = 540
10 nnode
2 Mbit/s send
1.62191 Mbit/s
Cw value = 541
10 nnode
2 Mbit/s send
1.62191 Mbit/s
Cw value = 542
10 nnode
2 Mbit/s send
1.62226 Mbit/s
Cw value = 543
10 nnode
2 Mbit/s send
1.62238 Mbit/s
Cw value = 544
10 nnode
2 Mbit/s send
1.62061 Mbit/s
Cw value = 545
10 nnode
2 Mbit/s send
1.62238 Mbit/s
Cw value = 546
10 nnode
2 Mbit/s send
1.62097 Mbit/s
Cw value = 547
10 nnode
2 Mbit/s send
1.6205 Mbit/s
Cw value = 548
10 nnode
2 Mbit/s send
1.62038 Mbit/s
Cw value = 549
10 nnode
2 Mbit/s send
1.62097 Mbit/s
Cw value = 550
10 nnode
2 Mbit/s send
1.62038 Mbit/s
Cw value = 551
10 nnode
2 Mbit/s send
1.61979 Mbit/s
Cw value = 552
10 nnode
2 Mbit/s send
1.61838 Mbit/s
Cw value = 553
10 nnode
2 Mbit/s send
1.61908 Mbit/s
Cw value = 554
10 nnode
2 Mbit/s send
1.6192 Mbit/s
Cw value = 555
10 nnode
2 Mbit/s send
1.61967 Mbit/s
Cw value = 556
10 nnode
2 Mbit/s send
1.61885 Mbit/s
Cw value = 557
10 nnode
2 Mbit/s send
1.61885 Mbit/s
Cw value = 558
10 nnode
2 Mbit/s send
1.61849 Mbit/s
Cw value = 559
10 nnode
2 Mbit/s send
1.61932 Mbit/s
Cw value = 560
10 nnode
2 Mbit/s send
1.61755 Mbit/s
Cw value = 561
10 nnode
2 Mbit/s send
1.61802 Mbit/s
Cw value = 562
10 nnode
2 Mbit/s send
1.61696 Mbit/s
Cw value = 563
10 nnode
2 Mbit/s send
1.61826 Mbit/s
Cw value = 564
10 nnode
2 Mbit/s send
1.61849 Mbit/s
Cw value = 565
10 nnode
2 Mbit/s send
1.61649 Mbit/s
Cw value = 566
10 nnode
2 Mbit/s send
1.61578 Mbit/s
Cw value = 567
10 nnode
2 Mbit/s send
1.6159 Mbit/s
Cw value = 568
10 nnode
2 Mbit/s send
1.61814 Mbit/s
Cw value = 569
10 nnode
2 Mbit/s send
1.61743 Mbit/s
Cw value = 570
10 nnode
2 Mbit/s send
1.61531 Mbit/s
Cw value = 571
10 nnode
2 Mbit/s send
1.61437 Mbit/s
Cw value = 572
10 nnode
2 Mbit/s send
1.61555 Mbit/s
Cw value = 573
10 nnode
2 Mbit/s send
1.61437 Mbit/s
Cw value = 574
10 nnode
2 Mbit/s send
1.6152 Mbit/s
Cw value = 575
10 nnode
2 Mbit/s send
1.61496 Mbit/s
Cw value = 576
10 nnode
2 Mbit/s send
1.61355 Mbit/s
Cw value = 577
10 nnode
2 Mbit/s send
1.61578 Mbit/s
Cw value = 578
10 nnode
2 Mbit/s send
1.61496 Mbit/s
Cw value = 579
10 nnode
2 Mbit/s send
1.61296 Mbit/s
Cw value = 580
10 nnode
2 Mbit/s send
1.61284 Mbit/s
Cw value = 581
10 nnode
2 Mbit/s send
1.61178 Mbit/s
Cw value = 582
10 nnode
2 Mbit/s send
1.61213 Mbit/s
Cw value = 583
10 nnode
2 Mbit/s send
1.6119 Mbit/s
Cw value = 584
10 nnode
2 Mbit/s send
1.61402 Mbit/s
Cw value = 585
10 nnode
2 Mbit/s send
1.61237 Mbit/s
Cw value = 586
10 nnode
2 Mbit/s send
1.61425 Mbit/s
Cw value = 587
10 nnode
2 Mbit/s send
1.61084 Mbit/s
Cw value = 588
10 nnode
2 Mbit/s send
1.61284 Mbit/s
Cw value = 589
10 nnode
2 Mbit/s send
1.61084 Mbit/s
Cw value = 590
10 nnode
2 Mbit/s send
1.61096 Mbit/s
Cw value = 591
10 nnode
2 Mbit/s send
1.61107 Mbit/s
Cw value = 592
10 nnode
2 Mbit/s send
1.61213 Mbit/s
Cw value = 593
10 nnode
2 Mbit/s send
1.61131 Mbit/s
Cw value = 594
10 nnode
2 Mbit/s send
1.61107 Mbit/s
Cw value = 595
10 nnode
2 Mbit/s send
1.61155 Mbit/s
Cw value = 596
10 nnode
2 Mbit/s send
1.60731 Mbit/s
Cw value = 597
10 nnode
2 Mbit/s send
1.60966 Mbit/s
Cw value = 598
10 nnode
2 Mbit/s send
1.61013 Mbit/s
Cw value = 599
10 nnode
2 Mbit/s send
1.60872 Mbit/s
Cw value = 600
10 nnode
2 Mbit/s send
1.61013 Mbit/s
Cw value = 601
10 nnode
2 Mbit/s send
1.60907 Mbit/s
Cw value = 602
10 nnode
2 Mbit/s send
1.6086 Mbit/s
Cw value = 603
10 nnode
2 Mbit/s send
1.60707 Mbit/s
Cw value = 604
10 nnode
2 Mbit/s send
1.60778 Mbit/s
Cw value = 605
10 nnode
2 Mbit/s send
1.60848 Mbit/s
Cw value = 606
10 nnode
2 Mbit/s send
1.60778 Mbit/s
Cw value = 607
10 nnode
2 Mbit/s send
1.60695 Mbit/s
Cw value = 608
10 nnode
2 Mbit/s send
1.6079 Mbit/s
Cw value = 609
10 nnode
2 Mbit/s send
1.60684 Mbit/s
Cw value = 610
10 nnode
2 Mbit/s send
1.60719 Mbit/s
Cw value = 611
10 nnode
2 Mbit/s send
1.60601 Mbit/s
Cw value = 612
10 nnode
2 Mbit/s send
1.60342 Mbit/s
Cw value = 613
10 nnode
2 Mbit/s send
1.60754 Mbit/s
Cw value = 614
10 nnode
2 Mbit/s send
1.6053 Mbit/s
Cw value = 615
10 nnode
2 Mbit/s send
1.60731 Mbit/s
Cw value = 616
10 nnode
2 Mbit/s send
1.60707 Mbit/s
Cw value = 617
10 nnode
2 Mbit/s send
1.60613 Mbit/s
Cw value = 618
10 nnode
2 Mbit/s send
1.60448 Mbit/s
Cw value = 619
10 nnode
2 Mbit/s send
1.60424 Mbit/s
Cw value = 620
10 nnode
2 Mbit/s send
1.60589 Mbit/s
Cw value = 621
10 nnode
2 Mbit/s send
1.60436 Mbit/s
Cw value = 622
10 nnode
2 Mbit/s send
1.60483 Mbit/s
Cw value = 623
10 nnode
2 Mbit/s send
1.60295 Mbit/s
Cw value = 624
10 nnode
2 Mbit/s send
1.60519 Mbit/s
Cw value = 625
10 nnode
2 Mbit/s send
1.60165 Mbit/s
Cw value = 626
10 nnode
2 Mbit/s send
1.6026 Mbit/s
Cw value = 627
10 nnode
2 Mbit/s send
1.60248 Mbit/s
Cw value = 628
10 nnode
2 Mbit/s send
1.60201 Mbit/s
Cw value = 629
10 nnode
2 Mbit/s send
1.60201 Mbit/s
Cw value = 630
10 nnode
2 Mbit/s send
1.60295 Mbit/s
Cw value = 631
10 nnode
2 Mbit/s send
1.60165 Mbit/s
Cw value = 632
10 nnode
2 Mbit/s send
1.60142 Mbit/s
Cw value = 633
10 nnode
2 Mbit/s send
1.60154 Mbit/s
Cw value = 634
10 nnode
2 Mbit/s send
1.60036 Mbit/s
Cw value = 635
10 nnode
2 Mbit/s send
1.60189 Mbit/s
Cw value = 636
10 nnode
2 Mbit/s send
1.60083 Mbit/s
Cw value = 637
10 nnode
2 Mbit/s send
1.60095 Mbit/s
Cw value = 638
10 nnode
2 Mbit/s send
1.59824 Mbit/s
Cw value = 639
10 nnode
2 Mbit/s send
1.5993 Mbit/s
Cw value = 640
10 nnode
2 Mbit/s send
1.60024 Mbit/s
Cw value = 641
10 nnode
2 Mbit/s send
1.60048 Mbit/s
Cw value = 642
10 nnode
2 Mbit/s send
1.59789 Mbit/s
Cw value = 643
10 nnode
2 Mbit/s send
1.60036 Mbit/s
Cw value = 644
10 nnode
2 Mbit/s send
1.60024 Mbit/s
Cw value = 645
10 nnode
2 Mbit/s send
1.59871 Mbit/s
Cw value = 646
10 nnode
2 Mbit/s send
1.59918 Mbit/s
Cw value = 647
10 nnode
2 Mbit/s send
1.59824 Mbit/s
Cw value = 648
10 nnode
2 Mbit/s send
1.59895 Mbit/s
Cw value = 649
10 nnode
2 Mbit/s send
1.59965 Mbit/s
Cw value = 650
10 nnode
2 Mbit/s send
1.59989 Mbit/s
Cw value = 651
10 nnode
2 Mbit/s send
1.59859 Mbit/s
Cw value = 652
10 nnode
2 Mbit/s send
1.59765 Mbit/s
Cw value = 653
10 nnode
2 Mbit/s send
1.59812 Mbit/s
Cw value = 654
10 nnode
2 Mbit/s send
1.59883 Mbit/s
Cw value = 655
10 nnode
2 Mbit/s send
1.598 Mbit/s
Cw value = 656
10 nnode
2 Mbit/s send
1.59718 Mbit/s
Cw value = 657
10 nnode
2 Mbit/s send
1.59388 Mbit/s
Cw value = 658
10 nnode
2 Mbit/s send
1.59683 Mbit/s
Cw value = 659
10 nnode
2 Mbit/s send
1.59459 Mbit/s
Cw value = 660
10 nnode
2 Mbit/s send
1.59671 Mbit/s
Cw value = 661
10 nnode
2 Mbit/s send
1.59482 Mbit/s
Cw value = 662
10 nnode
2 Mbit/s send
1.59518 Mbit/s
Cw value = 663
10 nnode
2 Mbit/s send
1.59612 Mbit/s
Cw value = 664
10 nnode
2 Mbit/s send
1.59459 Mbit/s
Cw value = 665
10 nnode
2 Mbit/s send
1.59529 Mbit/s
Cw value = 666
10 nnode
2 Mbit/s send
1.59435 Mbit/s
Cw value = 667
10 nnode
2 Mbit/s send
1.59306 Mbit/s
Cw value = 668
10 nnode
2 Mbit/s send
1.594 Mbit/s
Cw value = 669
10 nnode
2 Mbit/s send
1.59459 Mbit/s
Cw value = 670
10 nnode
2 Mbit/s send
1.59329 Mbit/s
Cw value = 671
10 nnode
2 Mbit/s send
1.59494 Mbit/s
Cw value = 672
10 nnode
2 Mbit/s send
1.59423 Mbit/s
Cw value = 673
10 nnode
2 Mbit/s send
1.59294 Mbit/s
Cw value = 674
10 nnode
2 Mbit/s send
1.59259 Mbit/s
Cw value = 675
10 nnode
2 Mbit/s send
1.59294 Mbit/s
Cw value = 676
10 nnode
2 Mbit/s send
1.59176 Mbit/s
Cw value = 677
10 nnode
2 Mbit/s send
1.592 Mbit/s
Cw value = 678
10 nnode
2 Mbit/s send
1.59235 Mbit/s
Cw value = 679
10 nnode
2 Mbit/s send
1.59223 Mbit/s
Cw value = 680
10 nnode
2 Mbit/s send
1.5907 Mbit/s
Cw value = 681
10 nnode
2 Mbit/s send
1.59176 Mbit/s
Cw value = 682
10 nnode
2 Mbit/s send
1.59094 Mbit/s
Cw value = 683
10 nnode
2 Mbit/s send
1.59141 Mbit/s
Cw value = 684
10 nnode
2 Mbit/s send
1.59082 Mbit/s
Cw value = 685
10 nnode
2 Mbit/s send
1.59011 Mbit/s
Cw value = 686
10 nnode
2 Mbit/s send
1.59306 Mbit/s
Cw value = 687
10 nnode
2 Mbit/s send
1.58988 Mbit/s
Cw value = 688
10 nnode
2 Mbit/s send
1.59011 Mbit/s
Cw value = 689
10 nnode
2 Mbit/s send
1.5887 Mbit/s
Cw value = 690
10 nnode
2 Mbit/s send
1.58964 Mbit/s
Cw value = 691
10 nnode
2 Mbit/s send
1.58988 Mbit/s
Cw value = 692
10 nnode
2 Mbit/s send
1.58846 Mbit/s
Cw value = 693
10 nnode
2 Mbit/s send
1.58846 Mbit/s
Cw value = 694
10 nnode
2 Mbit/s send
1.58788 Mbit/s
Cw value = 695
10 nnode
2 Mbit/s send
1.5887 Mbit/s
Cw value = 696
10 nnode
2 Mbit/s send
1.58835 Mbit/s
Cw value = 697
10 nnode
2 Mbit/s send
1.58929 Mbit/s
Cw value = 698
10 nnode
2 Mbit/s send
1.5874 Mbit/s
Cw value = 699
10 nnode
2 Mbit/s send
1.58705 Mbit/s
Cw value = 700
10 nnode
2 Mbit/s send
1.58705 Mbit/s
Cw value = 701
10 nnode
2 Mbit/s send
1.58682 Mbit/s
Cw value = 702
10 nnode
2 Mbit/s send
1.58634 Mbit/s
Cw value = 703
10 nnode
2 Mbit/s send
1.58587 Mbit/s
Cw value = 704
10 nnode
2 Mbit/s send
1.58646 Mbit/s
Cw value = 705
10 nnode
2 Mbit/s send
1.58693 Mbit/s
Cw value = 706
10 nnode
2 Mbit/s send
1.58634 Mbit/s
Cw value = 707
10 nnode
2 Mbit/s send
1.58705 Mbit/s
Cw value = 708
10 nnode
2 Mbit/s send
1.58434 Mbit/s
Cw value = 709
10 nnode
2 Mbit/s send
1.58611 Mbit/s
Cw value = 710
10 nnode
2 Mbit/s send
1.5854 Mbit/s
Cw value = 711
10 nnode
2 Mbit/s send
1.58517 Mbit/s
Cw value = 712
10 nnode
2 Mbit/s send
1.58446 Mbit/s
Cw value = 713
10 nnode
2 Mbit/s send
1.58211 Mbit/s
Cw value = 714
10 nnode
2 Mbit/s send
1.58352 Mbit/s
Cw value = 715
10 nnode
2 Mbit/s send
1.58411 Mbit/s
Cw value = 716
10 nnode
2 Mbit/s send
1.58305 Mbit/s
Cw value = 717
10 nnode
2 Mbit/s send
1.58269 Mbit/s
Cw value = 718
10 nnode
2 Mbit/s send
1.58305 Mbit/s
Cw value = 719
10 nnode
2 Mbit/s send
1.58246 Mbit/s
Cw value = 720
10 nnode
2 Mbit/s send
1.58293 Mbit/s
Cw value = 721
10 nnode
2 Mbit/s send
1.58375 Mbit/s
Cw value = 722
10 nnode
2 Mbit/s send
1.58222 Mbit/s
Cw value = 723
10 nnode
2 Mbit/s send
1.58222 Mbit/s
Cw value = 724
10 nnode
2 Mbit/s send
1.58269 Mbit/s
Cw value = 725
10 nnode
2 Mbit/s send
1.57975 Mbit/s
Cw value = 726
10 nnode
2 Mbit/s send
1.58057 Mbit/s
Cw value = 727
10 nnode
2 Mbit/s send
1.58128 Mbit/s
Cw value = 728
10 nnode
2 Mbit/s send
1.58199 Mbit/s
Cw value = 729
10 nnode
2 Mbit/s send
1.58328 Mbit/s
Cw value = 730
10 nnode
2 Mbit/s send
1.58199 Mbit/s
Cw value = 731
10 nnode
2 Mbit/s send
1.57987 Mbit/s
Cw value = 732
10 nnode
2 Mbit/s send
1.58105 Mbit/s
Cw value = 733
10 nnode
2 Mbit/s send
1.57869 Mbit/s
Cw value = 734
10 nnode
2 Mbit/s send
1.58081 Mbit/s
Cw value = 735
10 nnode
2 Mbit/s send
1.57951 Mbit/s
Cw value = 736
10 nnode
2 Mbit/s send
1.57916 Mbit/s
Cw value = 737
10 nnode
2 Mbit/s send
1.5774 Mbit/s
Cw value = 738
10 nnode
2 Mbit/s send
1.58046 Mbit/s
Cw value = 739
10 nnode
2 Mbit/s send
1.57834 Mbit/s
Cw value = 740
10 nnode
2 Mbit/s send
1.57916 Mbit/s
Cw value = 741
10 nnode
2 Mbit/s send
1.57999 Mbit/s
Cw value = 742
10 nnode
2 Mbit/s send
1.57763 Mbit/s
Cw value = 743
10 nnode
2 Mbit/s send
1.57763 Mbit/s
Cw value = 744
10 nnode
2 Mbit/s send
1.57704 Mbit/s
Cw value = 745
10 nnode
2 Mbit/s send
1.57798 Mbit/s
Cw value = 746
10 nnode
2 Mbit/s send
1.57775 Mbit/s
Cw value = 747
10 nnode
2 Mbit/s send
1.5761 Mbit/s
Cw value = 748
10 nnode
2 Mbit/s send
1.57999 Mbit/s
Cw value = 749
10 nnode
2 Mbit/s send
1.57657 Mbit/s
Cw value = 750
10 nnode
2 Mbit/s send
1.57622 Mbit/s
Cw value = 751
10 nnode
2 Mbit/s send
1.5774 Mbit/s
Cw value = 752
10 nnode
2 Mbit/s send
1.57634 Mbit/s
Cw value = 753
10 nnode
2 Mbit/s send
1.57528 Mbit/s
Cw value = 754
10 nnode
2 Mbit/s send
1.57516 Mbit/s
Cw value = 755
10 nnode
2 Mbit/s send
1.57516 Mbit/s
Cw value = 756
10 nnode
2 Mbit/s send
1.57457 Mbit/s
Cw value = 757
10 nnode
2 Mbit/s send
1.57692 Mbit/s
Cw value = 758
10 nnode
2 Mbit/s send
1.57622 Mbit/s
Cw value = 759
10 nnode
2 Mbit/s send
1.5761 Mbit/s
Cw value = 760
10 nnode
2 Mbit/s send
1.57528 Mbit/s
Cw value = 761
10 nnode
2 Mbit/s send
1.57374 Mbit/s
Cw value = 762
10 nnode
2 Mbit/s send
1.5741 Mbit/s
Cw value = 763
10 nnode
2 Mbit/s send
1.57504 Mbit/s
Cw value = 764
10 nnode
2 Mbit/s send
1.5748 Mbit/s
Cw value = 765
10 nnode
2 Mbit/s send
1.57245 Mbit/s
Cw value = 766
10 nnode
2 Mbit/s send
1.57339 Mbit/s
Cw value = 767
10 nnode
2 Mbit/s send
1.57339 Mbit/s
Cw value = 768
10 nnode
2 Mbit/s send
1.57327 Mbit/s
Cw value = 769
10 nnode
2 Mbit/s send
1.5728 Mbit/s
Cw value = 770
10 nnode
2 Mbit/s send
1.57316 Mbit/s
Cw value = 771
10 nnode
2 Mbit/s send
1.57151 Mbit/s
Cw value = 772
10 nnode
2 Mbit/s send
1.5728 Mbit/s
Cw value = 773
10 nnode
2 Mbit/s send
1.57104 Mbit/s
Cw value = 774
10 nnode
2 Mbit/s send
1.57292 Mbit/s
Cw value = 775
10 nnode
2 Mbit/s send
1.56951 Mbit/s
Cw value = 776
10 nnode
2 Mbit/s send
1.57068 Mbit/s
Cw value = 777
10 nnode
2 Mbit/s send
1.57151 Mbit/s
Cw value = 778
10 nnode
2 Mbit/s send
1.56915 Mbit/s
Cw value = 779
10 nnode
2 Mbit/s send
1.56845 Mbit/s
Cw value = 780
10 nnode
2 Mbit/s send
1.57021 Mbit/s
Cw value = 781
10 nnode
2 Mbit/s send
1.57068 Mbit/s
Cw value = 782
10 nnode
2 Mbit/s send
1.56998 Mbit/s
Cw value = 783
10 nnode
2 Mbit/s send
1.56915 Mbit/s
Cw value = 784
10 nnode
2 Mbit/s send
1.56903 Mbit/s
Cw value = 785
10 nnode
2 Mbit/s send
1.56962 Mbit/s
Cw value = 786
10 nnode
2 Mbit/s send
1.56962 Mbit/s
Cw value = 787
10 nnode
2 Mbit/s send
1.56762 Mbit/s
Cw value = 788
10 nnode
2 Mbit/s send
1.56868 Mbit/s
Cw value = 789
10 nnode
2 Mbit/s send
1.56833 Mbit/s
Cw value = 790
10 nnode
2 Mbit/s send
1.56774 Mbit/s
Cw value = 791
10 nnode
2 Mbit/s send
1.56927 Mbit/s
Cw value = 792
10 nnode
2 Mbit/s send
1.56774 Mbit/s
Cw value = 793
10 nnode
2 Mbit/s send
1.56727 Mbit/s
Cw value = 794
10 nnode
2 Mbit/s send
1.56609 Mbit/s
Cw value = 795
10 nnode
2 Mbit/s send
1.56633 Mbit/s
Cw value = 796
10 nnode
2 Mbit/s send
1.5655 Mbit/s
Cw value = 797
10 nnode
2 Mbit/s send
1.56797 Mbit/s
Cw value = 798
10 nnode
2 Mbit/s send
1.56562 Mbit/s
Cw value = 799
10 nnode
2 Mbit/s send
1.56432 Mbit/s
Cw value = 800
10 nnode
2 Mbit/s send
1.56668 Mbit/s
Cw value = 801
10 nnode
2 Mbit/s send
1.56491 Mbit/s
Cw value = 802
10 nnode
2 Mbit/s send
1.56432 Mbit/s
Cw value = 803
10 nnode
2 Mbit/s send
1.56468 Mbit/s
Cw value = 804
10 nnode
2 Mbit/s send
1.56597 Mbit/s
Cw value = 805
10 nnode
2 Mbit/s send
1.56479 Mbit/s
Cw value = 806
10 nnode
2 Mbit/s send
1.56432 Mbit/s
Cw value = 807
10 nnode
2 Mbit/s send
1.56432 Mbit/s
Cw value = 808
10 nnode
2 Mbit/s send
1.56338 Mbit/s
Cw value = 809
10 nnode
2 Mbit/s send
1.56209 Mbit/s
Cw value = 810
10 nnode
2 Mbit/s send
1.56279 Mbit/s
Cw value = 811
10 nnode
2 Mbit/s send
1.56409 Mbit/s
Cw value = 812
10 nnode
2 Mbit/s send
1.5622 Mbit/s
Cw value = 813
10 nnode
2 Mbit/s send
1.56362 Mbit/s
Cw value = 814
10 nnode
2 Mbit/s send
1.56209 Mbit/s
Cw value = 815
10 nnode
2 Mbit/s send
1.56185 Mbit/s
Cw value = 816
10 nnode
2 Mbit/s send
1.56268 Mbit/s
Cw value = 817
10 nnode
2 Mbit/s send
1.56138 Mbit/s
Cw value = 818
10 nnode
2 Mbit/s send
1.56268 Mbit/s
Cw value = 819
10 nnode
2 Mbit/s send
1.56338 Mbit/s
Cw value = 820
10 nnode
2 Mbit/s send
1.56056 Mbit/s
Cw value = 821
10 nnode
2 Mbit/s send
1.56067 Mbit/s
Cw value = 822
10 nnode
2 Mbit/s send
1.55997 Mbit/s
Cw value = 823
10 nnode
2 Mbit/s send
1.56197 Mbit/s
Cw value = 824
10 nnode
2 Mbit/s send
1.56103 Mbit/s
Cw value = 825
10 nnode
2 Mbit/s send
1.56268 Mbit/s
Cw value = 826
10 nnode
2 Mbit/s send
1.55926 Mbit/s
Cw value = 827
10 nnode
2 Mbit/s send
1.55926 Mbit/s
Cw value = 828
10 nnode
2 Mbit/s send
1.56209 Mbit/s
Cw value = 829
10 nnode
2 Mbit/s send
1.56138 Mbit/s
Cw value = 830
10 nnode
2 Mbit/s send
1.55867 Mbit/s
Cw value = 831
10 nnode
2 Mbit/s send
1.55914 Mbit/s
Cw value = 832
10 nnode
2 Mbit/s send
1.55891 Mbit/s
Cw value = 833
10 nnode
2 Mbit/s send
1.55844 Mbit/s
Cw value = 834
10 nnode
2 Mbit/s send
1.5602 Mbit/s
Cw value = 835
10 nnode
2 Mbit/s send
1.5562 Mbit/s
Cw value = 836
10 nnode
2 Mbit/s send
1.55844 Mbit/s
Cw value = 837
10 nnode
2 Mbit/s send
1.55891 Mbit/s
Cw value = 838
10 nnode
2 Mbit/s send
1.55938 Mbit/s
Cw value = 839
10 nnode
2 Mbit/s send
1.55796 Mbit/s
Cw value = 840
10 nnode
2 Mbit/s send
1.55502 Mbit/s
Cw value = 841
10 nnode
2 Mbit/s send
1.55726 Mbit/s
Cw value = 842
10 nnode
2 Mbit/s send
1.55785 Mbit/s
Cw value = 843
10 nnode
2 Mbit/s send
1.55502 Mbit/s
Cw value = 844
10 nnode
2 Mbit/s send
1.55585 Mbit/s
Cw value = 845
10 nnode
2 Mbit/s send
1.55431 Mbit/s
Cw value = 846
10 nnode
2 Mbit/s send
1.5562 Mbit/s
Cw value = 847
10 nnode
2 Mbit/s send
1.55679 Mbit/s
Cw value = 848
10 nnode
2 Mbit/s send
1.55526 Mbit/s
Cw value = 849
10 nnode
2 Mbit/s send
1.55714 Mbit/s
Cw value = 850
10 nnode
2 Mbit/s send
1.55679 Mbit/s
Cw value = 851
10 nnode
2 Mbit/s send
1.55632 Mbit/s
Cw value = 852
10 nnode
2 Mbit/s send
1.55455 Mbit/s
Cw value = 853
10 nnode
2 Mbit/s send
1.55585 Mbit/s
Cw value = 854
10 nnode
2 Mbit/s send
1.55502 Mbit/s
Cw value = 855
10 nnode
2 Mbit/s send
1.55361 Mbit/s
Cw value = 856
10 nnode
2 Mbit/s send
1.55573 Mbit/s
Cw value = 857
10 nnode
2 Mbit/s send
1.55443 Mbit/s
Cw value = 858
10 nnode
2 Mbit/s send
1.55314 Mbit/s
Cw value = 859
10 nnode
2 Mbit/s send
1.55455 Mbit/s
Cw value = 860
10 nnode
2 Mbit/s send
1.55408 Mbit/s
Cw value = 861
10 nnode
2 Mbit/s send
1.55208 Mbit/s
Cw value = 862
10 nnode
2 Mbit/s send
1.55396 Mbit/s
Cw value = 863
10 nnode
2 Mbit/s send
1.55125 Mbit/s
Cw value = 864
10 nnode
2 Mbit/s send
1.55267 Mbit/s
Cw value = 865
10 nnode
2 Mbit/s send
1.55314 Mbit/s
Cw value = 866
10 nnode
2 Mbit/s send
1.55161 Mbit/s
Cw value = 867
10 nnode
2 Mbit/s send
1.55302 Mbit/s
Cw value = 868
10 nnode
2 Mbit/s send
1.55066 Mbit/s
Cw value = 869
10 nnode
2 Mbit/s send
1.5509 Mbit/s
Cw value = 870
10 nnode
2 Mbit/s send
1.55031 Mbit/s
Cw value = 871
10 nnode
2 Mbit/s send
1.55055 Mbit/s
Cw value = 872
10 nnode
2 Mbit/s send
1.55172 Mbit/s
Cw value = 873
10 nnode
2 Mbit/s send
1.55161 Mbit/s
Cw value = 874
10 nnode
2 Mbit/s send
1.55007 Mbit/s
Cw value = 875
10 nnode
2 Mbit/s send
1.5496 Mbit/s
Cw value = 876
10 nnode
2 Mbit/s send
1.54972 Mbit/s
Cw value = 877
10 nnode
2 Mbit/s send
1.54996 Mbit/s
Cw value = 878
10 nnode
2 Mbit/s send
1.55078 Mbit/s
Cw value = 879
10 nnode
2 Mbit/s send
1.54819 Mbit/s
Cw value = 880
10 nnode
2 Mbit/s send
1.54925 Mbit/s
Cw value = 881
10 nnode
2 Mbit/s send
1.54784 Mbit/s
Cw value = 882
10 nnode
2 Mbit/s send
1.54642 Mbit/s
Cw value = 883
10 nnode
2 Mbit/s send
1.54796 Mbit/s
Cw value = 884
10 nnode
2 Mbit/s send
1.5476 Mbit/s
Cw value = 885
10 nnode
2 Mbit/s send
1.54996 Mbit/s
Cw value = 886
10 nnode
2 Mbit/s send
1.54807 Mbit/s
Cw value = 887
10 nnode
2 Mbit/s send
1.54737 Mbit/s
Cw value = 888
10 nnode
2 Mbit/s send
1.54796 Mbit/s
Cw value = 889
10 nnode
2 Mbit/s send
1.54831 Mbit/s
Cw value = 890
10 nnode
2 Mbit/s send
1.54772 Mbit/s
Cw value = 891
10 nnode
2 Mbit/s send
1.5469 Mbit/s
Cw value = 892
10 nnode
2 Mbit/s send
1.5476 Mbit/s
Cw value = 893
10 nnode
2 Mbit/s send
1.54654 Mbit/s
Cw value = 894
10 nnode
2 Mbit/s send
1.54513 Mbit/s
Cw value = 895
10 nnode
2 Mbit/s send
1.5456 Mbit/s
Cw value = 896
10 nnode
2 Mbit/s send
1.54595 Mbit/s
Cw value = 897
10 nnode
2 Mbit/s send
1.54536 Mbit/s
Cw value = 898
10 nnode
2 Mbit/s send
1.54748 Mbit/s
Cw value = 899
10 nnode
2 Mbit/s send
1.54607 Mbit/s
Cw value = 900
10 nnode
2 Mbit/s send
1.54266 Mbit/s
Cw value = 901
10 nnode
2 Mbit/s send
1.54595 Mbit/s
Cw value = 902
10 nnode
2 Mbit/s send
1.54489 Mbit/s
Cw value = 903
10 nnode
2 Mbit/s send
1.54466 Mbit/s
Cw value = 904
10 nnode
2 Mbit/s send
1.54631 Mbit/s
Cw value = 905
10 nnode
2 Mbit/s send
1.54171 Mbit/s
Cw value = 906
10 nnode
2 Mbit/s send
1.54254 Mbit/s
Cw value = 907
10 nnode
2 Mbit/s send
1.54372 Mbit/s
Cw value = 908
10 nnode
2 Mbit/s send
1.54372 Mbit/s
Cw value = 909
10 nnode
2 Mbit/s send
1.54207 Mbit/s
Cw value = 910
10 nnode
2 Mbit/s send
1.5423 Mbit/s
Cw value = 911
10 nnode
2 Mbit/s send
1.54277 Mbit/s
Cw value = 912
10 nnode
2 Mbit/s send
1.54313 Mbit/s
Cw value = 913
10 nnode
2 Mbit/s send
1.54183 Mbit/s
Cw value = 914
10 nnode
2 Mbit/s send
1.54065 Mbit/s
Cw value = 915
10 nnode
2 Mbit/s send
1.54301 Mbit/s
Cw value = 916
10 nnode
2 Mbit/s send
1.54171 Mbit/s
Cw value = 917
10 nnode
2 Mbit/s send
1.54289 Mbit/s
Cw value = 918
10 nnode
2 Mbit/s send
1.54054 Mbit/s
Cw value = 919
10 nnode
2 Mbit/s send
1.54065 Mbit/s
Cw value = 920
10 nnode
2 Mbit/s send
1.54054 Mbit/s
Cw value = 921
10 nnode
2 Mbit/s send
1.54124 Mbit/s
Cw value = 922
10 nnode
2 Mbit/s send
1.54101 Mbit/s
Cw value = 923
10 nnode
2 Mbit/s send
1.54089 Mbit/s
Cw value = 924
10 nnode
2 Mbit/s send
1.54101 Mbit/s
Cw value = 925
10 nnode
2 Mbit/s send
1.53806 Mbit/s
Cw value = 926
10 nnode
2 Mbit/s send
1.5403 Mbit/s
Cw value = 927
10 nnode
2 Mbit/s send
1.53806 Mbit/s
Cw value = 928
10 nnode
2 Mbit/s send
1.53901 Mbit/s
Cw value = 929
10 nnode
2 Mbit/s send
1.53948 Mbit/s
Cw value = 930
10 nnode
2 Mbit/s send
1.53842 Mbit/s
Cw value = 931
10 nnode
2 Mbit/s send
1.54089 Mbit/s
Cw value = 932
10 nnode
2 Mbit/s send
1.53606 Mbit/s
Cw value = 933
10 nnode
2 Mbit/s send
1.53747 Mbit/s
Cw value = 934
10 nnode
2 Mbit/s send
1.53948 Mbit/s
Cw value = 935
10 nnode
2 Mbit/s send
1.53712 Mbit/s
Cw value = 936
10 nnode
2 Mbit/s send
1.53724 Mbit/s
Cw value = 937
10 nnode
2 Mbit/s send
1.5383 Mbit/s
Cw value = 938
10 nnode
2 Mbit/s send
1.53689 Mbit/s
Cw value = 939
10 nnode
2 Mbit/s send
1.53547 Mbit/s
Cw value = 940
10 nnode
2 Mbit/s send
1.53477 Mbit/s
Cw value = 941
10 nnode
2 Mbit/s send
1.53641 Mbit/s
Cw value = 942
10 nnode
2 Mbit/s send
1.53853 Mbit/s
Cw value = 943
10 nnode
2 Mbit/s send
1.53441 Mbit/s
Cw value = 944
10 nnode
2 Mbit/s send
1.53783 Mbit/s
Cw value = 945
10 nnode
2 Mbit/s send
1.53747 Mbit/s
Cw value = 946
10 nnode
2 Mbit/s send
1.535 Mbit/s
Cw value = 947
10 nnode
2 Mbit/s send
1.53559 Mbit/s
Cw value = 948
10 nnode
2 Mbit/s send
1.53559 Mbit/s
Cw value = 949
10 nnode
2 Mbit/s send
1.53524 Mbit/s
Cw value = 950
10 nnode
2 Mbit/s send
1.53394 Mbit/s
Cw value = 951
10 nnode
2 Mbit/s send
1.5317 Mbit/s
Cw value = 952
10 nnode
2 Mbit/s send
1.53312 Mbit/s
Cw value = 953
10 nnode
2 Mbit/s send
1.53182 Mbit/s
Cw value = 954
10 nnode
2 Mbit/s send
1.53512 Mbit/s
Cw value = 955
10 nnode
2 Mbit/s send
1.53288 Mbit/s
Cw value = 956
10 nnode
2 Mbit/s send
1.53312 Mbit/s
Cw value = 957
10 nnode
2 Mbit/s send
1.53418 Mbit/s
Cw value = 958
10 nnode
2 Mbit/s send
1.53512 Mbit/s
Cw value = 959
10 nnode
2 Mbit/s send
1.53547 Mbit/s
Cw value = 960
10 nnode
2 Mbit/s send
1.5317 Mbit/s
Cw value = 961
10 nnode
2 Mbit/s send
1.53253 Mbit/s
Cw value = 962
10 nnode
2 Mbit/s send
1.53276 Mbit/s
Cw value = 963
10 nnode
2 Mbit/s send
1.53135 Mbit/s
Cw value = 964
10 nnode
2 Mbit/s send
1.53041 Mbit/s
Cw value = 965
10 nnode
2 Mbit/s send
1.53359 Mbit/s
Cw value = 966
10 nnode
2 Mbit/s send
1.53335 Mbit/s
Cw value = 967
10 nnode
2 Mbit/s send
1.5297 Mbit/s
Cw value = 968
10 nnode
2 Mbit/s send
1.5317 Mbit/s
Cw value = 969
10 nnode
2 Mbit/s send
1.53112 Mbit/s
Cw value = 970
10 nnode
2 Mbit/s send
1.52911 Mbit/s
Cw value = 971
10 nnode
2 Mbit/s send
1.53241 Mbit/s
Cw value = 972
10 nnode
2 Mbit/s send
1.529 Mbit/s
Cw value = 973
10 nnode
2 Mbit/s send
1.53006 Mbit/s
Cw value = 974
10 nnode
2 Mbit/s send
1.53135 Mbit/s
Cw value = 975
10 nnode
2 Mbit/s send
1.52923 Mbit/s
Cw value = 976
10 nnode
2 Mbit/s send
1.53159 Mbit/s
Cw value = 977
10 nnode
2 Mbit/s send
1.5317 Mbit/s
Cw value = 978
10 nnode
2 Mbit/s send
1.52864 Mbit/s
Cw value = 979
10 nnode
2 Mbit/s send
1.5277 Mbit/s
Cw value = 980
10 nnode
2 Mbit/s send
1.52711 Mbit/s
Cw value = 981
10 nnode
2 Mbit/s send
1.52888 Mbit/s
Cw value = 982
10 nnode
2 Mbit/s send
1.52735 Mbit/s
Cw value = 983
10 nnode
2 Mbit/s send
1.52652 Mbit/s
Cw value = 984
10 nnode
2 Mbit/s send
1.52852 Mbit/s
Cw value = 985
10 nnode
2 Mbit/s send
1.529 Mbit/s
Cw value = 986
10 nnode
2 Mbit/s send
1.52805 Mbit/s
Cw value = 987
10 nnode
2 Mbit/s send
1.52805 Mbit/s
Cw value = 988
10 nnode
2 Mbit/s send
1.52735 Mbit/s
Cw value = 989
10 nnode
2 Mbit/s send
1.52605 Mbit/s
Cw value = 990
10 nnode
2 Mbit/s send
1.52829 Mbit/s
Cw value = 991
10 nnode
2 Mbit/s send
1.52699 Mbit/s
Cw value = 992
10 nnode
2 Mbit/s send
1.52593 Mbit/s
Cw value = 993
10 nnode
2 Mbit/s send
1.52535 Mbit/s
Cw value = 994
10 nnode
2 Mbit/s send
1.52652 Mbit/s
Cw value = 995
10 nnode
2 Mbit/s send
1.52346 Mbit/s
Cw value = 996
10 nnode
2 Mbit/s send
1.52464 Mbit/s
Cw value = 997
10 nnode
2 Mbit/s send
1.52464 Mbit/s
Cw value = 998
10 nnode
2 Mbit/s send
1.52405 Mbit/s
Cw value = 999
10 nnode
2 Mbit/s send
1.52535 Mbit/s
Cw value = 1000
10 nnode
2 Mbit/s send
1.52393 Mbit/s
Cw value = 1001
10 nnode
2 Mbit/s send
1.52358 Mbit/s
Cw value = 1002
10 nnode
2 Mbit/s send
1.52476 Mbit/s
Cw value = 1003
10 nnode
2 Mbit/s send
1.52358 Mbit/s
Cw value = 1004
10 nnode
2 Mbit/s send
1.52429 Mbit/s
Cw value = 1005
10 nnode
2 Mbit/s send
1.52452 Mbit/s
Cw value = 1006
10 nnode
2 Mbit/s send
1.52122 Mbit/s
Cw value = 1007
10 nnode
2 Mbit/s send
1.52217 Mbit/s
Cw value = 1008
10 nnode
2 Mbit/s send
1.52546 Mbit/s
Cw value = 1009
10 nnode
2 Mbit/s send
1.52134 Mbit/s
Cw value = 1010
10 nnode
2 Mbit/s send
1.52358 Mbit/s
Cw value = 1011
10 nnode
2 Mbit/s send
1.52028 Mbit/s
Cw value = 1012
10 nnode
2 Mbit/s send
1.52075 Mbit/s
Cw value = 1013
10 nnode
2 Mbit/s send
1.52358 Mbit/s
Cw value = 1014
10 nnode
2 Mbit/s send
1.52252 Mbit/s
Cw value = 1015
10 nnode
2 Mbit/s send
1.52181 Mbit/s
Cw value = 1016
10 nnode
2 Mbit/s send
1.52005 Mbit/s
Cw value = 1017
10 nnode
2 Mbit/s send
1.52217 Mbit/s
Cw value = 1018
10 nnode
2 Mbit/s send
1.52122 Mbit/s
Cw value = 1019
10 nnode
2 Mbit/s send
1.5204 Mbit/s
Cw value = 1020
10 nnode
2 Mbit/s send
1.51922 Mbit/s
Cw value = 1021
10 nnode
2 Mbit/s send
1.51946 Mbit/s
Cw value = 1022
10 nnode
2 Mbit/s send
1.52193 Mbit/s
