Waf: Entering directory `/home/klaudia/ns-3/ns-3-allinone/ns-3-dev/build'
[ 848/1755] Compiling scratch/ht-wifi-network2.cc
[1744/1755] Linking build/scratch/ht-wifi-network2
Waf: Leaving directory `/home/klaudia/ns-3/ns-3-allinone/ns-3-dev/build'
Build commands will be stored in build/compile_commands.json
'build' finished successfully (6.457s)
Cw value = 1
50 nnode
11 Mbit/s send
2.65914 Mbit/s
Cw value = 2
50 nnode
11 Mbit/s send
3.07836 Mbit/s
Cw value = 3
50 nnode
11 Mbit/s send
3.06706 Mbit/s
Cw value = 4
50 nnode
11 Mbit/s send
3.19271 Mbit/s
Cw value = 5
50 nnode
11 Mbit/s send
3.2371 Mbit/s
Cw value = 6
50 nnode
11 Mbit/s send
3.44684 Mbit/s
Cw value = 7
50 nnode
11 Mbit/s send
3.20672 Mbit/s
Cw value = 8
50 nnode
11 Mbit/s send
3.22109 Mbit/s
Cw value = 9
50 nnode
11 Mbit/s send
3.39585 Mbit/s
Cw value = 10
50 nnode
11 Mbit/s send
3.33649 Mbit/s
Cw value = 11
50 nnode
11 Mbit/s send
3.46862 Mbit/s
Cw value = 12
50 nnode
11 Mbit/s send
3.43153 Mbit/s
Cw value = 13
50 nnode
11 Mbit/s send
3.36911 Mbit/s
Cw value = 14
50 nnode
11 Mbit/s send
3.28056 Mbit/s
Cw value = 15
50 nnode
11 Mbit/s send
3.37359 Mbit/s
Cw value = 16
50 nnode
11 Mbit/s send
3.47439 Mbit/s
Cw value = 17
50 nnode
11 Mbit/s send
3.43847 Mbit/s
Cw value = 18
50 nnode
11 Mbit/s send
3.66775 Mbit/s
Cw value = 19
50 nnode
11 Mbit/s send
3.31129 Mbit/s
Cw value = 20
50 nnode
11 Mbit/s send
3.59663 Mbit/s
Cw value = 21
50 nnode
11 Mbit/s send
3.3803 Mbit/s
Cw value = 22
50 nnode
11 Mbit/s send
3.60958 Mbit/s
Cw value = 23
50 nnode
11 Mbit/s send
3.42929 Mbit/s
Cw value = 24
50 nnode
11 Mbit/s send
3.94025 Mbit/s
Cw value = 25
50 nnode
11 Mbit/s send
4.00831 Mbit/s
Cw value = 26
50 nnode
11 Mbit/s send
3.82908 Mbit/s
Cw value = 27
50 nnode
11 Mbit/s send
3.59404 Mbit/s
Cw value = 28
50 nnode
11 Mbit/s send
4.07155 Mbit/s
Cw value = 29
50 nnode
11 Mbit/s send
3.90504 Mbit/s
Cw value = 30
50 nnode
11 Mbit/s send
3.92871 Mbit/s
Cw value = 31
50 nnode
11 Mbit/s send
4.28187 Mbit/s
Cw value = 32
50 nnode
11 Mbit/s send
4.30578 Mbit/s
Cw value = 33
50 nnode
11 Mbit/s send
4.4147 Mbit/s
Cw value = 34
50 nnode
11 Mbit/s send
4.19178 Mbit/s
Cw value = 35
50 nnode
11 Mbit/s send
3.9631 Mbit/s
Cw value = 36
50 nnode
11 Mbit/s send
4.32215 Mbit/s
Cw value = 37
50 nnode
11 Mbit/s send
4.33157 Mbit/s
Cw value = 38
50 nnode
11 Mbit/s send
4.0772 Mbit/s
Cw value = 39
50 nnode
11 Mbit/s send
4.42047 Mbit/s
Cw value = 40
50 nnode
11 Mbit/s send
4.28658 Mbit/s
Cw value = 41
50 nnode
11 Mbit/s send
4.62267 Mbit/s
Cw value = 42
50 nnode
11 Mbit/s send
4.68638 Mbit/s
Cw value = 43
50 nnode
11 Mbit/s send
4.58287 Mbit/s
Cw value = 44
50 nnode
11 Mbit/s send
4.58063 Mbit/s
Cw value = 45
50 nnode
11 Mbit/s send
4.44768 Mbit/s
Cw value = 46
50 nnode
11 Mbit/s send
4.41965 Mbit/s
Cw value = 47
50 nnode
11 Mbit/s send
4.28611 Mbit/s
Cw value = 48
50 nnode
11 Mbit/s send
4.54848 Mbit/s
Cw value = 49
50 nnode
11 Mbit/s send
4.7323 Mbit/s
Cw value = 50
50 nnode
11 Mbit/s send
4.72276 Mbit/s
Cw value = 51
50 nnode
11 Mbit/s send
4.68885 Mbit/s
Cw value = 52
50 nnode
11 Mbit/s send
4.55048 Mbit/s
Cw value = 53
50 nnode
11 Mbit/s send
4.54153 Mbit/s
Cw value = 54
50 nnode
11 Mbit/s send
4.54271 Mbit/s
Cw value = 55
50 nnode
11 Mbit/s send
4.81768 Mbit/s
Cw value = 56
50 nnode
11 Mbit/s send
5.03047 Mbit/s
Cw value = 57
50 nnode
11 Mbit/s send
4.92696 Mbit/s
Cw value = 58
50 nnode
11 Mbit/s send
4.75374 Mbit/s
Cw value = 59
50 nnode
11 Mbit/s send
5.05709 Mbit/s
Cw value = 60
50 nnode
11 Mbit/s send
4.8576 Mbit/s
Cw value = 61
50 nnode
11 Mbit/s send
4.83593 Mbit/s
Cw value = 62
50 nnode
11 Mbit/s send
4.88963 Mbit/s
Cw value = 63
50 nnode
11 Mbit/s send
4.99408 Mbit/s
Cw value = 64
50 nnode
11 Mbit/s send
4.89293 Mbit/s
Cw value = 65
50 nnode
11 Mbit/s send
4.94356 Mbit/s
Cw value = 66
50 nnode
11 Mbit/s send
4.88186 Mbit/s
Cw value = 67
50 nnode
11 Mbit/s send
4.97536 Mbit/s
Cw value = 68
50 nnode
11 Mbit/s send
5.01493 Mbit/s
Cw value = 69
50 nnode
11 Mbit/s send
5.00445 Mbit/s
Cw value = 70
50 nnode
11 Mbit/s send
5.2143 Mbit/s
Cw value = 71
50 nnode
11 Mbit/s send
4.89458 Mbit/s
Cw value = 72
50 nnode
11 Mbit/s send
5.0797 Mbit/s
Cw value = 73
50 nnode
11 Mbit/s send
5.0313 Mbit/s
Cw value = 74
50 nnode
11 Mbit/s send
5.1951 Mbit/s
Cw value = 75
50 nnode
11 Mbit/s send
5.18203 Mbit/s
Cw value = 76
50 nnode
11 Mbit/s send
5.24644 Mbit/s
Cw value = 77
50 nnode
11 Mbit/s send
5.18321 Mbit/s
Cw value = 78
50 nnode
11 Mbit/s send
5.093 Mbit/s
Cw value = 79
50 nnode
11 Mbit/s send
5.25268 Mbit/s
Cw value = 80
50 nnode
11 Mbit/s send
5.14152 Mbit/s
Cw value = 81
50 nnode
11 Mbit/s send
5.26941 Mbit/s
Cw value = 82
50 nnode
11 Mbit/s send
5.17591 Mbit/s
Cw value = 83
50 nnode
11 Mbit/s send
5.2528 Mbit/s
Cw value = 84
50 nnode
11 Mbit/s send
5.20028 Mbit/s
Cw value = 85
50 nnode
11 Mbit/s send
5.25257 Mbit/s
Cw value = 86
50 nnode
11 Mbit/s send
5.39011 Mbit/s
Cw value = 87
50 nnode
11 Mbit/s send
5.27294 Mbit/s
Cw value = 88
50 nnode
11 Mbit/s send
5.51199 Mbit/s
Cw value = 89
50 nnode
11 Mbit/s send
5.40872 Mbit/s
Cw value = 90
50 nnode
11 Mbit/s send
5.29673 Mbit/s
Cw value = 91
50 nnode
11 Mbit/s send
5.42485 Mbit/s
Cw value = 92
50 nnode
11 Mbit/s send
5.16189 Mbit/s
Cw value = 93
50 nnode
11 Mbit/s send
5.3874 Mbit/s
Cw value = 94
50 nnode
11 Mbit/s send
5.5631 Mbit/s
Cw value = 95
50 nnode
11 Mbit/s send
5.35761 Mbit/s
Cw value = 96
50 nnode
11 Mbit/s send
5.31792 Mbit/s
Cw value = 97
50 nnode
11 Mbit/s send
5.33994 Mbit/s
Cw value = 98
50 nnode
11 Mbit/s send
5.53013 Mbit/s
Cw value = 99
50 nnode
11 Mbit/s send
5.54873 Mbit/s
Cw value = 100
50 nnode
11 Mbit/s send
5.47525 Mbit/s
Cw value = 101
50 nnode
11 Mbit/s send
5.61562 Mbit/s
Cw value = 102
50 nnode
11 Mbit/s send
5.56051 Mbit/s
Cw value = 103
50 nnode
11 Mbit/s send
5.48114 Mbit/s
Cw value = 104
50 nnode
11 Mbit/s send
5.48079 Mbit/s
Cw value = 105
50 nnode
11 Mbit/s send
5.53437 Mbit/s
Cw value = 106
50 nnode
11 Mbit/s send
5.7567 Mbit/s
Cw value = 107
50 nnode
11 Mbit/s send
5.52648 Mbit/s
Cw value = 108
50 nnode
11 Mbit/s send
5.56604 Mbit/s
Cw value = 109
50 nnode
11 Mbit/s send
5.68369 Mbit/s
Cw value = 110
50 nnode
11 Mbit/s send
5.47396 Mbit/s
Cw value = 111
50 nnode
11 Mbit/s send
5.70865 Mbit/s
Cw value = 112
50 nnode
11 Mbit/s send
5.61586 Mbit/s
Cw value = 113
50 nnode
11 Mbit/s send
5.70571 Mbit/s
Cw value = 114
50 nnode
11 Mbit/s send
5.67014 Mbit/s
Cw value = 115
50 nnode
11 Mbit/s send
5.61174 Mbit/s
Cw value = 116
50 nnode
11 Mbit/s send
5.65378 Mbit/s
Cw value = 117
50 nnode
11 Mbit/s send
5.73527 Mbit/s
Cw value = 118
50 nnode
11 Mbit/s send
5.72007 Mbit/s
Cw value = 119
50 nnode
11 Mbit/s send
5.73939 Mbit/s
Cw value = 120
50 nnode
11 Mbit/s send
5.93204 Mbit/s
Cw value = 121
50 nnode
11 Mbit/s send
5.68651 Mbit/s
Cw value = 122
50 nnode
11 Mbit/s send
5.60385 Mbit/s
Cw value = 123
50 nnode
11 Mbit/s send
5.83642 Mbit/s
Cw value = 124
50 nnode
11 Mbit/s send
5.73279 Mbit/s
Cw value = 125
50 nnode
11 Mbit/s send
5.69841 Mbit/s
Cw value = 126
50 nnode
11 Mbit/s send
5.87505 Mbit/s
Cw value = 127
50 nnode
11 Mbit/s send
5.77283 Mbit/s
Cw value = 128
50 nnode
11 Mbit/s send
5.7156 Mbit/s
Cw value = 129
50 nnode
11 Mbit/s send
5.75175 Mbit/s
Cw value = 130
50 nnode
11 Mbit/s send
5.70724 Mbit/s
Cw value = 131
50 nnode
11 Mbit/s send
5.86209 Mbit/s
Cw value = 132
50 nnode
11 Mbit/s send
5.71301 Mbit/s
Cw value = 133
50 nnode
11 Mbit/s send
5.75811 Mbit/s
Cw value = 134
50 nnode
11 Mbit/s send
5.87846 Mbit/s
Cw value = 135
50 nnode
11 Mbit/s send
5.77613 Mbit/s
Cw value = 136
50 nnode
11 Mbit/s send
5.82936 Mbit/s
Cw value = 137
50 nnode
11 Mbit/s send
5.69523 Mbit/s
Cw value = 138
50 nnode
11 Mbit/s send
5.81487 Mbit/s
Cw value = 139
50 nnode
11 Mbit/s send
5.80663 Mbit/s
Cw value = 140
50 nnode
11 Mbit/s send
5.90767 Mbit/s
Cw value = 141
50 nnode
11 Mbit/s send
5.85644 Mbit/s
Cw value = 142
50 nnode
11 Mbit/s send
5.88093 Mbit/s
Cw value = 143
50 nnode
11 Mbit/s send
5.87304 Mbit/s
Cw value = 144
50 nnode
11 Mbit/s send
5.85397 Mbit/s
Cw value = 145
50 nnode
11 Mbit/s send
5.78025 Mbit/s
Cw value = 146
50 nnode
11 Mbit/s send
5.85844 Mbit/s
Cw value = 147
50 nnode
11 Mbit/s send
5.83913 Mbit/s
Cw value = 148
50 nnode
11 Mbit/s send
5.86351 Mbit/s
Cw value = 149
50 nnode
11 Mbit/s send
5.84902 Mbit/s
Cw value = 150
50 nnode
11 Mbit/s send
5.90943 Mbit/s
Cw value = 151
50 nnode
11 Mbit/s send
5.88729 Mbit/s
Cw value = 152
50 nnode
11 Mbit/s send
6.02495 Mbit/s
Cw value = 153
50 nnode
11 Mbit/s send
5.99716 Mbit/s
Cw value = 154
50 nnode
11 Mbit/s send
5.83689 Mbit/s
Cw value = 155
50 nnode
11 Mbit/s send
5.88894 Mbit/s
Cw value = 156
50 nnode
11 Mbit/s send
5.93616 Mbit/s
Cw value = 157
50 nnode
11 Mbit/s send
6.00847 Mbit/s
Cw value = 158
50 nnode
11 Mbit/s send
6.07806 Mbit/s
Cw value = 159
50 nnode
11 Mbit/s send
6.0133 Mbit/s
Cw value = 160
50 nnode
11 Mbit/s send
5.95336 Mbit/s
Cw value = 161
50 nnode
11 Mbit/s send
5.9583 Mbit/s
Cw value = 162
50 nnode
11 Mbit/s send
6.10962 Mbit/s
Cw value = 163
50 nnode
11 Mbit/s send
6.02342 Mbit/s
Cw value = 164
50 nnode
11 Mbit/s send
6.03909 Mbit/s
Cw value = 165
50 nnode
11 Mbit/s send
6.06452 Mbit/s
Cw value = 166
50 nnode
11 Mbit/s send
5.98174 Mbit/s
Cw value = 167
50 nnode
11 Mbit/s send
6.13989 Mbit/s
Cw value = 168
50 nnode
11 Mbit/s send
6.09149 Mbit/s
Cw value = 169
50 nnode
11 Mbit/s send
6.02861 Mbit/s
Cw value = 170
50 nnode
11 Mbit/s send
5.91768 Mbit/s
Cw value = 171
50 nnode
11 Mbit/s send
5.95713 Mbit/s
Cw value = 172
50 nnode
11 Mbit/s send
5.98892 Mbit/s
Cw value = 173
50 nnode
11 Mbit/s send
6.0995 Mbit/s
Cw value = 174
50 nnode
11 Mbit/s send
6.02425 Mbit/s
Cw value = 175
50 nnode
11 Mbit/s send
6.09502 Mbit/s
Cw value = 176
50 nnode
11 Mbit/s send
6.00164 Mbit/s
Cw value = 177
50 nnode
11 Mbit/s send
5.98692 Mbit/s
Cw value = 178
50 nnode
11 Mbit/s send
6.10032 Mbit/s
Cw value = 179
50 nnode
11 Mbit/s send
6.0213 Mbit/s
Cw value = 180
50 nnode
11 Mbit/s send
6.10762 Mbit/s
Cw value = 181
50 nnode
11 Mbit/s send
6.14707 Mbit/s
Cw value = 182
50 nnode
11 Mbit/s send
6.07806 Mbit/s
Cw value = 183
50 nnode
11 Mbit/s send
6.07771 Mbit/s
Cw value = 184
50 nnode
11 Mbit/s send
6.04898 Mbit/s
Cw value = 185
50 nnode
11 Mbit/s send
6.07771 Mbit/s
Cw value = 186
50 nnode
11 Mbit/s send
6.03332 Mbit/s
Cw value = 187
50 nnode
11 Mbit/s send
5.97974 Mbit/s
Cw value = 188
50 nnode
11 Mbit/s send
6.01718 Mbit/s
Cw value = 189
50 nnode
11 Mbit/s send
6.14825 Mbit/s
Cw value = 190
50 nnode
11 Mbit/s send
6.11799 Mbit/s
Cw value = 191
50 nnode
11 Mbit/s send
6.1128 Mbit/s
Cw value = 192
50 nnode
11 Mbit/s send
6.16285 Mbit/s
Cw value = 193
50 nnode
11 Mbit/s send
6.02755 Mbit/s
Cw value = 194
50 nnode
11 Mbit/s send
6.10833 Mbit/s
Cw value = 195
50 nnode
11 Mbit/s send
6.08819 Mbit/s
Cw value = 196
50 nnode
11 Mbit/s send
6.07712 Mbit/s
Cw value = 197
50 nnode
11 Mbit/s send
5.9974 Mbit/s
Cw value = 198
50 nnode
11 Mbit/s send
6.12588 Mbit/s
Cw value = 199
50 nnode
11 Mbit/s send
6.10786 Mbit/s
Cw value = 200
50 nnode
11 Mbit/s send
6.22821 Mbit/s
Cw value = 201
50 nnode
11 Mbit/s send
6.10056 Mbit/s
Cw value = 202
50 nnode
11 Mbit/s send
6.16662 Mbit/s
Cw value = 203
50 nnode
11 Mbit/s send
6.10586 Mbit/s
Cw value = 204
50 nnode
11 Mbit/s send
6.10409 Mbit/s
Cw value = 205
50 nnode
11 Mbit/s send
6.16733 Mbit/s
Cw value = 206
50 nnode
11 Mbit/s send
6.10303 Mbit/s
Cw value = 207
50 nnode
11 Mbit/s send
6.06488 Mbit/s
Cw value = 208
50 nnode
11 Mbit/s send
6.16521 Mbit/s
Cw value = 209
50 nnode
11 Mbit/s send
6.20183 Mbit/s
Cw value = 210
50 nnode
11 Mbit/s send
6.21643 Mbit/s
Cw value = 211
50 nnode
11 Mbit/s send
6.20054 Mbit/s
Cw value = 212
50 nnode
11 Mbit/s send
6.23692 Mbit/s
Cw value = 213
50 nnode
11 Mbit/s send
6.24022 Mbit/s
Cw value = 214
50 nnode
11 Mbit/s send
6.09961 Mbit/s
Cw value = 215
50 nnode
11 Mbit/s send
6.19406 Mbit/s
Cw value = 216
50 nnode
11 Mbit/s send
6.16968 Mbit/s
Cw value = 217
50 nnode
11 Mbit/s send
6.11398 Mbit/s
Cw value = 218
50 nnode
11 Mbit/s send
6.22974 Mbit/s
Cw value = 219
50 nnode
11 Mbit/s send
6.14613 Mbit/s
Cw value = 220
50 nnode
11 Mbit/s send
6.14566 Mbit/s
Cw value = 221
50 nnode
11 Mbit/s send
6.17557 Mbit/s
Cw value = 222
50 nnode
11 Mbit/s send
6.195 Mbit/s
Cw value = 223
50 nnode
11 Mbit/s send
6.23363 Mbit/s
Cw value = 224
50 nnode
11 Mbit/s send
6.17145 Mbit/s
Cw value = 225
50 nnode
11 Mbit/s send
6.19265 Mbit/s
Cw value = 226
50 nnode
11 Mbit/s send
6.17098 Mbit/s
Cw value = 227
50 nnode
11 Mbit/s send
6.22903 Mbit/s
Cw value = 228
50 nnode
11 Mbit/s send
6.2129 Mbit/s
Cw value = 229
50 nnode
11 Mbit/s send
6.09314 Mbit/s
Cw value = 230
50 nnode
11 Mbit/s send
6.23539 Mbit/s
Cw value = 231
50 nnode
11 Mbit/s send
6.15897 Mbit/s
Cw value = 232
50 nnode
11 Mbit/s send
6.18958 Mbit/s
Cw value = 233
50 nnode
11 Mbit/s send
6.13435 Mbit/s
Cw value = 234
50 nnode
11 Mbit/s send
6.20925 Mbit/s
Cw value = 235
50 nnode
11 Mbit/s send
6.15979 Mbit/s
Cw value = 236
50 nnode
11 Mbit/s send
6.13859 Mbit/s
Cw value = 237
50 nnode
11 Mbit/s send
6.23998 Mbit/s
Cw value = 238
50 nnode
11 Mbit/s send
6.21714 Mbit/s
Cw value = 239
50 nnode
11 Mbit/s send
6.28285 Mbit/s
Cw value = 240
50 nnode
11 Mbit/s send
6.27802 Mbit/s
Cw value = 241
50 nnode
11 Mbit/s send
6.18841 Mbit/s
Cw value = 242
50 nnode
11 Mbit/s send
6.24093 Mbit/s
Cw value = 243
50 nnode
11 Mbit/s send
6.17722 Mbit/s
Cw value = 244
50 nnode
11 Mbit/s send
6.2129 Mbit/s
Cw value = 245
50 nnode
11 Mbit/s send
6.32948 Mbit/s
Cw value = 246
50 nnode
11 Mbit/s send
6.18476 Mbit/s
Cw value = 247
50 nnode
11 Mbit/s send
6.1711 Mbit/s
Cw value = 248
50 nnode
11 Mbit/s send
6.22185 Mbit/s
Cw value = 249
50 nnode
11 Mbit/s send
6.26766 Mbit/s
Cw value = 250
50 nnode
11 Mbit/s send
6.26118 Mbit/s
Cw value = 251
50 nnode
11 Mbit/s send
6.20089 Mbit/s
Cw value = 252
50 nnode
11 Mbit/s send
6.2149 Mbit/s
Cw value = 253
50 nnode
11 Mbit/s send
6.26483 Mbit/s
Cw value = 254
50 nnode
11 Mbit/s send
6.21891 Mbit/s
Cw value = 255
50 nnode
11 Mbit/s send
6.28085 Mbit/s
Cw value = 256
50 nnode
11 Mbit/s send
6.26483 Mbit/s
Cw value = 257
50 nnode
11 Mbit/s send
6.2215 Mbit/s
Cw value = 258
50 nnode
11 Mbit/s send
6.2295 Mbit/s
Cw value = 259
50 nnode
11 Mbit/s send
6.24552 Mbit/s
Cw value = 260
50 nnode
11 Mbit/s send
6.27449 Mbit/s
Cw value = 261
50 nnode
11 Mbit/s send
6.22503 Mbit/s
Cw value = 262
50 nnode
11 Mbit/s send
6.17651 Mbit/s
Cw value = 263
50 nnode
11 Mbit/s send
6.27425 Mbit/s
Cw value = 264
50 nnode
11 Mbit/s send
6.23103 Mbit/s
Cw value = 265
50 nnode
11 Mbit/s send
6.17663 Mbit/s
Cw value = 266
50 nnode
11 Mbit/s send
6.19794 Mbit/s
Cw value = 267
50 nnode
11 Mbit/s send
6.2129 Mbit/s
Cw value = 268
50 nnode
11 Mbit/s send
6.16532 Mbit/s
Cw value = 269
50 nnode
11 Mbit/s send
6.19618 Mbit/s
Cw value = 270
50 nnode
11 Mbit/s send
6.2739 Mbit/s
Cw value = 271
50 nnode
11 Mbit/s send
6.19088 Mbit/s
Cw value = 272
50 nnode
11 Mbit/s send
6.30075 Mbit/s
Cw value = 273
50 nnode
11 Mbit/s send
6.34161 Mbit/s
Cw value = 274
50 nnode
11 Mbit/s send
6.31146 Mbit/s
Cw value = 275
50 nnode
11 Mbit/s send
6.30876 Mbit/s
Cw value = 276
50 nnode
11 Mbit/s send
6.26766 Mbit/s
Cw value = 277
50 nnode
11 Mbit/s send
6.23115 Mbit/s
Cw value = 278
50 nnode
11 Mbit/s send
6.27425 Mbit/s
Cw value = 279
50 nnode
11 Mbit/s send
6.29627 Mbit/s
Cw value = 280
50 nnode
11 Mbit/s send
6.31476 Mbit/s
Cw value = 281
50 nnode
11 Mbit/s send
6.29792 Mbit/s
Cw value = 282
50 nnode
11 Mbit/s send
6.24988 Mbit/s
Cw value = 283
50 nnode
11 Mbit/s send
6.34043 Mbit/s
Cw value = 284
50 nnode
11 Mbit/s send
6.26919 Mbit/s
Cw value = 285
50 nnode
11 Mbit/s send
6.28473 Mbit/s
Cw value = 286
50 nnode
11 Mbit/s send
6.2646 Mbit/s
Cw value = 287
50 nnode
11 Mbit/s send
6.29109 Mbit/s
Cw value = 288
50 nnode
11 Mbit/s send
6.3077 Mbit/s
Cw value = 289
50 nnode
11 Mbit/s send
6.34762 Mbit/s
Cw value = 290
50 nnode
11 Mbit/s send
6.2527 Mbit/s
Cw value = 291
50 nnode
11 Mbit/s send
6.26389 Mbit/s
Cw value = 292
50 nnode
11 Mbit/s send
6.36092 Mbit/s
Cw value = 293
50 nnode
11 Mbit/s send
6.33761 Mbit/s
Cw value = 294
50 nnode
11 Mbit/s send
6.28155 Mbit/s
Cw value = 295
50 nnode
11 Mbit/s send
6.27885 Mbit/s
Cw value = 296
50 nnode
11 Mbit/s send
6.2772 Mbit/s
Cw value = 297
50 nnode
11 Mbit/s send
6.31983 Mbit/s
Cw value = 298
50 nnode
11 Mbit/s send
6.30475 Mbit/s
Cw value = 299
50 nnode
11 Mbit/s send
6.2593 Mbit/s
Cw value = 300
50 nnode
11 Mbit/s send
6.27885 Mbit/s
Cw value = 301
50 nnode
11 Mbit/s send
6.25482 Mbit/s
Cw value = 302
50 nnode
11 Mbit/s send
6.31759 Mbit/s
Cw value = 303
50 nnode
11 Mbit/s send
6.36022 Mbit/s
Cw value = 304
50 nnode
11 Mbit/s send
6.26601 Mbit/s
Cw value = 305
50 nnode
11 Mbit/s send
6.28556 Mbit/s
Cw value = 306
50 nnode
11 Mbit/s send
6.3442 Mbit/s
Cw value = 307
50 nnode
11 Mbit/s send
6.30581 Mbit/s
Cw value = 308
50 nnode
11 Mbit/s send
6.30817 Mbit/s
Cw value = 309
50 nnode
11 Mbit/s send
6.31971 Mbit/s
Cw value = 310
50 nnode
11 Mbit/s send
6.33031 Mbit/s
Cw value = 311
50 nnode
11 Mbit/s send
6.33596 Mbit/s
Cw value = 312
50 nnode
11 Mbit/s send
6.25329 Mbit/s
Cw value = 313
50 nnode
11 Mbit/s send
6.29828 Mbit/s
Cw value = 314
50 nnode
11 Mbit/s send
6.32136 Mbit/s
Cw value = 315
50 nnode
11 Mbit/s send
6.30428 Mbit/s
Cw value = 316
50 nnode
11 Mbit/s send
6.27767 Mbit/s
Cw value = 317
50 nnode
11 Mbit/s send
6.30746 Mbit/s
Cw value = 318
50 nnode
11 Mbit/s send
6.30287 Mbit/s
Cw value = 319
50 nnode
11 Mbit/s send
6.33396 Mbit/s
Cw value = 320
50 nnode
11 Mbit/s send
6.30051 Mbit/s
Cw value = 321
50 nnode
11 Mbit/s send
6.33561 Mbit/s
Cw value = 322
50 nnode
11 Mbit/s send
6.35527 Mbit/s
Cw value = 323
50 nnode
11 Mbit/s send
6.2878 Mbit/s
Cw value = 324
50 nnode
11 Mbit/s send
6.28426 Mbit/s
Cw value = 325
50 nnode
11 Mbit/s send
6.34679 Mbit/s
Cw value = 326
50 nnode
11 Mbit/s send
6.27178 Mbit/s
Cw value = 327
50 nnode
11 Mbit/s send
6.30334 Mbit/s
Cw value = 328
50 nnode
11 Mbit/s send
6.28697 Mbit/s
Cw value = 329
50 nnode
11 Mbit/s send
6.32666 Mbit/s
Cw value = 330
50 nnode
11 Mbit/s send
6.25942 Mbit/s
Cw value = 331
50 nnode
11 Mbit/s send
6.32666 Mbit/s
Cw value = 332
50 nnode
11 Mbit/s send
6.30405 Mbit/s
Cw value = 333
50 nnode
11 Mbit/s send
6.33843 Mbit/s
Cw value = 334
50 nnode
11 Mbit/s send
6.32595 Mbit/s
Cw value = 335
50 nnode
11 Mbit/s send
6.31123 Mbit/s
Cw value = 336
50 nnode
11 Mbit/s send
6.31205 Mbit/s
Cw value = 337
50 nnode
11 Mbit/s send
6.32878 Mbit/s
Cw value = 338
50 nnode
11 Mbit/s send
6.32289 Mbit/s
Cw value = 339
50 nnode
11 Mbit/s send
6.2706 Mbit/s
Cw value = 340
50 nnode
11 Mbit/s send
6.32689 Mbit/s
Cw value = 341
50 nnode
11 Mbit/s send
6.30711 Mbit/s
Cw value = 342
50 nnode
11 Mbit/s send
6.29498 Mbit/s
Cw value = 343
50 nnode
11 Mbit/s send
6.31311 Mbit/s
Cw value = 344
50 nnode
11 Mbit/s send
6.34079 Mbit/s
Cw value = 345
50 nnode
11 Mbit/s send
6.3024 Mbit/s
Cw value = 346
50 nnode
11 Mbit/s send
6.3329 Mbit/s
Cw value = 347
50 nnode
11 Mbit/s send
6.31959 Mbit/s
Cw value = 348
50 nnode
11 Mbit/s send
6.35327 Mbit/s
Cw value = 349
50 nnode
11 Mbit/s send
6.33278 Mbit/s
Cw value = 350
50 nnode
11 Mbit/s send
6.28968 Mbit/s
Cw value = 351
50 nnode
11 Mbit/s send
6.30675 Mbit/s
Cw value = 352
50 nnode
11 Mbit/s send
6.34267 Mbit/s
Cw value = 353
50 nnode
11 Mbit/s send
6.3329 Mbit/s
Cw value = 354
50 nnode
11 Mbit/s send
6.31194 Mbit/s
Cw value = 355
50 nnode
11 Mbit/s send
6.29828 Mbit/s
Cw value = 356
50 nnode
11 Mbit/s send
6.35586 Mbit/s
Cw value = 357
50 nnode
11 Mbit/s send
6.32418 Mbit/s
Cw value = 358
50 nnode
11 Mbit/s send
6.36799 Mbit/s
Cw value = 359
50 nnode
11 Mbit/s send
6.31111 Mbit/s
Cw value = 360
50 nnode
11 Mbit/s send
6.37541 Mbit/s
Cw value = 361
50 nnode
11 Mbit/s send
6.33549 Mbit/s
Cw value = 362
50 nnode
11 Mbit/s send
6.32984 Mbit/s
Cw value = 363
50 nnode
11 Mbit/s send
6.33502 Mbit/s
Cw value = 364
50 nnode
11 Mbit/s send
6.37564 Mbit/s
Cw value = 365
50 nnode
11 Mbit/s send
6.34491 Mbit/s
Cw value = 366
50 nnode
11 Mbit/s send
6.29686 Mbit/s
Cw value = 367
50 nnode
11 Mbit/s send
6.33313 Mbit/s
Cw value = 368
50 nnode
11 Mbit/s send
6.32312 Mbit/s
Cw value = 369
50 nnode
11 Mbit/s send
6.31818 Mbit/s
Cw value = 370
50 nnode
11 Mbit/s send
6.2971 Mbit/s
Cw value = 371
50 nnode
11 Mbit/s send
6.28933 Mbit/s
Cw value = 372
50 nnode
11 Mbit/s send
6.29828 Mbit/s
Cw value = 373
50 nnode
11 Mbit/s send
6.33596 Mbit/s
Cw value = 374
50 nnode
11 Mbit/s send
6.35115 Mbit/s
Cw value = 375
50 nnode
11 Mbit/s send
6.35527 Mbit/s
Cw value = 376
50 nnode
11 Mbit/s send
6.28933 Mbit/s
Cw value = 377
50 nnode
11 Mbit/s send
6.32571 Mbit/s
Cw value = 378
50 nnode
11 Mbit/s send
6.29003 Mbit/s
Cw value = 379
50 nnode
11 Mbit/s send
6.25235 Mbit/s
Cw value = 380
50 nnode
11 Mbit/s send
6.33796 Mbit/s
Cw value = 381
50 nnode
11 Mbit/s send
6.33725 Mbit/s
Cw value = 382
50 nnode
11 Mbit/s send
6.31782 Mbit/s
Cw value = 383
50 nnode
11 Mbit/s send
6.37588 Mbit/s
Cw value = 384
50 nnode
11 Mbit/s send
6.33855 Mbit/s
Cw value = 385
50 nnode
11 Mbit/s send
6.30275 Mbit/s
Cw value = 386
50 nnode
11 Mbit/s send
6.29239 Mbit/s
Cw value = 387
50 nnode
11 Mbit/s send
6.29368 Mbit/s
Cw value = 388
50 nnode
11 Mbit/s send
6.2878 Mbit/s
Cw value = 389
50 nnode
11 Mbit/s send
6.32312 Mbit/s
Cw value = 390
50 nnode
11 Mbit/s send
6.3674 Mbit/s
Cw value = 391
50 nnode
11 Mbit/s send
6.33985 Mbit/s
Cw value = 392
50 nnode
11 Mbit/s send
6.33172 Mbit/s
Cw value = 393
50 nnode
11 Mbit/s send
6.313 Mbit/s
Cw value = 394
50 nnode
11 Mbit/s send
6.33855 Mbit/s
Cw value = 395
50 nnode
11 Mbit/s send
6.32147 Mbit/s
Cw value = 396
50 nnode
11 Mbit/s send
6.33478 Mbit/s
Cw value = 397
50 nnode
11 Mbit/s send
6.2978 Mbit/s
Cw value = 398
50 nnode
11 Mbit/s send
6.3256 Mbit/s
Cw value = 399
50 nnode
11 Mbit/s send
6.32736 Mbit/s
Cw value = 400
50 nnode
11 Mbit/s send
6.27767 Mbit/s
Cw value = 401
50 nnode
11 Mbit/s send
6.30287 Mbit/s
Cw value = 402
50 nnode
11 Mbit/s send
6.36269 Mbit/s
Cw value = 403
50 nnode
11 Mbit/s send
6.30982 Mbit/s
Cw value = 404
50 nnode
11 Mbit/s send
6.30723 Mbit/s
Cw value = 405
50 nnode
11 Mbit/s send
6.2991 Mbit/s
Cw value = 406
50 nnode
11 Mbit/s send
6.3508 Mbit/s
Cw value = 407
50 nnode
11 Mbit/s send
6.30405 Mbit/s
Cw value = 408
50 nnode
11 Mbit/s send
6.36705 Mbit/s
Cw value = 409
50 nnode
11 Mbit/s send
6.35033 Mbit/s
Cw value = 410
50 nnode
11 Mbit/s send
6.35774 Mbit/s
Cw value = 411
50 nnode
11 Mbit/s send
6.32265 Mbit/s
Cw value = 412
50 nnode
11 Mbit/s send
6.36693 Mbit/s
Cw value = 413
50 nnode
11 Mbit/s send
6.34526 Mbit/s
Cw value = 414
50 nnode
11 Mbit/s send
6.33702 Mbit/s
Cw value = 415
50 nnode
11 Mbit/s send
6.29463 Mbit/s
Cw value = 416
50 nnode
11 Mbit/s send
6.35209 Mbit/s
Cw value = 417
50 nnode
11 Mbit/s send
6.35351 Mbit/s
Cw value = 418
50 nnode
11 Mbit/s send
6.31135 Mbit/s
Cw value = 419
50 nnode
11 Mbit/s send
6.34938 Mbit/s
Cw value = 420
50 nnode
11 Mbit/s send
6.35527 Mbit/s
Cw value = 421
50 nnode
11 Mbit/s send
6.31994 Mbit/s
Cw value = 422
50 nnode
11 Mbit/s send
6.32383 Mbit/s
Cw value = 423
50 nnode
11 Mbit/s send
6.3727 Mbit/s
Cw value = 424
50 nnode
11 Mbit/s send
6.36387 Mbit/s
Cw value = 425
50 nnode
11 Mbit/s send
6.34079 Mbit/s
Cw value = 426
50 nnode
11 Mbit/s send
6.33725 Mbit/s
Cw value = 427
50 nnode
11 Mbit/s send
6.33466 Mbit/s
Cw value = 428
50 nnode
11 Mbit/s send
6.30817 Mbit/s
Cw value = 429
50 nnode
11 Mbit/s send
6.34267 Mbit/s
Cw value = 430
50 nnode
11 Mbit/s send
6.32901 Mbit/s
Cw value = 431
50 nnode
11 Mbit/s send
6.28214 Mbit/s
Cw value = 432
50 nnode
11 Mbit/s send
6.31947 Mbit/s
Cw value = 433
50 nnode
11 Mbit/s send
6.34514 Mbit/s
Cw value = 434
50 nnode
11 Mbit/s send
6.35021 Mbit/s
Cw value = 435
50 nnode
11 Mbit/s send
6.30534 Mbit/s
Cw value = 436
50 nnode
11 Mbit/s send
6.36563 Mbit/s
Cw value = 437
50 nnode
11 Mbit/s send
6.34774 Mbit/s
Cw value = 438
50 nnode
11 Mbit/s send
6.32442 Mbit/s
Cw value = 439
50 nnode
11 Mbit/s send
6.33148 Mbit/s
Cw value = 440
50 nnode
11 Mbit/s send
6.33325 Mbit/s
Cw value = 441
50 nnode
11 Mbit/s send
6.28991 Mbit/s
Cw value = 442
50 nnode
11 Mbit/s send
6.28933 Mbit/s
Cw value = 443
50 nnode
11 Mbit/s send
6.33725 Mbit/s
Cw value = 444
50 nnode
11 Mbit/s send
6.34244 Mbit/s
Cw value = 445
50 nnode
11 Mbit/s send
6.29792 Mbit/s
Cw value = 446
50 nnode
11 Mbit/s send
6.31983 Mbit/s
Cw value = 447
50 nnode
11 Mbit/s send
6.31735 Mbit/s
Cw value = 448
50 nnode
11 Mbit/s send
6.3641 Mbit/s
Cw value = 449
50 nnode
11 Mbit/s send
6.30487 Mbit/s
Cw value = 450
50 nnode
11 Mbit/s send
6.29027 Mbit/s
Cw value = 451
50 nnode
11 Mbit/s send
6.2918 Mbit/s
Cw value = 452
50 nnode
11 Mbit/s send
6.33231 Mbit/s
Cw value = 453
50 nnode
11 Mbit/s send
6.30605 Mbit/s
Cw value = 454
50 nnode
11 Mbit/s send
6.30475 Mbit/s
Cw value = 455
50 nnode
11 Mbit/s send
6.30169 Mbit/s
Cw value = 456
50 nnode
11 Mbit/s send
6.34962 Mbit/s
Cw value = 457
50 nnode
11 Mbit/s send
6.32654 Mbit/s
Cw value = 458
50 nnode
11 Mbit/s send
6.30805 Mbit/s
Cw value = 459
50 nnode
11 Mbit/s send
6.31335 Mbit/s
Cw value = 460
50 nnode
11 Mbit/s send
6.31099 Mbit/s
Cw value = 461
50 nnode
11 Mbit/s send
6.2938 Mbit/s
Cw value = 462
50 nnode
11 Mbit/s send
6.32795 Mbit/s
Cw value = 463
50 nnode
11 Mbit/s send
6.32183 Mbit/s
Cw value = 464
50 nnode
11 Mbit/s send
6.31935 Mbit/s
Cw value = 465
50 nnode
11 Mbit/s send
6.29227 Mbit/s
Cw value = 466
50 nnode
11 Mbit/s send
6.29627 Mbit/s
Cw value = 467
50 nnode
11 Mbit/s send
6.3157 Mbit/s
Cw value = 468
50 nnode
11 Mbit/s send
6.33926 Mbit/s
Cw value = 469
50 nnode
11 Mbit/s send
6.30405 Mbit/s
Cw value = 470
50 nnode
11 Mbit/s send
6.31676 Mbit/s
Cw value = 471
50 nnode
11 Mbit/s send
6.29898 Mbit/s
Cw value = 472
50 nnode
11 Mbit/s send
6.3561 Mbit/s
Cw value = 473
50 nnode
11 Mbit/s send
6.29898 Mbit/s
Cw value = 474
50 nnode
11 Mbit/s send
6.32206 Mbit/s
Cw value = 475
50 nnode
11 Mbit/s send
6.25188 Mbit/s
Cw value = 476
50 nnode
11 Mbit/s send
6.29839 Mbit/s
Cw value = 477
50 nnode
11 Mbit/s send
6.29828 Mbit/s
Cw value = 478
50 nnode
11 Mbit/s send
6.29969 Mbit/s
Cw value = 479
50 nnode
11 Mbit/s send
6.31382 Mbit/s
Cw value = 480
50 nnode
11 Mbit/s send
6.35068 Mbit/s
Cw value = 481
50 nnode
11 Mbit/s send
6.30063 Mbit/s
Cw value = 482
50 nnode
11 Mbit/s send
6.32713 Mbit/s
Cw value = 483
50 nnode
11 Mbit/s send
6.2991 Mbit/s
Cw value = 484
50 nnode
11 Mbit/s send
6.30087 Mbit/s
Cw value = 485
50 nnode
11 Mbit/s send
6.30463 Mbit/s
Cw value = 486
50 nnode
11 Mbit/s send
6.28061 Mbit/s
Cw value = 487
50 nnode
11 Mbit/s send
6.28108 Mbit/s
Cw value = 488
50 nnode
11 Mbit/s send
6.30628 Mbit/s
Cw value = 489
50 nnode
11 Mbit/s send
6.29839 Mbit/s
Cw value = 490
50 nnode
11 Mbit/s send
6.31676 Mbit/s
Cw value = 491
50 nnode
11 Mbit/s send
6.31205 Mbit/s
Cw value = 492
50 nnode
11 Mbit/s send
6.25494 Mbit/s
Cw value = 493
50 nnode
11 Mbit/s send
6.31441 Mbit/s
Cw value = 494
50 nnode
11 Mbit/s send
6.34397 Mbit/s
Cw value = 495
50 nnode
11 Mbit/s send
6.29616 Mbit/s
Cw value = 496
50 nnode
11 Mbit/s send
6.30958 Mbit/s
Cw value = 497
50 nnode
11 Mbit/s send
6.28509 Mbit/s
Cw value = 498
50 nnode
11 Mbit/s send
6.24481 Mbit/s
Cw value = 499
50 nnode
11 Mbit/s send
6.2958 Mbit/s
Cw value = 500
50 nnode
11 Mbit/s send
6.28085 Mbit/s
Cw value = 501
50 nnode
11 Mbit/s send
6.32065 Mbit/s
Cw value = 502
50 nnode
11 Mbit/s send
6.28615 Mbit/s
Cw value = 503
50 nnode
11 Mbit/s send
6.3296 Mbit/s
Cw value = 504
50 nnode
11 Mbit/s send
6.29828 Mbit/s
Cw value = 505
50 nnode
11 Mbit/s send
6.32889 Mbit/s
Cw value = 506
50 nnode
11 Mbit/s send
6.26224 Mbit/s
Cw value = 507
50 nnode
11 Mbit/s send
6.32748 Mbit/s
Cw value = 508
50 nnode
11 Mbit/s send
6.28874 Mbit/s
Cw value = 509
50 nnode
11 Mbit/s send
6.30829 Mbit/s
Cw value = 510
50 nnode
11 Mbit/s send
6.27837 Mbit/s
Cw value = 511
50 nnode
11 Mbit/s send
6.30204 Mbit/s
Cw value = 512
50 nnode
11 Mbit/s send
6.29251 Mbit/s
Cw value = 513
50 nnode
11 Mbit/s send
6.2772 Mbit/s
Cw value = 514
50 nnode
11 Mbit/s send
6.29557 Mbit/s
Cw value = 515
50 nnode
11 Mbit/s send
6.29804 Mbit/s
Cw value = 516
50 nnode
11 Mbit/s send
6.25883 Mbit/s
Cw value = 517
50 nnode
11 Mbit/s send
6.30605 Mbit/s
Cw value = 518
50 nnode
11 Mbit/s send
6.24858 Mbit/s
Cw value = 519
50 nnode
11 Mbit/s send
6.26577 Mbit/s
Cw value = 520
50 nnode
11 Mbit/s send
6.28674 Mbit/s
Cw value = 521
50 nnode
11 Mbit/s send
6.26907 Mbit/s
Cw value = 522
50 nnode
11 Mbit/s send
6.29368 Mbit/s
Cw value = 523
50 nnode
11 Mbit/s send
6.30569 Mbit/s
Cw value = 524
50 nnode
11 Mbit/s send
6.29027 Mbit/s
Cw value = 525
50 nnode
11 Mbit/s send
6.27508 Mbit/s
Cw value = 526
50 nnode
11 Mbit/s send
6.31841 Mbit/s
Cw value = 527
50 nnode
11 Mbit/s send
6.29616 Mbit/s
Cw value = 528
50 nnode
11 Mbit/s send
6.29627 Mbit/s
Cw value = 529
50 nnode
11 Mbit/s send
6.29663 Mbit/s
Cw value = 530
50 nnode
11 Mbit/s send
6.28273 Mbit/s
Cw value = 531
50 nnode
11 Mbit/s send
6.28438 Mbit/s
Cw value = 532
50 nnode
11 Mbit/s send
6.27107 Mbit/s
Cw value = 533
50 nnode
11 Mbit/s send
6.30193 Mbit/s
Cw value = 534
50 nnode
11 Mbit/s send
6.30876 Mbit/s
Cw value = 535
50 nnode
11 Mbit/s send
6.29074 Mbit/s
Cw value = 536
50 nnode
11 Mbit/s send
6.25659 Mbit/s
Cw value = 537
50 nnode
11 Mbit/s send
6.28356 Mbit/s
Cw value = 538
50 nnode
11 Mbit/s send
6.2726 Mbit/s
Cw value = 539
50 nnode
11 Mbit/s send
6.26636 Mbit/s
Cw value = 540
50 nnode
11 Mbit/s send
6.26966 Mbit/s
Cw value = 541
50 nnode
11 Mbit/s send
6.25082 Mbit/s
Cw value = 542
50 nnode
11 Mbit/s send
6.30511 Mbit/s
Cw value = 543
50 nnode
11 Mbit/s send
6.29439 Mbit/s
Cw value = 544
50 nnode
11 Mbit/s send
6.29003 Mbit/s
Cw value = 545
50 nnode
11 Mbit/s send
6.33419 Mbit/s
Cw value = 546
50 nnode
11 Mbit/s send
6.25671 Mbit/s
Cw value = 547
50 nnode
11 Mbit/s send
6.29192 Mbit/s
Cw value = 548
50 nnode
11 Mbit/s send
6.23657 Mbit/s
Cw value = 549
50 nnode
11 Mbit/s send
6.28297 Mbit/s
Cw value = 550
50 nnode
11 Mbit/s send
6.28862 Mbit/s
Cw value = 551
50 nnode
11 Mbit/s send
6.29039 Mbit/s
Cw value = 552
50 nnode
11 Mbit/s send
6.26401 Mbit/s
Cw value = 553
50 nnode
11 Mbit/s send
6.27084 Mbit/s
Cw value = 554
50 nnode
11 Mbit/s send
6.2991 Mbit/s
Cw value = 555
50 nnode
11 Mbit/s send
6.2759 Mbit/s
Cw value = 556
50 nnode
11 Mbit/s send
6.26377 Mbit/s
Cw value = 557
50 nnode
11 Mbit/s send
6.26401 Mbit/s
Cw value = 558
50 nnode
11 Mbit/s send
6.24611 Mbit/s
Cw value = 559
50 nnode
11 Mbit/s send
6.28732 Mbit/s
Cw value = 560
50 nnode
11 Mbit/s send
6.33148 Mbit/s
Cw value = 561
50 nnode
11 Mbit/s send
6.28556 Mbit/s
Cw value = 562
50 nnode
11 Mbit/s send
6.30487 Mbit/s
Cw value = 563
50 nnode
11 Mbit/s send
6.27696 Mbit/s
Cw value = 564
50 nnode
11 Mbit/s send
6.2474 Mbit/s
Cw value = 565
50 nnode
11 Mbit/s send
6.24163 Mbit/s
Cw value = 566
50 nnode
11 Mbit/s send
6.25565 Mbit/s
Cw value = 567
50 nnode
11 Mbit/s send
6.26754 Mbit/s
Cw value = 568
50 nnode
11 Mbit/s send
6.26789 Mbit/s
Cw value = 569
50 nnode
11 Mbit/s send
6.27449 Mbit/s
Cw value = 570
50 nnode
11 Mbit/s send
6.23469 Mbit/s
Cw value = 571
50 nnode
11 Mbit/s send
6.27378 Mbit/s
Cw value = 572
50 nnode
11 Mbit/s send
6.29392 Mbit/s
Cw value = 573
50 nnode
11 Mbit/s send
6.24411 Mbit/s
Cw value = 574
50 nnode
11 Mbit/s send
6.28085 Mbit/s
Cw value = 575
50 nnode
11 Mbit/s send
6.24799 Mbit/s
Cw value = 576
50 nnode
11 Mbit/s send
6.26059 Mbit/s
Cw value = 577
50 nnode
11 Mbit/s send
6.256 Mbit/s
Cw value = 578
50 nnode
11 Mbit/s send
6.25753 Mbit/s
Cw value = 579
50 nnode
11 Mbit/s send
6.25671 Mbit/s
Cw value = 580
50 nnode
11 Mbit/s send
6.28273 Mbit/s
Cw value = 581
50 nnode
11 Mbit/s send
6.252 Mbit/s
Cw value = 582
50 nnode
11 Mbit/s send
6.24258 Mbit/s
Cw value = 583
50 nnode
11 Mbit/s send
6.25353 Mbit/s
Cw value = 584
50 nnode
11 Mbit/s send
6.23433 Mbit/s
Cw value = 585
50 nnode
11 Mbit/s send
6.22727 Mbit/s
Cw value = 586
50 nnode
11 Mbit/s send
6.23351 Mbit/s
Cw value = 587
50 nnode
11 Mbit/s send
6.23527 Mbit/s
Cw value = 588
50 nnode
11 Mbit/s send
6.24022 Mbit/s
Cw value = 589
50 nnode
11 Mbit/s send
6.23586 Mbit/s
Cw value = 590
50 nnode
11 Mbit/s send
6.24999 Mbit/s
Cw value = 591
50 nnode
11 Mbit/s send
6.20678 Mbit/s
Cw value = 592
50 nnode
11 Mbit/s send
6.26942 Mbit/s
Cw value = 593
50 nnode
11 Mbit/s send
6.26 Mbit/s
Cw value = 594
50 nnode
11 Mbit/s send
6.23351 Mbit/s
Cw value = 595
50 nnode
11 Mbit/s send
6.23115 Mbit/s
Cw value = 596
50 nnode
11 Mbit/s send
6.2474 Mbit/s
Cw value = 597
50 nnode
11 Mbit/s send
6.26719 Mbit/s
Cw value = 598
50 nnode
11 Mbit/s send
6.27366 Mbit/s
Cw value = 599
50 nnode
11 Mbit/s send
6.28638 Mbit/s
Cw value = 600
50 nnode
11 Mbit/s send
6.23775 Mbit/s
Cw value = 601
50 nnode
11 Mbit/s send
6.24858 Mbit/s
Cw value = 602
50 nnode
11 Mbit/s send
6.2454 Mbit/s
Cw value = 603
50 nnode
11 Mbit/s send
6.27614 Mbit/s
Cw value = 604
50 nnode
11 Mbit/s send
6.23457 Mbit/s
Cw value = 605
50 nnode
11 Mbit/s send
6.29474 Mbit/s
Cw value = 606
50 nnode
11 Mbit/s send
6.23928 Mbit/s
Cw value = 607
50 nnode
11 Mbit/s send
6.21902 Mbit/s
Cw value = 608
50 nnode
11 Mbit/s send
6.21431 Mbit/s
Cw value = 609
50 nnode
11 Mbit/s send
6.24375 Mbit/s
Cw value = 610
50 nnode
11 Mbit/s send
6.23162 Mbit/s
Cw value = 611
50 nnode
11 Mbit/s send
6.26577 Mbit/s
Cw value = 612
50 nnode
11 Mbit/s send
6.20607 Mbit/s
Cw value = 613
50 nnode
11 Mbit/s send
6.24057 Mbit/s
Cw value = 614
50 nnode
11 Mbit/s send
6.24246 Mbit/s
Cw value = 615
50 nnode
11 Mbit/s send
6.27154 Mbit/s
Cw value = 616
50 nnode
11 Mbit/s send
6.21137 Mbit/s
Cw value = 617
50 nnode
11 Mbit/s send
6.22727 Mbit/s
Cw value = 618
50 nnode
11 Mbit/s send
6.21749 Mbit/s
Cw value = 619
50 nnode
11 Mbit/s send
6.21113 Mbit/s
Cw value = 620
50 nnode
11 Mbit/s send
6.21102 Mbit/s
Cw value = 621
50 nnode
11 Mbit/s send
6.20395 Mbit/s
Cw value = 622
50 nnode
11 Mbit/s send
6.24046 Mbit/s
Cw value = 623
50 nnode
11 Mbit/s send
6.25706 Mbit/s
Cw value = 624
50 nnode
11 Mbit/s send
6.23928 Mbit/s
Cw value = 625
50 nnode
11 Mbit/s send
6.25753 Mbit/s
Cw value = 626
50 nnode
11 Mbit/s send
6.21054 Mbit/s
Cw value = 627
50 nnode
11 Mbit/s send
6.21773 Mbit/s
Cw value = 628
50 nnode
11 Mbit/s send
6.21526 Mbit/s
Cw value = 629
50 nnode
11 Mbit/s send
6.24564 Mbit/s
Cw value = 630
50 nnode
11 Mbit/s send
6.25671 Mbit/s
Cw value = 631
50 nnode
11 Mbit/s send
6.24611 Mbit/s
Cw value = 632
50 nnode
11 Mbit/s send
6.26177 Mbit/s
Cw value = 633
50 nnode
11 Mbit/s send
6.20913 Mbit/s
Cw value = 634
50 nnode
11 Mbit/s send
6.26036 Mbit/s
Cw value = 635
50 nnode
11 Mbit/s send
6.21467 Mbit/s
Cw value = 636
50 nnode
11 Mbit/s send
6.19029 Mbit/s
Cw value = 637
50 nnode
11 Mbit/s send
6.19724 Mbit/s
Cw value = 638
50 nnode
11 Mbit/s send
6.22032 Mbit/s
Cw value = 639
50 nnode
11 Mbit/s send
6.21855 Mbit/s
Cw value = 640
50 nnode
11 Mbit/s send
6.20583 Mbit/s
Cw value = 641
50 nnode
11 Mbit/s send
6.24199 Mbit/s
Cw value = 642
50 nnode
11 Mbit/s send
6.23469 Mbit/s
Cw value = 643
50 nnode
11 Mbit/s send
6.24929 Mbit/s
Cw value = 644
50 nnode
11 Mbit/s send
6.22668 Mbit/s
Cw value = 645
50 nnode
11 Mbit/s send
6.19017 Mbit/s
Cw value = 646
50 nnode
11 Mbit/s send
6.19159 Mbit/s
Cw value = 647
50 nnode
11 Mbit/s send
6.16532 Mbit/s
Cw value = 648
50 nnode
11 Mbit/s send
6.2169 Mbit/s
Cw value = 649
50 nnode
11 Mbit/s send
6.19535 Mbit/s
Cw value = 650
50 nnode
11 Mbit/s send
6.22479 Mbit/s
Cw value = 651
50 nnode
11 Mbit/s send
6.20583 Mbit/s
Cw value = 652
50 nnode
11 Mbit/s send
6.20313 Mbit/s
Cw value = 653
50 nnode
11 Mbit/s send
6.26012 Mbit/s
Cw value = 654
50 nnode
11 Mbit/s send
6.19535 Mbit/s
Cw value = 655
50 nnode
11 Mbit/s send
6.18582 Mbit/s
Cw value = 656
50 nnode
11 Mbit/s send
6.23692 Mbit/s
Cw value = 657
50 nnode
11 Mbit/s send
6.15673 Mbit/s
Cw value = 658
50 nnode
11 Mbit/s send
6.17086 Mbit/s
Cw value = 659
50 nnode
11 Mbit/s send
6.18652 Mbit/s
Cw value = 660
50 nnode
11 Mbit/s send
6.20301 Mbit/s
Cw value = 661
50 nnode
11 Mbit/s send
6.18899 Mbit/s
Cw value = 662
50 nnode
11 Mbit/s send
6.15049 Mbit/s
Cw value = 663
50 nnode
11 Mbit/s send
6.15908 Mbit/s
Cw value = 664
50 nnode
11 Mbit/s send
6.17863 Mbit/s
Cw value = 665
50 nnode
11 Mbit/s send
6.21431 Mbit/s
Cw value = 666
50 nnode
11 Mbit/s send
6.21655 Mbit/s
Cw value = 667
50 nnode
11 Mbit/s send
6.2268 Mbit/s
Cw value = 668
50 nnode
11 Mbit/s send
6.16132 Mbit/s
Cw value = 669
50 nnode
11 Mbit/s send
6.1658 Mbit/s
Cw value = 670
50 nnode
11 Mbit/s send
6.17357 Mbit/s
Cw value = 671
50 nnode
11 Mbit/s send
6.18334 Mbit/s
Cw value = 672
50 nnode
11 Mbit/s send
6.19936 Mbit/s
Cw value = 673
50 nnode
11 Mbit/s send
6.18676 Mbit/s
Cw value = 674
50 nnode
11 Mbit/s send
6.17027 Mbit/s
Cw value = 675
50 nnode
11 Mbit/s send
6.20737 Mbit/s
Cw value = 676
50 nnode
11 Mbit/s send
6.17592 Mbit/s
Cw value = 677
50 nnode
11 Mbit/s send
6.22621 Mbit/s
Cw value = 678
50 nnode
11 Mbit/s send
6.2023 Mbit/s
Cw value = 679
50 nnode
11 Mbit/s send
6.18546 Mbit/s
Cw value = 680
50 nnode
11 Mbit/s send
6.14554 Mbit/s
Cw value = 681
50 nnode
11 Mbit/s send
6.17663 Mbit/s
Cw value = 682
50 nnode
11 Mbit/s send
6.22479 Mbit/s
Cw value = 683
50 nnode
11 Mbit/s send
6.15261 Mbit/s
Cw value = 684
50 nnode
11 Mbit/s send
6.15449 Mbit/s
Cw value = 685
50 nnode
11 Mbit/s send
6.17062 Mbit/s
Cw value = 686
50 nnode
11 Mbit/s send
6.18016 Mbit/s
Cw value = 687
50 nnode
11 Mbit/s send
6.18358 Mbit/s
Cw value = 688
50 nnode
11 Mbit/s send
6.1665 Mbit/s
Cw value = 689
50 nnode
11 Mbit/s send
6.18911 Mbit/s
Cw value = 690
50 nnode
11 Mbit/s send
6.16591 Mbit/s
Cw value = 691
50 nnode
11 Mbit/s send
6.1433 Mbit/s
Cw value = 692
50 nnode
11 Mbit/s send
6.21396 Mbit/s
Cw value = 693
50 nnode
11 Mbit/s send
6.17145 Mbit/s
Cw value = 694
50 nnode
11 Mbit/s send
6.18582 Mbit/s
Cw value = 695
50 nnode
11 Mbit/s send
6.20948 Mbit/s
Cw value = 696
50 nnode
11 Mbit/s send
6.12505 Mbit/s
Cw value = 697
50 nnode
11 Mbit/s send
6.15496 Mbit/s
Cw value = 698
50 nnode
11 Mbit/s send
6.20501 Mbit/s
Cw value = 699
50 nnode
11 Mbit/s send
6.16697 Mbit/s
Cw value = 700
50 nnode
11 Mbit/s send
6.16898 Mbit/s
Cw value = 701
50 nnode
11 Mbit/s send
6.10397 Mbit/s
Cw value = 702
50 nnode
11 Mbit/s send
6.21985 Mbit/s
Cw value = 703
50 nnode
11 Mbit/s send
6.18063 Mbit/s
Cw value = 704
50 nnode
11 Mbit/s send
6.1592 Mbit/s
Cw value = 705
50 nnode
11 Mbit/s send
6.20006 Mbit/s
Cw value = 706
50 nnode
11 Mbit/s send
6.16297 Mbit/s
Cw value = 707
50 nnode
11 Mbit/s send
6.16591 Mbit/s
Cw value = 708
50 nnode
11 Mbit/s send
6.14366 Mbit/s
Cw value = 709
50 nnode
11 Mbit/s send
6.17004 Mbit/s
Cw value = 710
50 nnode
11 Mbit/s send
6.21066 Mbit/s
Cw value = 711
50 nnode
11 Mbit/s send
6.11634 Mbit/s
Cw value = 712
50 nnode
11 Mbit/s send
6.17804 Mbit/s
Cw value = 713
50 nnode
11 Mbit/s send
6.19512 Mbit/s
Cw value = 714
50 nnode
11 Mbit/s send
6.16638 Mbit/s
Cw value = 715
50 nnode
11 Mbit/s send
6.11846 Mbit/s
Cw value = 716
50 nnode
11 Mbit/s send
6.15602 Mbit/s
Cw value = 717
50 nnode
11 Mbit/s send
6.12211 Mbit/s
Cw value = 718
50 nnode
11 Mbit/s send
6.17604 Mbit/s
Cw value = 719
50 nnode
11 Mbit/s send
6.14778 Mbit/s
Cw value = 720
50 nnode
11 Mbit/s send
6.13047 Mbit/s
Cw value = 721
50 nnode
11 Mbit/s send
6.13365 Mbit/s
Cw value = 722
50 nnode
11 Mbit/s send
6.11728 Mbit/s
Cw value = 723
50 nnode
11 Mbit/s send
6.16674 Mbit/s
Cw value = 724
50 nnode
11 Mbit/s send
6.15638 Mbit/s
Cw value = 725
50 nnode
11 Mbit/s send
6.1068 Mbit/s
Cw value = 726
50 nnode
11 Mbit/s send
6.14319 Mbit/s
Cw value = 727
50 nnode
11 Mbit/s send
6.10762 Mbit/s
Cw value = 728
50 nnode
11 Mbit/s send
6.15072 Mbit/s
Cw value = 729
50 nnode
11 Mbit/s send
6.12164 Mbit/s
Cw value = 730
50 nnode
11 Mbit/s send
6.13035 Mbit/s
Cw value = 731
50 nnode
11 Mbit/s send
6.12482 Mbit/s
Cw value = 732
50 nnode
11 Mbit/s send
6.11928 Mbit/s
Cw value = 733
50 nnode
11 Mbit/s send
6.12635 Mbit/s
Cw value = 734
50 nnode
11 Mbit/s send
6.11846 Mbit/s
Cw value = 735
50 nnode
11 Mbit/s send
6.16061 Mbit/s
Cw value = 736
50 nnode
11 Mbit/s send
6.10126 Mbit/s
Cw value = 737
50 nnode
11 Mbit/s send
6.11657 Mbit/s
Cw value = 738
50 nnode
11 Mbit/s send
6.12705 Mbit/s
Cw value = 739
50 nnode
11 Mbit/s send
6.1917 Mbit/s
Cw value = 740
50 nnode
11 Mbit/s send
6.15002 Mbit/s
Cw value = 741
50 nnode
11 Mbit/s send
6.12505 Mbit/s
Cw value = 742
50 nnode
11 Mbit/s send
6.09314 Mbit/s
Cw value = 743
50 nnode
11 Mbit/s send
6.17734 Mbit/s
Cw value = 744
50 nnode
11 Mbit/s send
6.15343 Mbit/s
Cw value = 745
50 nnode
11 Mbit/s send
6.07123 Mbit/s
Cw value = 746
50 nnode
11 Mbit/s send
6.07642 Mbit/s
Cw value = 747
50 nnode
11 Mbit/s send
6.11551 Mbit/s
Cw value = 748
50 nnode
11 Mbit/s send
6.12729 Mbit/s
Cw value = 749
50 nnode
11 Mbit/s send
6.08254 Mbit/s
Cw value = 750
50 nnode
11 Mbit/s send
6.13718 Mbit/s
Cw value = 751
50 nnode
11 Mbit/s send
6.10115 Mbit/s
Cw value = 752
50 nnode
11 Mbit/s send
6.13694 Mbit/s
Cw value = 753
50 nnode
11 Mbit/s send
6.06005 Mbit/s
Cw value = 754
50 nnode
11 Mbit/s send
6.14507 Mbit/s
Cw value = 755
50 nnode
11 Mbit/s send
6.15355 Mbit/s
Cw value = 756
50 nnode
11 Mbit/s send
6.05922 Mbit/s
Cw value = 757
50 nnode
11 Mbit/s send
6.11905 Mbit/s
Cw value = 758
50 nnode
11 Mbit/s send
6.1108 Mbit/s
Cw value = 759
50 nnode
11 Mbit/s send
6.09549 Mbit/s
Cw value = 760
50 nnode
11 Mbit/s send
6.11869 Mbit/s
Cw value = 761
50 nnode
11 Mbit/s send
6.09785 Mbit/s
Cw value = 762
50 nnode
11 Mbit/s send
6.09985 Mbit/s
Cw value = 763
50 nnode
11 Mbit/s send
6.12116 Mbit/s
Cw value = 764
50 nnode
11 Mbit/s send
6.1068 Mbit/s
Cw value = 765
50 nnode
11 Mbit/s send
6.08489 Mbit/s
Cw value = 766
50 nnode
11 Mbit/s send
6.09985 Mbit/s
Cw value = 767
50 nnode
11 Mbit/s send
6.09031 Mbit/s
Cw value = 768
50 nnode
11 Mbit/s send
6.09714 Mbit/s
Cw value = 769
50 nnode
11 Mbit/s send
6.11728 Mbit/s
Cw value = 770
50 nnode
11 Mbit/s send
6.14271 Mbit/s
Cw value = 771
50 nnode
11 Mbit/s send
6.0816 Mbit/s
Cw value = 772
50 nnode
11 Mbit/s send
6.12894 Mbit/s
Cw value = 773
50 nnode
11 Mbit/s send
6.06923 Mbit/s
Cw value = 774
50 nnode
11 Mbit/s send
6.10904 Mbit/s
Cw value = 775
50 nnode
11 Mbit/s send
6.08113 Mbit/s
Cw value = 776
50 nnode
11 Mbit/s send
6.08336 Mbit/s
Cw value = 777
50 nnode
11 Mbit/s send
6.0425 Mbit/s
Cw value = 778
50 nnode
11 Mbit/s send
6.08866 Mbit/s
Cw value = 779
50 nnode
11 Mbit/s send
6.07748 Mbit/s
Cw value = 780
50 nnode
11 Mbit/s send
6.0803 Mbit/s
Cw value = 781
50 nnode
11 Mbit/s send
6.08701 Mbit/s
Cw value = 782
50 nnode
11 Mbit/s send
6.08442 Mbit/s
Cw value = 783
50 nnode
11 Mbit/s send
6.09161 Mbit/s
Cw value = 784
50 nnode
11 Mbit/s send
6.08077 Mbit/s
Cw value = 785
50 nnode
11 Mbit/s send
6.11045 Mbit/s
Cw value = 786
50 nnode
11 Mbit/s send
6.04179 Mbit/s
Cw value = 787
50 nnode
11 Mbit/s send
6.0604 Mbit/s
Cw value = 788
50 nnode
11 Mbit/s send
6.07865 Mbit/s
Cw value = 789
50 nnode
11 Mbit/s send
6.03626 Mbit/s
Cw value = 790
50 nnode
11 Mbit/s send
6.11422 Mbit/s
Cw value = 791
50 nnode
11 Mbit/s send
6.0876 Mbit/s
Cw value = 792
50 nnode
11 Mbit/s send
6.0783 Mbit/s
Cw value = 793
50 nnode
11 Mbit/s send
6.05581 Mbit/s
Cw value = 794
50 nnode
11 Mbit/s send
6.09608 Mbit/s
Cw value = 795
50 nnode
11 Mbit/s send
6.03826 Mbit/s
Cw value = 796
50 nnode
11 Mbit/s send
6.15484 Mbit/s
Cw value = 797
50 nnode
11 Mbit/s send
6.02307 Mbit/s
Cw value = 798
50 nnode
11 Mbit/s send
6.09302 Mbit/s
Cw value = 799
50 nnode
11 Mbit/s send
6.07418 Mbit/s
Cw value = 800
50 nnode
11 Mbit/s send
6.13824 Mbit/s
Cw value = 801
50 nnode
11 Mbit/s send
6.05487 Mbit/s
Cw value = 802
50 nnode
11 Mbit/s send
6.11316 Mbit/s
Cw value = 803
50 nnode
11 Mbit/s send
6.0856 Mbit/s
Cw value = 804
50 nnode
11 Mbit/s send
6.07265 Mbit/s
Cw value = 805
50 nnode
11 Mbit/s send
6.07759 Mbit/s
Cw value = 806
50 nnode
11 Mbit/s send
6.03343 Mbit/s
Cw value = 807
50 nnode
11 Mbit/s send
6.06405 Mbit/s
Cw value = 808
50 nnode
11 Mbit/s send
6.06323 Mbit/s
Cw value = 809
50 nnode
11 Mbit/s send
6.10833 Mbit/s
Cw value = 810
50 nnode
11 Mbit/s send
6.10091 Mbit/s
Cw value = 811
50 nnode
11 Mbit/s send
6.00129 Mbit/s
Cw value = 812
50 nnode
11 Mbit/s send
6.07123 Mbit/s
Cw value = 813
50 nnode
11 Mbit/s send
6.02437 Mbit/s
Cw value = 814
50 nnode
11 Mbit/s send
6.02978 Mbit/s
Cw value = 815
50 nnode
11 Mbit/s send
6.09667 Mbit/s
Cw value = 816
50 nnode
11 Mbit/s send
6.09808 Mbit/s
Cw value = 817
50 nnode
11 Mbit/s send
6.05899 Mbit/s
Cw value = 818
50 nnode
11 Mbit/s send
6.10597 Mbit/s
Cw value = 819
50 nnode
11 Mbit/s send
6.00058 Mbit/s
Cw value = 820
50 nnode
11 Mbit/s send
6.00034 Mbit/s
Cw value = 821
50 nnode
11 Mbit/s send
6.00505 Mbit/s
Cw value = 822
50 nnode
11 Mbit/s send
6.01259 Mbit/s
Cw value = 823
50 nnode
11 Mbit/s send
6.04462 Mbit/s
Cw value = 824
50 nnode
11 Mbit/s send
6.07171 Mbit/s
Cw value = 825
50 nnode
11 Mbit/s send
6.07017 Mbit/s
Cw value = 826
50 nnode
11 Mbit/s send
6.02354 Mbit/s
Cw value = 827
50 nnode
11 Mbit/s send
6.07783 Mbit/s
Cw value = 828
50 nnode
11 Mbit/s send
6.11222 Mbit/s
Cw value = 829
50 nnode
11 Mbit/s send
6.03967 Mbit/s
Cw value = 830
50 nnode
11 Mbit/s send
6.08831 Mbit/s
Cw value = 831
50 nnode
11 Mbit/s send
6.04297 Mbit/s
Cw value = 832
50 nnode
11 Mbit/s send
6.02554 Mbit/s
Cw value = 833
50 nnode
11 Mbit/s send
6.04933 Mbit/s
Cw value = 834
50 nnode
11 Mbit/s send
6.02107 Mbit/s
Cw value = 835
50 nnode
11 Mbit/s send
5.98185 Mbit/s
Cw value = 836
50 nnode
11 Mbit/s send
6.0372 Mbit/s
Cw value = 837
50 nnode
11 Mbit/s send
6.00918 Mbit/s
Cw value = 838
50 nnode
11 Mbit/s send
6.01918 Mbit/s
Cw value = 839
50 nnode
11 Mbit/s send
6.01601 Mbit/s
Cw value = 840
50 nnode
11 Mbit/s send
6.03909 Mbit/s
Cw value = 841
50 nnode
11 Mbit/s send
5.97738 Mbit/s
Cw value = 842
50 nnode
11 Mbit/s send
5.97762 Mbit/s
Cw value = 843
50 nnode
11 Mbit/s send
5.99599 Mbit/s
Cw value = 844
50 nnode
11 Mbit/s send
6.01094 Mbit/s
Cw value = 845
50 nnode
11 Mbit/s send
6.09326 Mbit/s
Cw value = 846
50 nnode
11 Mbit/s send
6.03131 Mbit/s
Cw value = 847
50 nnode
11 Mbit/s send
6.00352 Mbit/s
Cw value = 848
50 nnode
11 Mbit/s send
6.0677 Mbit/s
Cw value = 849
50 nnode
11 Mbit/s send
5.95489 Mbit/s
Cw value = 850
50 nnode
11 Mbit/s send
6.06111 Mbit/s
Cw value = 851
50 nnode
11 Mbit/s send
6.06052 Mbit/s
Cw value = 852
50 nnode
11 Mbit/s send
6.00305 Mbit/s
Cw value = 853
50 nnode
11 Mbit/s send
6.06276 Mbit/s
Cw value = 854
50 nnode
11 Mbit/s send
5.99069 Mbit/s
Cw value = 855
50 nnode
11 Mbit/s send
6.01341 Mbit/s
Cw value = 856
50 nnode
11 Mbit/s send
5.9729 Mbit/s
Cw value = 857
50 nnode
11 Mbit/s send
6.03485 Mbit/s
Cw value = 858
50 nnode
11 Mbit/s send
5.99175 Mbit/s
Cw value = 859
50 nnode
11 Mbit/s send
6.03155 Mbit/s
Cw value = 860
50 nnode
11 Mbit/s send
6.00576 Mbit/s
Cw value = 861
50 nnode
11 Mbit/s send
6.03178 Mbit/s
Cw value = 862
50 nnode
11 Mbit/s send
5.97844 Mbit/s
Cw value = 863
50 nnode
11 Mbit/s send
6.00246 Mbit/s
Cw value = 864
50 nnode
11 Mbit/s send
6.02554 Mbit/s
Cw value = 865
50 nnode
11 Mbit/s send
6.01789 Mbit/s
Cw value = 866
50 nnode
11 Mbit/s send
6.0186 Mbit/s
Cw value = 867
50 nnode
11 Mbit/s send
6.03332 Mbit/s
Cw value = 868
50 nnode
11 Mbit/s send
6.01706 Mbit/s
Cw value = 869
50 nnode
11 Mbit/s send
6.04721 Mbit/s
Cw value = 870
50 nnode
11 Mbit/s send
6.02802 Mbit/s
Cw value = 871
50 nnode
11 Mbit/s send
6.03708 Mbit/s
Cw value = 872
50 nnode
11 Mbit/s send
6.01836 Mbit/s
Cw value = 873
50 nnode
11 Mbit/s send
6.02719 Mbit/s
Cw value = 874
50 nnode
11 Mbit/s send
6.00918 Mbit/s
Cw value = 875
50 nnode
11 Mbit/s send
6.0206 Mbit/s
Cw value = 876
50 nnode
11 Mbit/s send
6.01071 Mbit/s
Cw value = 877
50 nnode
11 Mbit/s send
5.96584 Mbit/s
Cw value = 878
50 nnode
11 Mbit/s send
6.03708 Mbit/s
Cw value = 879
50 nnode
11 Mbit/s send
6.02401 Mbit/s
Cw value = 880
50 nnode
11 Mbit/s send
5.97326 Mbit/s
Cw value = 881
50 nnode
11 Mbit/s send
5.98492 Mbit/s
Cw value = 882
50 nnode
11 Mbit/s send
6.03002 Mbit/s
Cw value = 883
50 nnode
11 Mbit/s send
6.00623 Mbit/s
Cw value = 884
50 nnode
11 Mbit/s send
6.00635 Mbit/s
Cw value = 885
50 nnode
11 Mbit/s send
6.0193 Mbit/s
Cw value = 886
50 nnode
11 Mbit/s send
5.9649 Mbit/s
Cw value = 887
50 nnode
11 Mbit/s send
6.03049 Mbit/s
Cw value = 888
50 nnode
11 Mbit/s send
5.98668 Mbit/s
Cw value = 889
50 nnode
11 Mbit/s send
6.00223 Mbit/s
Cw value = 890
50 nnode
11 Mbit/s send
5.945 Mbit/s
Cw value = 891
50 nnode
11 Mbit/s send
5.94217 Mbit/s
Cw value = 892
50 nnode
11 Mbit/s send
6.00941 Mbit/s
Cw value = 893
50 nnode
11 Mbit/s send
6.00529 Mbit/s
Cw value = 894
50 nnode
11 Mbit/s send
6.02719 Mbit/s
Cw value = 895
50 nnode
11 Mbit/s send
5.98327 Mbit/s
Cw value = 896
50 nnode
11 Mbit/s send
6.01565 Mbit/s
Cw value = 897
50 nnode
11 Mbit/s send
5.97349 Mbit/s
Cw value = 898
50 nnode
11 Mbit/s send
5.96384 Mbit/s
Cw value = 899
50 nnode
11 Mbit/s send
5.97502 Mbit/s
Cw value = 900
50 nnode
11 Mbit/s send
5.96113 Mbit/s
Cw value = 901
50 nnode
11 Mbit/s send
6.04132 Mbit/s
Cw value = 902
50 nnode
11 Mbit/s send
6.02284 Mbit/s
Cw value = 903
50 nnode
11 Mbit/s send
5.96808 Mbit/s
Cw value = 904
50 nnode
11 Mbit/s send
5.97043 Mbit/s
Cw value = 905
50 nnode
11 Mbit/s send
5.94959 Mbit/s
Cw value = 906
50 nnode
11 Mbit/s send
5.96819 Mbit/s
Cw value = 907
50 nnode
11 Mbit/s send
6.00529 Mbit/s
Cw value = 908
50 nnode
11 Mbit/s send
5.96101 Mbit/s
Cw value = 909
50 nnode
11 Mbit/s send
5.96584 Mbit/s
Cw value = 910
50 nnode
11 Mbit/s send
5.94994 Mbit/s
Cw value = 911
50 nnode
11 Mbit/s send
5.97232 Mbit/s
Cw value = 912
50 nnode
11 Mbit/s send
5.89495 Mbit/s
Cw value = 913
50 nnode
11 Mbit/s send
5.96136 Mbit/s
Cw value = 914
50 nnode
11 Mbit/s send
5.92474 Mbit/s
Cw value = 915
50 nnode
11 Mbit/s send
5.951 Mbit/s
Cw value = 916
50 nnode
11 Mbit/s send
5.95512 Mbit/s
Cw value = 917
50 nnode
11 Mbit/s send
5.96796 Mbit/s
Cw value = 918
50 nnode
11 Mbit/s send
5.92674 Mbit/s
Cw value = 919
50 nnode
11 Mbit/s send
5.93251 Mbit/s
Cw value = 920
50 nnode
11 Mbit/s send
5.92462 Mbit/s
Cw value = 921
50 nnode
11 Mbit/s send
5.9629 Mbit/s
Cw value = 922
50 nnode
11 Mbit/s send
5.93334 Mbit/s
Cw value = 923
50 nnode
11 Mbit/s send
5.95995 Mbit/s
